#-----------------------------------------------------------
# Vivado v2020.1 (64-bit)
# SW Build 2902540 on Wed May 27 19:54:49 MDT 2020
# IP Build 2902112 on Wed May 27 22:43:36 MDT 2020
# Start of session at: Tue May  7 19:25:38 2024
# Process ID: 28112
# Current directory: C:/Users/Pato/Desktop/Universida/2024-1/SEP/IEE2463_P1/Proyecto1SEP
# Command line: vivado.exe -gui_launcher_event rodinguilauncherevent29456 C:\Users\Pato\Desktop\Universida\2024-1\SEP\IEE2463_P1\Proyecto1SEP\Proyecto1SEP.xpr
# Log file: C:/Users/Pato/Desktop/Universida/2024-1/SEP/IEE2463_P1/Proyecto1SEP/vivado.log
# Journal file: C:/Users/Pato/Desktop/Universida/2024-1/SEP/IEE2463_P1/Proyecto1SEP\vivado.jou
#-----------------------------------------------------------
start_gui
open_project C:/Users/Pato/Desktop/Universida/2024-1/SEP/IEE2463_P1/Proyecto1SEP/Proyecto1SEP.xpr
INFO: [Project 1-313] Project file moved from 'C:/Users/vicen/OneDrive/Escritorio/Septimo Semestre/SEP/Proyecto1/Proyecto1SEP' since last save.
CRITICAL WARNING: [Project 1-311] Could not find the file 'C:/Users/Pato/Desktop/Universida/2024-1/SEP/Ayudantias/Ayudantia 1/Zybo-Z7-Master.xdc', nor could it be found using path 'C:/Users/vicen/OneDrive/Escritorio/Septimo Semestre/SEP/Ayudantias/Ayudantia 1/Zybo-Z7-Master.xdc'.
Scanning sources...
Finished scanning sources
INFO: [IP_Flow 19-234] Refreshing IP repositories
INFO: [IP_Flow 19-1700] Loaded user IP repository 'c:/Users/Pato/Desktop/Universida/2024-1/SEP/IEE2463_P1/IP_Cores'.
INFO: [IP_Flow 19-2313] Loaded Vivado IP repository 'C:/Xilinx/Vivado/2020.1/data/ip'.
open_project: Time (s): cpu = 00:00:05 ; elapsed = 00:00:09 . Memory (MB): peak = 1061.852 ; gain = 0.000
update_compile_order -fileset sources_1
exit
INFO: [Common 17-206] Exiting Vivado at Tue May  7 19:26:21 2024...
