
*** Running vivado
    with args -log design_1_Dientes_de_sierra_0_0.vds -m64 -product Vivado -mode batch -messageDb vivado.pb -notrace -source design_1_Dientes_de_sierra_0_0.tcl



****** Vivado v2020.1 (64-bit)
  **** SW Build 2902540 on Wed May 27 19:54:49 MDT 2020
  **** IP Build 2902112 on Wed May 27 22:43:36 MDT 2020
    ** Copyright 1986-2020 Xilinx, Inc. All Rights Reserved.

source design_1_Dientes_de_sierra_0_0.tcl -notrace
INFO: [IP_Flow 19-234] Refreshing IP repositories
INFO: [IP_Flow 19-1700] Loaded user IP repository 'c:/Users/Pato/Desktop/Universida/2024-1/SEP/IEE2463_P1/IP_Cores'.
WARNING: [IP_Flow 19-3685] Ignored loading user repository 'c:/Users/Pato/Desktop/Universida/2024-1/SEP/IEE2463_P1/IP_Cores/SINE_RAM_1.0'. The path is contained within another repository.
INFO: [IP_Flow 19-2313] Loaded Vivado IP repository 'C:/Xilinx/Vivado/2020.1/data/ip'.
Command: synth_design -top design_1_Dientes_de_sierra_0_0 -part xc7z010clg400-1 -mode out_of_context
Starting synth_design
Attempting to get a license for feature 'Synthesis' and/or device 'xc7z010'
INFO: [Common 17-349] Got license for feature 'Synthesis' and/or device 'xc7z010'
INFO: [Device 21-403] Loading part xc7z010clg400-1
INFO: [Synth 8-7079] Multithreading enabled for synth_design using a maximum of 2 processes.
INFO: [Synth 8-7078] Launching helper process for spawning children vivado processes
INFO: [Synth 8-7075] Helper process launched with PID 37660
---------------------------------------------------------------------------------
Starting RTL Elaboration : Time (s): cpu = 00:00:02 ; elapsed = 00:00:05 . Memory (MB): peak = 1062.766 ; gain = 0.000
---------------------------------------------------------------------------------
INFO: [Synth 8-638] synthesizing module 'design_1_Dientes_de_sierra_0_0' [c:/Users/Pato/Desktop/Universida/2024-1/SEP/IEE2463_P1/SINE/SINE.srcs/sources_1/bd/design_1/ip/design_1_Dientes_de_sierra_0_0/synth/design_1_Dientes_de_sierra_0_0.vhd:63]
INFO: [Synth 8-3491] module 'Dientes_de_sierra' declared at 'c:/Users/Pato/Desktop/Universida/2024-1/SEP/IEE2463_P1/SINE/SINE.srcs/sources_1/bd/design_1/ipshared/ea89/Dientes_de_sierra.srcs/sources_1/new/Dientes_de_sierra.vhd:8' bound to instance 'U0' of component 'Dientes_de_sierra' [c:/Users/Pato/Desktop/Universida/2024-1/SEP/IEE2463_P1/SINE/SINE.srcs/sources_1/bd/design_1/ip/design_1_Dientes_de_sierra_0_0/synth/design_1_Dientes_de_sierra_0_0.vhd:81]
INFO: [Synth 8-638] synthesizing module 'Dientes_de_sierra' [c:/Users/Pato/Desktop/Universida/2024-1/SEP/IEE2463_P1/SINE/SINE.srcs/sources_1/bd/design_1/ipshared/ea89/Dientes_de_sierra.srcs/sources_1/new/Dientes_de_sierra.vhd:15]
INFO: [Synth 8-256] done synthesizing module 'Dientes_de_sierra' (1#1) [c:/Users/Pato/Desktop/Universida/2024-1/SEP/IEE2463_P1/SINE/SINE.srcs/sources_1/bd/design_1/ipshared/ea89/Dientes_de_sierra.srcs/sources_1/new/Dientes_de_sierra.vhd:15]
INFO: [Synth 8-256] done synthesizing module 'design_1_Dientes_de_sierra_0_0' (2#1) [c:/Users/Pato/Desktop/Universida/2024-1/SEP/IEE2463_P1/SINE/SINE.srcs/sources_1/bd/design_1/ip/design_1_Dientes_de_sierra_0_0/synth/design_1_Dientes_de_sierra_0_0.vhd:63]
---------------------------------------------------------------------------------
Finished RTL Elaboration : Time (s): cpu = 00:00:03 ; elapsed = 00:00:07 . Memory (MB): peak = 1062.766 ; gain = 0.000
---------------------------------------------------------------------------------
---------------------------------------------------------------------------------
Start Handling Custom Attributes
---------------------------------------------------------------------------------
---------------------------------------------------------------------------------
Finished Handling Custom Attributes : Time (s): cpu = 00:00:03 ; elapsed = 00:00:07 . Memory (MB): peak = 1062.766 ; gain = 0.000
---------------------------------------------------------------------------------
---------------------------------------------------------------------------------
Finished RTL Optimization Phase 1 : Time (s): cpu = 00:00:03 ; elapsed = 00:00:07 . Memory (MB): peak = 1062.766 ; gain = 0.000
---------------------------------------------------------------------------------
Netlist sorting complete. Time (s): cpu = 00:00:00 ; elapsed = 00:00:00 . Memory (MB): peak = 1062.766 ; gain = 0.000
INFO: [Project 1-570] Preparing netlist for logic optimization

Processing XDC Constraints
Initializing timing engine
Completed Processing XDC Constraints

Netlist sorting complete. Time (s): cpu = 00:00:00 ; elapsed = 00:00:00 . Memory (MB): peak = 1100.457 ; gain = 0.000
INFO: [Project 1-111] Unisim Transformation Summary:
No Unisim elements were transformed.

Constraint Validation Runtime : Time (s): cpu = 00:00:00 ; elapsed = 00:00:00.022 . Memory (MB): peak = 1100.457 ; gain = 0.000
---------------------------------------------------------------------------------
Finished Constraint Validation : Time (s): cpu = 00:00:07 ; elapsed = 00:00:14 . Memory (MB): peak = 1100.457 ; gain = 37.691
---------------------------------------------------------------------------------
---------------------------------------------------------------------------------
Start Loading Part and Timing Information
---------------------------------------------------------------------------------
Loading part: xc7z010clg400-1
---------------------------------------------------------------------------------
Finished Loading Part and Timing Information : Time (s): cpu = 00:00:07 ; elapsed = 00:00:14 . Memory (MB): peak = 1100.457 ; gain = 37.691
---------------------------------------------------------------------------------
---------------------------------------------------------------------------------
Start Applying 'set_property' XDC Constraints
---------------------------------------------------------------------------------
---------------------------------------------------------------------------------
Finished applying 'set_property' XDC Constraints : Time (s): cpu = 00:00:07 ; elapsed = 00:00:14 . Memory (MB): peak = 1100.457 ; gain = 37.691
---------------------------------------------------------------------------------
---------------------------------------------------------------------------------
Finished RTL Optimization Phase 2 : Time (s): cpu = 00:00:07 ; elapsed = 00:00:15 . Memory (MB): peak = 1100.457 ; gain = 37.691
---------------------------------------------------------------------------------
---------------------------------------------------------------------------------
Start RTL Component Statistics 
---------------------------------------------------------------------------------
Detailed RTL Component Info : 
+---Adders : 
	   2 Input    8 Bit       Adders := 1     
+---Registers : 
	                8 Bit    Registers := 1     
---------------------------------------------------------------------------------
Finished RTL Component Statistics 
---------------------------------------------------------------------------------
---------------------------------------------------------------------------------
Start Part Resource Summary
---------------------------------------------------------------------------------
Part Resources:
DSPs: 80 (col length:40)
BRAMs: 120 (col length: RAMB18 40 RAMB36 20)
---------------------------------------------------------------------------------
Finished Part Resource Summary
---------------------------------------------------------------------------------
---------------------------------------------------------------------------------
Start Cross Boundary and Area Optimization
---------------------------------------------------------------------------------
---------------------------------------------------------------------------------
Finished Cross Boundary and Area Optimization : Time (s): cpu = 00:00:08 ; elapsed = 00:00:16 . Memory (MB): peak = 1100.457 ; gain = 37.691
---------------------------------------------------------------------------------
---------------------------------------------------------------------------------
Start Applying XDC Timing Constraints
---------------------------------------------------------------------------------
---------------------------------------------------------------------------------
Finished Applying XDC Timing Constraints : Time (s): cpu = 00:00:11 ; elapsed = 00:00:22 . Memory (MB): peak = 1112.309 ; gain = 49.543
---------------------------------------------------------------------------------
---------------------------------------------------------------------------------
Start Timing Optimization
---------------------------------------------------------------------------------
---------------------------------------------------------------------------------
Finished Timing Optimization : Time (s): cpu = 00:00:11 ; elapsed = 00:00:22 . Memory (MB): peak = 1112.309 ; gain = 49.543
---------------------------------------------------------------------------------
---------------------------------------------------------------------------------
Start Technology Mapping
---------------------------------------------------------------------------------
---------------------------------------------------------------------------------
Finished Technology Mapping : Time (s): cpu = 00:00:11 ; elapsed = 00:00:22 . Memory (MB): peak = 1131.406 ; gain = 68.641
---------------------------------------------------------------------------------
---------------------------------------------------------------------------------
Start IO Insertion
---------------------------------------------------------------------------------
---------------------------------------------------------------------------------
Start Flattening Before IO Insertion
---------------------------------------------------------------------------------
---------------------------------------------------------------------------------
Finished Flattening Before IO Insertion
---------------------------------------------------------------------------------
---------------------------------------------------------------------------------
Start Final Netlist Cleanup
---------------------------------------------------------------------------------
---------------------------------------------------------------------------------
Finished Final Netlist Cleanup
---------------------------------------------------------------------------------
---------------------------------------------------------------------------------
Finished IO Insertion : Time (s): cpu = 00:00:13 ; elapsed = 00:00:25 . Memory (MB): peak = 1138.164 ; gain = 75.398
---------------------------------------------------------------------------------
---------------------------------------------------------------------------------
Start Renaming Generated Instances
---------------------------------------------------------------------------------
---------------------------------------------------------------------------------
Finished Renaming Generated Instances : Time (s): cpu = 00:00:13 ; elapsed = 00:00:25 . Memory (MB): peak = 1138.164 ; gain = 75.398
---------------------------------------------------------------------------------
---------------------------------------------------------------------------------
Start Rebuilding User Hierarchy
---------------------------------------------------------------------------------
---------------------------------------------------------------------------------
Finished Rebuilding User Hierarchy : Time (s): cpu = 00:00:13 ; elapsed = 00:00:25 . Memory (MB): peak = 1138.164 ; gain = 75.398
---------------------------------------------------------------------------------
---------------------------------------------------------------------------------
Start Renaming Generated Ports
---------------------------------------------------------------------------------
---------------------------------------------------------------------------------
Finished Renaming Generated Ports : Time (s): cpu = 00:00:13 ; elapsed = 00:00:25 . Memory (MB): peak = 1138.164 ; gain = 75.398
---------------------------------------------------------------------------------
---------------------------------------------------------------------------------
Start Handling Custom Attributes
---------------------------------------------------------------------------------
---------------------------------------------------------------------------------
Finished Handling Custom Attributes : Time (s): cpu = 00:00:13 ; elapsed = 00:00:25 . Memory (MB): peak = 1138.164 ; gain = 75.398
---------------------------------------------------------------------------------
---------------------------------------------------------------------------------
Start Renaming Generated Nets
---------------------------------------------------------------------------------
---------------------------------------------------------------------------------
Finished Renaming Generated Nets : Time (s): cpu = 00:00:13 ; elapsed = 00:00:25 . Memory (MB): peak = 1138.164 ; gain = 75.398
---------------------------------------------------------------------------------
---------------------------------------------------------------------------------
Start Writing Synthesis Report
---------------------------------------------------------------------------------

Report BlackBoxes: 
+-+--------------+----------+
| |BlackBox name |Instances |
+-+--------------+----------+
+-+--------------+----------+

Report Cell Usage: 
+------+-----+------+
|      |Cell |Count |
+------+-----+------+
|1     |LUT1 |     1|
|2     |LUT2 |     2|
|3     |LUT3 |     2|
|4     |LUT4 |     1|
|5     |LUT5 |     1|
|6     |LUT6 |     2|
|7     |FDRE |     8|
+------+-----+------+
---------------------------------------------------------------------------------
Finished Writing Synthesis Report : Time (s): cpu = 00:00:13 ; elapsed = 00:00:25 . Memory (MB): peak = 1138.164 ; gain = 75.398
---------------------------------------------------------------------------------
Synthesis finished with 0 errors, 0 critical warnings and 0 warnings.
Synthesis Optimization Runtime : Time (s): cpu = 00:00:09 ; elapsed = 00:00:23 . Memory (MB): peak = 1138.164 ; gain = 37.707
Synthesis Optimization Complete : Time (s): cpu = 00:00:13 ; elapsed = 00:00:25 . Memory (MB): peak = 1138.164 ; gain = 75.398
INFO: [Project 1-571] Translating synthesized netlist
Netlist sorting complete. Time (s): cpu = 00:00:00 ; elapsed = 00:00:00 . Memory (MB): peak = 1150.254 ; gain = 0.000
INFO: [Project 1-570] Preparing netlist for logic optimization
INFO: [Opt 31-138] Pushed 0 inverter(s) to 0 load pin(s).
Netlist sorting complete. Time (s): cpu = 00:00:00 ; elapsed = 00:00:00 . Memory (MB): peak = 1156.039 ; gain = 0.000
INFO: [Project 1-111] Unisim Transformation Summary:
No Unisim elements were transformed.

INFO: [Common 17-83] Releasing license: Synthesis
20 Infos, 1 Warnings, 0 Critical Warnings and 0 Errors encountered.
synth_design completed successfully
synth_design: Time (s): cpu = 00:00:16 ; elapsed = 00:00:32 . Memory (MB): peak = 1156.039 ; gain = 93.273
INFO: [Common 17-1381] The checkpoint 'C:/Users/Pato/Desktop/Universida/2024-1/SEP/IEE2463_P1/SINE/SINE.runs/design_1_Dientes_de_sierra_0_0_synth_1/design_1_Dientes_de_sierra_0_0.dcp' has been generated.
WARNING: [Common 17-576] 'use_project_ipc' is deprecated. This option is deprecated and no longer used.
INFO: [Coretcl 2-1648] Added synthesis output to IP cache for IP design_1_Dientes_de_sierra_0_0, cache-ID = a36d195acba8c280
INFO: [Common 17-1381] The checkpoint 'C:/Users/Pato/Desktop/Universida/2024-1/SEP/IEE2463_P1/SINE/SINE.runs/design_1_Dientes_de_sierra_0_0_synth_1/design_1_Dientes_de_sierra_0_0.dcp' has been generated.
INFO: [runtcl-4] Executing : report_utilization -file design_1_Dientes_de_sierra_0_0_utilization_synth.rpt -pb design_1_Dientes_de_sierra_0_0_utilization_synth.pb
INFO: [Common 17-206] Exiting Vivado at Wed May  8 11:35:55 2024...
