
*** Running vivado
    with args -log Proyecto_1_sep_comp_cuadrada_0_3.vds -m64 -product Vivado -mode batch -messageDb vivado.pb -notrace -source Proyecto_1_sep_comp_cuadrada_0_3.tcl



****** Vivado v2020.1 (64-bit)
  **** SW Build 2902540 on Wed May 27 19:54:49 MDT 2020
  **** IP Build 2902112 on Wed May 27 22:43:36 MDT 2020
    ** Copyright 1986-2020 Xilinx, Inc. All Rights Reserved.

source Proyecto_1_sep_comp_cuadrada_0_3.tcl -notrace
INFO: [IP_Flow 19-234] Refreshing IP repositories
INFO: [IP_Flow 19-1700] Loaded user IP repository 'c:/Users/vicen/OneDrive/Escritorio/Septimo Semestre/SEP/Proyecto1/IP_Cores'.
INFO: [IP_Flow 19-2313] Loaded Vivado IP repository 'C:/Xilinx2020/Vivado/2020.1/data/ip'.
WARNING: [IP_Flow 19-4995] The host OS only allows 260 characters in a normal path. The IP cache path is more than 80 characters. If you experience issues with IP caching, please consider changing the IP cache to a location with a shorter path. Alternately consider using the OS subst command to map part of the path to a drive letter. 
Current IP cache path is c:/Users/vicen/OneDrive/Escritorio/Septimo Semestre/SEP/Proyecto1/Proyecto1SEP/Proyecto1SEP.cache/ip 
Command: synth_design -top Proyecto_1_sep_comp_cuadrada_0_3 -part xc7z010clg400-1 -mode out_of_context
Starting synth_design
Attempting to get a license for feature 'Synthesis' and/or device 'xc7z010'
INFO: [Common 17-349] Got license for feature 'Synthesis' and/or device 'xc7z010'
INFO: [Device 21-403] Loading part xc7z010clg400-1
INFO: [Synth 8-7079] Multithreading enabled for synth_design using a maximum of 2 processes.
INFO: [Synth 8-7078] Launching helper process for spawning children vivado processes
INFO: [Synth 8-7075] Helper process launched with PID 53836
---------------------------------------------------------------------------------
Starting RTL Elaboration : Time (s): cpu = 00:00:04 ; elapsed = 00:00:07 . Memory (MB): peak = 1070.137 ; gain = 0.000
---------------------------------------------------------------------------------
INFO: [Synth 8-638] synthesizing module 'Proyecto_1_sep_comp_cuadrada_0_3' [c:/Users/vicen/OneDrive/Escritorio/Septimo Semestre/SEP/Proyecto1/Proyecto1SEP/Proyecto1SEP.srcs/sources_1/bd/Proyecto_1_sep/ip/Proyecto_1_sep_comp_cuadrada_0_3/synth/Proyecto_1_sep_comp_cuadrada_0_3.vhd:65]
INFO: [Synth 8-3491] module 'comp_cuadrada' declared at 'c:/Users/vicen/OneDrive/Escritorio/Septimo Semestre/SEP/Proyecto1/Proyecto1SEP/Proyecto1SEP.srcs/sources_1/bd/Proyecto_1_sep/ipshared/b714/comp_cuadrada.srcs/sources_1/new/comp_cuadrada.vhd:5' bound to instance 'U0' of component 'comp_cuadrada' [c:/Users/vicen/OneDrive/Escritorio/Septimo Semestre/SEP/Proyecto1/Proyecto1SEP/Proyecto1SEP.srcs/sources_1/bd/Proyecto_1_sep/ip/Proyecto_1_sep_comp_cuadrada_0_3/synth/Proyecto_1_sep_comp_cuadrada_0_3.vhd:85]
INFO: [Synth 8-638] synthesizing module 'comp_cuadrada' [c:/Users/vicen/OneDrive/Escritorio/Septimo Semestre/SEP/Proyecto1/Proyecto1SEP/Proyecto1SEP.srcs/sources_1/bd/Proyecto_1_sep/ipshared/b714/comp_cuadrada.srcs/sources_1/new/comp_cuadrada.vhd:14]
INFO: [Synth 8-256] done synthesizing module 'comp_cuadrada' (1#1) [c:/Users/vicen/OneDrive/Escritorio/Septimo Semestre/SEP/Proyecto1/Proyecto1SEP/Proyecto1SEP.srcs/sources_1/bd/Proyecto_1_sep/ipshared/b714/comp_cuadrada.srcs/sources_1/new/comp_cuadrada.vhd:14]
INFO: [Synth 8-256] done synthesizing module 'Proyecto_1_sep_comp_cuadrada_0_3' (2#1) [c:/Users/vicen/OneDrive/Escritorio/Septimo Semestre/SEP/Proyecto1/Proyecto1SEP/Proyecto1SEP.srcs/sources_1/bd/Proyecto_1_sep/ip/Proyecto_1_sep_comp_cuadrada_0_3/synth/Proyecto_1_sep_comp_cuadrada_0_3.vhd:65]
---------------------------------------------------------------------------------
Finished RTL Elaboration : Time (s): cpu = 00:00:05 ; elapsed = 00:00:08 . Memory (MB): peak = 1070.137 ; gain = 0.000
---------------------------------------------------------------------------------
---------------------------------------------------------------------------------
Start Handling Custom Attributes
---------------------------------------------------------------------------------
---------------------------------------------------------------------------------
Finished Handling Custom Attributes : Time (s): cpu = 00:00:05 ; elapsed = 00:00:09 . Memory (MB): peak = 1070.137 ; gain = 0.000
---------------------------------------------------------------------------------
---------------------------------------------------------------------------------
Finished RTL Optimization Phase 1 : Time (s): cpu = 00:00:05 ; elapsed = 00:00:09 . Memory (MB): peak = 1070.137 ; gain = 0.000
---------------------------------------------------------------------------------
Netlist sorting complete. Time (s): cpu = 00:00:00 ; elapsed = 00:00:00.001 . Memory (MB): peak = 1070.137 ; gain = 0.000
INFO: [Project 1-570] Preparing netlist for logic optimization

Processing XDC Constraints
Initializing timing engine
Completed Processing XDC Constraints

Netlist sorting complete. Time (s): cpu = 00:00:00 ; elapsed = 00:00:00 . Memory (MB): peak = 1079.168 ; gain = 0.000
INFO: [Project 1-111] Unisim Transformation Summary:
No Unisim elements were transformed.

Constraint Validation Runtime : Time (s): cpu = 00:00:00 ; elapsed = 00:00:00.026 . Memory (MB): peak = 1079.168 ; gain = 0.000
---------------------------------------------------------------------------------
Finished Constraint Validation : Time (s): cpu = 00:00:10 ; elapsed = 00:00:17 . Memory (MB): peak = 1079.168 ; gain = 9.031
---------------------------------------------------------------------------------
---------------------------------------------------------------------------------
Start Loading Part and Timing Information
---------------------------------------------------------------------------------
Loading part: xc7z010clg400-1
---------------------------------------------------------------------------------
Finished Loading Part and Timing Information : Time (s): cpu = 00:00:10 ; elapsed = 00:00:17 . Memory (MB): peak = 1079.168 ; gain = 9.031
---------------------------------------------------------------------------------
---------------------------------------------------------------------------------
Start Applying 'set_property' XDC Constraints
---------------------------------------------------------------------------------
---------------------------------------------------------------------------------
Finished applying 'set_property' XDC Constraints : Time (s): cpu = 00:00:10 ; elapsed = 00:00:17 . Memory (MB): peak = 1079.168 ; gain = 9.031
---------------------------------------------------------------------------------
---------------------------------------------------------------------------------
Finished RTL Optimization Phase 2 : Time (s): cpu = 00:00:10 ; elapsed = 00:00:17 . Memory (MB): peak = 1079.168 ; gain = 9.031
---------------------------------------------------------------------------------
---------------------------------------------------------------------------------
Start RTL Component Statistics 
---------------------------------------------------------------------------------
Detailed RTL Component Info : 
+---Registers : 
	                1 Bit    Registers := 1     
---------------------------------------------------------------------------------
Finished RTL Component Statistics 
---------------------------------------------------------------------------------
---------------------------------------------------------------------------------
Start Part Resource Summary
---------------------------------------------------------------------------------
Part Resources:
DSPs: 80 (col length:40)
BRAMs: 120 (col length: RAMB18 40 RAMB36 20)
---------------------------------------------------------------------------------
Finished Part Resource Summary
---------------------------------------------------------------------------------
---------------------------------------------------------------------------------
Start Cross Boundary and Area Optimization
---------------------------------------------------------------------------------
---------------------------------------------------------------------------------
Finished Cross Boundary and Area Optimization : Time (s): cpu = 00:00:11 ; elapsed = 00:00:19 . Memory (MB): peak = 1079.168 ; gain = 9.031
---------------------------------------------------------------------------------
---------------------------------------------------------------------------------
Start Applying XDC Timing Constraints
---------------------------------------------------------------------------------
---------------------------------------------------------------------------------
Finished Applying XDC Timing Constraints : Time (s): cpu = 00:00:18 ; elapsed = 00:00:29 . Memory (MB): peak = 1115.160 ; gain = 45.023
---------------------------------------------------------------------------------
---------------------------------------------------------------------------------
Start Timing Optimization
---------------------------------------------------------------------------------
---------------------------------------------------------------------------------
Finished Timing Optimization : Time (s): cpu = 00:00:18 ; elapsed = 00:00:29 . Memory (MB): peak = 1115.160 ; gain = 45.023
---------------------------------------------------------------------------------
---------------------------------------------------------------------------------
Start Technology Mapping
---------------------------------------------------------------------------------
---------------------------------------------------------------------------------
Finished Technology Mapping : Time (s): cpu = 00:00:18 ; elapsed = 00:00:29 . Memory (MB): peak = 1134.277 ; gain = 64.141
---------------------------------------------------------------------------------
---------------------------------------------------------------------------------
Start IO Insertion
---------------------------------------------------------------------------------
---------------------------------------------------------------------------------
Start Flattening Before IO Insertion
---------------------------------------------------------------------------------
---------------------------------------------------------------------------------
Finished Flattening Before IO Insertion
---------------------------------------------------------------------------------
---------------------------------------------------------------------------------
Start Final Netlist Cleanup
---------------------------------------------------------------------------------
---------------------------------------------------------------------------------
Finished Final Netlist Cleanup
---------------------------------------------------------------------------------
---------------------------------------------------------------------------------
Finished IO Insertion : Time (s): cpu = 00:00:22 ; elapsed = 00:00:36 . Memory (MB): peak = 1139.039 ; gain = 68.902
---------------------------------------------------------------------------------
---------------------------------------------------------------------------------
Start Renaming Generated Instances
---------------------------------------------------------------------------------
---------------------------------------------------------------------------------
Finished Renaming Generated Instances : Time (s): cpu = 00:00:22 ; elapsed = 00:00:36 . Memory (MB): peak = 1139.039 ; gain = 68.902
---------------------------------------------------------------------------------
---------------------------------------------------------------------------------
Start Rebuilding User Hierarchy
---------------------------------------------------------------------------------
---------------------------------------------------------------------------------
Finished Rebuilding User Hierarchy : Time (s): cpu = 00:00:22 ; elapsed = 00:00:36 . Memory (MB): peak = 1139.039 ; gain = 68.902
---------------------------------------------------------------------------------
---------------------------------------------------------------------------------
Start Renaming Generated Ports
---------------------------------------------------------------------------------
---------------------------------------------------------------------------------
Finished Renaming Generated Ports : Time (s): cpu = 00:00:22 ; elapsed = 00:00:36 . Memory (MB): peak = 1139.039 ; gain = 68.902
---------------------------------------------------------------------------------
---------------------------------------------------------------------------------
Start Handling Custom Attributes
---------------------------------------------------------------------------------
---------------------------------------------------------------------------------
Finished Handling Custom Attributes : Time (s): cpu = 00:00:22 ; elapsed = 00:00:36 . Memory (MB): peak = 1139.039 ; gain = 68.902
---------------------------------------------------------------------------------
---------------------------------------------------------------------------------
Start Renaming Generated Nets
---------------------------------------------------------------------------------
---------------------------------------------------------------------------------
Finished Renaming Generated Nets : Time (s): cpu = 00:00:22 ; elapsed = 00:00:36 . Memory (MB): peak = 1139.039 ; gain = 68.902
---------------------------------------------------------------------------------
---------------------------------------------------------------------------------
Start Writing Synthesis Report
---------------------------------------------------------------------------------

Report BlackBoxes: 
+-+--------------+----------+
| |BlackBox name |Instances |
+-+--------------+----------+
+-+--------------+----------+

Report Cell Usage: 
+------+-------+------+
|      |Cell   |Count |
+------+-------+------+
|1     |CARRY4 |     1|
|2     |LUT4   |     8|
|3     |FDRE   |     1|
+------+-------+------+
---------------------------------------------------------------------------------
Finished Writing Synthesis Report : Time (s): cpu = 00:00:22 ; elapsed = 00:00:36 . Memory (MB): peak = 1139.039 ; gain = 68.902
---------------------------------------------------------------------------------
Synthesis finished with 0 errors, 0 critical warnings and 0 warnings.
Synthesis Optimization Runtime : Time (s): cpu = 00:00:16 ; elapsed = 00:00:34 . Memory (MB): peak = 1139.039 ; gain = 59.871
Synthesis Optimization Complete : Time (s): cpu = 00:00:22 ; elapsed = 00:00:37 . Memory (MB): peak = 1139.039 ; gain = 68.902
INFO: [Project 1-571] Translating synthesized netlist
Netlist sorting complete. Time (s): cpu = 00:00:00 ; elapsed = 00:00:00.001 . Memory (MB): peak = 1152.129 ; gain = 0.000
INFO: [Netlist 29-17] Analyzing 1 Unisim elements for replacement
INFO: [Netlist 29-28] Unisim Transformation completed in 0 CPU seconds
INFO: [Project 1-570] Preparing netlist for logic optimization
INFO: [Opt 31-138] Pushed 0 inverter(s) to 0 load pin(s).
Netlist sorting complete. Time (s): cpu = 00:00:00 ; elapsed = 00:00:00 . Memory (MB): peak = 1153.062 ; gain = 0.000
INFO: [Project 1-111] Unisim Transformation Summary:
No Unisim elements were transformed.

INFO: [Common 17-83] Releasing license: Synthesis
22 Infos, 1 Warnings, 0 Critical Warnings and 0 Errors encountered.
synth_design completed successfully
synth_design: Time (s): cpu = 00:00:26 ; elapsed = 00:00:47 . Memory (MB): peak = 1153.062 ; gain = 82.926
INFO: [Common 17-1381] The checkpoint 'C:/Users/vicen/OneDrive/Escritorio/Septimo Semestre/SEP/Proyecto1/Proyecto1SEP/Proyecto1SEP.runs/Proyecto_1_sep_comp_cuadrada_0_3_synth_1/Proyecto_1_sep_comp_cuadrada_0_3.dcp' has been generated.
WARNING: [Common 17-576] 'use_project_ipc' is deprecated. This option is deprecated and no longer used.
INFO: [Coretcl 2-1648] Added synthesis output to IP cache for IP Proyecto_1_sep_comp_cuadrada_0_3, cache-ID = 08e1d7cadc9326a5
INFO: [Common 17-1381] The checkpoint 'C:/Users/vicen/OneDrive/Escritorio/Septimo Semestre/SEP/Proyecto1/Proyecto1SEP/Proyecto1SEP.runs/Proyecto_1_sep_comp_cuadrada_0_3_synth_1/Proyecto_1_sep_comp_cuadrada_0_3.dcp' has been generated.
INFO: [runtcl-4] Executing : report_utilization -file Proyecto_1_sep_comp_cuadrada_0_3_utilization_synth.rpt -pb Proyecto_1_sep_comp_cuadrada_0_3_utilization_synth.pb
INFO: [Common 17-206] Exiting Vivado at Sat May  4 14:44:07 2024...
