
*** Running vivado
    with args -log Proyecto_1_sep_Math_0_0.vds -m64 -product Vivado -mode batch -messageDb vivado.pb -notrace -source Proyecto_1_sep_Math_0_0.tcl



****** Vivado v2020.1 (64-bit)
  **** SW Build 2902540 on Wed May 27 19:54:49 MDT 2020
  **** IP Build 2902112 on Wed May 27 22:43:36 MDT 2020
    ** Copyright 1986-2020 Xilinx, Inc. All Rights Reserved.

source Proyecto_1_sep_Math_0_0.tcl -notrace
create_project: Time (s): cpu = 00:00:02 ; elapsed = 00:00:09 . Memory (MB): peak = 1179.609 ; gain = 132.348
INFO: [IP_Flow 19-234] Refreshing IP repositories
INFO: [IP_Flow 19-1700] Loaded user IP repository 'c:/Users/Pato/Desktop/Universida/2024-1/SEP/IEE2463_P1/IP_Cores'.
INFO: [IP_Flow 19-2313] Loaded Vivado IP repository 'C:/Xilinx/Vivado/2020.1/data/ip'.
WARNING: [IP_Flow 19-4995] The host OS only allows 260 characters in a normal path. The IP cache path is more than 80 characters. If you experience issues with IP caching, please consider changing the IP cache to a location with a shorter path. Alternately consider using the OS subst command to map part of the path to a drive letter. 
Current IP cache path is c:/Users/Pato/Desktop/Universida/2024-1/SEP/IEE2463_P1/Proyecto_1/proyecto_1.cache/ip 
Command: synth_design -top Proyecto_1_sep_Math_0_0 -part xc7z010clg400-1 -mode out_of_context
Starting synth_design
Attempting to get a license for feature 'Synthesis' and/or device 'xc7z010'
INFO: [Common 17-349] Got license for feature 'Synthesis' and/or device 'xc7z010'
INFO: [Device 21-403] Loading part xc7z010clg400-1
INFO: [Synth 8-7079] Multithreading enabled for synth_design using a maximum of 2 processes.
INFO: [Synth 8-7078] Launching helper process for spawning children vivado processes
INFO: [Synth 8-7075] Helper process launched with PID 3496
---------------------------------------------------------------------------------
Starting RTL Elaboration : Time (s): cpu = 00:00:06 ; elapsed = 00:00:08 . Memory (MB): peak = 1204.465 ; gain = 0.000
---------------------------------------------------------------------------------
INFO: [Synth 8-638] synthesizing module 'Proyecto_1_sep_Math_0_0' [c:/Users/Pato/Desktop/Universida/2024-1/SEP/IEE2463_P1/Proyecto_1/proyecto_1.srcs/sources_1/bd/Proyecto_1_sep/ip/Proyecto_1_sep_Math_0_0/synth/Proyecto_1_sep_Math_0_0.vhd:67]
INFO: [Synth 8-3491] module 'Math' declared at 'c:/Users/Pato/Desktop/Universida/2024-1/SEP/IEE2463_P1/Proyecto_1/proyecto_1.srcs/sources_1/bd/Proyecto_1_sep/ipshared/17c8/Math.srcs/sources_1/new/Math.vhd:5' bound to instance 'U0' of component 'Math' [c:/Users/Pato/Desktop/Universida/2024-1/SEP/IEE2463_P1/Proyecto_1/proyecto_1.srcs/sources_1/bd/Proyecto_1_sep/ip/Proyecto_1_sep_Math_0_0/synth/Proyecto_1_sep_Math_0_0.vhd:89]
INFO: [Synth 8-638] synthesizing module 'Math' [c:/Users/Pato/Desktop/Universida/2024-1/SEP/IEE2463_P1/Proyecto_1/proyecto_1.srcs/sources_1/bd/Proyecto_1_sep/ipshared/17c8/Math.srcs/sources_1/new/Math.vhd:16]
INFO: [Synth 8-256] done synthesizing module 'Math' (1#1) [c:/Users/Pato/Desktop/Universida/2024-1/SEP/IEE2463_P1/Proyecto_1/proyecto_1.srcs/sources_1/bd/Proyecto_1_sep/ipshared/17c8/Math.srcs/sources_1/new/Math.vhd:16]
INFO: [Synth 8-256] done synthesizing module 'Proyecto_1_sep_Math_0_0' (2#1) [c:/Users/Pato/Desktop/Universida/2024-1/SEP/IEE2463_P1/Proyecto_1/proyecto_1.srcs/sources_1/bd/Proyecto_1_sep/ip/Proyecto_1_sep_Math_0_0/synth/Proyecto_1_sep_Math_0_0.vhd:67]
---------------------------------------------------------------------------------
Finished RTL Elaboration : Time (s): cpu = 00:00:08 ; elapsed = 00:00:11 . Memory (MB): peak = 1204.465 ; gain = 0.000
---------------------------------------------------------------------------------
---------------------------------------------------------------------------------
Start Handling Custom Attributes
---------------------------------------------------------------------------------
---------------------------------------------------------------------------------
Finished Handling Custom Attributes : Time (s): cpu = 00:00:09 ; elapsed = 00:00:12 . Memory (MB): peak = 1204.465 ; gain = 0.000
---------------------------------------------------------------------------------
---------------------------------------------------------------------------------
Finished RTL Optimization Phase 1 : Time (s): cpu = 00:00:09 ; elapsed = 00:00:12 . Memory (MB): peak = 1204.465 ; gain = 0.000
---------------------------------------------------------------------------------
Netlist sorting complete. Time (s): cpu = 00:00:00 ; elapsed = 00:00:00.012 . Memory (MB): peak = 1204.465 ; gain = 0.000
INFO: [Project 1-570] Preparing netlist for logic optimization

Processing XDC Constraints
Initializing timing engine
Completed Processing XDC Constraints

Netlist sorting complete. Time (s): cpu = 00:00:00 ; elapsed = 00:00:00 . Memory (MB): peak = 1204.465 ; gain = 0.000
INFO: [Project 1-111] Unisim Transformation Summary:
No Unisim elements were transformed.

Constraint Validation Runtime : Time (s): cpu = 00:00:00 ; elapsed = 00:00:00.051 . Memory (MB): peak = 1204.465 ; gain = 0.000
---------------------------------------------------------------------------------
Finished Constraint Validation : Time (s): cpu = 00:00:18 ; elapsed = 00:00:26 . Memory (MB): peak = 1204.465 ; gain = 0.000
---------------------------------------------------------------------------------
---------------------------------------------------------------------------------
Start Loading Part and Timing Information
---------------------------------------------------------------------------------
Loading part: xc7z010clg400-1
---------------------------------------------------------------------------------
Finished Loading Part and Timing Information : Time (s): cpu = 00:00:18 ; elapsed = 00:00:26 . Memory (MB): peak = 1204.465 ; gain = 0.000
---------------------------------------------------------------------------------
---------------------------------------------------------------------------------
Start Applying 'set_property' XDC Constraints
---------------------------------------------------------------------------------
---------------------------------------------------------------------------------
Finished applying 'set_property' XDC Constraints : Time (s): cpu = 00:00:18 ; elapsed = 00:00:26 . Memory (MB): peak = 1204.465 ; gain = 0.000
---------------------------------------------------------------------------------
---------------------------------------------------------------------------------
Finished RTL Optimization Phase 2 : Time (s): cpu = 00:00:18 ; elapsed = 00:00:28 . Memory (MB): peak = 1204.465 ; gain = 0.000
---------------------------------------------------------------------------------
---------------------------------------------------------------------------------
Start RTL Component Statistics 
---------------------------------------------------------------------------------
Detailed RTL Component Info : 
+---Adders : 
	   2 Input   16 Bit       Adders := 2     
	   2 Input   10 Bit       Adders := 2     
+---Registers : 
	               16 Bit    Registers := 1     
+---Muxes : 
	  16 Input   16 Bit        Muxes := 2     
---------------------------------------------------------------------------------
Finished RTL Component Statistics 
---------------------------------------------------------------------------------
---------------------------------------------------------------------------------
Start Part Resource Summary
---------------------------------------------------------------------------------
Part Resources:
DSPs: 80 (col length:40)
BRAMs: 120 (col length: RAMB18 40 RAMB36 20)
---------------------------------------------------------------------------------
Finished Part Resource Summary
---------------------------------------------------------------------------------
---------------------------------------------------------------------------------
Start Cross Boundary and Area Optimization
---------------------------------------------------------------------------------
DSP Report: Generating DSP p_0_out, operation Mode is: A*B.
DSP Report: operator p_0_out is absorbed into DSP p_0_out.
---------------------------------------------------------------------------------
Finished Cross Boundary and Area Optimization : Time (s): cpu = 00:00:21 ; elapsed = 00:00:34 . Memory (MB): peak = 1204.465 ; gain = 0.000
---------------------------------------------------------------------------------
---------------------------------------------------------------------------------
Start ROM, RAM, DSP and Shift Register Reporting
---------------------------------------------------------------------------------

DSP: Preliminary Mapping	Report (see note below)
+------------+-------------+--------+--------+--------+--------+--------+------+------+------+------+-------+------+------+
|Module Name | DSP Mapping | A Size | B Size | C Size | D Size | P Size | AREG | BREG | CREG | DREG | ADREG | MREG | PREG | 
+------------+-------------+--------+--------+--------+--------+--------+------+------+------+------+-------+------+------+
|Math        | A*B         | 16     | 16     | -      | -      | 32     | 0    | 0    | -    | -    | -     | 0    | 0    | 
+------------+-------------+--------+--------+--------+--------+--------+------+------+------+------+-------+------+------+

Note: The table above is a preliminary report that shows the DSPs inferred at the current stage of the synthesis flow. Some DSP may be reimplemented as non DSP primitives later in the synthesis flow. Multiple instantiated DSPs are reported only once.
---------------------------------------------------------------------------------
Finished ROM, RAM, DSP and Shift Register Reporting
---------------------------------------------------------------------------------
---------------------------------------------------------------------------------
Start Applying XDC Timing Constraints
---------------------------------------------------------------------------------
---------------------------------------------------------------------------------
Finished Applying XDC Timing Constraints : Time (s): cpu = 00:00:33 ; elapsed = 00:00:57 . Memory (MB): peak = 1204.465 ; gain = 0.000
---------------------------------------------------------------------------------
---------------------------------------------------------------------------------
Start Timing Optimization
---------------------------------------------------------------------------------
---------------------------------------------------------------------------------
Finished Timing Optimization : Time (s): cpu = 00:00:33 ; elapsed = 00:00:57 . Memory (MB): peak = 1204.465 ; gain = 0.000
---------------------------------------------------------------------------------
---------------------------------------------------------------------------------
Start Technology Mapping
---------------------------------------------------------------------------------
---------------------------------------------------------------------------------
Finished Technology Mapping : Time (s): cpu = 00:00:33 ; elapsed = 00:00:57 . Memory (MB): peak = 1204.465 ; gain = 0.000
---------------------------------------------------------------------------------
---------------------------------------------------------------------------------
Start IO Insertion
---------------------------------------------------------------------------------
---------------------------------------------------------------------------------
Start Flattening Before IO Insertion
---------------------------------------------------------------------------------
---------------------------------------------------------------------------------
Finished Flattening Before IO Insertion
---------------------------------------------------------------------------------
---------------------------------------------------------------------------------
Start Final Netlist Cleanup
---------------------------------------------------------------------------------
---------------------------------------------------------------------------------
Finished Final Netlist Cleanup
---------------------------------------------------------------------------------
---------------------------------------------------------------------------------
Finished IO Insertion : Time (s): cpu = 00:00:38 ; elapsed = 00:01:04 . Memory (MB): peak = 1204.465 ; gain = 0.000
---------------------------------------------------------------------------------
---------------------------------------------------------------------------------
Start Renaming Generated Instances
---------------------------------------------------------------------------------
---------------------------------------------------------------------------------
Finished Renaming Generated Instances : Time (s): cpu = 00:00:38 ; elapsed = 00:01:04 . Memory (MB): peak = 1204.465 ; gain = 0.000
---------------------------------------------------------------------------------
---------------------------------------------------------------------------------
Start Rebuilding User Hierarchy
---------------------------------------------------------------------------------
---------------------------------------------------------------------------------
Finished Rebuilding User Hierarchy : Time (s): cpu = 00:00:38 ; elapsed = 00:01:04 . Memory (MB): peak = 1204.465 ; gain = 0.000
---------------------------------------------------------------------------------
---------------------------------------------------------------------------------
Start Renaming Generated Ports
---------------------------------------------------------------------------------
---------------------------------------------------------------------------------
Finished Renaming Generated Ports : Time (s): cpu = 00:00:38 ; elapsed = 00:01:04 . Memory (MB): peak = 1204.465 ; gain = 0.000
---------------------------------------------------------------------------------
---------------------------------------------------------------------------------
Start Handling Custom Attributes
---------------------------------------------------------------------------------
---------------------------------------------------------------------------------
Finished Handling Custom Attributes : Time (s): cpu = 00:00:38 ; elapsed = 00:01:04 . Memory (MB): peak = 1204.465 ; gain = 0.000
---------------------------------------------------------------------------------
---------------------------------------------------------------------------------
Start Renaming Generated Nets
---------------------------------------------------------------------------------
---------------------------------------------------------------------------------
Finished Renaming Generated Nets : Time (s): cpu = 00:00:38 ; elapsed = 00:01:04 . Memory (MB): peak = 1204.465 ; gain = 0.000
---------------------------------------------------------------------------------
---------------------------------------------------------------------------------
Start Writing Synthesis Report
---------------------------------------------------------------------------------

Report BlackBoxes: 
+-+--------------+----------+
| |BlackBox name |Instances |
+-+--------------+----------+
+-+--------------+----------+

Report Cell Usage: 
+------+--------+------+
|      |Cell    |Count |
+------+--------+------+
|1     |CARRY4  |    25|
|2     |DSP48E1 |     1|
|3     |LUT2    |    58|
|4     |LUT3    |    14|
|5     |LUT4    |    31|
|6     |LUT5    |    21|
|7     |LUT6    |    70|
|8     |FDRE    |    16|
+------+--------+------+
---------------------------------------------------------------------------------
Finished Writing Synthesis Report : Time (s): cpu = 00:00:38 ; elapsed = 00:01:04 . Memory (MB): peak = 1204.465 ; gain = 0.000
---------------------------------------------------------------------------------
Synthesis finished with 0 errors, 0 critical warnings and 0 warnings.
Synthesis Optimization Runtime : Time (s): cpu = 00:00:28 ; elapsed = 00:01:02 . Memory (MB): peak = 1204.465 ; gain = 0.000
Synthesis Optimization Complete : Time (s): cpu = 00:00:39 ; elapsed = 00:01:05 . Memory (MB): peak = 1204.465 ; gain = 0.000
INFO: [Project 1-571] Translating synthesized netlist
Netlist sorting complete. Time (s): cpu = 00:00:00 ; elapsed = 00:00:00.004 . Memory (MB): peak = 1204.465 ; gain = 0.000
INFO: [Netlist 29-17] Analyzing 26 Unisim elements for replacement
INFO: [Netlist 29-28] Unisim Transformation completed in 0 CPU seconds
INFO: [Project 1-570] Preparing netlist for logic optimization
INFO: [Opt 31-138] Pushed 0 inverter(s) to 0 load pin(s).
Netlist sorting complete. Time (s): cpu = 00:00:00 ; elapsed = 00:00:00 . Memory (MB): peak = 1204.465 ; gain = 0.000
INFO: [Project 1-111] Unisim Transformation Summary:
No Unisim elements were transformed.

INFO: [Common 17-83] Releasing license: Synthesis
22 Infos, 1 Warnings, 0 Critical Warnings and 0 Errors encountered.
synth_design completed successfully
synth_design: Time (s): cpu = 00:00:45 ; elapsed = 00:01:19 . Memory (MB): peak = 1204.465 ; gain = 0.000
INFO: [Common 17-1381] The checkpoint 'C:/Users/Pato/Desktop/Universida/2024-1/SEP/IEE2463_P1/Proyecto_1/proyecto_1.runs/Proyecto_1_sep_Math_0_0_synth_1/Proyecto_1_sep_Math_0_0.dcp' has been generated.
WARNING: [Common 17-576] 'use_project_ipc' is deprecated. This option is deprecated and no longer used.
INFO: [Coretcl 2-1648] Added synthesis output to IP cache for IP Proyecto_1_sep_Math_0_0, cache-ID = 66cefffce2658cc4
INFO: [Common 17-1381] The checkpoint 'C:/Users/Pato/Desktop/Universida/2024-1/SEP/IEE2463_P1/Proyecto_1/proyecto_1.runs/Proyecto_1_sep_Math_0_0_synth_1/Proyecto_1_sep_Math_0_0.dcp' has been generated.
INFO: [runtcl-4] Executing : report_utilization -file Proyecto_1_sep_Math_0_0_utilization_synth.rpt -pb Proyecto_1_sep_Math_0_0_utilization_synth.pb
INFO: [Common 17-206] Exiting Vivado at Sat May 11 18:44:11 2024...
