
*** Running vivado
    with args -log Proyecto_1_sep_Sel_frec_0_0.vds -m64 -product Vivado -mode batch -messageDb vivado.pb -notrace -source Proyecto_1_sep_Sel_frec_0_0.tcl



****** Vivado v2020.1 (64-bit)
  **** SW Build 2902540 on Wed May 27 19:54:49 MDT 2020
  **** IP Build 2902112 on Wed May 27 22:43:36 MDT 2020
    ** Copyright 1986-2020 Xilinx, Inc. All Rights Reserved.

source Proyecto_1_sep_Sel_frec_0_0.tcl -notrace
INFO: [IP_Flow 19-234] Refreshing IP repositories
INFO: [IP_Flow 19-1700] Loaded user IP repository 'c:/Users/vicen/OneDrive/Escritorio/Septimo Semestre/SEP/Proyecto1/IP_Cores'.
INFO: [IP_Flow 19-2313] Loaded Vivado IP repository 'C:/Xilinx2020/Vivado/2020.1/data/ip'.
WARNING: [IP_Flow 19-4995] The host OS only allows 260 characters in a normal path. The IP cache path is more than 80 characters. If you experience issues with IP caching, please consider changing the IP cache to a location with a shorter path. Alternately consider using the OS subst command to map part of the path to a drive letter. 
Current IP cache path is c:/Users/vicen/OneDrive/Escritorio/Septimo Semestre/SEP/Proyecto1/proyecto_1/proyecto_1.cache/ip 
Command: synth_design -top Proyecto_1_sep_Sel_frec_0_0 -part xc7z010clg400-1 -mode out_of_context
Starting synth_design
Attempting to get a license for feature 'Synthesis' and/or device 'xc7z010'
INFO: [Common 17-349] Got license for feature 'Synthesis' and/or device 'xc7z010'
INFO: [Device 21-403] Loading part xc7z010clg400-1
INFO: [Synth 8-7079] Multithreading enabled for synth_design using a maximum of 2 processes.
INFO: [Synth 8-7078] Launching helper process for spawning children vivado processes
INFO: [Synth 8-7075] Helper process launched with PID 62176
---------------------------------------------------------------------------------
Starting RTL Elaboration : Time (s): cpu = 00:00:04 ; elapsed = 00:00:15 . Memory (MB): peak = 1063.223 ; gain = 0.000
---------------------------------------------------------------------------------
INFO: [Synth 8-638] synthesizing module 'Proyecto_1_sep_Sel_frec_0_0' [c:/Users/vicen/OneDrive/Escritorio/Septimo Semestre/SEP/Proyecto1/proyecto_1/proyecto_1.srcs/sources_1/bd/Proyecto_1_sep/ip/Proyecto_1_sep_Sel_frec_0_0/synth/Proyecto_1_sep_Sel_frec_0_0.vhd:64]
INFO: [Synth 8-3491] module 'Sel_frec' declared at 'c:/Users/vicen/OneDrive/Escritorio/Septimo Semestre/SEP/Proyecto1/proyecto_1/proyecto_1.srcs/sources_1/bd/Proyecto_1_sep/ipshared/c7c4/Sel_frec.srcs/sources_1/new/Sel_frec.vhd:7' bound to instance 'U0' of component 'Sel_frec' [c:/Users/vicen/OneDrive/Escritorio/Septimo Semestre/SEP/Proyecto1/proyecto_1/proyecto_1.srcs/sources_1/bd/Proyecto_1_sep/ip/Proyecto_1_sep_Sel_frec_0_0/synth/Proyecto_1_sep_Sel_frec_0_0.vhd:87]
INFO: [Synth 8-638] synthesizing module 'Sel_frec' [c:/Users/vicen/OneDrive/Escritorio/Septimo Semestre/SEP/Proyecto1/proyecto_1/proyecto_1.srcs/sources_1/bd/Proyecto_1_sep/ipshared/c7c4/Sel_frec.srcs/sources_1/new/Sel_frec.vhd:15]
INFO: [Synth 8-256] done synthesizing module 'Sel_frec' (1#1) [c:/Users/vicen/OneDrive/Escritorio/Septimo Semestre/SEP/Proyecto1/proyecto_1/proyecto_1.srcs/sources_1/bd/Proyecto_1_sep/ipshared/c7c4/Sel_frec.srcs/sources_1/new/Sel_frec.vhd:15]
INFO: [Synth 8-256] done synthesizing module 'Proyecto_1_sep_Sel_frec_0_0' (2#1) [c:/Users/vicen/OneDrive/Escritorio/Septimo Semestre/SEP/Proyecto1/proyecto_1/proyecto_1.srcs/sources_1/bd/Proyecto_1_sep/ip/Proyecto_1_sep_Sel_frec_0_0/synth/Proyecto_1_sep_Sel_frec_0_0.vhd:64]
---------------------------------------------------------------------------------
Finished RTL Elaboration : Time (s): cpu = 00:00:06 ; elapsed = 00:00:21 . Memory (MB): peak = 1063.223 ; gain = 0.000
---------------------------------------------------------------------------------
---------------------------------------------------------------------------------
Start Handling Custom Attributes
---------------------------------------------------------------------------------
---------------------------------------------------------------------------------
Finished Handling Custom Attributes : Time (s): cpu = 00:00:06 ; elapsed = 00:00:22 . Memory (MB): peak = 1063.223 ; gain = 0.000
---------------------------------------------------------------------------------
---------------------------------------------------------------------------------
Finished RTL Optimization Phase 1 : Time (s): cpu = 00:00:06 ; elapsed = 00:00:22 . Memory (MB): peak = 1063.223 ; gain = 0.000
---------------------------------------------------------------------------------
Netlist sorting complete. Time (s): cpu = 00:00:00 ; elapsed = 00:00:00 . Memory (MB): peak = 1063.223 ; gain = 0.000
INFO: [Project 1-570] Preparing netlist for logic optimization

Processing XDC Constraints
Initializing timing engine
Completed Processing XDC Constraints

Netlist sorting complete. Time (s): cpu = 00:00:00 ; elapsed = 00:00:00.001 . Memory (MB): peak = 1114.902 ; gain = 0.000
INFO: [Project 1-111] Unisim Transformation Summary:
No Unisim elements were transformed.

Constraint Validation Runtime : Time (s): cpu = 00:00:00 ; elapsed = 00:00:00.042 . Memory (MB): peak = 1114.945 ; gain = 0.043
---------------------------------------------------------------------------------
Finished Constraint Validation : Time (s): cpu = 00:00:13 ; elapsed = 00:00:31 . Memory (MB): peak = 1114.945 ; gain = 51.723
---------------------------------------------------------------------------------
---------------------------------------------------------------------------------
Start Loading Part and Timing Information
---------------------------------------------------------------------------------
Loading part: xc7z010clg400-1
---------------------------------------------------------------------------------
Finished Loading Part and Timing Information : Time (s): cpu = 00:00:13 ; elapsed = 00:00:31 . Memory (MB): peak = 1114.945 ; gain = 51.723
---------------------------------------------------------------------------------
---------------------------------------------------------------------------------
Start Applying 'set_property' XDC Constraints
---------------------------------------------------------------------------------
---------------------------------------------------------------------------------
Finished applying 'set_property' XDC Constraints : Time (s): cpu = 00:00:13 ; elapsed = 00:00:31 . Memory (MB): peak = 1114.945 ; gain = 51.723
---------------------------------------------------------------------------------
---------------------------------------------------------------------------------
Finished RTL Optimization Phase 2 : Time (s): cpu = 00:00:13 ; elapsed = 00:00:31 . Memory (MB): peak = 1114.945 ; gain = 51.723
---------------------------------------------------------------------------------
---------------------------------------------------------------------------------
Start RTL Component Statistics 
---------------------------------------------------------------------------------
Detailed RTL Component Info : 
+---Adders : 
	   2 Input    4 Bit       Adders := 1     
+---Registers : 
	                4 Bit    Registers := 2     
	                1 Bit    Registers := 1     
---------------------------------------------------------------------------------
Finished RTL Component Statistics 
---------------------------------------------------------------------------------
---------------------------------------------------------------------------------
Start Part Resource Summary
---------------------------------------------------------------------------------
Part Resources:
DSPs: 80 (col length:40)
BRAMs: 120 (col length: RAMB18 40 RAMB36 20)
---------------------------------------------------------------------------------
Finished Part Resource Summary
---------------------------------------------------------------------------------
---------------------------------------------------------------------------------
Start Cross Boundary and Area Optimization
---------------------------------------------------------------------------------
---------------------------------------------------------------------------------
Finished Cross Boundary and Area Optimization : Time (s): cpu = 00:00:15 ; elapsed = 00:00:33 . Memory (MB): peak = 1114.945 ; gain = 51.723
---------------------------------------------------------------------------------
---------------------------------------------------------------------------------
Start Applying XDC Timing Constraints
---------------------------------------------------------------------------------
---------------------------------------------------------------------------------
Finished Applying XDC Timing Constraints : Time (s): cpu = 00:00:23 ; elapsed = 00:00:44 . Memory (MB): peak = 1125.512 ; gain = 62.289
---------------------------------------------------------------------------------
---------------------------------------------------------------------------------
Start Timing Optimization
---------------------------------------------------------------------------------
---------------------------------------------------------------------------------
Finished Timing Optimization : Time (s): cpu = 00:00:23 ; elapsed = 00:00:44 . Memory (MB): peak = 1125.512 ; gain = 62.289
---------------------------------------------------------------------------------
---------------------------------------------------------------------------------
Start Technology Mapping
---------------------------------------------------------------------------------
---------------------------------------------------------------------------------
Finished Technology Mapping : Time (s): cpu = 00:00:23 ; elapsed = 00:00:44 . Memory (MB): peak = 1145.105 ; gain = 81.883
---------------------------------------------------------------------------------
---------------------------------------------------------------------------------
Start IO Insertion
---------------------------------------------------------------------------------
---------------------------------------------------------------------------------
Start Flattening Before IO Insertion
---------------------------------------------------------------------------------
---------------------------------------------------------------------------------
Finished Flattening Before IO Insertion
---------------------------------------------------------------------------------
---------------------------------------------------------------------------------
Start Final Netlist Cleanup
---------------------------------------------------------------------------------
---------------------------------------------------------------------------------
Finished Final Netlist Cleanup
---------------------------------------------------------------------------------
---------------------------------------------------------------------------------
Finished IO Insertion : Time (s): cpu = 00:00:29 ; elapsed = 00:00:51 . Memory (MB): peak = 1149.883 ; gain = 86.660
---------------------------------------------------------------------------------
---------------------------------------------------------------------------------
Start Renaming Generated Instances
---------------------------------------------------------------------------------
---------------------------------------------------------------------------------
Finished Renaming Generated Instances : Time (s): cpu = 00:00:29 ; elapsed = 00:00:51 . Memory (MB): peak = 1149.883 ; gain = 86.660
---------------------------------------------------------------------------------
---------------------------------------------------------------------------------
Start Rebuilding User Hierarchy
---------------------------------------------------------------------------------
---------------------------------------------------------------------------------
Finished Rebuilding User Hierarchy : Time (s): cpu = 00:00:29 ; elapsed = 00:00:51 . Memory (MB): peak = 1149.883 ; gain = 86.660
---------------------------------------------------------------------------------
---------------------------------------------------------------------------------
Start Renaming Generated Ports
---------------------------------------------------------------------------------
---------------------------------------------------------------------------------
Finished Renaming Generated Ports : Time (s): cpu = 00:00:29 ; elapsed = 00:00:51 . Memory (MB): peak = 1149.883 ; gain = 86.660
---------------------------------------------------------------------------------
---------------------------------------------------------------------------------
Start Handling Custom Attributes
---------------------------------------------------------------------------------
---------------------------------------------------------------------------------
Finished Handling Custom Attributes : Time (s): cpu = 00:00:29 ; elapsed = 00:00:51 . Memory (MB): peak = 1149.883 ; gain = 86.660
---------------------------------------------------------------------------------
---------------------------------------------------------------------------------
Start Renaming Generated Nets
---------------------------------------------------------------------------------
---------------------------------------------------------------------------------
Finished Renaming Generated Nets : Time (s): cpu = 00:00:29 ; elapsed = 00:00:51 . Memory (MB): peak = 1149.883 ; gain = 86.660
---------------------------------------------------------------------------------
---------------------------------------------------------------------------------
Start Writing Synthesis Report
---------------------------------------------------------------------------------

Report BlackBoxes: 
+-+--------------+----------+
| |BlackBox name |Instances |
+-+--------------+----------+
+-+--------------+----------+

Report Cell Usage: 
+------+-----+------+
|      |Cell |Count |
+------+-----+------+
|1     |LUT2 |     3|
|2     |LUT3 |     1|
|3     |LUT4 |     2|
|4     |LUT6 |     5|
|5     |FDRE |     9|
+------+-----+------+
---------------------------------------------------------------------------------
Finished Writing Synthesis Report : Time (s): cpu = 00:00:29 ; elapsed = 00:00:51 . Memory (MB): peak = 1149.883 ; gain = 86.660
---------------------------------------------------------------------------------
Synthesis finished with 0 errors, 0 critical warnings and 0 warnings.
Synthesis Optimization Runtime : Time (s): cpu = 00:00:20 ; elapsed = 00:00:48 . Memory (MB): peak = 1149.883 ; gain = 34.938
Synthesis Optimization Complete : Time (s): cpu = 00:00:29 ; elapsed = 00:00:51 . Memory (MB): peak = 1149.883 ; gain = 86.660
INFO: [Project 1-571] Translating synthesized netlist
Netlist sorting complete. Time (s): cpu = 00:00:00 ; elapsed = 00:00:00 . Memory (MB): peak = 1163.000 ; gain = 0.000
INFO: [Project 1-570] Preparing netlist for logic optimization
INFO: [Opt 31-138] Pushed 0 inverter(s) to 0 load pin(s).
Netlist sorting complete. Time (s): cpu = 00:00:00 ; elapsed = 00:00:00 . Memory (MB): peak = 1169.602 ; gain = 0.000
INFO: [Project 1-111] Unisim Transformation Summary:
No Unisim elements were transformed.

INFO: [Common 17-83] Releasing license: Synthesis
20 Infos, 1 Warnings, 0 Critical Warnings and 0 Errors encountered.
synth_design completed successfully
synth_design: Time (s): cpu = 00:00:36 ; elapsed = 00:01:04 . Memory (MB): peak = 1169.602 ; gain = 106.379
INFO: [Common 17-1381] The checkpoint 'C:/Users/vicen/OneDrive/Escritorio/Septimo Semestre/SEP/Proyecto1/proyecto_1/proyecto_1.runs/Proyecto_1_sep_Sel_frec_0_0_synth_1/Proyecto_1_sep_Sel_frec_0_0.dcp' has been generated.
WARNING: [Common 17-576] 'use_project_ipc' is deprecated. This option is deprecated and no longer used.
INFO: [Coretcl 2-1648] Added synthesis output to IP cache for IP Proyecto_1_sep_Sel_frec_0_0, cache-ID = 3e0519fc3bb30a78
INFO: [Common 17-1381] The checkpoint 'C:/Users/vicen/OneDrive/Escritorio/Septimo Semestre/SEP/Proyecto1/proyecto_1/proyecto_1.runs/Proyecto_1_sep_Sel_frec_0_0_synth_1/Proyecto_1_sep_Sel_frec_0_0.dcp' has been generated.
INFO: [runtcl-4] Executing : report_utilization -file Proyecto_1_sep_Sel_frec_0_0_utilization_synth.rpt -pb Proyecto_1_sep_Sel_frec_0_0_utilization_synth.pb
INFO: [Common 17-206] Exiting Vivado at Wed May  8 11:18:18 2024...
