
*** Running vivado
    with args -log Proyecto_1_sep_SINE_RAM_0_0.vds -m64 -product Vivado -mode batch -messageDb vivado.pb -notrace -source Proyecto_1_sep_SINE_RAM_0_0.tcl



****** Vivado v2020.1 (64-bit)
  **** SW Build 2902540 on Wed May 27 19:54:49 MDT 2020
  **** IP Build 2902112 on Wed May 27 22:43:36 MDT 2020
    ** Copyright 1986-2020 Xilinx, Inc. All Rights Reserved.

source Proyecto_1_sep_SINE_RAM_0_0.tcl -notrace
create_project: Time (s): cpu = 00:00:02 ; elapsed = 00:00:09 . Memory (MB): peak = 1180.168 ; gain = 132.035
INFO: [IP_Flow 19-234] Refreshing IP repositories
INFO: [IP_Flow 19-1700] Loaded user IP repository 'c:/Users/Pato/Desktop/Universida/2024-1/SEP/IEE2463_P1/IP_Cores'.
INFO: [IP_Flow 19-2313] Loaded Vivado IP repository 'C:/Xilinx/Vivado/2020.1/data/ip'.
WARNING: [IP_Flow 19-4995] The host OS only allows 260 characters in a normal path. The IP cache path is more than 80 characters. If you experience issues with IP caching, please consider changing the IP cache to a location with a shorter path. Alternately consider using the OS subst command to map part of the path to a drive letter. 
Current IP cache path is c:/Users/Pato/Desktop/Universida/2024-1/SEP/IEE2463_P1/Proyecto_1/proyecto_1.cache/ip 
Command: synth_design -top Proyecto_1_sep_SINE_RAM_0_0 -part xc7z010clg400-1 -mode out_of_context
Starting synth_design
Attempting to get a license for feature 'Synthesis' and/or device 'xc7z010'
INFO: [Common 17-349] Got license for feature 'Synthesis' and/or device 'xc7z010'
INFO: [Device 21-403] Loading part xc7z010clg400-1
INFO: [Synth 8-7079] Multithreading enabled for synth_design using a maximum of 2 processes.
INFO: [Synth 8-7078] Launching helper process for spawning children vivado processes
INFO: [Synth 8-7075] Helper process launched with PID 38704
---------------------------------------------------------------------------------
Starting RTL Elaboration : Time (s): cpu = 00:00:07 ; elapsed = 00:00:08 . Memory (MB): peak = 1205.039 ; gain = 0.000
---------------------------------------------------------------------------------
INFO: [Synth 8-638] synthesizing module 'Proyecto_1_sep_SINE_RAM_0_0' [c:/Users/Pato/Desktop/Universida/2024-1/SEP/IEE2463_P1/Proyecto_1/proyecto_1.srcs/sources_1/bd/Proyecto_1_sep/ip/Proyecto_1_sep_SINE_RAM_0_0/synth/Proyecto_1_sep_SINE_RAM_0_0.vhd:84]
	Parameter C_S00_AXI_DATA_WIDTH bound to: 32 - type: integer 
	Parameter C_S00_AXI_ADDR_WIDTH bound to: 10 - type: integer 
	Parameter SIN_WIDTH bound to: 8 - type: integer 
INFO: [Synth 8-3491] module 'SINE_RAM_v1_0' declared at 'c:/Users/Pato/Desktop/Universida/2024-1/SEP/IEE2463_P1/Proyecto_1/proyecto_1.srcs/sources_1/bd/Proyecto_1_sep/ipshared/fff2/hdl/SINE_RAM_v1_0.vhd:5' bound to instance 'U0' of component 'SINE_RAM_v1_0' [c:/Users/Pato/Desktop/Universida/2024-1/SEP/IEE2463_P1/Proyecto_1/proyecto_1.srcs/sources_1/bd/Proyecto_1_sep/ip/Proyecto_1_sep_SINE_RAM_0_0/synth/Proyecto_1_sep_SINE_RAM_0_0.vhd:153]
INFO: [Synth 8-638] synthesizing module 'SINE_RAM_v1_0' [c:/Users/Pato/Desktop/Universida/2024-1/SEP/IEE2463_P1/Proyecto_1/proyecto_1.srcs/sources_1/bd/Proyecto_1_sep/ipshared/fff2/hdl/SINE_RAM_v1_0.vhd:50]
	Parameter SIN_WIDTH bound to: 8 - type: integer 
	Parameter C_S00_AXI_DATA_WIDTH bound to: 32 - type: integer 
	Parameter C_S00_AXI_ADDR_WIDTH bound to: 10 - type: integer 
	Parameter C_S_AXI_DATA_WIDTH bound to: 32 - type: integer 
	Parameter C_S_AXI_ADDR_WIDTH bound to: 10 - type: integer 
	Parameter SIN_WIDTH bound to: 8 - type: integer 
INFO: [Synth 8-3491] module 'SINE_RAM_v1_0_S00_AXI' declared at 'c:/Users/Pato/Desktop/Universida/2024-1/SEP/IEE2463_P1/Proyecto_1/proyecto_1.srcs/sources_1/bd/Proyecto_1_sep/ipshared/fff2/hdl/SINE_RAM_v1_0_S00_AXI.vhd:5' bound to instance 'SINE_RAM_v1_0_S00_AXI_inst' of component 'SINE_RAM_v1_0_S00_AXI' [c:/Users/Pato/Desktop/Universida/2024-1/SEP/IEE2463_P1/Proyecto_1/proyecto_1.srcs/sources_1/bd/Proyecto_1_sep/ipshared/fff2/hdl/SINE_RAM_v1_0.vhd:89]
INFO: [Synth 8-638] synthesizing module 'SINE_RAM_v1_0_S00_AXI' [c:/Users/Pato/Desktop/Universida/2024-1/SEP/IEE2463_P1/Proyecto_1/proyecto_1.srcs/sources_1/bd/Proyecto_1_sep/ipshared/fff2/hdl/SINE_RAM_v1_0_S00_AXI.vhd:87]
	Parameter SIN_WIDTH bound to: 8 - type: integer 
	Parameter C_S_AXI_DATA_WIDTH bound to: 32 - type: integer 
	Parameter C_S_AXI_ADDR_WIDTH bound to: 10 - type: integer 
INFO: [Synth 8-226] default block is never used [c:/Users/Pato/Desktop/Universida/2024-1/SEP/IEE2463_P1/Proyecto_1/proyecto_1.srcs/sources_1/bd/Proyecto_1_sep/ipshared/fff2/hdl/SINE_RAM_v1_0_S00_AXI.vhd:729]
INFO: [Synth 8-226] default block is never used [c:/Users/Pato/Desktop/Universida/2024-1/SEP/IEE2463_P1/Proyecto_1/proyecto_1.srcs/sources_1/bd/Proyecto_1_sep/ipshared/fff2/hdl/SINE_RAM_v1_0_S00_AXI.vhd:3127]
INFO: [Synth 8-256] done synthesizing module 'SINE_RAM_v1_0_S00_AXI' (1#1) [c:/Users/Pato/Desktop/Universida/2024-1/SEP/IEE2463_P1/Proyecto_1/proyecto_1.srcs/sources_1/bd/Proyecto_1_sep/ipshared/fff2/hdl/SINE_RAM_v1_0_S00_AXI.vhd:87]
INFO: [Synth 8-256] done synthesizing module 'SINE_RAM_v1_0' (2#1) [c:/Users/Pato/Desktop/Universida/2024-1/SEP/IEE2463_P1/Proyecto_1/proyecto_1.srcs/sources_1/bd/Proyecto_1_sep/ipshared/fff2/hdl/SINE_RAM_v1_0.vhd:50]
INFO: [Synth 8-256] done synthesizing module 'Proyecto_1_sep_SINE_RAM_0_0' (3#1) [c:/Users/Pato/Desktop/Universida/2024-1/SEP/IEE2463_P1/Proyecto_1/proyecto_1.srcs/sources_1/bd/Proyecto_1_sep/ip/Proyecto_1_sep_SINE_RAM_0_0/synth/Proyecto_1_sep_SINE_RAM_0_0.vhd:84]
---------------------------------------------------------------------------------
Finished RTL Elaboration : Time (s): cpu = 00:00:26 ; elapsed = 00:00:52 . Memory (MB): peak = 1884.117 ; gain = 679.078
---------------------------------------------------------------------------------
---------------------------------------------------------------------------------
Start Handling Custom Attributes
---------------------------------------------------------------------------------
---------------------------------------------------------------------------------
Finished Handling Custom Attributes : Time (s): cpu = 00:00:30 ; elapsed = 00:00:57 . Memory (MB): peak = 1884.117 ; gain = 679.078
---------------------------------------------------------------------------------
---------------------------------------------------------------------------------
Finished RTL Optimization Phase 1 : Time (s): cpu = 00:00:30 ; elapsed = 00:00:57 . Memory (MB): peak = 1884.117 ; gain = 679.078
---------------------------------------------------------------------------------
Netlist sorting complete. Time (s): cpu = 00:00:03 ; elapsed = 00:00:06 . Memory (MB): peak = 1884.117 ; gain = 0.000
INFO: [Project 1-570] Preparing netlist for logic optimization

Processing XDC Constraints
Initializing timing engine
Completed Processing XDC Constraints

Netlist sorting complete. Time (s): cpu = 00:00:00 ; elapsed = 00:00:00.002 . Memory (MB): peak = 1884.117 ; gain = 0.000
INFO: [Project 1-111] Unisim Transformation Summary:
No Unisim elements were transformed.

Constraint Validation Runtime : Time (s): cpu = 00:00:00 ; elapsed = 00:00:00.196 . Memory (MB): peak = 1884.117 ; gain = 0.000
---------------------------------------------------------------------------------
Finished Constraint Validation : Time (s): cpu = 00:00:49 ; elapsed = 00:01:30 . Memory (MB): peak = 1884.117 ; gain = 679.078
---------------------------------------------------------------------------------
---------------------------------------------------------------------------------
Start Loading Part and Timing Information
---------------------------------------------------------------------------------
Loading part: xc7z010clg400-1
---------------------------------------------------------------------------------
Finished Loading Part and Timing Information : Time (s): cpu = 00:00:49 ; elapsed = 00:01:30 . Memory (MB): peak = 1884.117 ; gain = 679.078
---------------------------------------------------------------------------------
---------------------------------------------------------------------------------
Start Applying 'set_property' XDC Constraints
---------------------------------------------------------------------------------
---------------------------------------------------------------------------------
Finished applying 'set_property' XDC Constraints : Time (s): cpu = 00:00:49 ; elapsed = 00:01:30 . Memory (MB): peak = 1884.117 ; gain = 679.078
---------------------------------------------------------------------------------
---------------------------------------------------------------------------------
Finished RTL Optimization Phase 2 : Time (s): cpu = 00:01:00 ; elapsed = 00:01:54 . Memory (MB): peak = 1884.117 ; gain = 679.078
---------------------------------------------------------------------------------
---------------------------------------------------------------------------------
Start RTL Component Statistics 
---------------------------------------------------------------------------------
Detailed RTL Component Info : 
+---Registers : 
	               32 Bit    Registers := 257   
	               10 Bit    Registers := 2     
	                8 Bit    Registers := 1     
	                2 Bit    Registers := 2     
	                1 Bit    Registers := 6     
+---Muxes : 
	   2 Input   32 Bit        Muxes := 256   
	   2 Input    1 Bit        Muxes := 5     
---------------------------------------------------------------------------------
Finished RTL Component Statistics 
---------------------------------------------------------------------------------
---------------------------------------------------------------------------------
Start Part Resource Summary
---------------------------------------------------------------------------------
Part Resources:
DSPs: 80 (col length:40)
BRAMs: 120 (col length: RAMB18 40 RAMB36 20)
---------------------------------------------------------------------------------
Finished Part Resource Summary
---------------------------------------------------------------------------------
---------------------------------------------------------------------------------
Start Cross Boundary and Area Optimization
---------------------------------------------------------------------------------
INFO: [Synth 8-3886] merging instance 'axi_rresp_reg[0]' (FDRE) to 'axi_rresp_reg[1]'
INFO: [Synth 8-3333] propagating constant 0 across sequential element (\axi_rresp_reg[1] )
INFO: [Synth 8-3886] merging instance 'axi_bresp_reg[0]' (FDRE) to 'axi_bresp_reg[1]'
INFO: [Synth 8-3333] propagating constant 0 across sequential element (\axi_bresp_reg[1] )
---------------------------------------------------------------------------------
Finished Cross Boundary and Area Optimization : Time (s): cpu = 00:01:08 ; elapsed = 00:02:31 . Memory (MB): peak = 1884.117 ; gain = 679.078
---------------------------------------------------------------------------------
---------------------------------------------------------------------------------
Start Applying XDC Timing Constraints
---------------------------------------------------------------------------------
---------------------------------------------------------------------------------
Finished Applying XDC Timing Constraints : Time (s): cpu = 00:01:12 ; elapsed = 00:02:37 . Memory (MB): peak = 1884.117 ; gain = 679.078
---------------------------------------------------------------------------------
---------------------------------------------------------------------------------
Start Timing Optimization
---------------------------------------------------------------------------------
---------------------------------------------------------------------------------
Finished Timing Optimization : Time (s): cpu = 00:01:12 ; elapsed = 00:02:38 . Memory (MB): peak = 1884.117 ; gain = 679.078
---------------------------------------------------------------------------------
---------------------------------------------------------------------------------
Start Technology Mapping
---------------------------------------------------------------------------------
---------------------------------------------------------------------------------
Finished Technology Mapping : Time (s): cpu = 00:01:13 ; elapsed = 00:02:46 . Memory (MB): peak = 1884.117 ; gain = 679.078
---------------------------------------------------------------------------------
---------------------------------------------------------------------------------
Start IO Insertion
---------------------------------------------------------------------------------
---------------------------------------------------------------------------------
Start Flattening Before IO Insertion
---------------------------------------------------------------------------------
---------------------------------------------------------------------------------
Finished Flattening Before IO Insertion
---------------------------------------------------------------------------------
---------------------------------------------------------------------------------
Start Final Netlist Cleanup
---------------------------------------------------------------------------------
---------------------------------------------------------------------------------
Finished Final Netlist Cleanup
---------------------------------------------------------------------------------
---------------------------------------------------------------------------------
Finished IO Insertion : Time (s): cpu = 00:01:15 ; elapsed = 00:02:49 . Memory (MB): peak = 1884.117 ; gain = 679.078
---------------------------------------------------------------------------------
---------------------------------------------------------------------------------
Start Renaming Generated Instances
---------------------------------------------------------------------------------
---------------------------------------------------------------------------------
Finished Renaming Generated Instances : Time (s): cpu = 00:01:15 ; elapsed = 00:02:49 . Memory (MB): peak = 1884.117 ; gain = 679.078
---------------------------------------------------------------------------------
---------------------------------------------------------------------------------
Start Rebuilding User Hierarchy
---------------------------------------------------------------------------------
---------------------------------------------------------------------------------
Finished Rebuilding User Hierarchy : Time (s): cpu = 00:01:15 ; elapsed = 00:02:50 . Memory (MB): peak = 1884.117 ; gain = 679.078
---------------------------------------------------------------------------------
---------------------------------------------------------------------------------
Start Renaming Generated Ports
---------------------------------------------------------------------------------
---------------------------------------------------------------------------------
Finished Renaming Generated Ports : Time (s): cpu = 00:01:15 ; elapsed = 00:02:50 . Memory (MB): peak = 1884.117 ; gain = 679.078
---------------------------------------------------------------------------------
---------------------------------------------------------------------------------
Start Handling Custom Attributes
---------------------------------------------------------------------------------
---------------------------------------------------------------------------------
Finished Handling Custom Attributes : Time (s): cpu = 00:01:15 ; elapsed = 00:02:50 . Memory (MB): peak = 1884.117 ; gain = 679.078
---------------------------------------------------------------------------------
---------------------------------------------------------------------------------
Start Renaming Generated Nets
---------------------------------------------------------------------------------
---------------------------------------------------------------------------------
Finished Renaming Generated Nets : Time (s): cpu = 00:01:15 ; elapsed = 00:02:50 . Memory (MB): peak = 1884.117 ; gain = 679.078
---------------------------------------------------------------------------------
---------------------------------------------------------------------------------
Start Writing Synthesis Report
---------------------------------------------------------------------------------

Report BlackBoxes: 
+-+--------------+----------+
| |BlackBox name |Instances |
+-+--------------+----------+
+-+--------------+----------+

Report Cell Usage: 
+------+------+------+
|      |Cell  |Count |
+------+------+------+
|1     |LUT1  |     1|
|2     |LUT2  |     3|
|3     |LUT3  |    19|
|4     |LUT4  |     5|
|5     |LUT5  |   647|
|6     |LUT6  |  3147|
|7     |MUXF7 |  1360|
|8     |MUXF8 |   680|
|9     |FDRE  |  8279|
|10    |FDSE  |    81|
+------+------+------+
---------------------------------------------------------------------------------
Finished Writing Synthesis Report : Time (s): cpu = 00:01:15 ; elapsed = 00:02:50 . Memory (MB): peak = 1884.117 ; gain = 679.078
---------------------------------------------------------------------------------
Synthesis finished with 0 errors, 0 critical warnings and 0 warnings.
Synthesis Optimization Runtime : Time (s): cpu = 00:00:29 ; elapsed = 00:02:24 . Memory (MB): peak = 1884.117 ; gain = 679.078
Synthesis Optimization Complete : Time (s): cpu = 00:01:15 ; elapsed = 00:02:51 . Memory (MB): peak = 1884.117 ; gain = 679.078
INFO: [Project 1-571] Translating synthesized netlist
Netlist sorting complete. Time (s): cpu = 00:00:00 ; elapsed = 00:00:00.100 . Memory (MB): peak = 1884.117 ; gain = 0.000
INFO: [Netlist 29-17] Analyzing 2040 Unisim elements for replacement
INFO: [Netlist 29-28] Unisim Transformation completed in 0 CPU seconds
WARNING: [Netlist 29-101] Netlist 'Proyecto_1_sep_SINE_RAM_0_0' is not ideal for floorplanning, since the cellview 'SINE_RAM_v1_0_S00_AXI' contains a large number of primitives.  Please consider enabling hierarchy in synthesis if you want to do floorplanning.
INFO: [Project 1-570] Preparing netlist for logic optimization
INFO: [Opt 31-138] Pushed 0 inverter(s) to 0 load pin(s).
Netlist sorting complete. Time (s): cpu = 00:00:00 ; elapsed = 00:00:00.002 . Memory (MB): peak = 1884.117 ; gain = 0.000
INFO: [Project 1-111] Unisim Transformation Summary:
No Unisim elements were transformed.

INFO: [Common 17-83] Releasing license: Synthesis
31 Infos, 2 Warnings, 0 Critical Warnings and 0 Errors encountered.
synth_design completed successfully
synth_design: Time (s): cpu = 00:01:22 ; elapsed = 00:03:05 . Memory (MB): peak = 1884.117 ; gain = 679.078
INFO: [Common 17-1381] The checkpoint 'C:/Users/Pato/Desktop/Universida/2024-1/SEP/IEE2463_P1/Proyecto_1/proyecto_1.runs/Proyecto_1_sep_SINE_RAM_0_0_synth_1/Proyecto_1_sep_SINE_RAM_0_0.dcp' has been generated.
WARNING: [Common 17-576] 'use_project_ipc' is deprecated. This option is deprecated and no longer used.
INFO: [Coretcl 2-1648] Added synthesis output to IP cache for IP Proyecto_1_sep_SINE_RAM_0_0, cache-ID = cc52feaa51ccbc06
INFO: [Coretcl 2-1174] Renamed 2 cell refs.
INFO: [Common 17-1381] The checkpoint 'C:/Users/Pato/Desktop/Universida/2024-1/SEP/IEE2463_P1/Proyecto_1/proyecto_1.runs/Proyecto_1_sep_SINE_RAM_0_0_synth_1/Proyecto_1_sep_SINE_RAM_0_0.dcp' has been generated.
INFO: [runtcl-4] Executing : report_utilization -file Proyecto_1_sep_SINE_RAM_0_0_utilization_synth.rpt -pb Proyecto_1_sep_SINE_RAM_0_0_utilization_synth.pb
INFO: [Common 17-206] Exiting Vivado at Sat May 11 18:46:02 2024...
