#-----------------------------------------------------------
# Vivado v2020.1 (64-bit)
# SW Build 2902540 on Wed May 27 19:54:49 MDT 2020
# IP Build 2902112 on Wed May 27 22:43:36 MDT 2020
# Start of session at: Fri May  3 18:44:33 2024
# Process ID: 25004
# Current directory: C:/Users/Pato/Desktop/Universida/2024-1/SEP/ip_repo
# Command line: vivado.exe -gui_launcher_event rodinguilauncherevent5884 C:\Users\Pato\Desktop\Universida\2024-1\SEP\ip_repo\edit_Freccuency_edit_v1_0.xpr
# Log file: C:/Users/Pato/Desktop/Universida/2024-1/SEP/ip_repo/vivado.log
# Journal file: C:/Users/Pato/Desktop/Universida/2024-1/SEP/ip_repo\vivado.jou
#-----------------------------------------------------------
start_gui
open_project C:/Users/Pato/Desktop/Universida/2024-1/SEP/ip_repo/edit_Freccuency_edit_v1_0.xpr
Scanning sources...
Finished scanning sources
WARNING: [filemgmt 56-3] Default IP Output Path : Could not find the directory 'C:/Users/Pato/Desktop/Universida/2024-1/SEP/ip_repo/edit_Freccuency_edit_v1_0.srcs/sources_1'.
INFO: [IP_Flow 19-234] Refreshing IP repositories
INFO: [IP_Flow 19-1700] Loaded user IP repository 'c:/Users/Pato/Desktop/Universida/2024-1/SEP/ip_repo/Freccuency_edit_1.0'.
INFO: [IP_Flow 19-1700] Loaded user IP repository 'c:/Users/Pato/Desktop/Universida/2024-1/SEP/ip_repo/frecuency_edit_1.0'.
INFO: [IP_Flow 19-1700] Loaded user IP repository 'c:/Users/Pato/Desktop/Universida/2024-1/SEP/ip_repo/Selector_1.0'.
INFO: [IP_Flow 19-2313] Loaded Vivado IP repository 'C:/Xilinx/Vivado/2020.1/data/ip'.
open_project: Time (s): cpu = 00:00:04 ; elapsed = 00:00:05 . Memory (MB): peak = 1134.492 ; gain = 71.664
update_compile_order -fileset sourceexit
INFO: [Common 17-206] Exiting Vivado at Fri May  3 18:52:53 2024...
