
*** Running vivado
    with args -log design_1_wrapper.vds -m64 -product Vivado -mode batch -messageDb vivado.pb -notrace -source design_1_wrapper.tcl



****** Vivado v2020.1 (64-bit)
  **** SW Build 2902540 on Wed May 27 19:54:49 MDT 2020
  **** IP Build 2902112 on Wed May 27 22:43:36 MDT 2020
    ** Copyright 1986-2020 Xilinx, Inc. All Rights Reserved.

source design_1_wrapper.tcl -notrace
INFO: [IP_Flow 19-234] Refreshing IP repositories
INFO: [IP_Flow 19-1700] Loaded user IP repository 'c:/Users/Pato/Desktop/Universida/2024-1/SEP/IEE2463_P1/ip_repo/ROM_FULL_1.0'.
WARNING: [IP_Flow 19-2248] Failed to load user IP repository 'c:/Users/Pato/Desktop/Universida/2024-1/SEP/IEE2463_P1/ip_repo/RAM_FREC_1.0'; Can't find the specified path.
If this directory should no longer be in your list of user repositories, go to the IP Settings dialog and remove it.
INFO: [IP_Flow 19-1700] Loaded user IP repository 'c:/Users/Pato/Desktop/Universida/2024-1/SEP/IEE2463_P1/IP_Cores'.
WARNING: [IP_Flow 19-3685] Ignored loading user repository 'c:/Users/Pato/Desktop/Universida/2024-1/SEP/IEE2463_P1/IP_Cores/SINE_RAM_1.0'. The path is contained within another repository.
INFO: [IP_Flow 19-2313] Loaded Vivado IP repository 'C:/Xilinx/Vivado/2020.1/data/ip'.
WARNING: [IP_Flow 19-4995] The host OS only allows 260 characters in a normal path. The IP cache path is more than 80 characters. If you experience issues with IP caching, please consider changing the IP cache to a location with a shorter path. Alternately consider using the OS subst command to map part of the path to a drive letter. 
Current IP cache path is c:/Users/Pato/Desktop/Universida/2024-1/SEP/IEE2463_P1/AXi Master/AXi Master.cache/ip 
Command: synth_design -top design_1_wrapper -part xc7z010clg400-1
Starting synth_design
Attempting to get a license for feature 'Synthesis' and/or device 'xc7z010'
INFO: [Common 17-349] Got license for feature 'Synthesis' and/or device 'xc7z010'
INFO: [Device 21-403] Loading part xc7z010clg400-1
INFO: [Synth 8-7079] Multithreading enabled for synth_design using a maximum of 2 processes.
INFO: [Synth 8-7078] Launching helper process for spawning children vivado processes
INFO: [Synth 8-7075] Helper process launched with PID 35860
---------------------------------------------------------------------------------
Starting RTL Elaboration : Time (s): cpu = 00:00:01 ; elapsed = 00:00:04 . Memory (MB): peak = 1061.906 ; gain = 0.000
---------------------------------------------------------------------------------
INFO: [Synth 8-638] synthesizing module 'design_1_wrapper' [C:/Users/Pato/Desktop/Universida/2024-1/SEP/IEE2463_P1/AXi Master/AXi Master.srcs/sources_1/bd/design_1/hdl/design_1_wrapper.vhd:21]
INFO: [Synth 8-3491] module 'design_1' declared at 'C:/Users/Pato/Desktop/Universida/2024-1/SEP/IEE2463_P1/AXi Master/AXi Master.srcs/sources_1/bd/design_1/synth/design_1.vhd:14' bound to instance 'design_1_i' of component 'design_1' [C:/Users/Pato/Desktop/Universida/2024-1/SEP/IEE2463_P1/AXi Master/AXi Master.srcs/sources_1/bd/design_1/hdl/design_1_wrapper.vhd:29]
INFO: [Synth 8-638] synthesizing module 'design_1' [C:/Users/Pato/Desktop/Universida/2024-1/SEP/IEE2463_P1/AXi Master/AXi Master.srcs/sources_1/bd/design_1/synth/design_1.vhd:25]
INFO: [Synth 8-3491] module 'design_1_RAM_FREC_0_0' declared at 'C:/Users/Pato/Desktop/Universida/2024-1/SEP/IEE2463_P1/AXi Master/AXi Master.runs/synth_1/.Xil/Vivado-18808-LAPTOP-H1BP50B7/realtime/design_1_RAM_FREC_0_0_stub.vhdl:5' bound to instance 'RAM_FREC_0' of component 'design_1_RAM_FREC_0_0' [C:/Users/Pato/Desktop/Universida/2024-1/SEP/IEE2463_P1/AXi Master/AXi Master.srcs/sources_1/bd/design_1/synth/design_1.vhd:540]
INFO: [Synth 8-638] synthesizing module 'design_1_RAM_FREC_0_0' [C:/Users/Pato/Desktop/Universida/2024-1/SEP/IEE2463_P1/AXi Master/AXi Master.runs/synth_1/.Xil/Vivado-18808-LAPTOP-H1BP50B7/realtime/design_1_RAM_FREC_0_0_stub.vhdl:51]
INFO: [Synth 8-3491] module 'design_1_axi_smc_2' declared at 'C:/Users/Pato/Desktop/Universida/2024-1/SEP/IEE2463_P1/AXi Master/AXi Master.runs/synth_1/.Xil/Vivado-18808-LAPTOP-H1BP50B7/realtime/design_1_axi_smc_2_stub.vhdl:5' bound to instance 'axi_smc' of component 'design_1_axi_smc_2' [C:/Users/Pato/Desktop/Universida/2024-1/SEP/IEE2463_P1/AXi Master/AXi Master.srcs/sources_1/bd/design_1/synth/design_1.vhd:583]
INFO: [Synth 8-638] synthesizing module 'design_1_axi_smc_2' [C:/Users/Pato/Desktop/Universida/2024-1/SEP/IEE2463_P1/AXi Master/AXi Master.runs/synth_1/.Xil/Vivado-18808-LAPTOP-H1BP50B7/realtime/design_1_axi_smc_2_stub.vhdl:87]
INFO: [Synth 8-3491] module 'design_1_axi_smc_1_0' declared at 'C:/Users/Pato/Desktop/Universida/2024-1/SEP/IEE2463_P1/AXi Master/AXi Master.runs/synth_1/.Xil/Vivado-18808-LAPTOP-H1BP50B7/realtime/design_1_axi_smc_1_0_stub.vhdl:5' bound to instance 'axi_smc_1' of component 'design_1_axi_smc_1_0' [C:/Users/Pato/Desktop/Universida/2024-1/SEP/IEE2463_P1/AXi Master/AXi Master.srcs/sources_1/bd/design_1/synth/design_1.vhd:662]
INFO: [Synth 8-638] synthesizing module 'design_1_axi_smc_1_0' [C:/Users/Pato/Desktop/Universida/2024-1/SEP/IEE2463_P1/AXi Master/AXi Master.runs/synth_1/.Xil/Vivado-18808-LAPTOP-H1BP50B7/realtime/design_1_axi_smc_1_0_stub.vhdl:65]
INFO: [Synth 8-3491] module 'design_1_axi_traffic_gen_0_0' declared at 'C:/Users/Pato/Desktop/Universida/2024-1/SEP/IEE2463_P1/AXi Master/AXi Master.runs/synth_1/.Xil/Vivado-18808-LAPTOP-H1BP50B7/realtime/design_1_axi_traffic_gen_0_0_stub.vhdl:5' bound to instance 'axi_traffic_gen_0' of component 'design_1_axi_traffic_gen_0_0' [C:/Users/Pato/Desktop/Universida/2024-1/SEP/IEE2463_P1/AXi Master/AXi Master.srcs/sources_1/bd/design_1/synth/design_1.vhd:719]
INFO: [Synth 8-638] synthesizing module 'design_1_axi_traffic_gen_0_0' [C:/Users/Pato/Desktop/Universida/2024-1/SEP/IEE2463_P1/AXi Master/AXi Master.runs/synth_1/.Xil/Vivado-18808-LAPTOP-H1BP50B7/realtime/design_1_axi_traffic_gen_0_0_stub.vhdl:33]
INFO: [Synth 8-3491] module 'design_1_axi_traffic_gen_1_0' declared at 'C:/Users/Pato/Desktop/Universida/2024-1/SEP/IEE2463_P1/AXi Master/AXi Master.runs/synth_1/.Xil/Vivado-18808-LAPTOP-H1BP50B7/realtime/design_1_axi_traffic_gen_1_0_stub.vhdl:5' bound to instance 'axi_traffic_gen_1' of component 'design_1_axi_traffic_gen_1_0' [C:/Users/Pato/Desktop/Universida/2024-1/SEP/IEE2463_P1/AXi Master/AXi Master.srcs/sources_1/bd/design_1/synth/design_1.vhd:744]
INFO: [Synth 8-638] synthesizing module 'design_1_axi_traffic_gen_1_0' [C:/Users/Pato/Desktop/Universida/2024-1/SEP/IEE2463_P1/AXi Master/AXi Master.runs/synth_1/.Xil/Vivado-18808-LAPTOP-H1BP50B7/realtime/design_1_axi_traffic_gen_1_0_stub.vhdl:88]
INFO: [Synth 8-3491] module 'design_1_clk_wiz_0' declared at 'C:/Users/Pato/Desktop/Universida/2024-1/SEP/IEE2463_P1/AXi Master/AXi Master.runs/synth_1/.Xil/Vivado-18808-LAPTOP-H1BP50B7/realtime/design_1_clk_wiz_0_stub.vhdl:5' bound to instance 'clk_wiz' of component 'design_1_clk_wiz_0' [C:/Users/Pato/Desktop/Universida/2024-1/SEP/IEE2463_P1/AXi Master/AXi Master.srcs/sources_1/bd/design_1/synth/design_1.vhd:824]
INFO: [Synth 8-638] synthesizing module 'design_1_clk_wiz_0' [C:/Users/Pato/Desktop/Universida/2024-1/SEP/IEE2463_P1/AXi Master/AXi Master.runs/synth_1/.Xil/Vivado-18808-LAPTOP-H1BP50B7/realtime/design_1_clk_wiz_0_stub.vhdl:15]
INFO: [Synth 8-3491] module 'design_1_ila_0_0' declared at 'C:/Users/Pato/Desktop/Universida/2024-1/SEP/IEE2463_P1/AXi Master/AXi Master.runs/synth_1/.Xil/Vivado-18808-LAPTOP-H1BP50B7/realtime/design_1_ila_0_0_stub.vhdl:5' bound to instance 'ila_0' of component 'design_1_ila_0_0' [C:/Users/Pato/Desktop/Universida/2024-1/SEP/IEE2463_P1/AXi Master/AXi Master.srcs/sources_1/bd/design_1/synth/design_1.vhd:831]
INFO: [Synth 8-638] synthesizing module 'design_1_ila_0_0' [C:/Users/Pato/Desktop/Universida/2024-1/SEP/IEE2463_P1/AXi Master/AXi Master.runs/synth_1/.Xil/Vivado-18808-LAPTOP-H1BP50B7/realtime/design_1_ila_0_0_stub.vhdl:56]
INFO: [Synth 8-3491] module 'design_1_ila_1_1' declared at 'C:/Users/Pato/Desktop/Universida/2024-1/SEP/IEE2463_P1/AXi Master/AXi Master.runs/synth_1/.Xil/Vivado-18808-LAPTOP-H1BP50B7/realtime/design_1_ila_1_1_stub.vhdl:5' bound to instance 'ila_1' of component 'design_1_ila_1_1' [C:/Users/Pato/Desktop/Universida/2024-1/SEP/IEE2463_P1/AXi Master/AXi Master.srcs/sources_1/bd/design_1/synth/design_1.vhd:879]
INFO: [Synth 8-638] synthesizing module 'design_1_ila_1_1' [C:/Users/Pato/Desktop/Universida/2024-1/SEP/IEE2463_P1/AXi Master/AXi Master.runs/synth_1/.Xil/Vivado-18808-LAPTOP-H1BP50B7/realtime/design_1_ila_1_1_stub.vhdl:13]
INFO: [Synth 8-3491] module 'design_1_rst_clk_wiz_100M_0' declared at 'C:/Users/Pato/Desktop/Universida/2024-1/SEP/IEE2463_P1/AXi Master/AXi Master.runs/synth_1/.Xil/Vivado-18808-LAPTOP-H1BP50B7/realtime/design_1_rst_clk_wiz_100M_0_stub.vhdl:5' bound to instance 'rst_clk_wiz_100M' of component 'design_1_rst_clk_wiz_100M_0' [C:/Users/Pato/Desktop/Universida/2024-1/SEP/IEE2463_P1/AXi Master/AXi Master.srcs/sources_1/bd/design_1/synth/design_1.vhd:884]
INFO: [Synth 8-638] synthesizing module 'design_1_rst_clk_wiz_100M_0' [C:/Users/Pato/Desktop/Universida/2024-1/SEP/IEE2463_P1/AXi Master/AXi Master.runs/synth_1/.Xil/Vivado-18808-LAPTOP-H1BP50B7/realtime/design_1_rst_clk_wiz_100M_0_stub.vhdl:21]
INFO: [Synth 8-256] done synthesizing module 'design_1' (1#1) [C:/Users/Pato/Desktop/Universida/2024-1/SEP/IEE2463_P1/AXi Master/AXi Master.srcs/sources_1/bd/design_1/synth/design_1.vhd:25]
INFO: [Synth 8-256] done synthesizing module 'design_1_wrapper' (2#1) [C:/Users/Pato/Desktop/Universida/2024-1/SEP/IEE2463_P1/AXi Master/AXi Master.srcs/sources_1/bd/design_1/hdl/design_1_wrapper.vhd:21]
---------------------------------------------------------------------------------
Finished RTL Elaboration : Time (s): cpu = 00:00:01 ; elapsed = 00:00:05 . Memory (MB): peak = 1079.566 ; gain = 17.660
---------------------------------------------------------------------------------
---------------------------------------------------------------------------------
Start Handling Custom Attributes
---------------------------------------------------------------------------------
---------------------------------------------------------------------------------
Finished Handling Custom Attributes : Time (s): cpu = 00:00:02 ; elapsed = 00:00:06 . Memory (MB): peak = 1097.488 ; gain = 35.582
---------------------------------------------------------------------------------
---------------------------------------------------------------------------------
Finished RTL Optimization Phase 1 : Time (s): cpu = 00:00:02 ; elapsed = 00:00:06 . Memory (MB): peak = 1097.488 ; gain = 35.582
---------------------------------------------------------------------------------
Netlist sorting complete. Time (s): cpu = 00:00:00 ; elapsed = 00:00:00.008 . Memory (MB): peak = 1109.543 ; gain = 0.000
INFO: [Project 1-570] Preparing netlist for logic optimization

Processing XDC Constraints
Initializing timing engine
Parsing XDC File [c:/Users/Pato/Desktop/Universida/2024-1/SEP/IEE2463_P1/AXi Master/AXi Master.srcs/sources_1/bd/design_1/ip/design_1_axi_traffic_gen_0_0/design_1_axi_traffic_gen_0_0/design_1_axi_traffic_gen_0_0_in_context.xdc] for cell 'design_1_i/axi_traffic_gen_0'
Finished Parsing XDC File [c:/Users/Pato/Desktop/Universida/2024-1/SEP/IEE2463_P1/AXi Master/AXi Master.srcs/sources_1/bd/design_1/ip/design_1_axi_traffic_gen_0_0/design_1_axi_traffic_gen_0_0/design_1_axi_traffic_gen_0_0_in_context.xdc] for cell 'design_1_i/axi_traffic_gen_0'
Parsing XDC File [c:/Users/Pato/Desktop/Universida/2024-1/SEP/IEE2463_P1/AXi Master/AXi Master.srcs/sources_1/bd/design_1/ip/design_1_axi_traffic_gen_1_0/design_1_axi_traffic_gen_1_0/design_1_axi_traffic_gen_1_0_in_context.xdc] for cell 'design_1_i/axi_traffic_gen_1'
Finished Parsing XDC File [c:/Users/Pato/Desktop/Universida/2024-1/SEP/IEE2463_P1/AXi Master/AXi Master.srcs/sources_1/bd/design_1/ip/design_1_axi_traffic_gen_1_0/design_1_axi_traffic_gen_1_0/design_1_axi_traffic_gen_1_0_in_context.xdc] for cell 'design_1_i/axi_traffic_gen_1'
Parsing XDC File [c:/Users/Pato/Desktop/Universida/2024-1/SEP/IEE2463_P1/AXi Master/AXi Master.srcs/sources_1/bd/design_1/ip/design_1_clk_wiz_0/design_1_clk_wiz_0/design_1_clk_wiz_0_in_context.xdc] for cell 'design_1_i/clk_wiz'
WARNING: [Vivado 12-584] No ports matched ''. [c:/Users/Pato/Desktop/Universida/2024-1/SEP/IEE2463_P1/AXi Master/AXi Master.srcs/sources_1/bd/design_1/ip/design_1_clk_wiz_0/design_1_clk_wiz_0/design_1_clk_wiz_0_in_context.xdc:1]
WARNING: [Vivado 12-584] No ports matched ''. [c:/Users/Pato/Desktop/Universida/2024-1/SEP/IEE2463_P1/AXi Master/AXi Master.srcs/sources_1/bd/design_1/ip/design_1_clk_wiz_0/design_1_clk_wiz_0/design_1_clk_wiz_0_in_context.xdc:4]
Finished Parsing XDC File [c:/Users/Pato/Desktop/Universida/2024-1/SEP/IEE2463_P1/AXi Master/AXi Master.srcs/sources_1/bd/design_1/ip/design_1_clk_wiz_0/design_1_clk_wiz_0/design_1_clk_wiz_0_in_context.xdc] for cell 'design_1_i/clk_wiz'
Parsing XDC File [c:/Users/Pato/Desktop/Universida/2024-1/SEP/IEE2463_P1/AXi Master/AXi Master.srcs/sources_1/bd/design_1/ip/design_1_rst_clk_wiz_100M_0/design_1_rst_clk_wiz_100M_0/design_1_rst_clk_wiz_100M_0_in_context.xdc] for cell 'design_1_i/rst_clk_wiz_100M'
Finished Parsing XDC File [c:/Users/Pato/Desktop/Universida/2024-1/SEP/IEE2463_P1/AXi Master/AXi Master.srcs/sources_1/bd/design_1/ip/design_1_rst_clk_wiz_100M_0/design_1_rst_clk_wiz_100M_0/design_1_rst_clk_wiz_100M_0_in_context.xdc] for cell 'design_1_i/rst_clk_wiz_100M'
Parsing XDC File [c:/Users/Pato/Desktop/Universida/2024-1/SEP/IEE2463_P1/AXi Master/AXi Master.srcs/sources_1/bd/design_1/ip/design_1_axi_smc_1_0/design_1_axi_smc_1_0/design_1_axi_smc_1_0_in_context.xdc] for cell 'design_1_i/axi_smc_1'
Finished Parsing XDC File [c:/Users/Pato/Desktop/Universida/2024-1/SEP/IEE2463_P1/AXi Master/AXi Master.srcs/sources_1/bd/design_1/ip/design_1_axi_smc_1_0/design_1_axi_smc_1_0/design_1_axi_smc_1_0_in_context.xdc] for cell 'design_1_i/axi_smc_1'
Parsing XDC File [c:/Users/Pato/Desktop/Universida/2024-1/SEP/IEE2463_P1/AXi Master/AXi Master.srcs/sources_1/bd/design_1/ip/design_1_RAM_FREC_0_0/design_1_RAM_FREC_0_0/design_1_RAM_FREC_0_0_in_context.xdc] for cell 'design_1_i/RAM_FREC_0'
Finished Parsing XDC File [c:/Users/Pato/Desktop/Universida/2024-1/SEP/IEE2463_P1/AXi Master/AXi Master.srcs/sources_1/bd/design_1/ip/design_1_RAM_FREC_0_0/design_1_RAM_FREC_0_0/design_1_RAM_FREC_0_0_in_context.xdc] for cell 'design_1_i/RAM_FREC_0'
Parsing XDC File [c:/Users/Pato/Desktop/Universida/2024-1/SEP/IEE2463_P1/AXi Master/AXi Master.srcs/sources_1/bd/design_1/ip/design_1_axi_smc_2/design_1_axi_smc_2/design_1_axi_smc_2_in_context.xdc] for cell 'design_1_i/axi_smc'
Finished Parsing XDC File [c:/Users/Pato/Desktop/Universida/2024-1/SEP/IEE2463_P1/AXi Master/AXi Master.srcs/sources_1/bd/design_1/ip/design_1_axi_smc_2/design_1_axi_smc_2/design_1_axi_smc_2_in_context.xdc] for cell 'design_1_i/axi_smc'
Parsing XDC File [c:/Users/Pato/Desktop/Universida/2024-1/SEP/IEE2463_P1/AXi Master/AXi Master.srcs/sources_1/bd/design_1/ip/design_1_ila_1_1/design_1_ila_1_1/design_1_ila_1_1_in_context.xdc] for cell 'design_1_i/ila_1'
Finished Parsing XDC File [c:/Users/Pato/Desktop/Universida/2024-1/SEP/IEE2463_P1/AXi Master/AXi Master.srcs/sources_1/bd/design_1/ip/design_1_ila_1_1/design_1_ila_1_1/design_1_ila_1_1_in_context.xdc] for cell 'design_1_i/ila_1'
Parsing XDC File [c:/Users/Pato/Desktop/Universida/2024-1/SEP/IEE2463_P1/AXi Master/AXi Master.srcs/sources_1/bd/design_1/ip/design_1_ila_0_0/design_1_ila_0_0/design_1_ila_0_0_in_context.xdc] for cell 'design_1_i/ila_0'
Finished Parsing XDC File [c:/Users/Pato/Desktop/Universida/2024-1/SEP/IEE2463_P1/AXi Master/AXi Master.srcs/sources_1/bd/design_1/ip/design_1_ila_0_0/design_1_ila_0_0/design_1_ila_0_0_in_context.xdc] for cell 'design_1_i/ila_0'
Parsing XDC File [C:/Users/Pato/Desktop/Universida/2024-1/SEP/IEE2463_P1/Zybo-Z7-Master.xdc]
WARNING: [Vivado 12-584] No ports matched 'clk'. [C:/Users/Pato/Desktop/Universida/2024-1/SEP/IEE2463_P1/Zybo-Z7-Master.xdc:8]
Finished Parsing XDC File [C:/Users/Pato/Desktop/Universida/2024-1/SEP/IEE2463_P1/Zybo-Z7-Master.xdc]
WARNING: [Project 1-498] One or more constraints failed evaluation while reading constraint file [C:/Users/Pato/Desktop/Universida/2024-1/SEP/IEE2463_P1/Zybo-Z7-Master.xdc] and the design contains unresolved black boxes. These constraints will be read post-synthesis (as long as their source constraint file is marked as used_in_implementation) and should be applied correctly then. You should review the constraints listed in the file [.Xil/design_1_wrapper_propImpl.xdc] and check the run log file to verify that these constraints were correctly applied.
INFO: [Project 1-236] Implementation specific constraints were found while reading constraint file [C:/Users/Pato/Desktop/Universida/2024-1/SEP/IEE2463_P1/Zybo-Z7-Master.xdc]. These constraints will be ignored for synthesis but will be used in implementation. Impacted constraints are listed in the file [.Xil/design_1_wrapper_propImpl.xdc].
Resolution: To avoid this warning, move constraints listed in [.Xil/design_1_wrapper_propImpl.xdc] to another XDC file and exclude this new file from synthesis with the used_in_synthesis property (File Properties dialog in GUI) and re-run elaboration/synthesis.
Parsing XDC File [C:/Users/Pato/Desktop/Universida/2024-1/SEP/IEE2463_P1/AXi Master/AXi Master.runs/synth_1/dont_touch.xdc]
Finished Parsing XDC File [C:/Users/Pato/Desktop/Universida/2024-1/SEP/IEE2463_P1/AXi Master/AXi Master.runs/synth_1/dont_touch.xdc]
Completed Processing XDC Constraints

Netlist sorting complete. Time (s): cpu = 00:00:00 ; elapsed = 00:00:00 . Memory (MB): peak = 1158.969 ; gain = 0.000
INFO: [Project 1-111] Unisim Transformation Summary:
No Unisim elements were transformed.

Constraint Validation Runtime : Time (s): cpu = 00:00:00 ; elapsed = 00:00:00.007 . Memory (MB): peak = 1158.969 ; gain = 0.000
---------------------------------------------------------------------------------
Finished Constraint Validation : Time (s): cpu = 00:00:03 ; elapsed = 00:00:11 . Memory (MB): peak = 1158.969 ; gain = 97.062
---------------------------------------------------------------------------------
---------------------------------------------------------------------------------
Start Loading Part and Timing Information
---------------------------------------------------------------------------------
Loading part: xc7z010clg400-1
---------------------------------------------------------------------------------
Finished Loading Part and Timing Information : Time (s): cpu = 00:00:03 ; elapsed = 00:00:11 . Memory (MB): peak = 1158.969 ; gain = 97.062
---------------------------------------------------------------------------------
---------------------------------------------------------------------------------
Start Applying 'set_property' XDC Constraints
---------------------------------------------------------------------------------
Applied set_property IO_BUFFER_TYPE = NONE for clock. (constraint file  {c:/Users/Pato/Desktop/Universida/2024-1/SEP/IEE2463_P1/AXi Master/AXi Master.srcs/sources_1/bd/design_1/ip/design_1_clk_wiz_0/design_1_clk_wiz_0/design_1_clk_wiz_0_in_context.xdc}, line 5).
Applied set_property CLOCK_BUFFER_TYPE = NONE for clock. (constraint file  {c:/Users/Pato/Desktop/Universida/2024-1/SEP/IEE2463_P1/AXi Master/AXi Master.srcs/sources_1/bd/design_1/ip/design_1_clk_wiz_0/design_1_clk_wiz_0/design_1_clk_wiz_0_in_context.xdc}, line 6).
Applied set_property DONT_TOUCH = true for design_1_i. (constraint file  auto generated constraint, line ).
Applied set_property DONT_TOUCH = true for design_1_i/axi_traffic_gen_0. (constraint file  auto generated constraint, line ).
Applied set_property DONT_TOUCH = true for design_1_i/axi_traffic_gen_1. (constraint file  auto generated constraint, line ).
Applied set_property DONT_TOUCH = true for design_1_i/clk_wiz. (constraint file  auto generated constraint, line ).
Applied set_property DONT_TOUCH = true for design_1_i/rst_clk_wiz_100M. (constraint file  auto generated constraint, line ).
Applied set_property DONT_TOUCH = true for design_1_i/axi_smc_1. (constraint file  auto generated constraint, line ).
Applied set_property DONT_TOUCH = true for design_1_i/RAM_FREC_0. (constraint file  auto generated constraint, line ).
Applied set_property DONT_TOUCH = true for design_1_i/axi_smc. (constraint file  auto generated constraint, line ).
Applied set_property DONT_TOUCH = true for design_1_i/ila_1. (constraint file  auto generated constraint, line ).
Applied set_property DONT_TOUCH = true for design_1_i/ila_0. (constraint file  auto generated constraint, line ).
---------------------------------------------------------------------------------
Finished applying 'set_property' XDC Constraints : Time (s): cpu = 00:00:03 ; elapsed = 00:00:11 . Memory (MB): peak = 1158.969 ; gain = 97.062
---------------------------------------------------------------------------------
---------------------------------------------------------------------------------
Finished RTL Optimization Phase 2 : Time (s): cpu = 00:00:03 ; elapsed = 00:00:11 . Memory (MB): peak = 1158.969 ; gain = 97.062
---------------------------------------------------------------------------------
---------------------------------------------------------------------------------
Start RTL Component Statistics 
---------------------------------------------------------------------------------
Detailed RTL Component Info : 
---------------------------------------------------------------------------------
Finished RTL Component Statistics 
---------------------------------------------------------------------------------
---------------------------------------------------------------------------------
Start Part Resource Summary
---------------------------------------------------------------------------------
Part Resources:
DSPs: 80 (col length:40)
BRAMs: 120 (col length: RAMB18 40 RAMB36 20)
---------------------------------------------------------------------------------
Finished Part Resource Summary
---------------------------------------------------------------------------------
---------------------------------------------------------------------------------
Start Cross Boundary and Area Optimization
---------------------------------------------------------------------------------
---------------------------------------------------------------------------------
Finished Cross Boundary and Area Optimization : Time (s): cpu = 00:00:04 ; elapsed = 00:00:12 . Memory (MB): peak = 1158.969 ; gain = 97.062
---------------------------------------------------------------------------------
---------------------------------------------------------------------------------
Start Applying XDC Timing Constraints
---------------------------------------------------------------------------------
---------------------------------------------------------------------------------
Finished Applying XDC Timing Constraints : Time (s): cpu = 00:00:06 ; elapsed = 00:00:18 . Memory (MB): peak = 1158.969 ; gain = 97.062
---------------------------------------------------------------------------------
---------------------------------------------------------------------------------
Start Timing Optimization
---------------------------------------------------------------------------------
---------------------------------------------------------------------------------
Finished Timing Optimization : Time (s): cpu = 00:00:06 ; elapsed = 00:00:18 . Memory (MB): peak = 1158.969 ; gain = 97.062
---------------------------------------------------------------------------------
---------------------------------------------------------------------------------
Start Technology Mapping
---------------------------------------------------------------------------------
---------------------------------------------------------------------------------
Finished Technology Mapping : Time (s): cpu = 00:00:06 ; elapsed = 00:00:18 . Memory (MB): peak = 1176.430 ; gain = 114.523
---------------------------------------------------------------------------------
---------------------------------------------------------------------------------
Start IO Insertion
---------------------------------------------------------------------------------
---------------------------------------------------------------------------------
Start Flattening Before IO Insertion
---------------------------------------------------------------------------------
---------------------------------------------------------------------------------
Finished Flattening Before IO Insertion
---------------------------------------------------------------------------------
---------------------------------------------------------------------------------
Start Final Netlist Cleanup
---------------------------------------------------------------------------------
---------------------------------------------------------------------------------
Finished Final Netlist Cleanup
---------------------------------------------------------------------------------
---------------------------------------------------------------------------------
Finished IO Insertion : Time (s): cpu = 00:00:07 ; elapsed = 00:00:21 . Memory (MB): peak = 1182.227 ; gain = 120.320
---------------------------------------------------------------------------------
---------------------------------------------------------------------------------
Start Renaming Generated Instances
---------------------------------------------------------------------------------
---------------------------------------------------------------------------------
Finished Renaming Generated Instances : Time (s): cpu = 00:00:07 ; elapsed = 00:00:21 . Memory (MB): peak = 1182.227 ; gain = 120.320
---------------------------------------------------------------------------------
---------------------------------------------------------------------------------
Start Rebuilding User Hierarchy
---------------------------------------------------------------------------------
---------------------------------------------------------------------------------
Finished Rebuilding User Hierarchy : Time (s): cpu = 00:00:07 ; elapsed = 00:00:21 . Memory (MB): peak = 1182.227 ; gain = 120.320
---------------------------------------------------------------------------------
---------------------------------------------------------------------------------
Start Renaming Generated Ports
---------------------------------------------------------------------------------
---------------------------------------------------------------------------------
Finished Renaming Generated Ports : Time (s): cpu = 00:00:07 ; elapsed = 00:00:21 . Memory (MB): peak = 1182.227 ; gain = 120.320
---------------------------------------------------------------------------------
---------------------------------------------------------------------------------
Start Handling Custom Attributes
---------------------------------------------------------------------------------
---------------------------------------------------------------------------------
Finished Handling Custom Attributes : Time (s): cpu = 00:00:07 ; elapsed = 00:00:21 . Memory (MB): peak = 1182.227 ; gain = 120.320
---------------------------------------------------------------------------------
---------------------------------------------------------------------------------
Start Renaming Generated Nets
---------------------------------------------------------------------------------
---------------------------------------------------------------------------------
Finished Renaming Generated Nets : Time (s): cpu = 00:00:07 ; elapsed = 00:00:21 . Memory (MB): peak = 1182.227 ; gain = 120.320
---------------------------------------------------------------------------------
---------------------------------------------------------------------------------
Start Writing Synthesis Report
---------------------------------------------------------------------------------

Report BlackBoxes: 
+------+-----------------------------+----------+
|      |BlackBox name                |Instances |
+------+-----------------------------+----------+
|1     |design_1_RAM_FREC_0_0        |         1|
|2     |design_1_axi_smc_2           |         1|
|3     |design_1_axi_smc_1_0         |         1|
|4     |design_1_axi_traffic_gen_0_0 |         1|
|5     |design_1_axi_traffic_gen_1_0 |         1|
|6     |design_1_clk_wiz_0           |         1|
|7     |design_1_ila_0_0             |         1|
|8     |design_1_ila_1_1             |         1|
|9     |design_1_rst_clk_wiz_100M_0  |         1|
+------+-----------------------------+----------+

Report Cell Usage: 
+------+----------------------------------+------+
|      |Cell                              |Count |
+------+----------------------------------+------+
|1     |design_1_RAM_FREC_0_0_bbox        |     1|
|2     |design_1_axi_smc_1_0_bbox         |     1|
|3     |design_1_axi_smc_2_bbox           |     1|
|4     |design_1_axi_traffic_gen_0_0_bbox |     1|
|5     |design_1_axi_traffic_gen_1_0_bbox |     1|
|6     |design_1_clk_wiz_0_bbox           |     1|
|7     |design_1_ila_0_0_bbox             |     1|
|8     |design_1_ila_1_1_bbox             |     1|
|9     |design_1_rst_clk_wiz_100M_0_bbox  |     1|
|10    |LUT1                              |    15|
|11    |IBUF                              |     1|
+------+----------------------------------+------+
---------------------------------------------------------------------------------
Finished Writing Synthesis Report : Time (s): cpu = 00:00:07 ; elapsed = 00:00:21 . Memory (MB): peak = 1182.227 ; gain = 120.320
---------------------------------------------------------------------------------
Synthesis finished with 0 errors, 0 critical warnings and 0 warnings.
Synthesis Optimization Runtime : Time (s): cpu = 00:00:05 ; elapsed = 00:00:19 . Memory (MB): peak = 1182.227 ; gain = 58.840
Synthesis Optimization Complete : Time (s): cpu = 00:00:07 ; elapsed = 00:00:21 . Memory (MB): peak = 1182.227 ; gain = 120.320
INFO: [Project 1-571] Translating synthesized netlist
Netlist sorting complete. Time (s): cpu = 00:00:00 ; elapsed = 00:00:00.009 . Memory (MB): peak = 1182.227 ; gain = 0.000
INFO: [Project 1-570] Preparing netlist for logic optimization
INFO: [Opt 31-138] Pushed 0 inverter(s) to 0 load pin(s).
Netlist sorting complete. Time (s): cpu = 00:00:00 ; elapsed = 00:00:00 . Memory (MB): peak = 1197.234 ; gain = 0.000
INFO: [Project 1-111] Unisim Transformation Summary:
No Unisim elements were transformed.

INFO: [Common 17-83] Releasing license: Synthesis
40 Infos, 7 Warnings, 0 Critical Warnings and 0 Errors encountered.
synth_design completed successfully
synth_design: Time (s): cpu = 00:00:09 ; elapsed = 00:00:27 . Memory (MB): peak = 1197.234 ; gain = 135.328
INFO: [Common 17-1381] The checkpoint 'C:/Users/Pato/Desktop/Universida/2024-1/SEP/IEE2463_P1/AXi Master/AXi Master.runs/synth_1/design_1_wrapper.dcp' has been generated.
INFO: [runtcl-4] Executing : report_utilization -file design_1_wrapper_utilization_synth.rpt -pb design_1_wrapper_utilization_synth.pb
INFO: [Common 17-206] Exiting Vivado at Sat May 11 20:38:59 2024...
