
*** Running vivado
    with args -log Proyecto_1_sep_generador_f_0_0.vds -m64 -product Vivado -mode batch -messageDb vivado.pb -notrace -source Proyecto_1_sep_generador_f_0_0.tcl



****** Vivado v2020.1 (64-bit)
  **** SW Build 2902540 on Wed May 27 19:54:49 MDT 2020
  **** IP Build 2902112 on Wed May 27 22:43:36 MDT 2020
    ** Copyright 1986-2020 Xilinx, Inc. All Rights Reserved.

source Proyecto_1_sep_generador_f_0_0.tcl -notrace
create_project: Time (s): cpu = 00:00:03 ; elapsed = 00:00:09 . Memory (MB): peak = 1147.863 ; gain = 101.301
INFO: [IP_Flow 19-234] Refreshing IP repositories
INFO: [IP_Flow 19-1700] Loaded user IP repository 'c:/Users/Pato/Desktop/Universida/2024-1/SEP/IEE2463_P1/IP_Cores'.
INFO: [IP_Flow 19-2313] Loaded Vivado IP repository 'C:/Xilinx/Vivado/2020.1/data/ip'.
WARNING: [IP_Flow 19-4995] The host OS only allows 260 characters in a normal path. The IP cache path is more than 80 characters. If you experience issues with IP caching, please consider changing the IP cache to a location with a shorter path. Alternately consider using the OS subst command to map part of the path to a drive letter. 
Current IP cache path is c:/Users/Pato/Desktop/Universida/2024-1/SEP/IEE2463_P1/Proyecto_1/proyecto_1.cache/ip 
Command: synth_design -top Proyecto_1_sep_generador_f_0_0 -part xc7z010clg400-1 -mode out_of_context
Starting synth_design
Attempting to get a license for feature 'Synthesis' and/or device 'xc7z010'
INFO: [Common 17-349] Got license for feature 'Synthesis' and/or device 'xc7z010'
INFO: [Device 21-403] Loading part xc7z010clg400-1
INFO: [Synth 8-7079] Multithreading enabled for synth_design using a maximum of 2 processes.
INFO: [Synth 8-7078] Launching helper process for spawning children vivado processes
INFO: [Synth 8-7075] Helper process launched with PID 23888
---------------------------------------------------------------------------------
Starting RTL Elaboration : Time (s): cpu = 00:00:06 ; elapsed = 00:00:08 . Memory (MB): peak = 1147.863 ; gain = 0.000
---------------------------------------------------------------------------------
INFO: [Synth 8-638] synthesizing module 'Proyecto_1_sep_generador_f_0_0' [c:/Users/Pato/Desktop/Universida/2024-1/SEP/IEE2463_P1/Proyecto_1/proyecto_1.srcs/sources_1/bd/Proyecto_1_sep/ip/Proyecto_1_sep_generador_f_0_0/synth/Proyecto_1_sep_generador_f_0_0.vhd:66]
INFO: [Synth 8-3491] module 'generador_f' declared at 'c:/Users/Pato/Desktop/Universida/2024-1/SEP/IEE2463_P1/Proyecto_1/proyecto_1.srcs/sources_1/bd/Proyecto_1_sep/ipshared/464d/generador_f.srcs/sources_1/new/generador_f.vhd:6' bound to instance 'U0' of component 'generador_f' [c:/Users/Pato/Desktop/Universida/2024-1/SEP/IEE2463_P1/Proyecto_1/proyecto_1.srcs/sources_1/bd/Proyecto_1_sep/ip/Proyecto_1_sep_generador_f_0_0/synth/Proyecto_1_sep_generador_f_0_0.vhd:87]
INFO: [Synth 8-638] synthesizing module 'generador_f' [c:/Users/Pato/Desktop/Universida/2024-1/SEP/IEE2463_P1/Proyecto_1/proyecto_1.srcs/sources_1/bd/Proyecto_1_sep/ipshared/464d/generador_f.srcs/sources_1/new/generador_f.vhd:17]
INFO: [Synth 8-3491] module 'c_Dientes_de_sierra' declared at 'c:/Users/Pato/Desktop/Universida/2024-1/SEP/IEE2463_P1/Proyecto_1/proyecto_1.srcs/sources_1/bd/Proyecto_1_sep/ipshared/464d/generador_f.srcs/sources_1/new/c_Dientes_de_sierra.vhd:7' bound to instance 'dientes_inst' of component 'c_Dientes_de_sierra' [c:/Users/Pato/Desktop/Universida/2024-1/SEP/IEE2463_P1/Proyecto_1/proyecto_1.srcs/sources_1/bd/Proyecto_1_sep/ipshared/464d/generador_f.srcs/sources_1/new/generador_f.vhd:48]
INFO: [Synth 8-638] synthesizing module 'c_Dientes_de_sierra' [c:/Users/Pato/Desktop/Universida/2024-1/SEP/IEE2463_P1/Proyecto_1/proyecto_1.srcs/sources_1/bd/Proyecto_1_sep/ipshared/464d/generador_f.srcs/sources_1/new/c_Dientes_de_sierra.vhd:14]
INFO: [Synth 8-256] done synthesizing module 'c_Dientes_de_sierra' (1#1) [c:/Users/Pato/Desktop/Universida/2024-1/SEP/IEE2463_P1/Proyecto_1/proyecto_1.srcs/sources_1/bd/Proyecto_1_sep/ipshared/464d/generador_f.srcs/sources_1/new/c_Dientes_de_sierra.vhd:14]
INFO: [Synth 8-3491] module 'c_Comp_cuadrada' declared at 'c:/Users/Pato/Desktop/Universida/2024-1/SEP/IEE2463_P1/Proyecto_1/proyecto_1.srcs/sources_1/bd/Proyecto_1_sep/ipshared/464d/generador_f.srcs/sources_1/new/c_Comp_cuadrada.vhd:5' bound to instance 'cuadrada_inst' of component 'c_Comp_cuadrada' [c:/Users/Pato/Desktop/Universida/2024-1/SEP/IEE2463_P1/Proyecto_1/proyecto_1.srcs/sources_1/bd/Proyecto_1_sep/ipshared/464d/generador_f.srcs/sources_1/new/generador_f.vhd:54]
INFO: [Synth 8-638] synthesizing module 'c_Comp_cuadrada' [c:/Users/Pato/Desktop/Universida/2024-1/SEP/IEE2463_P1/Proyecto_1/proyecto_1.srcs/sources_1/bd/Proyecto_1_sep/ipshared/464d/generador_f.srcs/sources_1/new/c_Comp_cuadrada.vhd:14]
INFO: [Synth 8-256] done synthesizing module 'c_Comp_cuadrada' (2#1) [c:/Users/Pato/Desktop/Universida/2024-1/SEP/IEE2463_P1/Proyecto_1/proyecto_1.srcs/sources_1/bd/Proyecto_1_sep/ipshared/464d/generador_f.srcs/sources_1/new/c_Comp_cuadrada.vhd:14]
INFO: [Synth 8-3491] module 'c_Triangular' declared at 'c:/Users/Pato/Desktop/Universida/2024-1/SEP/IEE2463_P1/Proyecto_1/proyecto_1.srcs/sources_1/bd/Proyecto_1_sep/ipshared/464d/generador_f.srcs/sources_1/new/c_Triangular.vhd:7' bound to instance 'triang_inst' of component 'c_Triangular' [c:/Users/Pato/Desktop/Universida/2024-1/SEP/IEE2463_P1/Proyecto_1/proyecto_1.srcs/sources_1/bd/Proyecto_1_sep/ipshared/464d/generador_f.srcs/sources_1/new/generador_f.vhd:62]
INFO: [Synth 8-638] synthesizing module 'c_Triangular' [c:/Users/Pato/Desktop/Universida/2024-1/SEP/IEE2463_P1/Proyecto_1/proyecto_1.srcs/sources_1/bd/Proyecto_1_sep/ipshared/464d/generador_f.srcs/sources_1/new/c_Triangular.vhd:15]
INFO: [Synth 8-256] done synthesizing module 'c_Triangular' (3#1) [c:/Users/Pato/Desktop/Universida/2024-1/SEP/IEE2463_P1/Proyecto_1/proyecto_1.srcs/sources_1/bd/Proyecto_1_sep/ipshared/464d/generador_f.srcs/sources_1/new/c_Triangular.vhd:15]
INFO: [Synth 8-256] done synthesizing module 'generador_f' (4#1) [c:/Users/Pato/Desktop/Universida/2024-1/SEP/IEE2463_P1/Proyecto_1/proyecto_1.srcs/sources_1/bd/Proyecto_1_sep/ipshared/464d/generador_f.srcs/sources_1/new/generador_f.vhd:17]
INFO: [Synth 8-256] done synthesizing module 'Proyecto_1_sep_generador_f_0_0' (5#1) [c:/Users/Pato/Desktop/Universida/2024-1/SEP/IEE2463_P1/Proyecto_1/proyecto_1.srcs/sources_1/bd/Proyecto_1_sep/ip/Proyecto_1_sep_generador_f_0_0/synth/Proyecto_1_sep_generador_f_0_0.vhd:66]
---------------------------------------------------------------------------------
Finished RTL Elaboration : Time (s): cpu = 00:00:08 ; elapsed = 00:00:11 . Memory (MB): peak = 1147.863 ; gain = 0.000
---------------------------------------------------------------------------------
---------------------------------------------------------------------------------
Start Handling Custom Attributes
---------------------------------------------------------------------------------
---------------------------------------------------------------------------------
Finished Handling Custom Attributes : Time (s): cpu = 00:00:09 ; elapsed = 00:00:12 . Memory (MB): peak = 1147.863 ; gain = 0.000
---------------------------------------------------------------------------------
---------------------------------------------------------------------------------
Finished RTL Optimization Phase 1 : Time (s): cpu = 00:00:09 ; elapsed = 00:00:12 . Memory (MB): peak = 1147.863 ; gain = 0.000
---------------------------------------------------------------------------------
Netlist sorting complete. Time (s): cpu = 00:00:00 ; elapsed = 00:00:00.001 . Memory (MB): peak = 1147.863 ; gain = 0.000
INFO: [Project 1-570] Preparing netlist for logic optimization

Processing XDC Constraints
Initializing timing engine
Completed Processing XDC Constraints

Netlist sorting complete. Time (s): cpu = 00:00:00 ; elapsed = 00:00:00 . Memory (MB): peak = 1147.863 ; gain = 0.000
INFO: [Project 1-111] Unisim Transformation Summary:
No Unisim elements were transformed.

Constraint Validation Runtime : Time (s): cpu = 00:00:00 ; elapsed = 00:00:00.037 . Memory (MB): peak = 1147.863 ; gain = 0.000
---------------------------------------------------------------------------------
Finished Constraint Validation : Time (s): cpu = 00:00:17 ; elapsed = 00:00:26 . Memory (MB): peak = 1147.863 ; gain = 0.000
---------------------------------------------------------------------------------
---------------------------------------------------------------------------------
Start Loading Part and Timing Information
---------------------------------------------------------------------------------
Loading part: xc7z010clg400-1
---------------------------------------------------------------------------------
Finished Loading Part and Timing Information : Time (s): cpu = 00:00:17 ; elapsed = 00:00:26 . Memory (MB): peak = 1147.863 ; gain = 0.000
---------------------------------------------------------------------------------
---------------------------------------------------------------------------------
Start Applying 'set_property' XDC Constraints
---------------------------------------------------------------------------------
---------------------------------------------------------------------------------
Finished applying 'set_property' XDC Constraints : Time (s): cpu = 00:00:17 ; elapsed = 00:00:26 . Memory (MB): peak = 1147.863 ; gain = 0.000
---------------------------------------------------------------------------------
---------------------------------------------------------------------------------
Finished RTL Optimization Phase 2 : Time (s): cpu = 00:00:17 ; elapsed = 00:00:28 . Memory (MB): peak = 1147.863 ; gain = 0.000
---------------------------------------------------------------------------------
---------------------------------------------------------------------------------
Start RTL Component Statistics 
---------------------------------------------------------------------------------
Detailed RTL Component Info : 
+---Adders : 
	   2 Input    8 Bit       Adders := 1     
+---Registers : 
	                8 Bit    Registers := 2     
	                1 Bit    Registers := 1     
+---Muxes : 
	   2 Input    8 Bit        Muxes := 1     
---------------------------------------------------------------------------------
Finished RTL Component Statistics 
---------------------------------------------------------------------------------
---------------------------------------------------------------------------------
Start Part Resource Summary
---------------------------------------------------------------------------------
Part Resources:
DSPs: 80 (col length:40)
BRAMs: 120 (col length: RAMB18 40 RAMB36 20)
---------------------------------------------------------------------------------
Finished Part Resource Summary
---------------------------------------------------------------------------------
---------------------------------------------------------------------------------
Start Cross Boundary and Area Optimization
---------------------------------------------------------------------------------
---------------------------------------------------------------------------------
Finished Cross Boundary and Area Optimization : Time (s): cpu = 00:00:18 ; elapsed = 00:00:37 . Memory (MB): peak = 1147.863 ; gain = 0.000
---------------------------------------------------------------------------------
---------------------------------------------------------------------------------
Start Applying XDC Timing Constraints
---------------------------------------------------------------------------------
---------------------------------------------------------------------------------
Finished Applying XDC Timing Constraints : Time (s): cpu = 00:00:27 ; elapsed = 00:00:54 . Memory (MB): peak = 1147.863 ; gain = 0.000
---------------------------------------------------------------------------------
---------------------------------------------------------------------------------
Start Timing Optimization
---------------------------------------------------------------------------------
---------------------------------------------------------------------------------
Finished Timing Optimization : Time (s): cpu = 00:00:27 ; elapsed = 00:00:54 . Memory (MB): peak = 1147.863 ; gain = 0.000
---------------------------------------------------------------------------------
---------------------------------------------------------------------------------
Start Technology Mapping
---------------------------------------------------------------------------------
---------------------------------------------------------------------------------
Finished Technology Mapping : Time (s): cpu = 00:00:27 ; elapsed = 00:00:54 . Memory (MB): peak = 1147.863 ; gain = 0.000
---------------------------------------------------------------------------------
---------------------------------------------------------------------------------
Start IO Insertion
---------------------------------------------------------------------------------
---------------------------------------------------------------------------------
Start Flattening Before IO Insertion
---------------------------------------------------------------------------------
---------------------------------------------------------------------------------
Finished Flattening Before IO Insertion
---------------------------------------------------------------------------------
---------------------------------------------------------------------------------
Start Final Netlist Cleanup
---------------------------------------------------------------------------------
---------------------------------------------------------------------------------
Finished Final Netlist Cleanup
---------------------------------------------------------------------------------
---------------------------------------------------------------------------------
Finished IO Insertion : Time (s): cpu = 00:00:33 ; elapsed = 00:01:01 . Memory (MB): peak = 1149.492 ; gain = 1.629
---------------------------------------------------------------------------------
---------------------------------------------------------------------------------
Start Renaming Generated Instances
---------------------------------------------------------------------------------
---------------------------------------------------------------------------------
Finished Renaming Generated Instances : Time (s): cpu = 00:00:33 ; elapsed = 00:01:01 . Memory (MB): peak = 1149.492 ; gain = 1.629
---------------------------------------------------------------------------------
---------------------------------------------------------------------------------
Start Rebuilding User Hierarchy
---------------------------------------------------------------------------------
---------------------------------------------------------------------------------
Finished Rebuilding User Hierarchy : Time (s): cpu = 00:00:33 ; elapsed = 00:01:02 . Memory (MB): peak = 1149.492 ; gain = 1.629
---------------------------------------------------------------------------------
---------------------------------------------------------------------------------
Start Renaming Generated Ports
---------------------------------------------------------------------------------
---------------------------------------------------------------------------------
Finished Renaming Generated Ports : Time (s): cpu = 00:00:33 ; elapsed = 00:01:02 . Memory (MB): peak = 1149.492 ; gain = 1.629
---------------------------------------------------------------------------------
---------------------------------------------------------------------------------
Start Handling Custom Attributes
---------------------------------------------------------------------------------
---------------------------------------------------------------------------------
Finished Handling Custom Attributes : Time (s): cpu = 00:00:33 ; elapsed = 00:01:02 . Memory (MB): peak = 1149.492 ; gain = 1.629
---------------------------------------------------------------------------------
---------------------------------------------------------------------------------
Start Renaming Generated Nets
---------------------------------------------------------------------------------
---------------------------------------------------------------------------------
Finished Renaming Generated Nets : Time (s): cpu = 00:00:33 ; elapsed = 00:01:02 . Memory (MB): peak = 1149.492 ; gain = 1.629
---------------------------------------------------------------------------------
---------------------------------------------------------------------------------
Start Writing Synthesis Report
---------------------------------------------------------------------------------

Report BlackBoxes: 
+-+--------------+----------+
| |BlackBox name |Instances |
+-+--------------+----------+
+-+--------------+----------+

Report Cell Usage: 
+------+-------+------+
|      |Cell   |Count |
+------+-------+------+
|1     |CARRY4 |     1|
|2     |LUT1   |     1|
|3     |LUT2   |     9|
|4     |LUT3   |     2|
|5     |LUT4   |     9|
|6     |LUT5   |     1|
|7     |LUT6   |     2|
|8     |FDRE   |    16|
+------+-------+------+
---------------------------------------------------------------------------------
Finished Writing Synthesis Report : Time (s): cpu = 00:00:33 ; elapsed = 00:01:02 . Memory (MB): peak = 1149.492 ; gain = 1.629
---------------------------------------------------------------------------------
Synthesis finished with 0 errors, 0 critical warnings and 0 warnings.
Synthesis Optimization Runtime : Time (s): cpu = 00:00:22 ; elapsed = 00:00:59 . Memory (MB): peak = 1149.492 ; gain = 1.629
Synthesis Optimization Complete : Time (s): cpu = 00:00:33 ; elapsed = 00:01:02 . Memory (MB): peak = 1149.492 ; gain = 1.629
INFO: [Project 1-571] Translating synthesized netlist
Netlist sorting complete. Time (s): cpu = 00:00:00 ; elapsed = 00:00:00.001 . Memory (MB): peak = 1161.523 ; gain = 0.000
INFO: [Netlist 29-17] Analyzing 1 Unisim elements for replacement
INFO: [Netlist 29-28] Unisim Transformation completed in 0 CPU seconds
INFO: [Project 1-570] Preparing netlist for logic optimization
INFO: [Opt 31-138] Pushed 0 inverter(s) to 0 load pin(s).
Netlist sorting complete. Time (s): cpu = 00:00:00 ; elapsed = 00:00:00 . Memory (MB): peak = 1162.535 ; gain = 0.000
INFO: [Project 1-111] Unisim Transformation Summary:
No Unisim elements were transformed.

INFO: [Common 17-83] Releasing license: Synthesis
31 Infos, 1 Warnings, 0 Critical Warnings and 0 Errors encountered.
synth_design completed successfully
synth_design: Time (s): cpu = 00:00:40 ; elapsed = 00:01:16 . Memory (MB): peak = 1162.535 ; gain = 14.672
INFO: [Common 17-1381] The checkpoint 'C:/Users/Pato/Desktop/Universida/2024-1/SEP/IEE2463_P1/Proyecto_1/proyecto_1.runs/Proyecto_1_sep_generador_f_0_0_synth_1/Proyecto_1_sep_generador_f_0_0.dcp' has been generated.
WARNING: [Common 17-576] 'use_project_ipc' is deprecated. This option is deprecated and no longer used.
INFO: [Coretcl 2-1648] Added synthesis output to IP cache for IP Proyecto_1_sep_generador_f_0_0, cache-ID = 3a2cc8dd17eb4f72
INFO: [Coretcl 2-1174] Renamed 4 cell refs.
INFO: [Common 17-1381] The checkpoint 'C:/Users/Pato/Desktop/Universida/2024-1/SEP/IEE2463_P1/Proyecto_1/proyecto_1.runs/Proyecto_1_sep_generador_f_0_0_synth_1/Proyecto_1_sep_generador_f_0_0.dcp' has been generated.
INFO: [runtcl-4] Executing : report_utilization -file Proyecto_1_sep_generador_f_0_0_utilization_synth.rpt -pb Proyecto_1_sep_generador_f_0_0_utilization_synth.pb
INFO: [Common 17-206] Exiting Vivado at Sat May 11 18:44:08 2024...
