#
# A fatal error has been detected by the Java Runtime Environment:
#
#  EXCEPTION_ACCESS_VIOLATION (0xc0000005) at pc=0x00007ffef6711d72, pid=15148, tid=35168
#
# JRE version: Java(TM) SE Runtime Environment (9.0+11) (build 9.0.4+11)
# Java VM: Java HotSpot(TM) 64-Bit Server VM (9.0.4+11, mixed mode, tiered, compressed oops, g1 gc, windows-amd64)
# Problematic frame:
# C  0x00007ffef6711d72
#
# No core dump will be written. Minidumps are not enabled by default on client versions of Windows
#
# If you would like to submit a bug report, please visit:
#   http://bugreport.java.com/bugreport/crash.jsp
# The crash happened outside the Java Virtual Machine in native code.
# See problematic frame for where to report the bug.
#

---------------  S U M M A R Y ------------

Command Line: -Dsun.java2d.pmoffscreen=false -Dsun.java2d.xrender=false -Dsun.java2d.d3d=false -Dsun.awt.nopixfmt=true -Dsun.java2d.dpiaware=true -Dsun.java2d.uiScale.enabled=false -Xverify:none -Dswing.aatext=true -XX:-UsePerfData -Djdk.map.althashing.threshold=512 -XX:StringTableSize=4072 --add-opens=java.base/java.nio=ALL-UNNAMED --add-opens=java.desktop/sun.swing=ALL-UNNAMED --add-opens=java.desktop/javax.swing=ALL-UNNAMED --add-opens=java.desktop/javax.swing.tree=ALL-UNNAMED --add-opens=java.desktop/javax.swing.plaf.basic=ALL-UNNAMED --add-opens=java.desktop/javax.swing.plaf.synth=ALL-UNNAMED --add-opens=java.desktop/com.sun.awt=ALL-UNNAMED -XX:NewSize=60m -XX:MaxNewSize=60m -Xms128m -Xmx3072m -Xss5m 

Host: AMD Ryzen 7 5800H with Radeon Graphics         , 16 cores, 15G,  Windows 10 , 64 bit Build 22621 (10.0.22621.3527)
Time: Sat May 11 22:57:12 2024 Hora est. Sudamérica Pacífico elapsed time: 717 seconds (0d 0h 11m 57s)

---------------  T H R E A D  ---------------

Current thread (0x0000022bd788f000):  JavaThread "AWT-EventQueue-0" [_thread_in_native, id=35168, stack(0x000000c1f8b00000,0x000000c1f9000000)]

Stack: [0x000000c1f8b00000,0x000000c1f9000000],  sp=0x000000c1f8ff8400,  free space=5089k
Native frames: (J=compiled Java code, j=interpreted, Vv=VM code, C=native code)

Java frames: (J=compiled Java code, j=interpreted, Vv=VM code)
J 17910  de.concept.nlview.Nlview.peerCommand(JLjava/lang/String;Ljava/lang/String;Ljava/lang/String;Ljava/lang/String;Ljava/lang/String;Ljava/lang/String;)Ljava/lang/String; (0 bytes) @ 0x0000022bbf20dca9 [0x0000022bbf20dbe0+0x00000000000000c9]
J 18897 c2 ui.views.Q.hq.a(Ljava/lang/String;Ljava/lang/String;Ljava/lang/String;Ljava/lang/String;Ljava/lang/String;Ljava/lang/String;Z)Ljava/lang/String; (53 bytes) @ 0x0000022bbf373da8 [0x0000022bbf373c80+0x0000000000000128]
J 18729 c1 ui.views.Q.hq.mI(Ljava/lang/String;)Ljava/lang/String; (12 bytes) @ 0x0000022bb97a37fc [0x0000022bb97a3740+0x00000000000000bc]
j  ui.views.Q.hq.jrb()V+207
j  ui.views.Q.hq.reload()V+75
j  ui.views.Q.hq.iy(Z)V+219
j  ui.data.l.ba.oi(Z)V+84
j  ui.data.l.ba.e(Lui/data/l/ba;Z)V+2
j  ui.data.l.bb.run()V+95
j  ui.data.l.ba.cIf()V+16
j  ui.data.l.ba.aDk()V+8
j  ui.i.ej(Ljava/lang/String;)V+73
j  ui.i.aDh()V+3
j  ui.views.Q.al.hj(I)V+3
j  ui.b.c.bz.aCZ()V+207
j  ui.b.c.bG.finished()V+4
J 19246 c1 ui.frmwork.z.run()V (15 bytes) @ 0x0000022bb7694e4c [0x0000022bb7694ce0+0x000000000000016c]
J 15182 c2 java.awt.event.InvocationEvent.dispatch()V java.desktop@9.0.4 (69 bytes) @ 0x0000022bbe9cd39c [0x0000022bbe9cd340+0x000000000000005c]
J 14765 c2 java.awt.EventQueue$3.run()Ljava/lang/Object; java.desktop@9.0.4 (5 bytes) @ 0x0000022bbe89ff38 [0x0000022bbe89fe60+0x00000000000000d8]
v  ~StubRoutines::call_stub
J 4292  java.security.AccessController.doPrivileged(Ljava/security/PrivilegedAction;Ljava/security/AccessControlContext;)Ljava/lang/Object; java.base@9.0.4 (0 bytes) @ 0x0000022bbe5b5346 [0x0000022bbe5b52e0+0x0000000000000066]
J 14763 c2 java.awt.EventQueue.dispatchEvent(Ljava/awt/AWTEvent;)V java.desktop@9.0.4 (80 bytes) @ 0x0000022bbe8b0a98 [0x0000022bbe8b0540+0x0000000000000558]
J 14768 c2 ui.frmwork.b.d.dispatchEvent(Ljava/awt/AWTEvent;)V (34 bytes) @ 0x0000022bbe8ccfbc [0x0000022bbe8ccee0+0x00000000000000dc]
J 20518 c2 java.awt.EventDispatchThread.pumpOneEventForFilters(I)V java.desktop@9.0.4 (218 bytes) @ 0x0000022bbf425ddc [0x0000022bbf4252a0+0x0000000000000b3c]
J 20258 c1 java.awt.EventDispatchThread.pumpEventsForFilter(ILjava/awt/Conditional;Ljava/awt/EventFilter;)V java.desktop@9.0.4 (47 bytes) @ 0x0000022bb801bb0c [0x0000022bb801b820+0x00000000000002ec]
j  java.awt.EventDispatchThread.pumpEventsForFilter(Ljava/awt/Conditional;Ljava/awt/EventFilter;)V+4 java.desktop@9.0.4
j  java.awt.WaitDispatchSupport$2.run()V+59 java.desktop@9.0.4
j  java.awt.WaitDispatchSupport$4.run()Ljava/lang/Void;+4 java.desktop@9.0.4
j  java.awt.WaitDispatchSupport$4.run()Ljava/lang/Object;+1 java.desktop@9.0.4
v  ~StubRoutines::call_stub
J 1176  java.security.AccessController.doPrivileged(Ljava/security/PrivilegedAction;)Ljava/lang/Object; java.base@9.0.4 (0 bytes) @ 0x0000022bbe35bb32 [0x0000022bbe35bae0+0x0000000000000052]
j  java.awt.WaitDispatchSupport.enter()Z+260 java.desktop@9.0.4
j  java.awt.Dialog.show()V+225 java.desktop@9.0.4
J 7806 c1 java.awt.Component.setVisible(Z)V java.desktop@9.0.4 (6 bytes) @ 0x0000022bb6eb38cc [0x0000022bb6eb36e0+0x00000000000001ec]
j  java.awt.Window.setVisible(Z)V+2 java.desktop@9.0.4
j  java.awt.Dialog.setVisible(Z)V+2 java.desktop@9.0.4
j  ui.b.c.g.setVisible(Z)V+2
j  ui.b.c.bz.showDialog()V+64
j  ui.b.c.bI.aGy()V+4
j  ui.b.c.bI$$Lambda$255.run()V+4
J 15182 c2 java.awt.event.InvocationEvent.dispatch()V java.desktop@9.0.4 (69 bytes) @ 0x0000022bbe9cd39c [0x0000022bbe9cd340+0x000000000000005c]
J 14765 c2 java.awt.EventQueue$3.run()Ljava/lang/Object; java.desktop@9.0.4 (5 bytes) @ 0x0000022bbe89ff38 [0x0000022bbe89fe60+0x00000000000000d8]
v  ~StubRoutines::call_stub
J 4292  java.security.AccessController.doPrivileged(Ljava/security/PrivilegedAction;Ljava/security/AccessControlContext;)Ljava/lang/Object; java.base@9.0.4 (0 bytes) @ 0x0000022bbe5b5346 [0x0000022bbe5b52e0+0x0000000000000066]
J 14763 c2 java.awt.EventQueue.dispatchEvent(Ljava/awt/AWTEvent;)V java.desktop@9.0.4 (80 bytes) @ 0x0000022bbe8b0a98 [0x0000022bbe8b0540+0x0000000000000558]
J 14768 c2 ui.frmwork.b.d.dispatchEvent(Ljava/awt/AWTEvent;)V (34 bytes) @ 0x0000022bbe8ccfbc [0x0000022bbe8ccee0+0x00000000000000dc]
J 20518 c2 java.awt.EventDispatchThread.pumpOneEventForFilters(I)V java.desktop@9.0.4 (218 bytes) @ 0x0000022bbf425ddc [0x0000022bbf4252a0+0x0000000000000b3c]
J 20198% c1 java.awt.EventDispatchThread.pumpEventsForFilter(ILjava/awt/Conditional;Ljava/awt/EventFilter;)V java.desktop@9.0.4 (47 bytes) @ 0x0000022bb7f16f64 [0x0000022bb7f16c20+0x0000000000000344]
j  java.awt.EventDispatchThread.pumpEventsForHierarchy(ILjava/awt/Conditional;Ljava/awt/Component;)V+11 java.desktop@9.0.4
j  java.awt.EventDispatchThread.pumpEvents(ILjava/awt/Conditional;)V+4 java.desktop@9.0.4
j  java.awt.EventDispatchThread.pumpEvents(Ljava/awt/Conditional;)V+3 java.desktop@9.0.4
j  java.awt.EventDispatchThread.run()V+9 java.desktop@9.0.4
v  ~StubRoutines::call_stub

siginfo: EXCEPTION_ACCESS_VIOLATION (0xc0000005), reading address 0x0000000000000000


Register to memory mapping:

RIP=0x00007ffef6711d72 is an unknown value
RAX=0x0000022b816f1460 is an unknown value
RBX=0x0000022bf7f8a3f0 is an unknown value
RCX=0x0000000000000006 is an unknown value
RDX=0x0000000000000000 is an unknown value
RSP=0x000000c1f8ff8400 is pointing into the stack for thread: 0x0000022bd788f000
RBP=0x0000000000000000 is an unknown value
RSI=0x0000000000000000 is an unknown value
RDI=0x0000022b8dc0c0c0 is an unknown value
R8 =0x0000022b816f1460 is an unknown value
R9 =0x0000000000000004 is an unknown value
R10=0x0000000000000001 is an unknown value
R11=0x0000022bf7f8a3f0 is an unknown value
R12=0x0000000000000010 is an unknown value
R13=0x0000000000000001 is an unknown value
R14=0x000000c1f8ff8530 is pointing into the stack for thread: 0x0000022bd788f000
R15=0x0000000000000001 is an unknown value


Registers:
RAX=0x0000022b816f1460, RBX=0x0000022bf7f8a3f0, RCX=0x0000000000000006, RDX=0x0000000000000000
RSP=0x000000c1f8ff8400, RBP=0x0000000000000000, RSI=0x0000000000000000, RDI=0x0000022b8dc0c0c0
R8 =0x0000022b816f1460, R9 =0x0000000000000004, R10=0x0000000000000001, R11=0x0000022bf7f8a3f0
R12=0x0000000000000010, R13=0x0000000000000001, R14=0x000000c1f8ff8530, R15=0x0000000000000001
RIP=0x00007ffef6711d72, EFLAGS=0x0000000000010206

Top of Stack: (sp=0x000000c1f8ff8400)
0x000000c1f8ff8400:   0000000000000100 0000022bf7f8a3f0
0x000000c1f8ff8410:   0000000000000000 000000c1f8ff84c8
0x000000c1f8ff8420:   000000c100000001 000000c100000004
0x000000c1f8ff8430:   0000000000000000 0000000000000010
0x000000c1f8ff8440:   0000022b00000001 fffffdd4080758c8
0x000000c1f8ff8450:   0000000000000001 0000022bf7f8a728
0x000000c1f8ff8460:   0000000000000000 0000000000000000
0x000000c1f8ff8470:   0000000000000001 0000000000000010
0x000000c1f8ff8480:   0000000000000000 0000000000000000
0x000000c1f8ff8490:   0000000000000000 0000022bf7f8a6b0
0x000000c1f8ff84a0:   0000022b8dc0c0c0 00007ffef670d1b7
0x000000c1f8ff84b0:   0000022bf7f8a3f0 000000c1f8ff8540
0x000000c1f8ff84c0:   000000c100000001 0000000000000000
0x000000c1f8ff84d0:   0000000000000010 0000000000000016
0x000000c1f8ff84e0:   0000000000000000 0000000000000000
0x000000c1f8ff84f0:   0000000000000080 0000022b82cca730 

Instructions: (pc=0x00007ffef6711d72)
0x00007ffef6711d52:   8f 80 00 00 00 89 74 24 20 e8 40 cc eb ff 49 63
0x00007ffef6711d62:   c7 48 8d 0c 40 49 8b 06 48 03 c9 48 8b 54 c8 08
0x00007ffef6711d72:   4c 8b 02 4d 85 c0 74 41 49 8b 48 10 83 79 04 02
0x00007ffef6711d82:   7c 0a 41 f7 40 48 00 00 03 00 74 2d 48 2b d3 48 



---------------  P R O C E S S  ---------------

Java Threads: ( => current thread )
  0x0000022bda230000 JavaThread "Image Fetcher 0" daemon [_thread_blocked, id=7724, stack(0x000000c1fdf00000,0x000000c1fe400000)]
  0x0000022bfc31c800 JavaThread "SyntheticaAnimation 50" daemon [_thread_blocked, id=26976, stack(0x000000c1f8600000,0x000000c1f8b00000)]
  0x0000022bda22c000 JavaThread "SyntheticaAnimation 50" daemon [_thread_blocked, id=26308, stack(0x000000c1fcc00000,0x000000c1fd100000)]
  0x0000022bda233800 JavaThread "Update Runs Swing Worker Thread" [_thread_blocked, id=31016, stack(0x000000c1fd100000,0x000000c1fd600000)]
  0x0000022bda22d800 JavaThread "hw_ila_monitor" [_thread_blocked, id=34484, stack(0x000000c1fc200000,0x000000c1fc700000)]
  0x0000022bda22b000 JavaThread "Refresh Filesets Swing Worker Thread" [_thread_blocked, id=14016, stack(0x000000c1f9a00000,0x000000c1f9f00000)]
  0x0000022bda22c800 JavaThread "SyntheticaAnimation 70" daemon [_thread_blocked, id=3456, stack(0x000000c1fbd00000,0x000000c1fc200000)]
  0x0000022bcbf7b000 JavaThread "SyntheticaAnimation 25" daemon [_thread_blocked, id=36808, stack(0x000000c1fb300000,0x000000c1fb800000)]
  0x0000022bcbf79000 JavaThread "SyntheticaAnimation 50" daemon [_thread_blocked, id=28640, stack(0x000000c1fae00000,0x000000c1fb300000)]
  0x0000022bcbf78000 JavaThread "Monitor HEventQueue Thread" [_thread_blocked, id=26712, stack(0x000000c1fa900000,0x000000c1fae00000)]
  0x0000022bcbf77800 JavaThread "SyntheticaCleanerThread" daemon [_thread_blocked, id=8992, stack(0x000000c1f9f00000,0x000000c1fa400000)]
  0x0000022bcbf79800 JavaThread "Batik CleanerThread" daemon [_thread_blocked, id=11720, stack(0x000000c1f9000000,0x000000c1f9500000)]
  0x0000022bd771c000 JavaThread "Process Messages Thread" [_thread_blocked, id=24812, stack(0x000000c1f9500000,0x000000c1f9a00000)]
  0x0000022bd77c6800 JavaThread "Thread-1" [_thread_in_native, id=10156, stack(0x000000c1f0b00000,0x000000c1f1f00000)]
=>0x0000022bd788f000 JavaThread "AWT-EventQueue-0" [_thread_in_native, id=35168, stack(0x000000c1f8b00000,0x000000c1f9000000)]
  0x0000022bd699a800 JavaThread "TimerQueue" daemon [_thread_blocked, id=34152, stack(0x000000c1f8100000,0x000000c1f8600000)]
  0x0000022be7436800 JavaThread "AWT-Windows" daemon [_thread_in_native, id=25148, stack(0x000000c1f7c00000,0x000000c1f8100000)]
  0x0000022be7436000 JavaThread "AWT-Shutdown" [_thread_blocked, id=5112, stack(0x000000c1f7700000,0x000000c1f7c00000)]
  0x0000022be745a800 JavaThread "Java2D Disposer" daemon [_thread_blocked, id=11800, stack(0x000000c1f7200000,0x000000c1f7700000)]
  0x0000022bc7f07000 JavaThread "Service Thread" daemon [_thread_blocked, id=17768, stack(0x000000c1f6c00000,0x000000c1f7100000)]
  0x0000022be6c3a000 JavaThread "Common-Cleaner" daemon [_thread_blocked, id=10412, stack(0x000000c1f6700000,0x000000c1f6c00000)]
  0x0000022bcbf76000 JavaThread "Sweeper thread" daemon [_thread_blocked, id=38376, stack(0x000000c1f6200000,0x000000c1f6700000)]
  0x0000022be6c16000 JavaThread "C1 CompilerThread11" daemon [_thread_blocked, id=26916, stack(0x000000c1f6100000,0x000000c1f6200000)]
  0x0000022be6c11000 JavaThread "C1 CompilerThread10" daemon [_thread_blocked, id=21268, stack(0x000000c1f6000000,0x000000c1f6100000)]
  0x0000022be6c0f000 JavaThread "C1 CompilerThread9" daemon [_thread_blocked, id=18084, stack(0x000000c1f5f00000,0x000000c1f6000000)]
  0x0000022be6c0e800 JavaThread "C1 CompilerThread8" daemon [_thread_blocked, id=34424, stack(0x000000c1f5e00000,0x000000c1f5f00000)]
  0x0000022be6c0d000 JavaThread "C2 CompilerThread7" daemon [_thread_blocked, id=23272, stack(0x000000c1f5d00000,0x000000c1f5e00000)]
  0x0000022be57ab800 JavaThread "C2 CompilerThread6" daemon [_thread_blocked, id=28756, stack(0x000000c1f5c00000,0x000000c1f5d00000)]
  0x0000022be57a6800 JavaThread "C2 CompilerThread5" daemon [_thread_blocked, id=27372, stack(0x000000c1f5b00000,0x000000c1f5c00000)]
  0x0000022be57a6000 JavaThread "C2 CompilerThread4" daemon [_thread_blocked, id=16244, stack(0x000000c1f5a00000,0x000000c1f5b00000)]
  0x0000022be57a0000 JavaThread "C2 CompilerThread3" daemon [_thread_blocked, id=32824, stack(0x000000c1f5900000,0x000000c1f5a00000)]
  0x0000022be579e800 JavaThread "C2 CompilerThread2" daemon [_thread_blocked, id=2484, stack(0x000000c1f5800000,0x000000c1f5900000)]
  0x0000022be579e000 JavaThread "C2 CompilerThread1" daemon [_thread_blocked, id=24384, stack(0x000000c1f5700000,0x000000c1f5800000)]
  0x0000022be579d000 JavaThread "C2 CompilerThread0" daemon [_thread_blocked, id=21548, stack(0x000000c1f5600000,0x000000c1f5700000)]
  0x0000022be578a000 JavaThread "Attach Listener" daemon [_thread_blocked, id=32724, stack(0x000000c1f5100000,0x000000c1f5600000)]
  0x0000022be5789000 JavaThread "Signal Dispatcher" daemon [_thread_blocked, id=30156, stack(0x000000c1f4c00000,0x000000c1f5100000)]
  0x0000022be5784800 JavaThread "Finalizer" daemon [_thread_blocked, id=14688, stack(0x000000c1f4700000,0x000000c1f4c00000)]
  0x0000022be6623000 JavaThread "Reference Handler" daemon [_thread_blocked, id=18928, stack(0x000000c1f4200000,0x000000c1f4700000)]
  0x0000022bcc295800 JavaThread "main" [_thread_blocked, id=15796, stack(0x000000c1f0a00000,0x000000c1f0b00000)]

Other Threads:
  0x0000022be6617000 VMThread "VM Thread" [stack: 0x000000c1f4100000,0x000000c1f4200000] [id=27932]
  0x0000022be61c4800 WatcherThread [stack: 0x000000c1f7100000,0x000000c1f7200000] [id=30204]
  0x0000022bcb378800 GCTaskThread "GC Thread#0" [stack: 0x000000c1f2200000,0x000000c1f2300000] [id=29044]
  0x0000022bcb373000 GCTaskThread "GC Thread#1" [stack: 0x000000c1f2300000,0x000000c1f2400000] [id=24036]
  0x0000022be61c7800 GCTaskThread "GC Thread#2" [stack: 0x000000c1f2400000,0x000000c1f2500000] [id=12668]
  0x0000022be61c2000 GCTaskThread "GC Thread#3" [stack: 0x000000c1f2500000,0x000000c1f2600000] [id=30188]
  0x0000022be61c8000 GCTaskThread "GC Thread#4" [stack: 0x000000c1f2600000,0x000000c1f2700000] [id=27780]
  0x0000022be61c2800 GCTaskThread "GC Thread#5" [stack: 0x000000c1f2700000,0x000000c1f2800000] [id=18540]
  0x0000022be61c3000 GCTaskThread "GC Thread#6" [stack: 0x000000c1f2800000,0x000000c1f2900000] [id=23656]
  0x0000022be61c1800 GCTaskThread "GC Thread#7" [stack: 0x000000c1f2900000,0x000000c1f2a00000] [id=24992]
  0x0000022be61c4000 GCTaskThread "GC Thread#8" [stack: 0x000000c1f2a00000,0x000000c1f2b00000] [id=2568]
  0x0000022be61c5800 GCTaskThread "GC Thread#9" [stack: 0x000000c1f2b00000,0x000000c1f2c00000] [id=14796]
  0x0000022be61c9000 GCTaskThread "GC Thread#10" [stack: 0x000000c1f2c00000,0x000000c1f2d00000] [id=17260]
  0x0000022be61c9800 GCTaskThread "GC Thread#11" [stack: 0x000000c1f2d00000,0x000000c1f2e00000] [id=32320]
  0x0000022be61ca000 GCTaskThread "GC Thread#12" [stack: 0x000000c1f2e00000,0x000000c1f2f00000] [id=29844]
  0x0000022bad671000 ConcurrentGCThread "G1 Main Marker" [stack: 0x000000c1f3d00000,0x000000c1f3e00000] [id=21036]
  0x0000022be61ca800 ConcurrentGCThread "G1 Marker#0" [stack: 0x000000c1f3e00000,0x000000c1f3f00000] [id=8556]
  0x0000022be61cb800 ConcurrentGCThread "G1 Marker#1" [stack: 0x000000c1f3f00000,0x000000c1f4000000] [id=23012]
  0x0000022be61c7000 ConcurrentGCThread "G1 Marker#2" [stack: 0x000000c1f4000000,0x000000c1f4100000] [id=34980]
  0x0000022bcbed8800 ConcurrentGCThread "G1 Refine#0" [stack: 0x000000c1f3b00000,0x000000c1f3c00000] [id=33472]
  0x0000022bcbed7800 ConcurrentGCThread "G1 Refine#1" [stack: 0x000000c1f3a00000,0x000000c1f3b00000] [id=14804]
  0x0000022be515f800 ConcurrentGCThread "G1 Refine#2" [stack: 0x000000c1f3900000,0x000000c1f3a00000] [id=16656]
  0x0000022be515e800 ConcurrentGCThread "G1 Refine#3" [stack: 0x000000c1f3800000,0x000000c1f3900000] [id=10112]
  0x0000022be515e000 ConcurrentGCThread "G1 Refine#4" [stack: 0x000000c1f3700000,0x000000c1f3800000] [id=5376]
  0x0000022be64b2800 ConcurrentGCThread "G1 Refine#5" [stack: 0x000000c1f3600000,0x000000c1f3700000] [id=11764]
  0x0000022be64b1800 ConcurrentGCThread "G1 Refine#6" [stack: 0x000000c1f3500000,0x000000c1f3600000] [id=17600]
  0x0000022be515d800 ConcurrentGCThread "G1 Refine#7" [stack: 0x000000c1f3400000,0x000000c1f3500000] [id=3276]
  0x0000022be515c800 ConcurrentGCThread "G1 Refine#8" [stack: 0x000000c1f3300000,0x000000c1f3400000] [id=1140]
  0x0000022be61d3800 ConcurrentGCThread "G1 Refine#9" [stack: 0x000000c1f3200000,0x000000c1f3300000] [id=18840]
  0x0000022be61d2800 ConcurrentGCThread "G1 Refine#10" [stack: 0x000000c1f3100000,0x000000c1f3200000] [id=15248]
  0x0000022be61d1800 ConcurrentGCThread "G1 Refine#11" [stack: 0x000000c1f3000000,0x000000c1f3100000] [id=13628]
  0x0000022bc9760800 ConcurrentGCThread "G1 Refine#12" [stack: 0x000000c1f2f00000,0x000000c1f3000000] [id=9040]
  0x0000022bad66f000 ConcurrentGCThread "G1 Young RemSet Sampling" [stack: 0x000000c1f3c00000,0x000000c1f3d00000] [id=38752]

Threads with active compile tasks:

VM state:not at safepoint (normal execution)

VM Mutex/Monitor currently owned by a thread: None

Heap address: 0x0000000700000000, size: 3072 MB, Compressed Oops mode: Zero based, Oop shift amount: 3
Narrow klass base: 0x0000000000000000, Narrow klass shift: 3
Compressed class space size: 1073741824 Address: 0x00000007c0000000

Heap:
 garbage-first heap   total 355328K, used 141089K [0x0000000700000000, 0x0000000700100ad8, 0x00000007c0000000)
  region size 1024K, 30 young (30720K), 0 survivors (0K)
 Metaspace       used 88037K, capacity 94557K, committed 94720K, reserved 1130496K
  class space    used 12871K, capacity 14004K, committed 14080K, reserved 1048576K
Heap Regions: E=young(eden), S=young(survivor), O=old, HS=humongous(starts), HC=humongous(continues), CS=collection set, F=free, A=archive, TS=gc time stamp, AC=allocation context, TAMS=top-at-mark-start (previous, next)
|   0|0x0000000700000000, 0x00000007000f58d8, 0x0000000700100000| 95%| O|  |TS  0|AC  0|TAMS 0x0000000700000000, 0x0000000700000000|
|   1|0x0000000700100000, 0x00000007001c78a0, 0x0000000700200000| 77%| O|  |TS  0|AC  0|TAMS 0x0000000700100000, 0x0000000700100000|
|   2|0x0000000700200000, 0x0000000700300000, 0x0000000700300000|100%|HS|  |TS  0|AC  0|TAMS 0x0000000700200000, 0x0000000700200000|
|   3|0x0000000700300000, 0x0000000700400000, 0x0000000700400000|100%|HC|  |TS  0|AC  0|TAMS 0x0000000700300000, 0x0000000700300000|
|   4|0x0000000700400000, 0x0000000700500000, 0x0000000700500000|100%|HS|  |TS  0|AC  0|TAMS 0x0000000700400000, 0x0000000700400000|
|   5|0x0000000700500000, 0x00000007005fd170, 0x0000000700600000| 98%| O|  |TS  0|AC  0|TAMS 0x0000000700500000, 0x0000000700500000|
|   6|0x0000000700600000, 0x00000007006fffb8, 0x0000000700700000| 99%| O|  |TS  0|AC  0|TAMS 0x0000000700600000, 0x0000000700600000|
|   7|0x0000000700700000, 0x00000007007ea068, 0x0000000700800000| 91%| O|  |TS  0|AC  0|TAMS 0x0000000700700000, 0x0000000700700000|
|   8|0x0000000700800000, 0x00000007008f8778, 0x0000000700900000| 97%| O|  |TS  0|AC  0|TAMS 0x0000000700800000, 0x0000000700800000|
|   9|0x0000000700900000, 0x00000007009fffd8, 0x0000000700a00000| 99%| O|  |TS  0|AC  0|TAMS 0x0000000700900000, 0x0000000700900000|
|  10|0x0000000700a00000, 0x0000000700af5180, 0x0000000700b00000| 95%| O|  |TS  0|AC  0|TAMS 0x0000000700a00000, 0x0000000700a00000|
|  11|0x0000000700b00000, 0x0000000700bffff8, 0x0000000700c00000| 99%| O|  |TS  0|AC  0|TAMS 0x0000000700b00000, 0x0000000700b00000|
|  12|0x0000000700c00000, 0x0000000700cffff0, 0x0000000700d00000| 99%| O|  |TS  0|AC  0|TAMS 0x0000000700c00000, 0x0000000700c00000|
|  13|0x0000000700d00000, 0x0000000700dfff08, 0x0000000700e00000| 99%| O|  |TS  0|AC  0|TAMS 0x0000000700d00000, 0x0000000700d00000|
|  14|0x0000000700e00000, 0x0000000700efffe8, 0x0000000700f00000| 99%| O|  |TS  0|AC  0|TAMS 0x0000000700e00000, 0x0000000700e00000|
|  15|0x0000000700f00000, 0x0000000700fea670, 0x0000000701000000| 91%| O|  |TS  0|AC  0|TAMS 0x0000000700f00000, 0x0000000700f00000|
|  16|0x0000000701000000, 0x0000000701100000, 0x0000000701100000|100%|HS|  |TS  0|AC  0|TAMS 0x0000000701000000, 0x0000000701000000|
|  17|0x0000000701100000, 0x0000000701200000, 0x0000000701200000|100%| O|  |TS  0|AC  0|TAMS 0x0000000701100000, 0x0000000701100000|
|  18|0x0000000701200000, 0x00000007012ffff8, 0x0000000701300000| 99%| O|  |TS  0|AC  0|TAMS 0x0000000701200000, 0x0000000701200000|
|  19|0x0000000701300000, 0x00000007013ffff0, 0x0000000701400000| 99%| O|  |TS  0|AC  0|TAMS 0x0000000701300000, 0x0000000701300000|
|  20|0x0000000701400000, 0x0000000701500000, 0x0000000701500000|100%|HS|  |TS  0|AC  0|TAMS 0x0000000701400000, 0x0000000701400000|
|  21|0x0000000701500000, 0x0000000701600000, 0x0000000701600000|100%|HC|  |TS  0|AC  0|TAMS 0x0000000701500000, 0x0000000701500000|
|  22|0x0000000701600000, 0x00000007016fe6a0, 0x0000000701700000| 99%| O|  |TS  0|AC  0|TAMS 0x0000000701600000, 0x0000000701600000|
|  23|0x0000000701700000, 0x0000000701800000, 0x0000000701800000|100%| O|  |TS  0|AC  0|TAMS 0x0000000701700000, 0x0000000701700000|
|  24|0x0000000701800000, 0x00000007018ffff0, 0x0000000701900000| 99%| O|  |TS  0|AC  0|TAMS 0x0000000701800000, 0x0000000701800000|
|  25|0x0000000701900000, 0x00000007019fffe8, 0x0000000701a00000| 99%| O|  |TS  0|AC  0|TAMS 0x0000000701900000, 0x0000000701900000|
|  26|0x0000000701a00000, 0x0000000701b00000, 0x0000000701b00000|100%|HS|  |TS  0|AC  0|TAMS 0x0000000701a00000, 0x0000000701a00000|
|  27|0x0000000701b00000, 0x0000000701bfffd0, 0x0000000701c00000| 99%| O|  |TS  0|AC  0|TAMS 0x0000000701b00000, 0x0000000701b00000|
|  28|0x0000000701c00000, 0x0000000701cfffe0, 0x0000000701d00000| 99%| O|  |TS  0|AC  0|TAMS 0x0000000701c00000, 0x0000000701c00000|
|  29|0x0000000701d00000, 0x0000000701dffff0, 0x0000000701e00000| 99%| O|  |TS  0|AC  0|TAMS 0x0000000701d00000, 0x0000000701d00000|
|  30|0x0000000701e00000, 0x0000000701f00000, 0x0000000701f00000|100%| O|  |TS  0|AC  0|TAMS 0x0000000701e00000, 0x0000000701e00000|
|  31|0x0000000701f00000, 0x0000000701fffff8, 0x0000000702000000| 99%| O|  |TS  0|AC  0|TAMS 0x0000000701f00000, 0x0000000701f00000|
|  32|0x0000000702000000, 0x00000007020ffff8, 0x0000000702100000| 99%| O|  |TS  0|AC  0|TAMS 0x0000000702000000, 0x0000000702000000|
|  33|0x0000000702100000, 0x00000007021fffd8, 0x0000000702200000| 99%| O|  |TS  0|AC  0|TAMS 0x0000000702100000, 0x0000000702100000|
|  34|0x0000000702200000, 0x00000007022ffb90, 0x0000000702300000| 99%| O|  |TS  0|AC  0|TAMS 0x0000000702200000, 0x0000000702200000|
|  35|0x0000000702300000, 0x00000007023fffb0, 0x0000000702400000| 99%| O|  |TS  0|AC  0|TAMS 0x0000000702300000, 0x0000000702300000|
|  36|0x0000000702400000, 0x00000007024fe9f8, 0x0000000702500000| 99%| O|  |TS  0|AC  0|TAMS 0x0000000702400000, 0x0000000702400000|
|  37|0x0000000702500000, 0x00000007025ffff0, 0x0000000702600000| 99%| O|  |TS  0|AC  0|TAMS 0x0000000702500000, 0x0000000702500000|
|  38|0x0000000702600000, 0x00000007026ffe70, 0x0000000702700000| 99%| O|  |TS  0|AC  0|TAMS 0x0000000702600000, 0x0000000702600000|
|  39|0x0000000702700000, 0x00000007027fffe8, 0x0000000702800000| 99%| O|  |TS  0|AC  0|TAMS 0x0000000702700000, 0x0000000702700000|
|  40|0x0000000702800000, 0x00000007028ffff0, 0x0000000702900000| 99%| O|  |TS  0|AC  0|TAMS 0x0000000702800000, 0x0000000702800000|
|  41|0x0000000702900000, 0x0000000702a00000, 0x0000000702a00000|100%| O|  |TS  0|AC  0|TAMS 0x0000000702900000, 0x0000000702900000|
|  42|0x0000000702a00000, 0x0000000702afffe8, 0x0000000702b00000| 99%| O|  |TS  0|AC  0|TAMS 0x0000000702a00000, 0x0000000702a00000|
|  43|0x0000000702b00000, 0x0000000702c00000, 0x0000000702c00000|100%| O|  |TS  0|AC  0|TAMS 0x0000000702b00000, 0x0000000702b00000|
|  44|0x0000000702c00000, 0x0000000702cfffe8, 0x0000000702d00000| 99%| O|  |TS  0|AC  0|TAMS 0x0000000702c00000, 0x0000000702c00000|
|  45|0x0000000702d00000, 0x0000000702e00000, 0x0000000702e00000|100%| O|  |TS  0|AC  0|TAMS 0x0000000702d00000, 0x0000000702d00000|
|  46|0x0000000702e00000, 0x0000000702efffe8, 0x0000000702f00000| 99%| O|  |TS  0|AC  0|TAMS 0x0000000702e00000, 0x0000000702e00000|
|  47|0x0000000702f00000, 0x0000000702ffffd8, 0x0000000703000000| 99%| O|  |TS  0|AC  0|TAMS 0x0000000702f00000, 0x0000000702f00000|
|  48|0x0000000703000000, 0x00000007030ffff8, 0x0000000703100000| 99%| O|  |TS  0|AC  0|TAMS 0x0000000703000000, 0x0000000703000000|
|  49|0x0000000703100000, 0x00000007031d41e8, 0x0000000703200000| 82%| O|  |TS  0|AC  0|TAMS 0x0000000703100000, 0x0000000703100000|
|  50|0x0000000703200000, 0x0000000703300000, 0x0000000703300000|100%|HS|  |TS  0|AC  0|TAMS 0x0000000703200000, 0x0000000703200000|
|  51|0x0000000703300000, 0x00000007033ffff8, 0x0000000703400000| 99%| O|  |TS  0|AC  0|TAMS 0x0000000703300000, 0x0000000703300000|
|  52|0x0000000703400000, 0x0000000703500000, 0x0000000703500000|100%| O|  |TS  0|AC  0|TAMS 0x0000000703400000, 0x0000000703400000|
|  53|0x0000000703500000, 0x0000000703600000, 0x0000000703600000|100%|HS|  |TS  0|AC  0|TAMS 0x0000000703500000, 0x0000000703500000|
|  54|0x0000000703600000, 0x00000007036ffff8, 0x0000000703700000| 99%| O|  |TS  0|AC  0|TAMS 0x0000000703600000, 0x0000000703600000|
|  55|0x0000000703700000, 0x00000007037ffff8, 0x0000000703800000| 99%| O|  |TS  0|AC  0|TAMS 0x0000000703700000, 0x0000000703700000|
|  56|0x0000000703800000, 0x00000007038fff88, 0x0000000703900000| 99%| O|  |TS  0|AC  0|TAMS 0x0000000703800000, 0x0000000703800000|
|  57|0x0000000703900000, 0x00000007039fffc0, 0x0000000703a00000| 99%| O|  |TS  0|AC  0|TAMS 0x0000000703900000, 0x0000000703900000|
|  58|0x0000000703a00000, 0x0000000703b00000, 0x0000000703b00000|100%| O|  |TS  0|AC  0|TAMS 0x0000000703a00000, 0x0000000703a00000|
|  59|0x0000000703b00000, 0x0000000703c00000, 0x0000000703c00000|100%| O|  |TS  0|AC  0|TAMS 0x0000000703b00000, 0x0000000703b00000|
|  60|0x0000000703c00000, 0x0000000703cffff0, 0x0000000703d00000| 99%| O|  |TS  0|AC  0|TAMS 0x0000000703c00000, 0x0000000703c00000|
|  61|0x0000000703d00000, 0x0000000703dffe40, 0x0000000703e00000| 99%| O|  |TS  0|AC  0|TAMS 0x0000000703d00000, 0x0000000703d00000|
|  62|0x0000000703e00000, 0x0000000703efffe0, 0x0000000703f00000| 99%| O|  |TS  0|AC  0|TAMS 0x0000000703e00000, 0x0000000703e00000|
|  63|0x0000000703f00000, 0x0000000703fffe88, 0x0000000704000000| 99%| O|  |TS  0|AC  0|TAMS 0x0000000703f00000, 0x0000000703f00000|
|  64|0x0000000704000000, 0x00000007040ffea8, 0x0000000704100000| 99%| O|  |TS  0|AC  0|TAMS 0x0000000704000000, 0x0000000704000000|
|  65|0x0000000704100000, 0x0000000704200000, 0x0000000704200000|100%|HS|  |TS  0|AC  0|TAMS 0x0000000704100000, 0x0000000704100000|
|  66|0x0000000704200000, 0x0000000704300000, 0x0000000704300000|100%|HC|  |TS  0|AC  0|TAMS 0x0000000704200000, 0x0000000704200000|
|  67|0x0000000704300000, 0x0000000704400000, 0x0000000704400000|100%|HC|  |TS  0|AC  0|TAMS 0x0000000704300000, 0x0000000704300000|
|  68|0x0000000704400000, 0x00000007044ffff8, 0x0000000704500000| 99%| O|  |TS  0|AC  0|TAMS 0x0000000704400000, 0x0000000704400000|
|  69|0x0000000704500000, 0x00000007045d1d80, 0x0000000704600000| 81%| O|  |TS  0|AC  0|TAMS 0x0000000704500000, 0x0000000704500000|
|  70|0x0000000704600000, 0x0000000704700000, 0x0000000704700000|100%|HS|  |TS  0|AC  0|TAMS 0x0000000704600000, 0x0000000704600000|
|  71|0x0000000704700000, 0x0000000704800000, 0x0000000704800000|100%|HC|  |TS  0|AC  0|TAMS 0x0000000704700000, 0x0000000704700000|
|  72|0x0000000704800000, 0x0000000704900000, 0x0000000704900000|100%|HC|  |TS  0|AC  0|TAMS 0x0000000704800000, 0x0000000704800000|
|  73|0x0000000704900000, 0x0000000704a00000, 0x0000000704a00000|100%|HC|  |TS  0|AC  0|TAMS 0x0000000704900000, 0x0000000704900000|
|  74|0x0000000704a00000, 0x0000000704b00000, 0x0000000704b00000|100%|HC|  |TS  0|AC  0|TAMS 0x0000000704a00000, 0x0000000704a00000|
|  75|0x0000000704b00000, 0x0000000704c00000, 0x0000000704c00000|100%|HC|  |TS  0|AC  0|TAMS 0x0000000704b00000, 0x0000000704b00000|
|  76|0x0000000704c00000, 0x0000000704d00000, 0x0000000704d00000|100%|HC|  |TS  0|AC  0|TAMS 0x0000000704c00000, 0x0000000704c00000|
|  77|0x0000000704d00000, 0x0000000704e00000, 0x0000000704e00000|100%|HC|  |TS  0|AC  0|TAMS 0x0000000704d00000, 0x0000000704d00000|
|  78|0x0000000704e00000, 0x0000000704f00000, 0x0000000704f00000|100%|HC|  |TS  0|AC  0|TAMS 0x0000000704e00000, 0x0000000704e00000|
|  79|0x0000000704f00000, 0x0000000705000000, 0x0000000705000000|100%|HC|  |TS  0|AC  0|TAMS 0x0000000704f00000, 0x0000000704f00000|
|  80|0x0000000705000000, 0x0000000705100000, 0x0000000705100000|100%|HC|  |TS  0|AC  0|TAMS 0x0000000705000000, 0x0000000705000000|
|  81|0x0000000705100000, 0x0000000705200000, 0x0000000705200000|100%|HC|  |TS  0|AC  0|TAMS 0x0000000705100000, 0x0000000705100000|
|  82|0x0000000705200000, 0x0000000705300000, 0x0000000705300000|100%|HC|  |TS  0|AC  0|TAMS 0x0000000705200000, 0x0000000705200000|
|  83|0x0000000705300000, 0x0000000705400000, 0x0000000705400000|100%|HC|  |TS  0|AC  0|TAMS 0x0000000705300000, 0x0000000705300000|
|  84|0x0000000705400000, 0x0000000705500000, 0x0000000705500000|100%|HC|  |TS  0|AC  0|TAMS 0x0000000705400000, 0x0000000705400000|
|  85|0x0000000705500000, 0x0000000705600000, 0x0000000705600000|100%|HC|  |TS  0|AC  0|TAMS 0x0000000705500000, 0x0000000705500000|
|  86|0x0000000705600000, 0x00000007056fffc8, 0x0000000705700000| 99%| O|  |TS  0|AC  0|TAMS 0x0000000705600000, 0x0000000705600000|
|  87|0x0000000705700000, 0x00000007057ffa80, 0x0000000705800000| 99%| O|  |TS  0|AC  0|TAMS 0x0000000705700000, 0x0000000705700000|
|  88|0x0000000705800000, 0x00000007058fff50, 0x0000000705900000| 99%| O|  |TS  0|AC  0|TAMS 0x0000000705800000, 0x0000000705800000|
|  89|0x0000000705900000, 0x00000007059fffc0, 0x0000000705a00000| 99%| O|  |TS  0|AC  0|TAMS 0x0000000705900000, 0x0000000705900000|
|  90|0x0000000705a00000, 0x0000000705afffe8, 0x0000000705b00000| 99%| O|  |TS  0|AC  0|TAMS 0x0000000705a00000, 0x0000000705a00000|
|  91|0x0000000705b00000, 0x0000000705bfffd0, 0x0000000705c00000| 99%| O|  |TS  0|AC  0|TAMS 0x0000000705b00000, 0x0000000705b00000|
|  92|0x0000000705c00000, 0x0000000705d00000, 0x0000000705d00000|100%| O|  |TS  0|AC  0|TAMS 0x0000000705c00000, 0x0000000705c00000|
|  93|0x0000000705d00000, 0x0000000705dffff8, 0x0000000705e00000| 99%| O|  |TS  0|AC  0|TAMS 0x0000000705d00000, 0x0000000705d00000|
|  94|0x0000000705e00000, 0x0000000705efffc8, 0x0000000705f00000| 99%| O|  |TS  0|AC  0|TAMS 0x0000000705e00000, 0x0000000705e00000|
|  95|0x0000000705f00000, 0x0000000705ffffe8, 0x0000000706000000| 99%| O|  |TS  0|AC  0|TAMS 0x0000000705f00000, 0x0000000705f00000|
|  96|0x0000000706000000, 0x00000007060ffdf8, 0x0000000706100000| 99%| O|  |TS  0|AC  0|TAMS 0x0000000706000000, 0x0000000706000000|
|  97|0x0000000706100000, 0x00000007061ffff0, 0x0000000706200000| 99%| O|  |TS  0|AC  0|TAMS 0x0000000706100000, 0x0000000706100000|
|  98|0x0000000706200000, 0x00000007062ffff8, 0x0000000706300000| 99%| O|  |TS  0|AC  0|TAMS 0x0000000706200000, 0x0000000706200000|
|  99|0x0000000706300000, 0x00000007063ffc80, 0x0000000706400000| 99%| O|  |TS  0|AC  0|TAMS 0x0000000706300000, 0x0000000706300000|
| 100|0x0000000706400000, 0x00000007064ff478, 0x0000000706500000| 99%| O|  |TS  0|AC  0|TAMS 0x0000000706400000, 0x0000000706400000|
| 101|0x0000000706500000, 0x0000000706600000, 0x0000000706600000|100%| O|  |TS  0|AC  0|TAMS 0x0000000706500000, 0x0000000706500000|
| 102|0x0000000706600000, 0x0000000706700000, 0x0000000706700000|100%| O|  |TS  0|AC  0|TAMS 0x0000000706600000, 0x0000000706600000|
| 103|0x0000000706700000, 0x00000007067fc340, 0x0000000706800000| 98%| O|  |TS  0|AC  0|TAMS 0x0000000706700000, 0x0000000706700000|
| 104|0x0000000706800000, 0x00000007068ffff0, 0x0000000706900000| 99%| O|  |TS  0|AC  0|TAMS 0x0000000706800000, 0x0000000706800000|
| 105|0x0000000706900000, 0x00000007069ffe30, 0x0000000706a00000| 99%| O|  |TS  0|AC  0|TAMS 0x0000000706900000, 0x0000000706900000|
| 106|0x0000000706a00000, 0x0000000706affff8, 0x0000000706b00000| 99%| O|  |TS  0|AC  0|TAMS 0x0000000706a00000, 0x0000000706a00000|
| 107|0x0000000706b00000, 0x0000000706bffff0, 0x0000000706c00000| 99%| O|  |TS  0|AC  0|TAMS 0x0000000706b00000, 0x0000000706b00000|
| 108|0x0000000706c00000, 0x0000000706d00000, 0x0000000706d00000|100%| O|  |TS  0|AC  0|TAMS 0x0000000706c00000, 0x0000000706c00000|
| 109|0x0000000706d00000, 0x0000000706dafa00, 0x0000000706e00000| 68%| O|  |TS  0|AC  0|TAMS 0x0000000706d00000, 0x0000000706d00000|
| 110|0x0000000706e00000, 0x0000000706e00000, 0x0000000706f00000|  0%| F|  |TS  0|AC  0|TAMS 0x0000000706e00000, 0x0000000706e00000|
| 111|0x0000000706f00000, 0x0000000706f00000, 0x0000000707000000|  0%| F|  |TS  0|AC  0|TAMS 0x0000000706f00000, 0x0000000706f00000|
| 112|0x0000000707000000, 0x0000000707000000, 0x0000000707100000|  0%| F|  |TS  0|AC  0|TAMS 0x0000000707000000, 0x0000000707000000|
| 113|0x0000000707100000, 0x0000000707100000, 0x0000000707200000|  0%| F|  |TS  0|AC  0|TAMS 0x0000000707100000, 0x0000000707100000|
| 114|0x0000000707200000, 0x0000000707200000, 0x0000000707300000|  0%| F|  |TS  0|AC  0|TAMS 0x0000000707200000, 0x0000000707200000|
| 115|0x0000000707300000, 0x0000000707300000, 0x0000000707400000|  0%| F|  |TS  0|AC  0|TAMS 0x0000000707300000, 0x0000000707300000|
| 116|0x0000000707400000, 0x0000000707400000, 0x0000000707500000|  0%| F|  |TS  0|AC  0|TAMS 0x0000000707400000, 0x0000000707400000|
| 117|0x0000000707500000, 0x0000000707500000, 0x0000000707600000|  0%| F|  |TS  0|AC  0|TAMS 0x0000000707500000, 0x0000000707500000|
| 118|0x0000000707600000, 0x0000000707600000, 0x0000000707700000|  0%| F|  |TS  0|AC  0|TAMS 0x0000000707600000, 0x0000000707600000|
| 119|0x0000000707700000, 0x0000000707700000, 0x0000000707800000|  0%| F|  |TS  0|AC  0|TAMS 0x0000000707700000, 0x0000000707700000|
| 120|0x0000000707800000, 0x0000000707800000, 0x0000000707900000|  0%| F|  |TS  0|AC  0|TAMS 0x0000000707800000, 0x0000000707800000|
| 121|0x0000000707900000, 0x0000000707900000, 0x0000000707a00000|  0%| F|  |TS  0|AC  0|TAMS 0x0000000707900000, 0x0000000707900000|
| 122|0x0000000707a00000, 0x0000000707a00000, 0x0000000707b00000|  0%| F|  |TS  0|AC  0|TAMS 0x0000000707a00000, 0x0000000707a00000|
| 123|0x0000000707b00000, 0x0000000707b00000, 0x0000000707c00000|  0%| F|  |TS  0|AC  0|TAMS 0x0000000707b00000, 0x0000000707b00000|
| 124|0x0000000707c00000, 0x0000000707c00000, 0x0000000707d00000|  0%| F|  |TS  0|AC  0|TAMS 0x0000000707c00000, 0x0000000707c00000|
| 125|0x0000000707d00000, 0x0000000707d00000, 0x0000000707e00000|  0%| F|  |TS  0|AC  0|TAMS 0x0000000707d00000, 0x0000000707d00000|
| 126|0x0000000707e00000, 0x0000000707e00000, 0x0000000707f00000|  0%| F|  |TS  0|AC  0|TAMS 0x0000000707e00000, 0x0000000707e00000|
| 127|0x0000000707f00000, 0x0000000707f00000, 0x0000000708000000|  0%| F|  |TS  0|AC  0|TAMS 0x0000000707f00000, 0x0000000707f00000|
| 128|0x0000000708000000, 0x0000000708000000, 0x0000000708100000|  0%| F|  |TS  0|AC  0|TAMS 0x0000000708000000, 0x0000000708000000|
| 129|0x0000000708100000, 0x0000000708100000, 0x0000000708200000|  0%| F|  |TS  0|AC  0|TAMS 0x0000000708100000, 0x0000000708100000|
| 130|0x0000000708200000, 0x0000000708200000, 0x0000000708300000|  0%| F|  |TS  0|AC  0|TAMS 0x0000000708200000, 0x0000000708200000|
| 131|0x0000000708300000, 0x0000000708300000, 0x0000000708400000|  0%| F|  |TS  0|AC  0|TAMS 0x0000000708300000, 0x0000000708300000|
| 132|0x0000000708400000, 0x0000000708400000, 0x0000000708500000|  0%| F|  |TS  0|AC  0|TAMS 0x0000000708400000, 0x0000000708400000|
| 133|0x0000000708500000, 0x0000000708500000, 0x0000000708600000|  0%| F|  |TS  0|AC  0|TAMS 0x0000000708500000, 0x0000000708500000|
| 134|0x0000000708600000, 0x0000000708600000, 0x0000000708700000|  0%| F|  |TS  0|AC  0|TAMS 0x0000000708600000, 0x0000000708600000|
| 135|0x0000000708700000, 0x0000000708700000, 0x0000000708800000|  0%| F|  |TS  0|AC  0|TAMS 0x0000000708700000, 0x0000000708700000|
| 136|0x0000000708800000, 0x0000000708800000, 0x0000000708900000|  0%| F|  |TS  0|AC  0|TAMS 0x0000000708800000, 0x0000000708800000|
| 137|0x0000000708900000, 0x0000000708900000, 0x0000000708a00000|  0%| F|  |TS  0|AC  0|TAMS 0x0000000708900000, 0x0000000708900000|
| 138|0x0000000708a00000, 0x0000000708a00000, 0x0000000708b00000|  0%| F|  |TS  0|AC  0|TAMS 0x0000000708a00000, 0x0000000708a00000|
| 139|0x0000000708b00000, 0x0000000708b00000, 0x0000000708c00000|  0%| F|  |TS  0|AC  0|TAMS 0x0000000708b00000, 0x0000000708b00000|
| 140|0x0000000708c00000, 0x0000000708c00000, 0x0000000708d00000|  0%| F|  |TS  0|AC  0|TAMS 0x0000000708c00000, 0x0000000708c00000|
| 141|0x0000000708d00000, 0x0000000708d00000, 0x0000000708e00000|  0%| F|  |TS  0|AC  0|TAMS 0x0000000708d00000, 0x0000000708d00000|
| 142|0x0000000708e00000, 0x0000000708e00000, 0x0000000708f00000|  0%| F|  |TS  0|AC  0|TAMS 0x0000000708e00000, 0x0000000708e00000|
| 143|0x0000000708f00000, 0x0000000708f00000, 0x0000000709000000|  0%| F|  |TS  0|AC  0|TAMS 0x0000000708f00000, 0x0000000708f00000|
| 144|0x0000000709000000, 0x0000000709000000, 0x0000000709100000|  0%| F|  |TS  0|AC  0|TAMS 0x0000000709000000, 0x0000000709000000|
| 145|0x0000000709100000, 0x0000000709100000, 0x0000000709200000|  0%| F|  |TS  0|AC  0|TAMS 0x0000000709100000, 0x0000000709100000|
| 146|0x0000000709200000, 0x0000000709200000, 0x0000000709300000|  0%| F|  |TS  0|AC  0|TAMS 0x0000000709200000, 0x0000000709200000|
| 147|0x0000000709300000, 0x0000000709300000, 0x0000000709400000|  0%| F|  |TS  0|AC  0|TAMS 0x0000000709300000, 0x0000000709300000|
| 148|0x0000000709400000, 0x0000000709400000, 0x0000000709500000|  0%| F|  |TS  0|AC  0|TAMS 0x0000000709400000, 0x0000000709400000|
| 149|0x0000000709500000, 0x0000000709500000, 0x0000000709600000|  0%| F|  |TS  0|AC  0|TAMS 0x0000000709500000, 0x0000000709500000|
| 150|0x0000000709600000, 0x0000000709600000, 0x0000000709700000|  0%| F|  |TS  0|AC  0|TAMS 0x0000000709600000, 0x0000000709600000|
| 151|0x0000000709700000, 0x0000000709700000, 0x0000000709800000|  0%| F|  |TS  0|AC  0|TAMS 0x0000000709700000, 0x0000000709700000|
| 152|0x0000000709800000, 0x0000000709800000, 0x0000000709900000|  0%| F|  |TS  0|AC  0|TAMS 0x0000000709800000, 0x0000000709800000|
| 153|0x0000000709900000, 0x0000000709900000, 0x0000000709a00000|  0%| F|  |TS  0|AC  0|TAMS 0x0000000709900000, 0x0000000709900000|
| 154|0x0000000709a00000, 0x0000000709a00000, 0x0000000709b00000|  0%| F|  |TS  0|AC  0|TAMS 0x0000000709a00000, 0x0000000709a00000|
| 155|0x0000000709b00000, 0x0000000709b00000, 0x0000000709c00000|  0%| F|  |TS  0|AC  0|TAMS 0x0000000709b00000, 0x0000000709b00000|
| 156|0x0000000709c00000, 0x0000000709c00000, 0x0000000709d00000|  0%| F|  |TS  0|AC  0|TAMS 0x0000000709c00000, 0x0000000709c00000|
| 157|0x0000000709d00000, 0x0000000709d00000, 0x0000000709e00000|  0%| F|  |TS  0|AC  0|TAMS 0x0000000709d00000, 0x0000000709d00000|
| 158|0x0000000709e00000, 0x0000000709e00000, 0x0000000709f00000|  0%| F|  |TS  0|AC  0|TAMS 0x0000000709e00000, 0x0000000709e00000|
| 159|0x0000000709f00000, 0x0000000709f00000, 0x000000070a000000|  0%| F|  |TS  0|AC  0|TAMS 0x0000000709f00000, 0x0000000709f00000|
| 160|0x000000070a000000, 0x000000070a000000, 0x000000070a100000|  0%| F|  |TS  0|AC  0|TAMS 0x000000070a000000, 0x000000070a000000|
| 161|0x000000070a100000, 0x000000070a100000, 0x000000070a200000|  0%| F|  |TS  0|AC  0|TAMS 0x000000070a100000, 0x000000070a100000|
| 162|0x000000070a200000, 0x000000070a200000, 0x000000070a300000|  0%| F|  |TS  0|AC  0|TAMS 0x000000070a200000, 0x000000070a200000|
| 163|0x000000070a300000, 0x000000070a300000, 0x000000070a400000|  0%| F|  |TS  0|AC  0|TAMS 0x000000070a300000, 0x000000070a300000|
| 164|0x000000070a400000, 0x000000070a400000, 0x000000070a500000|  0%| F|  |TS  0|AC  0|TAMS 0x000000070a400000, 0x000000070a400000|
| 165|0x000000070a500000, 0x000000070a500000, 0x000000070a600000|  0%| F|  |TS  0|AC  0|TAMS 0x000000070a500000, 0x000000070a500000|
| 166|0x000000070a600000, 0x000000070a600000, 0x000000070a700000|  0%| F|  |TS  0|AC  0|TAMS 0x000000070a600000, 0x000000070a600000|
| 167|0x000000070a700000, 0x000000070a700000, 0x000000070a800000|  0%| F|  |TS  0|AC  0|TAMS 0x000000070a700000, 0x000000070a700000|
| 168|0x000000070a800000, 0x000000070a800000, 0x000000070a900000|  0%| F|  |TS  0|AC  0|TAMS 0x000000070a800000, 0x000000070a800000|
| 169|0x000000070a900000, 0x000000070a900000, 0x000000070aa00000|  0%| F|  |TS  0|AC  0|TAMS 0x000000070a900000, 0x000000070a900000|
| 170|0x000000070aa00000, 0x000000070aa00000, 0x000000070ab00000|  0%| F|  |TS  0|AC  0|TAMS 0x000000070aa00000, 0x000000070aa00000|
| 171|0x000000070ab00000, 0x000000070ab00000, 0x000000070ac00000|  0%| F|  |TS  0|AC  0|TAMS 0x000000070ab00000, 0x000000070ab00000|
| 172|0x000000070ac00000, 0x000000070ac00000, 0x000000070ad00000|  0%| F|  |TS  0|AC  0|TAMS 0x000000070ac00000, 0x000000070ac00000|
| 173|0x000000070ad00000, 0x000000070ad00000, 0x000000070ae00000|  0%| F|  |TS  0|AC  0|TAMS 0x000000070ad00000, 0x000000070ad00000|
| 174|0x000000070ae00000, 0x000000070ae00000, 0x000000070af00000|  0%| F|  |TS  0|AC  0|TAMS 0x000000070ae00000, 0x000000070ae00000|
| 175|0x000000070af00000, 0x000000070af00000, 0x000000070b000000|  0%| F|  |TS  0|AC  0|TAMS 0x000000070af00000, 0x000000070af00000|
| 176|0x000000070b000000, 0x000000070b000000, 0x000000070b100000|  0%| F|  |TS  0|AC  0|TAMS 0x000000070b000000, 0x000000070b000000|
| 177|0x000000070b100000, 0x000000070b100000, 0x000000070b200000|  0%| F|  |TS  0|AC  0|TAMS 0x000000070b100000, 0x000000070b100000|
| 178|0x000000070b200000, 0x000000070b200000, 0x000000070b300000|  0%| F|  |TS  0|AC  0|TAMS 0x000000070b200000, 0x000000070b200000|
| 179|0x000000070b300000, 0x000000070b300000, 0x000000070b400000|  0%| F|  |TS  0|AC  0|TAMS 0x000000070b300000, 0x000000070b300000|
| 180|0x000000070b400000, 0x000000070b400000, 0x000000070b500000|  0%| F|  |TS  0|AC  0|TAMS 0x000000070b400000, 0x000000070b400000|
| 181|0x000000070b500000, 0x000000070b500000, 0x000000070b600000|  0%| F|  |TS  0|AC  0|TAMS 0x000000070b500000, 0x000000070b500000|
| 182|0x000000070b600000, 0x000000070b600000, 0x000000070b700000|  0%| F|  |TS  0|AC  0|TAMS 0x000000070b600000, 0x000000070b600000|
| 183|0x000000070b700000, 0x000000070b700000, 0x000000070b800000|  0%| F|  |TS  0|AC  0|TAMS 0x000000070b700000, 0x000000070b700000|
| 184|0x000000070b800000, 0x000000070b800000, 0x000000070b900000|  0%| F|  |TS  0|AC  0|TAMS 0x000000070b800000, 0x000000070b800000|
| 185|0x000000070b900000, 0x000000070b900000, 0x000000070ba00000|  0%| F|  |TS  0|AC  0|TAMS 0x000000070b900000, 0x000000070b900000|
| 186|0x000000070ba00000, 0x000000070ba00000, 0x000000070bb00000|  0%| F|  |TS  0|AC  0|TAMS 0x000000070ba00000, 0x000000070ba00000|
| 187|0x000000070bb00000, 0x000000070bb00000, 0x000000070bc00000|  0%| F|  |TS  0|AC  0|TAMS 0x000000070bb00000, 0x000000070bb00000|
| 188|0x000000070bc00000, 0x000000070bc00000, 0x000000070bd00000|  0%| F|  |TS  0|AC  0|TAMS 0x000000070bc00000, 0x000000070bc00000|
| 189|0x000000070bd00000, 0x000000070bd00000, 0x000000070be00000|  0%| F|  |TS  0|AC  0|TAMS 0x000000070bd00000, 0x000000070bd00000|
| 190|0x000000070be00000, 0x000000070be00000, 0x000000070bf00000|  0%| F|  |TS  0|AC  0|TAMS 0x000000070be00000, 0x000000070be00000|
| 191|0x000000070bf00000, 0x000000070bf00000, 0x000000070c000000|  0%| F|  |TS  0|AC  0|TAMS 0x000000070bf00000, 0x000000070bf00000|
| 192|0x000000070c000000, 0x000000070c000000, 0x000000070c100000|  0%| F|  |TS  0|AC  0|TAMS 0x000000070c000000, 0x000000070c000000|
| 193|0x000000070c100000, 0x000000070c100000, 0x000000070c200000|  0%| F|  |TS  0|AC  0|TAMS 0x000000070c100000, 0x000000070c100000|
| 194|0x000000070c200000, 0x000000070c200000, 0x000000070c300000|  0%| F|  |TS  0|AC  0|TAMS 0x000000070c200000, 0x000000070c200000|
| 195|0x000000070c300000, 0x000000070c300000, 0x000000070c400000|  0%| F|  |TS  0|AC  0|TAMS 0x000000070c300000, 0x000000070c300000|
| 196|0x000000070c400000, 0x000000070c400000, 0x000000070c500000|  0%| F|  |TS  0|AC  0|TAMS 0x000000070c400000, 0x000000070c400000|
| 197|0x000000070c500000, 0x000000070c500000, 0x000000070c600000|  0%| F|  |TS  0|AC  0|TAMS 0x000000070c500000, 0x000000070c500000|
| 198|0x000000070c600000, 0x000000070c600000, 0x000000070c700000|  0%| F|  |TS  0|AC  0|TAMS 0x000000070c600000, 0x000000070c600000|
| 199|0x000000070c700000, 0x000000070c700000, 0x000000070c800000|  0%| F|  |TS  0|AC  0|TAMS 0x000000070c700000, 0x000000070c700000|
| 200|0x000000070c800000, 0x000000070c800000, 0x000000070c900000|  0%| F|  |TS  0|AC  0|TAMS 0x000000070c800000, 0x000000070c800000|
| 201|0x000000070c900000, 0x000000070c900000, 0x000000070ca00000|  0%| F|  |TS  0|AC  0|TAMS 0x000000070c900000, 0x000000070c900000|
| 202|0x000000070ca00000, 0x000000070ca00000, 0x000000070cb00000|  0%| F|  |TS  0|AC  0|TAMS 0x000000070ca00000, 0x000000070ca00000|
| 203|0x000000070cb00000, 0x000000070cb00000, 0x000000070cc00000|  0%| F|  |TS  0|AC  0|TAMS 0x000000070cb00000, 0x000000070cb00000|
| 204|0x000000070cc00000, 0x000000070cc00000, 0x000000070cd00000|  0%| F|  |TS  0|AC  0|TAMS 0x000000070cc00000, 0x000000070cc00000|
| 205|0x000000070cd00000, 0x000000070cd00000, 0x000000070ce00000|  0%| F|  |TS  0|AC  0|TAMS 0x000000070cd00000, 0x000000070cd00000|
| 206|0x000000070ce00000, 0x000000070ce00000, 0x000000070cf00000|  0%| F|  |TS  0|AC  0|TAMS 0x000000070ce00000, 0x000000070ce00000|
| 207|0x000000070cf00000, 0x000000070cf00000, 0x000000070d000000|  0%| F|  |TS  0|AC  0|TAMS 0x000000070cf00000, 0x000000070cf00000|
| 208|0x000000070d000000, 0x000000070d000000, 0x000000070d100000|  0%| F|  |TS  0|AC  0|TAMS 0x000000070d000000, 0x000000070d000000|
| 209|0x000000070d100000, 0x000000070d100000, 0x000000070d200000|  0%| F|  |TS  0|AC  0|TAMS 0x000000070d100000, 0x000000070d100000|
| 210|0x000000070d200000, 0x000000070d200000, 0x000000070d300000|  0%| F|  |TS  0|AC  0|TAMS 0x000000070d200000, 0x000000070d200000|
| 211|0x000000070d300000, 0x000000070d300000, 0x000000070d400000|  0%| F|  |TS  0|AC  0|TAMS 0x000000070d300000, 0x000000070d300000|
| 212|0x000000070d400000, 0x000000070d400000, 0x000000070d500000|  0%| F|  |TS  0|AC  0|TAMS 0x000000070d400000, 0x000000070d400000|
| 213|0x000000070d500000, 0x000000070d500000, 0x000000070d600000|  0%| F|  |TS  0|AC  0|TAMS 0x000000070d500000, 0x000000070d500000|
| 214|0x000000070d600000, 0x000000070d600000, 0x000000070d700000|  0%| F|  |TS  0|AC  0|TAMS 0x000000070d600000, 0x000000070d600000|
| 215|0x000000070d700000, 0x000000070d700000, 0x000000070d800000|  0%| F|  |TS  0|AC  0|TAMS 0x000000070d700000, 0x000000070d700000|
| 216|0x000000070d800000, 0x000000070d800000, 0x000000070d900000|  0%| F|  |TS  0|AC  0|TAMS 0x000000070d800000, 0x000000070d800000|
| 217|0x000000070d900000, 0x000000070d900000, 0x000000070da00000|  0%| F|  |TS  0|AC  0|TAMS 0x000000070d900000, 0x000000070d900000|
| 218|0x000000070da00000, 0x000000070da00000, 0x000000070db00000|  0%| F|  |TS  0|AC  0|TAMS 0x000000070da00000, 0x000000070da00000|
| 219|0x000000070db00000, 0x000000070db00000, 0x000000070dc00000|  0%| F|  |TS  0|AC  0|TAMS 0x000000070db00000, 0x000000070db00000|
| 220|0x000000070dc00000, 0x000000070dc00000, 0x000000070dd00000|  0%| F|  |TS  0|AC  0|TAMS 0x000000070dc00000, 0x000000070dc00000|
| 221|0x000000070dd00000, 0x000000070dd00000, 0x000000070de00000|  0%| F|  |TS  0|AC  0|TAMS 0x000000070dd00000, 0x000000070dd00000|
| 222|0x000000070de00000, 0x000000070de00000, 0x000000070df00000|  0%| F|  |TS  0|AC  0|TAMS 0x000000070de00000, 0x000000070de00000|
| 223|0x000000070df00000, 0x000000070df00000, 0x000000070e000000|  0%| F|  |TS  0|AC  0|TAMS 0x000000070df00000, 0x000000070df00000|
| 224|0x000000070e000000, 0x000000070e000000, 0x000000070e100000|  0%| F|  |TS  0|AC  0|TAMS 0x000000070e000000, 0x000000070e000000|
| 225|0x000000070e100000, 0x000000070e100000, 0x000000070e200000|  0%| F|  |TS  0|AC  0|TAMS 0x000000070e100000, 0x000000070e100000|
| 226|0x000000070e200000, 0x000000070e200000, 0x000000070e300000|  0%| F|  |TS  0|AC  0|TAMS 0x000000070e200000, 0x000000070e200000|
| 227|0x000000070e300000, 0x000000070e300000, 0x000000070e400000|  0%| F|  |TS  0|AC  0|TAMS 0x000000070e300000, 0x000000070e300000|
| 228|0x000000070e400000, 0x000000070e400000, 0x000000070e500000|  0%| F|  |TS  0|AC  0|TAMS 0x000000070e400000, 0x000000070e400000|
| 229|0x000000070e500000, 0x000000070e500000, 0x000000070e600000|  0%| F|  |TS  0|AC  0|TAMS 0x000000070e500000, 0x000000070e500000|
| 230|0x000000070e600000, 0x000000070e600000, 0x000000070e700000|  0%| F|  |TS  0|AC  0|TAMS 0x000000070e600000, 0x000000070e600000|
| 231|0x000000070e700000, 0x000000070e700000, 0x000000070e800000|  0%| F|  |TS  0|AC  0|TAMS 0x000000070e700000, 0x000000070e700000|
| 232|0x000000070e800000, 0x000000070e800000, 0x000000070e900000|  0%| F|  |TS  0|AC  0|TAMS 0x000000070e800000, 0x000000070e800000|
| 233|0x000000070e900000, 0x000000070e900000, 0x000000070ea00000|  0%| F|  |TS  0|AC  0|TAMS 0x000000070e900000, 0x000000070e900000|
| 234|0x000000070ea00000, 0x000000070ea00000, 0x000000070eb00000|  0%| F|  |TS  0|AC  0|TAMS 0x000000070ea00000, 0x000000070ea00000|
| 235|0x000000070eb00000, 0x000000070eb00000, 0x000000070ec00000|  0%| F|  |TS  0|AC  0|TAMS 0x000000070eb00000, 0x000000070eb00000|
| 236|0x000000070ec00000, 0x000000070ec00000, 0x000000070ed00000|  0%| F|  |TS  0|AC  0|TAMS 0x000000070ec00000, 0x000000070ec00000|
| 237|0x000000070ed00000, 0x000000070ed00000, 0x000000070ee00000|  0%| F|  |TS  0|AC  0|TAMS 0x000000070ed00000, 0x000000070ed00000|
| 238|0x000000070ee00000, 0x000000070ee00000, 0x000000070ef00000|  0%| F|  |TS  0|AC  0|TAMS 0x000000070ee00000, 0x000000070ee00000|
| 239|0x000000070ef00000, 0x000000070ef00000, 0x000000070f000000|  0%| F|  |TS  0|AC  0|TAMS 0x000000070ef00000, 0x000000070ef00000|
| 240|0x000000070f000000, 0x000000070f000000, 0x000000070f100000|  0%| F|  |TS  0|AC  0|TAMS 0x000000070f000000, 0x000000070f000000|
| 241|0x000000070f100000, 0x000000070f100000, 0x000000070f200000|  0%| F|  |TS  0|AC  0|TAMS 0x000000070f100000, 0x000000070f100000|
| 242|0x000000070f200000, 0x000000070f200000, 0x000000070f300000|  0%| F|  |TS  0|AC  0|TAMS 0x000000070f200000, 0x000000070f200000|
| 243|0x000000070f300000, 0x000000070f300000, 0x000000070f400000|  0%| F|  |TS  0|AC  0|TAMS 0x000000070f300000, 0x000000070f300000|
| 244|0x000000070f400000, 0x000000070f400000, 0x000000070f500000|  0%| F|  |TS  0|AC  0|TAMS 0x000000070f400000, 0x000000070f400000|
| 245|0x000000070f500000, 0x000000070f500000, 0x000000070f600000|  0%| F|  |TS  0|AC  0|TAMS 0x000000070f500000, 0x000000070f500000|
| 246|0x000000070f600000, 0x000000070f600000, 0x000000070f700000|  0%| F|  |TS  0|AC  0|TAMS 0x000000070f600000, 0x000000070f600000|
| 247|0x000000070f700000, 0x000000070f700000, 0x000000070f800000|  0%| F|  |TS  0|AC  0|TAMS 0x000000070f700000, 0x000000070f700000|
| 248|0x000000070f800000, 0x000000070f800000, 0x000000070f900000|  0%| F|  |TS  0|AC  0|TAMS 0x000000070f800000, 0x000000070f800000|
| 249|0x000000070f900000, 0x000000070f900000, 0x000000070fa00000|  0%| F|  |TS  0|AC  0|TAMS 0x000000070f900000, 0x000000070f900000|
| 250|0x000000070fa00000, 0x000000070fa00000, 0x000000070fb00000|  0%| F|  |TS  0|AC  0|TAMS 0x000000070fa00000, 0x000000070fa00000|
| 251|0x000000070fb00000, 0x000000070fb00000, 0x000000070fc00000|  0%| F|  |TS  0|AC  0|TAMS 0x000000070fb00000, 0x000000070fb00000|
| 252|0x000000070fc00000, 0x000000070fc00000, 0x000000070fd00000|  0%| F|  |TS  0|AC  0|TAMS 0x000000070fc00000, 0x000000070fc00000|
| 253|0x000000070fd00000, 0x000000070fd00000, 0x000000070fe00000|  0%| F|  |TS  0|AC  0|TAMS 0x000000070fd00000, 0x000000070fd00000|
| 254|0x000000070fe00000, 0x000000070fe00000, 0x000000070ff00000|  0%| F|  |TS  0|AC  0|TAMS 0x000000070fe00000, 0x000000070fe00000|
| 255|0x000000070ff00000, 0x000000070ff00000, 0x0000000710000000|  0%| F|  |TS  0|AC  0|TAMS 0x000000070ff00000, 0x000000070ff00000|
| 256|0x0000000710000000, 0x0000000710000000, 0x0000000710100000|  0%| F|  |TS  0|AC  0|TAMS 0x0000000710000000, 0x0000000710000000|
| 257|0x0000000710100000, 0x0000000710100000, 0x0000000710200000|  0%| F|  |TS  0|AC  0|TAMS 0x0000000710100000, 0x0000000710100000|
| 258|0x0000000710200000, 0x0000000710200000, 0x0000000710300000|  0%| F|  |TS  0|AC  0|TAMS 0x0000000710200000, 0x0000000710200000|
| 259|0x0000000710300000, 0x0000000710300000, 0x0000000710400000|  0%| F|  |TS  0|AC  0|TAMS 0x0000000710300000, 0x0000000710300000|
| 260|0x0000000710400000, 0x0000000710400000, 0x0000000710500000|  0%| F|  |TS  0|AC  0|TAMS 0x0000000710400000, 0x0000000710400000|
| 261|0x0000000710500000, 0x0000000710500000, 0x0000000710600000|  0%| F|  |TS  0|AC  0|TAMS 0x0000000710500000, 0x0000000710500000|
| 262|0x0000000710600000, 0x0000000710600000, 0x0000000710700000|  0%| F|  |TS  0|AC  0|TAMS 0x0000000710600000, 0x0000000710600000|
| 263|0x0000000710700000, 0x0000000710700000, 0x0000000710800000|  0%| F|  |TS  0|AC  0|TAMS 0x0000000710700000, 0x0000000710700000|
| 264|0x0000000710800000, 0x0000000710800000, 0x0000000710900000|  0%| F|  |TS  0|AC  0|TAMS 0x0000000710800000, 0x0000000710800000|
| 265|0x0000000710900000, 0x0000000710900000, 0x0000000710a00000|  0%| F|  |TS  0|AC  0|TAMS 0x0000000710900000, 0x0000000710900000|
| 266|0x0000000710a00000, 0x0000000710a00000, 0x0000000710b00000|  0%| F|  |TS  0|AC  0|TAMS 0x0000000710a00000, 0x0000000710a00000|
| 267|0x0000000710b00000, 0x0000000710b00000, 0x0000000710c00000|  0%| F|  |TS  0|AC  0|TAMS 0x0000000710b00000, 0x0000000710b00000|
| 268|0x0000000710c00000, 0x0000000710c00000, 0x0000000710d00000|  0%| F|  |TS  0|AC  0|TAMS 0x0000000710c00000, 0x0000000710c00000|
| 269|0x0000000710d00000, 0x0000000710d00000, 0x0000000710e00000|  0%| F|  |TS  0|AC  0|TAMS 0x0000000710d00000, 0x0000000710d00000|
| 270|0x0000000710e00000, 0x0000000710e00000, 0x0000000710f00000|  0%| F|  |TS  0|AC  0|TAMS 0x0000000710e00000, 0x0000000710e00000|
| 271|0x0000000710f00000, 0x0000000710f00000, 0x0000000711000000|  0%| F|  |TS  0|AC  0|TAMS 0x0000000710f00000, 0x0000000710f00000|
| 272|0x0000000711000000, 0x0000000711000000, 0x0000000711100000|  0%| F|  |TS  0|AC  0|TAMS 0x0000000711000000, 0x0000000711000000|
| 273|0x0000000711100000, 0x0000000711100000, 0x0000000711200000|  0%| F|  |TS  0|AC  0|TAMS 0x0000000711100000, 0x0000000711100000|
| 274|0x0000000711200000, 0x0000000711200000, 0x0000000711300000|  0%| F|  |TS  0|AC  0|TAMS 0x0000000711200000, 0x0000000711200000|
| 275|0x0000000711300000, 0x0000000711300000, 0x0000000711400000|  0%| F|  |TS  0|AC  0|TAMS 0x0000000711300000, 0x0000000711300000|
| 276|0x0000000711400000, 0x0000000711400000, 0x0000000711500000|  0%| F|  |TS  0|AC  0|TAMS 0x0000000711400000, 0x0000000711400000|
| 277|0x0000000711500000, 0x0000000711500000, 0x0000000711600000|  0%| F|  |TS  0|AC  0|TAMS 0x0000000711500000, 0x0000000711500000|
| 278|0x0000000711600000, 0x0000000711600000, 0x0000000711700000|  0%| F|  |TS  0|AC  0|TAMS 0x0000000711600000, 0x0000000711600000|
| 279|0x0000000711700000, 0x0000000711700000, 0x0000000711800000|  0%| F|  |TS  0|AC  0|TAMS 0x0000000711700000, 0x0000000711700000|
| 280|0x0000000711800000, 0x0000000711800000, 0x0000000711900000|  0%| F|  |TS  0|AC  0|TAMS 0x0000000711800000, 0x0000000711800000|
| 281|0x0000000711900000, 0x0000000711900000, 0x0000000711a00000|  0%| F|  |TS  0|AC  0|TAMS 0x0000000711900000, 0x0000000711900000|
| 282|0x0000000711a00000, 0x0000000711a00000, 0x0000000711b00000|  0%| F|  |TS  0|AC  0|TAMS 0x0000000711a00000, 0x0000000711a00000|
| 283|0x0000000711b00000, 0x0000000711b00000, 0x0000000711c00000|  0%| F|  |TS  0|AC  0|TAMS 0x0000000711b00000, 0x0000000711b00000|
| 284|0x0000000711c00000, 0x0000000711c00000, 0x0000000711d00000|  0%| F|  |TS  0|AC  0|TAMS 0x0000000711c00000, 0x0000000711c00000|
| 285|0x0000000711d00000, 0x0000000711d00000, 0x0000000711e00000|  0%| F|  |TS  0|AC  0|TAMS 0x0000000711d00000, 0x0000000711d00000|
| 286|0x0000000711e00000, 0x0000000711e00000, 0x0000000711f00000|  0%| F|  |TS  0|AC  0|TAMS 0x0000000711e00000, 0x0000000711e00000|
| 287|0x0000000711f00000, 0x0000000711f00000, 0x0000000712000000|  0%| F|  |TS  0|AC  0|TAMS 0x0000000711f00000, 0x0000000711f00000|
| 288|0x0000000712000000, 0x0000000712000000, 0x0000000712100000|  0%| F|  |TS  0|AC  0|TAMS 0x0000000712000000, 0x0000000712000000|
| 289|0x0000000712100000, 0x0000000712100000, 0x0000000712200000|  0%| F|  |TS  0|AC  0|TAMS 0x0000000712100000, 0x0000000712100000|
| 290|0x0000000712200000, 0x0000000712200000, 0x0000000712300000|  0%| F|  |TS  0|AC  0|TAMS 0x0000000712200000, 0x0000000712200000|
| 291|0x0000000712300000, 0x0000000712300000, 0x0000000712400000|  0%| F|  |TS  0|AC  0|TAMS 0x0000000712300000, 0x0000000712300000|
| 292|0x0000000712400000, 0x0000000712400000, 0x0000000712500000|  0%| F|  |TS  0|AC  0|TAMS 0x0000000712400000, 0x0000000712400000|
| 293|0x0000000712500000, 0x0000000712500000, 0x0000000712600000|  0%| F|  |TS  0|AC  0|TAMS 0x0000000712500000, 0x0000000712500000|
| 294|0x0000000712600000, 0x0000000712600000, 0x0000000712700000|  0%| F|  |TS  0|AC  0|TAMS 0x0000000712600000, 0x0000000712600000|
| 295|0x0000000712700000, 0x0000000712700000, 0x0000000712800000|  0%| F|  |TS  0|AC  0|TAMS 0x0000000712700000, 0x0000000712700000|
| 296|0x0000000712800000, 0x0000000712800000, 0x0000000712900000|  0%| F|  |TS  0|AC  0|TAMS 0x0000000712800000, 0x0000000712800000|
| 297|0x0000000712900000, 0x0000000712900000, 0x0000000712a00000|  0%| F|  |TS  0|AC  0|TAMS 0x0000000712900000, 0x0000000712900000|
| 298|0x0000000712a00000, 0x0000000712a00000, 0x0000000712b00000|  0%| F|  |TS  0|AC  0|TAMS 0x0000000712a00000, 0x0000000712a00000|
| 299|0x0000000712b00000, 0x0000000712b00000, 0x0000000712c00000|  0%| F|  |TS  0|AC  0|TAMS 0x0000000712b00000, 0x0000000712b00000|
| 300|0x0000000712c00000, 0x0000000712c00000, 0x0000000712d00000|  0%| F|  |TS  0|AC  0|TAMS 0x0000000712c00000, 0x0000000712c00000|
| 301|0x0000000712d00000, 0x0000000712d00000, 0x0000000712e00000|  0%| F|  |TS  0|AC  0|TAMS 0x0000000712d00000, 0x0000000712d00000|
| 302|0x0000000712e00000, 0x0000000712e00000, 0x0000000712f00000|  0%| F|  |TS  0|AC  0|TAMS 0x0000000712e00000, 0x0000000712e00000|
| 303|0x0000000712f00000, 0x0000000712f00000, 0x0000000713000000|  0%| F|  |TS  0|AC  0|TAMS 0x0000000712f00000, 0x0000000712f00000|
| 304|0x0000000713000000, 0x0000000713000000, 0x0000000713100000|  0%| F|  |TS  0|AC  0|TAMS 0x0000000713000000, 0x0000000713000000|
| 305|0x0000000713100000, 0x0000000713100000, 0x0000000713200000|  0%| F|  |TS  0|AC  0|TAMS 0x0000000713100000, 0x0000000713100000|
| 306|0x0000000713200000, 0x0000000713200000, 0x0000000713300000|  0%| F|  |TS  0|AC  0|TAMS 0x0000000713200000, 0x0000000713200000|
| 307|0x0000000713300000, 0x0000000713300000, 0x0000000713400000|  0%| F|  |TS  0|AC  0|TAMS 0x0000000713300000, 0x0000000713300000|
| 308|0x0000000713400000, 0x0000000713400000, 0x0000000713500000|  0%| F|  |TS  0|AC  0|TAMS 0x0000000713400000, 0x0000000713400000|
| 309|0x0000000713500000, 0x0000000713500000, 0x0000000713600000|  0%| F|  |TS  0|AC  0|TAMS 0x0000000713500000, 0x0000000713500000|
| 310|0x0000000713600000, 0x0000000713600000, 0x0000000713700000|  0%| F|  |TS  0|AC  0|TAMS 0x0000000713600000, 0x0000000713600000|
| 311|0x0000000713700000, 0x0000000713700000, 0x0000000713800000|  0%| F|  |TS  0|AC  0|TAMS 0x0000000713700000, 0x0000000713700000|
| 312|0x0000000713800000, 0x0000000713800000, 0x0000000713900000|  0%| F|  |TS  0|AC  0|TAMS 0x0000000713800000, 0x0000000713800000|
| 313|0x0000000713900000, 0x0000000713900000, 0x0000000713a00000|  0%| F|  |TS  0|AC  0|TAMS 0x0000000713900000, 0x0000000713900000|
| 314|0x0000000713a00000, 0x0000000713a00000, 0x0000000713b00000|  0%| F|  |TS  0|AC  0|TAMS 0x0000000713a00000, 0x0000000713a00000|
| 315|0x0000000713b00000, 0x0000000713b00000, 0x0000000713c00000|  0%| F|  |TS  0|AC  0|TAMS 0x0000000713b00000, 0x0000000713b00000|
| 316|0x0000000713c00000, 0x0000000713c00000, 0x0000000713d00000|  0%| F|  |TS  0|AC  0|TAMS 0x0000000713c00000, 0x0000000713c00000|
| 317|0x0000000713d00000, 0x0000000713d88de8, 0x0000000713e00000| 53%| E|  |TS  0|AC  0|TAMS 0x0000000713d00000, 0x0000000713d00000|
| 318|0x0000000713e00000, 0x0000000713f00000, 0x0000000713f00000|100%| E|CS|TS  0|AC  0|TAMS 0x0000000713e00000, 0x0000000713e00000|
| 319|0x0000000713f00000, 0x0000000714000000, 0x0000000714000000|100%| E|CS|TS  0|AC  0|TAMS 0x0000000713f00000, 0x0000000713f00000|
| 320|0x0000000714000000, 0x0000000714100000, 0x0000000714100000|100%| E|CS|TS  0|AC  0|TAMS 0x0000000714000000, 0x0000000714000000|
| 321|0x0000000714100000, 0x0000000714200000, 0x0000000714200000|100%| E|CS|TS  0|AC  0|TAMS 0x0000000714100000, 0x0000000714100000|
| 322|0x0000000714200000, 0x0000000714300000, 0x0000000714300000|100%| E|CS|TS  0|AC  0|TAMS 0x0000000714200000, 0x0000000714200000|
| 323|0x0000000714300000, 0x0000000714400000, 0x0000000714400000|100%| E|CS|TS  0|AC  0|TAMS 0x0000000714300000, 0x0000000714300000|
| 324|0x0000000714400000, 0x0000000714500000, 0x0000000714500000|100%| E|CS|TS  0|AC  0|TAMS 0x0000000714400000, 0x0000000714400000|
| 325|0x0000000714500000, 0x0000000714600000, 0x0000000714600000|100%| E|CS|TS  0|AC  0|TAMS 0x0000000714500000, 0x0000000714500000|
| 326|0x0000000714600000, 0x0000000714700000, 0x0000000714700000|100%| E|CS|TS  0|AC  0|TAMS 0x0000000714600000, 0x0000000714600000|
| 327|0x0000000714700000, 0x0000000714800000, 0x0000000714800000|100%| E|CS|TS  0|AC  0|TAMS 0x0000000714700000, 0x0000000714700000|
| 328|0x0000000714800000, 0x0000000714900000, 0x0000000714900000|100%| E|CS|TS  0|AC  0|TAMS 0x0000000714800000, 0x0000000714800000|
| 329|0x0000000714900000, 0x0000000714a00000, 0x0000000714a00000|100%| E|CS|TS  0|AC  0|TAMS 0x0000000714900000, 0x0000000714900000|
| 330|0x0000000714a00000, 0x0000000714b00000, 0x0000000714b00000|100%| E|CS|TS  0|AC  0|TAMS 0x0000000714a00000, 0x0000000714a00000|
| 331|0x0000000714b00000, 0x0000000714c00000, 0x0000000714c00000|100%| E|CS|TS  0|AC  0|TAMS 0x0000000714b00000, 0x0000000714b00000|
| 332|0x0000000714c00000, 0x0000000714d00000, 0x0000000714d00000|100%| E|CS|TS  0|AC  0|TAMS 0x0000000714c00000, 0x0000000714c00000|
| 333|0x0000000714d00000, 0x0000000714e00000, 0x0000000714e00000|100%| E|CS|TS  0|AC  0|TAMS 0x0000000714d00000, 0x0000000714d00000|
| 334|0x0000000714e00000, 0x0000000714f00000, 0x0000000714f00000|100%| E|CS|TS  0|AC  0|TAMS 0x0000000714e00000, 0x0000000714e00000|
| 335|0x0000000714f00000, 0x0000000715000000, 0x0000000715000000|100%| E|CS|TS  0|AC  0|TAMS 0x0000000714f00000, 0x0000000714f00000|
| 336|0x0000000715000000, 0x0000000715100000, 0x0000000715100000|100%| E|CS|TS  0|AC  0|TAMS 0x0000000715000000, 0x0000000715000000|
| 337|0x0000000715100000, 0x0000000715200000, 0x0000000715200000|100%| E|CS|TS  0|AC  0|TAMS 0x0000000715100000, 0x0000000715100000|
| 338|0x0000000715200000, 0x0000000715300000, 0x0000000715300000|100%| E|CS|TS  0|AC  0|TAMS 0x0000000715200000, 0x0000000715200000|
| 339|0x0000000715300000, 0x0000000715400000, 0x0000000715400000|100%| E|CS|TS  0|AC  0|TAMS 0x0000000715300000, 0x0000000715300000|
| 340|0x0000000715400000, 0x0000000715500000, 0x0000000715500000|100%| E|CS|TS  0|AC  0|TAMS 0x0000000715400000, 0x0000000715400000|
| 341|0x0000000715500000, 0x0000000715600000, 0x0000000715600000|100%| E|CS|TS  0|AC  0|TAMS 0x0000000715500000, 0x0000000715500000|
| 342|0x0000000715600000, 0x0000000715700000, 0x0000000715700000|100%| E|CS|TS  0|AC  0|TAMS 0x0000000715600000, 0x0000000715600000|
| 343|0x0000000715700000, 0x0000000715800000, 0x0000000715800000|100%| E|CS|TS  0|AC  0|TAMS 0x0000000715700000, 0x0000000715700000|
| 344|0x0000000715800000, 0x0000000715900000, 0x0000000715900000|100%| E|CS|TS  0|AC  0|TAMS 0x0000000715800000, 0x0000000715800000|
| 345|0x0000000715900000, 0x0000000715a00000, 0x0000000715a00000|100%| E|CS|TS  0|AC  0|TAMS 0x0000000715900000, 0x0000000715900000|
| 346|0x0000000715a00000, 0x0000000715b00000, 0x0000000715b00000|100%| E|CS|TS  0|AC  0|TAMS 0x0000000715a00000, 0x0000000715a00000|

Card table byte_map: [0x0000022bc6680000,0x0000022bc6c80000] byte_map_base: 0x0000022bc2e80000

Marking Bits (Prev, Next): (CMBitMap*) 0x0000022bad6706a8, (CMBitMap*) 0x0000022bad670670
 Prev Bits: [0x0000022bcf2a0000, 0x0000022bd22a0000)
 Next Bits: [0x0000022bcc2a0000, 0x0000022bcf2a0000)

Polling page: 0x0000022baaa10000

CodeHeap 'non-profiled nmethods': size=119168Kb used=19954Kb max_used=19954Kb free=99213Kb
 bounds [0x0000022bbe2f0000, 0x0000022bbf670000, 0x0000022bc5750000]
CodeHeap 'profiled nmethods': size=119168Kb used=43325Kb max_used=43325Kb free=75842Kb
 bounds [0x0000022bb6e90000, 0x0000022bb9920000, 0x0000022bbe2f0000]
CodeHeap 'non-nmethods': size=7424Kb used=3477Kb max_used=3515Kb free=3946Kb
 bounds [0x0000022bb6750000, 0x0000022bb6ae0000, 0x0000022bb6e90000]
 total_blobs=31855 nmethods=17349 adapters=1124
 compilation: enabled

Compilation events (10 events):
Event: 717.445 Thread 0x0000022be6c11000 nmethod 21914 0x0000022bb9797d10 code [0x0000022bb9797ec0, 0x0000022bb9798050]
Event: 717.445 Thread 0x0000022be6c0e800 nmethod 21913 0x0000022bb9916510 code [0x0000022bb9916800, 0x0000022bb9917b50]
Event: 717.468 Thread 0x0000022be6c16000 21918       3       ui.data.l.ba::a (72 bytes)
Event: 717.468 Thread 0x0000022be6c0f000 21916       3       ui.data.l.ba::a (86 bytes)
Event: 717.468 Thread 0x0000022be6c11000 21917       3       ui.views.Q.dy::jog (8 bytes)
Event: 717.468 Thread 0x0000022be6c11000 nmethod 21917 0x0000022bb97f9810 code [0x0000022bb97f99c0, 0x0000022bb97f9b70]
Event: 717.468 Thread 0x0000022be6c16000 nmethod 21918 0x0000022bb9918010 code [0x0000022bb9918240, 0x0000022bb9918d30]
Event: 717.468 Thread 0x0000022be6c0f000 nmethod 21916 0x0000022bb9919010 code [0x0000022bb9919260, 0x0000022bb991a010]
Event: 717.471 Thread 0x0000022be6c0e800 21919       3       ui.data.l.ba::a (13 bytes)
Event: 717.471 Thread 0x0000022be6c0e800 nmethod 21919 0x0000022bb991a310 code [0x0000022bb991a4c0, 0x0000022bb991a690]

GC Heap History (10 events):
Event: 702.907 GC heap before
{Heap before GC invocations=156 (full 5):
 garbage-first heap   total 355328K, used 171391K [0x0000000700000000, 0x0000000700100ad8, 0x00000007c0000000)
  region size 1024K, 60 young (61440K), 2 survivors (2048K)
 Metaspace       used 87483K, capacity 93971K, committed 94080K, reserved 1130496K
  class space    used 12793K, capacity 13939K, committed 13952K, reserved 1048576K
}
Event: 702.909 GC heap after
{Heap after GC invocations=157 (full 5):
 garbage-first heap   total 355328K, used 113109K [0x0000000700000000, 0x0000000700100ad8, 0x00000007c0000000)
  region size 1024K, 4 young (4096K), 4 survivors (4096K)
 Metaspace       used 87483K, capacity 93971K, committed 94080K, reserved 1130496K
  class space    used 12793K, capacity 13939K, committed 13952K, reserved 1048576K
}
Event: 710.840 GC heap before
{Heap before GC invocations=157 (full 5):
 garbage-first heap   total 355328K, used 170453K [0x0000000700000000, 0x0000000700100ad8, 0x00000007c0000000)
  region size 1024K, 60 young (61440K), 4 survivors (4096K)
 Metaspace       used 87763K, capacity 94205K, committed 94464K, reserved 1130496K
  class space    used 12854K, capacity 13972K, committed 14080K, reserved 1048576K
}
Event: 710.843 GC heap after
{Heap after GC invocations=158 (full 5):
 garbage-first heap   total 355328K, used 114030K [0x0000000700000000, 0x0000000700100ad8, 0x00000007c0000000)
  region size 1024K, 4 young (4096K), 4 survivors (4096K)
 Metaspace       used 87763K, capacity 94205K, committed 94464K, reserved 1130496K
  class space    used 12854K, capacity 13972K, committed 14080K, reserved 1048576K
}
Event: 713.608 GC heap before
{Heap before GC invocations=158 (full 5):
 garbage-first heap   total 355328K, used 171374K [0x0000000700000000, 0x0000000700100ad8, 0x00000007c0000000)
  region size 1024K, 60 young (61440K), 4 survivors (4096K)
 Metaspace       used 87802K, capacity 94269K, committed 94464K, reserved 1130496K
  class space    used 12855K, capacity 13972K, committed 14080K, reserved 1048576K
}
Event: 713.611 GC heap after
{Heap after GC invocations=159 (full 5):
 garbage-first heap   total 355328K, used 114158K [0x0000000700000000, 0x0000000700100ad8, 0x00000007c0000000)
  region size 1024K, 5 young (5120K), 5 survivors (5120K)
 Metaspace       used 87802K, capacity 94269K, committed 94464K, reserved 1130496K
  class space    used 12855K, capacity 13972K, committed 14080K, reserved 1048576K
}
Event: 713.793 GC heap before
{Heap before GC invocations=159 (full 5):
 garbage-first heap   total 355328K, used 170478K [0x0000000700000000, 0x0000000700100ad8, 0x00000007c0000000)
  region size 1024K, 60 young (61440K), 5 survivors (5120K)
 Metaspace       used 87804K, capacity 94269K, committed 94464K, reserved 1130496K
  class space    used 12855K, capacity 13972K, committed 14080K, reserved 1048576K
}
Event: 713.796 GC heap after
{Heap after GC invocations=160 (full 5):
 garbage-first heap   total 355328K, used 114109K [0x0000000700000000, 0x0000000700100ad8, 0x00000007c0000000)
  region size 1024K, 5 young (5120K), 5 survivors (5120K)
 Metaspace       used 87804K, capacity 94269K, committed 94464K, reserved 1130496K
  class space    used 12855K, capacity 13972K, committed 14080K, reserved 1048576K
}
Event: 716.539 GC heap before
{Heap before GC invocations=160 (full 5):
 garbage-first heap   total 355328K, used 150973K [0x0000000700000000, 0x0000000700100ad8, 0x00000007c0000000)
  region size 1024K, 42 young (43008K), 5 survivors (5120K)
 Metaspace       used 87988K, capacity 94493K, committed 94720K, reserved 1130496K
  class space    used 12871K, capacity 14004K, committed 14080K, reserved 1048576K
}
Event: 716.767 GC heap after
{Heap after GC invocations=161 (full 6):
 garbage-first heap   total 355328K, used 111393K [0x0000000700000000, 0x0000000700100ad8, 0x00000007c0000000)
  region size 1024K, 0 young (0K), 0 survivors (0K)
 Metaspace       used 87988K, capacity 94493K, committed 94720K, reserved 1130496K
  class space    used 12871K, capacity 14004K, committed 14080K, reserved 1048576K
}

Deoptimization events (10 events):
Event: 710.833 Thread 0x0000022bd788f000 Uncommon trap: reason=class_check action=maybe_recompile pc=0x0000022bbf43e5d4 method=javax.swing.plaf.synth.SynthTextFieldUI.updateStyle(Ljavax/swing/text/JTextComponent;Ljavax/swing/plaf/synth/SynthContext;Ljava/lang/String;)V @ 55 c2
Event: 711.623 Thread 0x0000022bd788f000 Uncommon trap: reason=class_check action=maybe_recompile pc=0x0000022bbf43e5d4 method=javax.swing.plaf.synth.SynthTextFieldUI.updateStyle(Ljavax/swing/text/JTextComponent;Ljavax/swing/plaf/synth/SynthContext;Ljava/lang/String;)V @ 55 c2
Event: 713.805 Thread 0x0000022bd788f000 Uncommon trap: reason=bimorphic_or_optimized_type_check action=maybe_recompile pc=0x0000022bbf419a38 method=com.jidesoft.swing.DefaultOverlayable.setOverlayVisible(Z)V @ 30 c2
Event: 713.878 Thread 0x0000022bd788f000 Uncommon trap: reason=unstable_if action=reinterpret pc=0x0000022bbf245814 method=javax.swing.text.DefaultCaret.changeCaretPosition(ILjavax/swing/text/Position$Bias;)V @ 18 c2
Event: 713.879 Thread 0x0000022bd788f000 Uncommon trap: reason=bimorphic_or_optimized_type_check action=maybe_recompile pc=0x0000022bbf419a38 method=com.jidesoft.swing.DefaultOverlayable.setOverlayVisible(Z)V @ 30 c2
Event: 714.002 Thread 0x0000022bd788f000 Uncommon trap: reason=unstable_if action=reinterpret pc=0x0000022bbf5312e8 method=ui.views.Q.iC.mouseMoved(Ljava/awt/event/MouseEvent;)V @ 26 c2
Event: 716.273 Thread 0x0000022bd788f000 Uncommon trap: reason=bimorphic_or_optimized_type_check action=maybe_recompile pc=0x0000022bbf48f6a8 method=ui.data.A.c(Lui/data/bp;)Z @ 1 c2
Event: 716.273 Thread 0x0000022bd788f000 Uncommon trap: reason=bimorphic_or_optimized_type_check action=maybe_recompile pc=0x0000022bbf48f6a8 method=ui.data.A.c(Lui/data/bp;)Z @ 1 c2
Event: 716.273 Thread 0x0000022bd788f000 Uncommon trap: reason=bimorphic_or_optimized_type_check action=maybe_recompile pc=0x0000022bbf48f6a8 method=ui.data.A.c(Lui/data/bp;)Z @ 1 c2
Event: 716.273 Thread 0x0000022bd788f000 Uncommon trap: reason=bimorphic_or_optimized_type_check action=maybe_recompile pc=0x0000022bbf48f6a8 method=ui.data.A.c(Lui/data/bp;)Z @ 1 c2

Classes redefined (0 events):
No events

Internal exceptions (10 events):
Event: 712.027 Thread 0x0000022bd788f000 Exception <a 'java/io/FileNotFoundException'{0x0000000713cb9468}> (0x0000000713cb9468) thrown at [t:/workspace/hotspot/src/share/vm/prims/jni.cpp, line 604]
Event: 712.180 Thread 0x0000022bd788f000 Exception <a 'java/io/FileNotFoundException'{0x0000000713cda368}> (0x0000000713cda368) thrown at [t:/workspace/hotspot/src/share/vm/prims/jni.cpp, line 604]
Event: 715.625 Thread 0x0000022bd788f000 Exception <a 'java/io/FileNotFoundException'{0x000000071415b8b0}> (0x000000071415b8b0) thrown at [t:/workspace/hotspot/src/share/vm/prims/jni.cpp, line 604]
Event: 716.340 Thread 0x0000022bd788f000 Exception <a 'java/io/FileNotFoundException'{0x0000000713bb6bf0}> (0x0000000713bb6bf0) thrown at [t:/workspace/hotspot/src/share/vm/prims/jni.cpp, line 604]
Event: 716.767 Thread 0x0000022bd788f000 Exception <a 'java/io/FileNotFoundException'{0x0000000715a106b8}> (0x0000000715a106b8) thrown at [t:/workspace/hotspot/src/share/vm/prims/jni.cpp, line 604]
Event: 716.871 Thread 0x0000022bd788f000 Exception <a 'java/io/FileNotFoundException'{0x00000007158e0fb8}> (0x00000007158e0fb8) thrown at [t:/workspace/hotspot/src/share/vm/prims/jni.cpp, line 604]
Event: 717.036 Thread 0x0000022bd788f000 Exception <a 'java/io/FileNotFoundException'{0x0000000715558010}> (0x0000000715558010) thrown at [t:/workspace/hotspot/src/share/vm/prims/jni.cpp, line 604]
Event: 717.370 Thread 0x0000022bd788f000 Exception <a 'java/io/FileNotFoundException'{0x000000071555d280}> (0x000000071555d280) thrown at [t:/workspace/hotspot/src/share/vm/prims/jni.cpp, line 604]
Event: 717.373 Thread 0x0000022bda22e000 Exception <a 'ui/frmwork/CommandFailedException'{0x0000000715587460}> (0x0000000715587460) thrown at [t:/workspace/hotspot/src/share/vm/prims/jni.cpp, line 604]
Event: 717.471 Thread 0x0000022bd788f000 Exception <a 'de/concept/nlview/NlviewException'{0x0000000713d1fed8}> (0x0000000713d1fed8) thrown at [t:/workspace/hotspot/src/share/vm/prims/jni.cpp, line 604]

Events (10 events):
Event: 716.539 Executing VM operation: G1CollectFull
Event: 716.767 Executing VM operation: G1CollectFull done
Event: 716.767 Thread 0x0000022bda237800 Thread exited: 0x0000022bda237800
Event: 716.775 Executing VM operation: RevokeBias
Event: 716.775 Executing VM operation: RevokeBias done
Event: 717.369 Thread 0x0000022bda235000 Thread added: 0x0000022bda235000
Event: 717.372 Thread 0x0000022bda235000 Thread exited: 0x0000022bda235000
Event: 717.373 Thread 0x0000022bda22e000 Thread exited: 0x0000022bda22e000
Event: 717.391 Executing VM operation: RevokeBias
Event: 717.391 Executing VM operation: RevokeBias done


Dynamic libraries:
0x00007ff7d3c90000 - 0x00007ff7d3cc0000 	C:\Xilinx\Vivado\2020.1\bin\unwrapped\win64.o\vivado.exe
0x00007ff809230000 - 0x00007ff809447000 	C:\WINDOWS\SYSTEM32\ntdll.dll
0x00007ff808070000 - 0x00007ff808134000 	C:\WINDOWS\System32\KERNEL32.DLL
0x00007ff806760000 - 0x00007ff806b07000 	C:\WINDOWS\System32\KERNELBASE.dll
0x00007ff806e40000 - 0x00007ff806f51000 	C:\WINDOWS\System32\ucrtbase.dll
0x00007fffe3960000 - 0x00007fffe39ed000 	C:\WINDOWS\SYSTEM32\MSVCP140.dll
0x00007fffc7ab0000 - 0x00007fffc7ac4000 	C:\Xilinx\Vivado\2020.1\lib\win64.o\libboost_signals.dll
0x00007fffd5130000 - 0x00007fffd514a000 	C:\Xilinx\Vivado\2020.1\lib\win64.o\librdi_commonmain.dll
0x00007fff21a50000 - 0x00007fff22b16000 	C:\Xilinx\Vivado\2020.1\lib\win64.o\librdi_common.dll
0x00007fffe3940000 - 0x00007fffe395d000 	C:\WINDOWS\SYSTEM32\VCRUNTIME140.dll
0x00007ff806f60000 - 0x00007ff80710e000 	C:\WINDOWS\System32\USER32.dll
0x00007ff806b10000 - 0x00007ff806b36000 	C:\WINDOWS\System32\win32u.dll
0x00007fffe3930000 - 0x00007fffe393c000 	C:\WINDOWS\SYSTEM32\VCRUNTIME140_1.dll
0x00007ff807bd0000 - 0x00007ff807bf9000 	C:\WINDOWS\System32\GDI32.dll
0x00007ff806cf0000 - 0x00007ff806e09000 	C:\WINDOWS\System32\gdi32full.dll
0x00007fffc6520000 - 0x00007fffc6546000 	C:\Xilinx\Vivado\2020.1\lib\win64.o\libboost_filesystem.dll
0x00007ff806550000 - 0x00007ff8065ea000 	C:\WINDOWS\System32\msvcp_win.dll
0x00007fffaba30000 - 0x00007fffabbd1000 	C:\Xilinx\Vivado\2020.1\lib\win64.o\librdi_commonxillic.dll
0x00007ff8083e0000 - 0x00007ff808492000 	C:\WINDOWS\System32\ADVAPI32.dll
0x00007ffffe170000 - 0x00007ffffe17a000 	C:\Xilinx\Vivado\2020.1\lib\win64.o\librdi_commonversion.dll
0x00007ff809060000 - 0x00007ff8090d1000 	C:\WINDOWS\System32\WS2_32.dll
0x00007ff807b00000 - 0x00007ff807ba7000 	C:\WINDOWS\System32\msvcrt.dll
0x00007ff808800000 - 0x00007ff80905c000 	C:\WINDOWS\System32\SHELL32.dll
0x00007ff8086e0000 - 0x00007ff8087f5000 	C:\WINDOWS\System32\RPCRT4.dll
0x00007ff806e10000 - 0x00007ff806e38000 	C:\WINDOWS\System32\bcrypt.dll
0x00007ff807ce0000 - 0x00007ff807d88000 	C:\WINDOWS\System32\sechost.dll
0x0000000059810000 - 0x000000005993b000 	C:\Xilinx\Vivado\2020.1\lib\win64.o\tcl85t.dll
0x00007fffa6f00000 - 0x00007fffa726e000 	C:\Xilinx\Vivado\2020.1\lib\win64.o\libCOIN-all.dll
0x00007fffc4660000 - 0x00007fffc4674000 	C:\Xilinx\Vivado\2020.1\lib\win64.o\libboost_date_time.dll
0x00007fffb9fd0000 - 0x00007fffba04f000 	C:\Xilinx\Vivado\2020.1\lib\win64.o\libboost_program_options.dll
0x00007fffb7c80000 - 0x00007fffb7d94000 	C:\Xilinx\Vivado\2020.1\lib\win64.o\libboost_regex.dll
0x00007fffea800000 - 0x00007fffea80b000 	C:\Xilinx\Vivado\2020.1\lib\win64.o\libboost_system.dll
0x00007fffc4400000 - 0x00007fffc4421000 	C:\Xilinx\Vivado\2020.1\lib\win64.o\libboost_thread.dll
0x00007fffb6ed0000 - 0x00007fffb6f52000 	C:\Xilinx\Vivado\2020.1\lib\win64.o\libhdlpsolve.dll
0x00007fffea500000 - 0x00007fffea50f000 	C:\Xilinx\Vivado\2020.1\lib\win64.o\libboost_xilinx.dll
0x00007fffb6c30000 - 0x00007fffb6cd5000 	C:\Xilinx\Vivado\2020.1\lib\win64.o\libhdxml.dll
0x00007fff24a60000 - 0x00007fff25715a00 	C:\Xilinx\Vivado\2020.1\lib\win64.o\libisl_iostreams.dll
0x00007fffbbca0000 - 0x00007fffbbd05000 	C:\Xilinx\Vivado\2020.1\lib\win64.o\liblmx6.0.dll
0x00007fffc43d0000 - 0x00007fffc43fe000 	C:\Xilinx\Vivado\2020.1\lib\win64.o\libisl_sysinfo.dll
0x00007fffc42c0000 - 0x00007fffc42da000 	C:\Xilinx\Vivado\2020.1\lib\win64.o\pthreadVC2.dll
0x00007fffc42a0000 - 0x00007fffc42bc000 	C:\Xilinx\Vivado\2020.1\lib\win64.o\librdiconfig.dll
0x00007fffc3f40000 - 0x00007fffc3f61000 	C:\Xilinx\Vivado\2020.1\lib\win64.o\librdizlib.dll
0x0000000012000000 - 0x0000000012270000 	C:\Xilinx\Vivado\2020.1\lib\win64.o\xerces-c_3_1.dll
0x00007fffa6b50000 - 0x00007fffa6e2b000 	C:\Xilinx\Vivado\2020.1\lib\win64.o\libXil_lmgr11.dll
0x00007ff8090f0000 - 0x00007ff8091e7000 	C:\WINDOWS\System32\COMDLG32.dll
0x00007ff807590000 - 0x00007ff807918000 	C:\WINDOWS\System32\combase.dll
0x00007fffe60d0000 - 0x00007fffe60e9000 	C:\WINDOWS\SYSTEM32\NETAPI32.dll
0x00007ff8084f0000 - 0x00007ff8085e5000 	C:\WINDOWS\System32\shcore.dll
0x00007fffed7e0000 - 0x00007fffedcd4000 	C:\WINDOWS\SYSTEM32\WININET.dll
0x00007fffffac0000 - 0x00007fffffbf6000 	C:\WINDOWS\SYSTEM32\WINHTTP.dll
0x00007ff8085f0000 - 0x00007ff80864e000 	C:\WINDOWS\System32\SHLWAPI.dll
0x00007fffe7890000 - 0x00007fffe7a80000 	C:\WINDOWS\SYSTEM32\urlmon.dll
0x00007ff807c00000 - 0x00007ff807cd7000 	C:\WINDOWS\System32\OLEAUT32.dll
0x00007ffffef40000 - 0x00007ffffef49000 	C:\WINDOWS\SYSTEM32\WSOCK32.dll
0x00007fff20bb0000 - 0x00007fff21a41000 	C:\Xilinx\Vivado\2020.1\lib\win64.o\gurobi65.dll
0x00007ff807d90000 - 0x00007ff807f35000 	C:\WINDOWS\System32\ole32.dll
0x00007fffc0e10000 - 0x00007fffc0e41000 	C:\WINDOWS\SYSTEM32\VCOMP140.DLL
0x00007ff806bc0000 - 0x00007ff806c2b000 	C:\WINDOWS\System32\WINTRUST.dll
0x00007ff8065f0000 - 0x00007ff806757000 	C:\WINDOWS\System32\CRYPT32.dll
0x00007fffe8350000 - 0x00007fffe835d000 	C:\Xilinx\Vivado\2020.1\lib\win64.o\libboost_chrono.dll
0x00007fffc3fe0000 - 0x00007fffc3ffb000 	C:\Xilinx\Vivado\2020.1\lib\win64.o\libboost_iostreams.dll
0x00007fffc37f0000 - 0x00007fffc3815000 	C:\Xilinx\Vivado\2020.1\lib\win64.o\libisl_iosutils.dll
0x00007fffee1d0000 - 0x00007fffee48c000 	C:\WINDOWS\SYSTEM32\iertutil.dll
0x00007fffe7860000 - 0x00007fffe7888000 	C:\WINDOWS\SYSTEM32\srvcli.dll
0x00007ff804f90000 - 0x00007ff804f9c000 	C:\WINDOWS\SYSTEM32\netutils.dll
0x00007ffff0260000 - 0x00007ffff0313000 	C:\WINDOWS\WinSxS\amd64_microsoft.windows.common-controls_6595b64144ccf1df_5.82.22621.3527_none_b43b7f4b638cc64f\COMCTL32.dll
0x00007fffff370000 - 0x00007fffff38f000 	C:\WINDOWS\SYSTEM32\dhcpcsvc.DLL
0x00007ff805a80000 - 0x00007ff805ae9000 	C:\WINDOWS\SYSTEM32\MSWSOCK.DLL
0x00007ff807f40000 - 0x00007ff807f71000 	C:\WINDOWS\System32\IMM32.DLL
0x00007ff805e90000 - 0x00007ff805ea2000 	C:\WINDOWS\SYSTEM32\MSASN1.dll
0x00007ff805620000 - 0x00007ff805638000 	C:\WINDOWS\SYSTEM32\kernel.appcore.dll
0x00007fff206b0000 - 0x00007fff20bac000 	C:\Xilinx\Vivado\2020.1\lib\win64.o\librdi_commontasks.dll
0x00007ffffc050000 - 0x00007ffffc05a000 	C:\WINDOWS\SYSTEM32\VERSION.dll
0x00007fff97490000 - 0x00007fff97774000 	C:\Xilinx\Vivado\2020.1\lib\win64.o\librdi_sio.dll
0x0000000058870000 - 0x0000000059295000 	C:\Xilinx\Vivado\2020.1\tps\win64\jre9.0.4\bin\server\jvm.dll
0x00007ff808140000 - 0x00007ff808148000 	C:\WINDOWS\System32\PSAPI.DLL
0x00007ff804fe0000 - 0x00007ff80500d000 	C:\WINDOWS\SYSTEM32\IPHLPAPI.DLL
0x00007ffffaf70000 - 0x00007ffffafa4000 	C:\WINDOWS\SYSTEM32\WINMM.dll
0x00007fffab940000 - 0x00007fffaba2f000 	C:\WINDOWS\SYSTEM32\MSVCR120.dll
0x00007ff804440000 - 0x00007ff804d36000 	C:\WINDOWS\SYSTEM32\windows.storage.dll
0x00007ff804300000 - 0x00007ff80443e000 	C:\WINDOWS\SYSTEM32\wintypes.dll
0x00007fff19ba0000 - 0x00007fff1c235000 	C:\Xilinx\Vivado\2020.1\lib\win64.o\librdi_tcltasks.dll
0x00007fffa3850000 - 0x00007fffa3a03000 	C:\Xilinx\Vivado\2020.1\lib\win64.o\librdi_board.dll
0x00007fffaa760000 - 0x00007fffaa856000 	C:\Xilinx\Vivado\2020.1\lib\win64.o\librdi_chipscope.dll
0x00007fff201e0000 - 0x00007fff206a6000 	C:\Xilinx\Vivado\2020.1\lib\win64.o\librdi_bitstream.dll
0x00007fffb9f50000 - 0x00007fffb9fcb000 	C:\Xilinx\Vivado\2020.1\lib\win64.o\librdi_boarddep.dll
0x00007fffa7e80000 - 0x00007fffa8041000 	C:\Xilinx\Vivado\2020.1\lib\win64.o\librdi_chipscopeimpl.dll
0x00007fffa4760000 - 0x00007fffa48bb000 	C:\Xilinx\Vivado\2020.1\lib\win64.o\librdi_containers.dll
0x00007fff17f70000 - 0x00007fff19b9a000 	C:\Xilinx\Vivado\2020.1\lib\win64.o\librdi_constraints.dll
0x00007fff11ad0000 - 0x00007fff13c3d000 	C:\Xilinx\Vivado\2020.1\lib\win64.o\librdi_coregen.dll
0x00007fff1f4e0000 - 0x00007fff1fbb9000 	C:\Xilinx\Vivado\2020.1\lib\win64.o\librdi_coregenipxact.dll
0x00007fff13c40000 - 0x00007fff17f6e000 	C:\Xilinx\Vivado\2020.1\lib\win64.o\librdi_designutils.dll
0x00007ffeb5aa0000 - 0x00007ffecd970000 	C:\Xilinx\Vivado\2020.1\lib\win64.o\librdi_device.dll
0x00007fff41e40000 - 0x00007fff4218b000 	C:\Xilinx\Vivado\2020.1\lib\win64.o\librdi_dlyest.dll
0x00007fff1fbc0000 - 0x00007fff201de000 	C:\Xilinx\Vivado\2020.1\lib\win64.o\librdi_drc.dll
0x00007fffab870000 - 0x00007fffab934000 	C:\Xilinx\Vivado\2020.1\lib\win64.o\librdi_dsp.dll
0x00007fff1ee50000 - 0x00007fff1f4d6000 	C:\Xilinx\Vivado\2020.1\lib\win64.o\librdi_filemgmt.dll
0x00007fff26300000 - 0x00007fff2661c000 	C:\Xilinx\Vivado\2020.1\lib\win64.o\librdi_guitools.dll
0x00007fffb6e50000 - 0x00007fffb6ec7000 	C:\Xilinx\Vivado\2020.1\lib\win64.o\librdi_hdf.dll
0x00007fff95b90000 - 0x00007fff95de5000 	C:\Xilinx\Vivado\2020.1\lib\win64.o\librdi_hip_devdesign.dll
0x00007fff96ef0000 - 0x00007fff97038000 	C:\Xilinx\Vivado\2020.1\lib\win64.o\librdi_hip_perf_analysis.dll
0x00007fff11490000 - 0x00007fff11ace000 	C:\Xilinx\Vivado\2020.1\lib\win64.o\librdi_memdata.dll
0x00007fff0fb40000 - 0x00007fff1148a000 	C:\Xilinx\Vivado\2020.1\lib\win64.o\librdi_implflow.dll
0x00007fff0ccc0000 - 0x00007fff0fb37000 	C:\Xilinx\Vivado\2020.1\lib\win64.o\librdi_mig.dll
0x00007fffaa6e0000 - 0x00007fffaa754000 	C:\Xilinx\Vivado\2020.1\lib\win64.o\librdi_memoryarray.dll
0x00007fff0c5b0000 - 0x00007fff0ccb3000 	C:\Xilinx\Vivado\2020.1\lib\win64.o\librdi_netlist.dll
0x00007fffc0780000 - 0x00007fffc07ce000 	C:\Xilinx\Vivado\2020.1\lib\win64.o\librdi_pfi.dll
0x00007fff07d40000 - 0x00007fff0a8b1000 	C:\Xilinx\Vivado\2020.1\lib\win64.o\librdi_place.dll
0x00007fff238f0000 - 0x00007fff23c41000 	C:\Xilinx\Vivado\2020.1\lib\win64.o\librdi_platform.dll
0x00007fff0bd70000 - 0x00007fff0c5a4000 	C:\Xilinx\Vivado\2020.1\lib\win64.o\librdi_power.dll
0x00007fff0b000000 - 0x00007fff0b5f5000 	C:\Xilinx\Vivado\2020.1\lib\win64.o\librdi_project.dll
0x00007fff0a8c0000 - 0x00007fff0affc000 	C:\Xilinx\Vivado\2020.1\lib\win64.o\librdi_psta.dll
0x00007fff1e9b0000 - 0x00007fff1ee4a000 	C:\Xilinx\Vivado\2020.1\lib\win64.o\librdi_runs.dll
0x00007fff0b600000 - 0x00007fff0bd6f000 	C:\Xilinx\Vivado\2020.1\lib\win64.o\librdi_rsb.dll
0x00007fff978f0000 - 0x00007fff979f8000 	C:\Xilinx\Vivado\2020.1\lib\win64.o\librdi_runsbase.dll
0x00007fff241a0000 - 0x00007fff24415000 	C:\Xilinx\Vivado\2020.1\lib\win64.o\librdi_simdata.dll
0x00007fff06e30000 - 0x00007fff07d3a000 	C:\Xilinx\Vivado\2020.1\lib\win64.o\librdi_timing.dll
0x00007fff5a7a0000 - 0x00007fff5a89f000 	C:\Xilinx\Vivado\2020.1\lib\win64.o\librdi_xhub.dll
0x00007fffa37a0000 - 0x00007fffa3848000 	C:\Xilinx\Vivado\2020.1\lib\win64.o\librdi_xhubtasks.dll
0x00007fff54c00000 - 0x00007fff54dd3000 	C:\Xilinx\Vivado\2020.1\lib\win64.o\librdi_advchipscopeimpl.dll
0x00007fffbee70000 - 0x00007fffbeebc000 	C:\Xilinx\Vivado\2020.1\lib\win64.o\libboost_serialization.dll
0x00007fffbac10000 - 0x00007fffbac7c000 	C:\Xilinx\Vivado\2020.1\lib\win64.o\librdi_noc_frameworks.dll
0x00007fff55530000 - 0x00007fff55618000 	C:\Xilinx\Vivado\2020.1\lib\win64.o\librdi_ipconfig_readwrite.dll
0x00007fffbc080000 - 0x00007fffbc0cd000 	C:\Xilinx\Vivado\2020.1\lib\win64.o\libboost_graph.dll
0x00007fffb9a10000 - 0x00007fffb9a5c000 	C:\Xilinx\Vivado\2020.1\lib\win64.o\librdi_bva.dll
0x00007fff062e0000 - 0x00007fff06e27000 	C:\Xilinx\Vivado\2020.1\lib\win64.o\libverific.dll
0x00007fff060e0000 - 0x00007fff062d3000 	C:\Xilinx\Vivado\2020.1\lib\win64.o\librdi_hip_config.dll
0x00007fff05b90000 - 0x00007fff060de000 	C:\Xilinx\Vivado\2020.1\lib\win64.o\librdi_xdm.dll

VM Arguments:
jvm_args: -Dsun.java2d.pmoffscreen=false -Dsun.java2d.xrender=false -Dsun.java2d.d3d=false -Dsun.awt.nopixfmt=true -Dsun.java2d.dpiaware=true -Dsun.java2d.uiScale.enabled=false -Xverify:none -Dswing.aatext=true -XX:-UsePerfData -Djdk.map.althashing.threshold=512 -XX:StringTableSize=4072 --add-opens=java.base/java.nio=ALL-UNNAMED --add-opens=java.desktop/sun.swing=ALL-UNNAMED --add-opens=java.desktop/javax.swing=ALL-UNNAMED --add-opens=java.desktop/javax.swing.tree=ALL-UNNAMED --add-opens=java.desktop/javax.swing.plaf.basic=ALL-UNNAMED --add-opens=java.desktop/javax.swing.plaf.synth=ALL-UNNAMED --add-opens=java.desktop/com.sun.awt=ALL-UNNAMED -XX:NewSize=60m -XX:MaxNewSize=60m -Xms128m -Xmx3072m -Xss5m 
java_command: <unknown>
java_class_path (initial): C:/Xilinx/Vivado/2020.1\lib\classes\alloy.jar;C:/Xilinx/Vivado/2020.1\lib\classes\ArchiveSummary.jar;C:/Xilinx/Vivado/2020.1\lib\classes\autoesl-models.jar;C:/Xilinx/Vivado/2020.1\lib\classes\autopilot.scelaborator.jar;C:/Xilinx/Vivado/2020.1\lib\classes\autopilot.sourceprocessor.jar;C:/Xilinx/Vivado/2020.1\lib\classes\autopilot.tbprocessor.jar;C:/Xilinx/Vivado/2020.1\lib\classes\batik-anim.jar;C:/Xilinx/Vivado/2020.1\lib\classes\batik-awt-util.jar;C:/Xilinx/Vivado/2020.1\lib\classes\batik-bridge.jar;C:/Xilinx/Vivado/2020.1\lib\classes\batik-codec.jar;C:/Xilinx/Vivado/2020.1\lib\classes\batik-css.jar;C:/Xilinx/Vivado/2020.1\lib\classes\batik-dom.jar;C:/Xilinx/Vivado/2020.1\lib\classes\batik-ext.jar;C:/Xilinx/Vivado/2020.1\lib\classes\batik-gui-util.jar;C:/Xilinx/Vivado/2020.1\lib\classes\batik-gvt.jar;C:/Xilinx/Vivado/2020.1\lib\classes\batik-parser.jar;C:/Xilinx/Vivado/2020.1\lib\classes\batik-script.jar;C:/Xilinx/Vivado/2020.1\lib\classes\batik-svg-dom.jar;C:/Xilinx/Vivado/2020.1\lib\classes\batik-swing.jar;C:/Xilinx/Vivado/2020.1\lib\classes\batik-transcoder.jar;C:/Xilinx/Vivado/2020.1\lib\classes\batik-util.jar;C:/Xilinx/Vivado/2020.1\lib\classes\batik-xml.jar;C:/Xilinx/Vivado/2020.1\lib\classes\com.google.gson_2.8.2.v20180104-1110.jar;C:/Xilinx/Vivado/2020.1\lib\classes\com.google.guava_27.1.0.v20190517-1946.jar;C:/Xilinx/Vivado/2020.1\lib\classes\com.ibm.icu_4.4.2.v20110208.jar;C:/Xilinx/Vivado/2020.1\lib\classes\com.sigasi.hdt.connection_4.8.0.202004151336.jar;C:/Xilinx/Vivado/2020.1\lib\classes\com.sigasi.hdt.epl_4.8.0.202004151336.jar;C:/Xilinx/Vivado/2020.1\lib\classes\com.sigasi.hdt.project_4.8.0.202004151336.jar;C:/Xilinx/Vivado/2020.1\lib\classes\com.sigasi.hdt.readonlyfilesystem_4.8.0.202004151336.jar;C:/Xilinx/Vivado/2020.1\lib\classes\com.sigasi.lcm_4.8.0.202004151336.jar;C:/Xilinx/Vivado/2020.1\lib\classes\com.sigasi.sdk.client_4.8.0.202004151336.jar;C:/Xilinx/Vivado/2020.1\lib\classes\com.xilinx.hls.services.jar;C:/Xili
Launcher Type: generic

Logging:
Log output configuration:
#0: stdout all=warning uptime,level,tags
#1: stderr all=off uptime,level,tags

Environment Variables:
PATH=C:/Xilinx/Vivado/2020.1\gnuwin\bin;C:/Xilinx/Vivado/2020.1\gnu\microblaze\nt\bin;C:/Xilinx/Vivado/2020.1/bin;C:/Xilinx/Vivado/2020.1/lib/win64.o;C:/Xilinx/Vivado/2020.1/tps/win64/jre9.0.4/bin/server;C:/Xilinx/Vivado/2020.1/tps/win64/jre9.0.4/bin;C:/Xilinx/Vitis/2020.1/bin;C:/Xilinx/Vivado/2020.1/ids_lite/ISE/bin/nt64;C:/Xilinx/Vivado/2020.1/ids_lite/ISE/lib/nt64;C:\gurobi952\win64\bin;C:\ProgramData\Oracle\Java\javapath;C:\Windows\system32;C:\Windows;C:\Windows\System32\Wbem;C:\Windows\System32\WindowsPowerShell\v1.0\;C:\Windows\System32\OpenSSH\;C:\Program Files (x86)\NVIDIA Corporation\PhysX\Common;C:\Program Files\NVIDIA Corporation\NVIDIA NvDLISR;C:\Program Files\Wolfram Research\WolframScript\;C:\Program Files\Pandoc\;C:\Program Files\Git\cmd;C:\Program Files\dotnet\;C:\Program Files\MATLAB\R2023b\runtime\win64;C:\Program Files\MATLAB\R2023b\bin;C:\Users\Pato\AppData\Local\Programs\Python\Python39\Scripts\;C:\Users\Pato\AppData\Local\Programs\Python\Python39\;C:\Users\Pato\AppData\Local\Programs\Python\Python310\Scripts\;C:\Users\Pato\AppData\Local\Programs\Python\Python310\;C:\Users\Pato\AppData\Local\Microsoft\WindowsApps;C:\Users\Pato\AppData\Local\Programs\Microsoft VS Code\bin;;C:/Xilinx/Vivado/2020.1\tps\mingw\6.2.0\win64.o\nt\bin;C:/Xilinx/Vivado/2020.1\tps\mingw\6.2.0\win64.o\nt\libexec\gcc\x86_64-w64-mingw32\6.2.0;C:/Xilinx/Vivado/2020.1\tps\win64\python-2.7.16;C:/Xilinx/Vivado/2020.1\tps\win64\python-2.7.16\bin;C:/Xilinx/Vivado/2020.1\tps\win64\python-2.7.16\lib;C:/Xilinx/Vivado/2020.1\tps\win64\python-2.7.16\Lib\lib-tk;C:/Xilinx/Vivado/2020.1\tps\win64\python-2.7.16\lib\site-packages
USERNAME=Pato
OS=Windows_NT
PROCESSOR_IDENTIFIER=AMD64 Family 25 Model 80 Stepping 0, AuthenticAMD



---------------  S Y S T E M  ---------------

OS: Windows 10 , 64 bit Build 22621 (10.0.22621.3527)

CPU:total 16 (initial active 16) (16 cores per cpu, 1 threads per core) family 25 model 80 stepping 0, cmov, cx8, fxsr, mmx, sse, sse2, sse3, ssse3, sse4.1, sse4.2, popcnt, avx, avx2, aes, clmul, erms, mmxext, 3dnowpref, lzcnt, sse4a, tsc, tscinvbit, tscinv, bmi1

Memory: 4k page, physical 16625724k(2816492k free), swap 36887744k(5796564k free)

vm_info: Java HotSpot(TM) 64-Bit Server VM (9.0.4+11) for windows-amd64 JRE (9.0.4+11), built on Dec 20 2017 02:18:54 by "mach5one" with MS VC++ 12.0 (VS2013)

END.
