#
# A fatal error has been detected by the Java Runtime Environment:
#
#  EXCEPTION_ACCESS_VIOLATION (0xc0000005) at pc=0x00007ffef6711d72, pid=20580, tid=12432
#
# JRE version: Java(TM) SE Runtime Environment (9.0+11) (build 9.0.4+11)
# Java VM: Java HotSpot(TM) 64-Bit Server VM (9.0.4+11, mixed mode, tiered, compressed oops, g1 gc, windows-amd64)
# Problematic frame:
# C  0x00007ffef6711d72
#
# No core dump will be written. Minidumps are not enabled by default on client versions of Windows
#
# If you would like to submit a bug report, please visit:
#   http://bugreport.java.com/bugreport/crash.jsp
# The crash happened outside the Java Virtual Machine in native code.
# See problematic frame for where to report the bug.
#

---------------  S U M M A R Y ------------

Command Line: -Dsun.java2d.pmoffscreen=false -Dsun.java2d.xrender=false -Dsun.java2d.d3d=false -Dsun.awt.nopixfmt=true -Dsun.java2d.dpiaware=true -Dsun.java2d.uiScale.enabled=false -Xverify:none -Dswing.aatext=true -XX:-UsePerfData -Djdk.map.althashing.threshold=512 -XX:StringTableSize=4072 --add-opens=java.base/java.nio=ALL-UNNAMED --add-opens=java.desktop/sun.swing=ALL-UNNAMED --add-opens=java.desktop/javax.swing=ALL-UNNAMED --add-opens=java.desktop/javax.swing.tree=ALL-UNNAMED --add-opens=java.desktop/javax.swing.plaf.basic=ALL-UNNAMED --add-opens=java.desktop/javax.swing.plaf.synth=ALL-UNNAMED --add-opens=java.desktop/com.sun.awt=ALL-UNNAMED -XX:NewSize=60m -XX:MaxNewSize=60m -Xms128m -Xmx3072m -Xss5m 

Host: AMD Ryzen 7 5800H with Radeon Graphics         , 16 cores, 15G,  Windows 10 , 64 bit Build 22621 (10.0.22621.3527)
Time: Sat May 11 22:59:56 2024 Hora est. Sudamérica Pacífico elapsed time: 149 seconds (0d 0h 2m 29s)

---------------  T H R E A D  ---------------

Current thread (0x0000021127962800):  JavaThread "AWT-EventQueue-0" [_thread_in_native, id=12432, stack(0x0000003914b00000,0x0000003915000000)]

Stack: [0x0000003914b00000,0x0000003915000000],  sp=0x0000003914ff84d0,  free space=5089k
Native frames: (J=compiled Java code, j=interpreted, Vv=VM code, C=native code)

Java frames: (J=compiled Java code, j=interpreted, Vv=VM code)
J 17111  de.concept.nlview.Nlview.peerCommand(JLjava/lang/String;Ljava/lang/String;Ljava/lang/String;Ljava/lang/String;Ljava/lang/String;Ljava/lang/String;)Ljava/lang/String; (0 bytes) @ 0x0000021116b356a9 [0x0000021116b355e0+0x00000000000000c9]
J 18284 c2 ui.views.Q.hq.a(Ljava/lang/String;Ljava/lang/String;Ljava/lang/String;Ljava/lang/String;Ljava/lang/String;Ljava/lang/String;Z)Ljava/lang/String; (53 bytes) @ 0x0000021116d122a8 [0x0000021116d12180+0x0000000000000128]
J 18244 c1 ui.views.Q.hq.mI(Ljava/lang/String;)Ljava/lang/String; (12 bytes) @ 0x000002111105247c [0x00000211110523c0+0x00000000000000bc]
j  ui.views.Q.hq.jrb()V+207
j  ui.views.Q.hq.reload()V+75
j  ui.views.Q.hq.iy(Z)V+219
j  ui.data.l.ba.oi(Z)V+84
j  ui.data.l.ba.e(Lui/data/l/ba;Z)V+2
j  ui.data.l.bb.run()V+95
j  ui.data.l.ba.cIf()V+16
j  ui.data.l.ba.aDk()V+8
j  ui.i.ej(Ljava/lang/String;)V+73
j  ui.i.aDh()V+3
j  ui.views.Q.al.hj(I)V+3
j  ui.b.c.bz.aCZ()V+207
j  ui.b.c.bG.finished()V+4
j  ui.frmwork.z.run()V+11
J 15210 c2 java.awt.event.InvocationEvent.dispatch()V java.desktop@9.0.4 (69 bytes) @ 0x0000021116466b1c [0x0000021116466ac0+0x000000000000005c]
J 15341 c2 java.awt.EventQueue$3.run()Ljava/lang/Object; java.desktop@9.0.4 (5 bytes) @ 0x000002111649cf20 [0x000002111649c9e0+0x0000000000000540]
v  ~StubRoutines::call_stub
J 4278  java.security.AccessController.doPrivileged(Ljava/security/PrivilegedAction;Ljava/security/AccessControlContext;)Ljava/lang/Object; java.base@9.0.4 (0 bytes) @ 0x0000021116074346 [0x00000211160742e0+0x0000000000000066]
J 14786 c2 ui.frmwork.b.d.dispatchEvent(Ljava/awt/AWTEvent;)V (34 bytes) @ 0x00000211163c3b04 [0x00000211163c3500+0x0000000000000604]
J 17116 c2 java.awt.EventDispatchThread.pumpOneEventForFilters(I)V java.desktop@9.0.4 (218 bytes) @ 0x0000021116b40fdc [0x0000021116b40520+0x0000000000000abc]
j  java.awt.EventDispatchThread.pumpEventsForFilter(ILjava/awt/Conditional;Ljava/awt/EventFilter;)V+35 java.desktop@9.0.4
j  java.awt.EventDispatchThread.pumpEventsForFilter(Ljava/awt/Conditional;Ljava/awt/EventFilter;)V+4 java.desktop@9.0.4
j  java.awt.WaitDispatchSupport$2.run()V+59 java.desktop@9.0.4
j  java.awt.WaitDispatchSupport$4.run()Ljava/lang/Void;+4 java.desktop@9.0.4
j  java.awt.WaitDispatchSupport$4.run()Ljava/lang/Object;+1 java.desktop@9.0.4
v  ~StubRoutines::call_stub
J 1172  java.security.AccessController.doPrivileged(Ljava/security/PrivilegedAction;)Ljava/lang/Object; java.base@9.0.4 (0 bytes) @ 0x0000021115e2d3b2 [0x0000021115e2d360+0x0000000000000052]
j  java.awt.WaitDispatchSupport.enter()Z+260 java.desktop@9.0.4
j  java.awt.Dialog.show()V+225 java.desktop@9.0.4
J 7781 c1 java.awt.Component.setVisible(Z)V java.desktop@9.0.4 (6 bytes) @ 0x000002110faa89cc [0x000002110faa87e0+0x00000000000001ec]
j  java.awt.Window.setVisible(Z)V+2 java.desktop@9.0.4
j  java.awt.Dialog.setVisible(Z)V+2 java.desktop@9.0.4
j  ui.b.c.g.setVisible(Z)V+2
j  ui.b.c.bz.showDialog()V+64
j  ui.b.c.bI.aGy()V+4
j  ui.b.c.bI$$Lambda$255.run()V+4
J 15210 c2 java.awt.event.InvocationEvent.dispatch()V java.desktop@9.0.4 (69 bytes) @ 0x0000021116466b1c [0x0000021116466ac0+0x000000000000005c]
J 15341 c2 java.awt.EventQueue$3.run()Ljava/lang/Object; java.desktop@9.0.4 (5 bytes) @ 0x000002111649cf20 [0x000002111649c9e0+0x0000000000000540]
v  ~StubRoutines::call_stub
J 4278  java.security.AccessController.doPrivileged(Ljava/security/PrivilegedAction;Ljava/security/AccessControlContext;)Ljava/lang/Object; java.base@9.0.4 (0 bytes) @ 0x0000021116074346 [0x00000211160742e0+0x0000000000000066]
J 14786 c2 ui.frmwork.b.d.dispatchEvent(Ljava/awt/AWTEvent;)V (34 bytes) @ 0x00000211163c3b04 [0x00000211163c3500+0x0000000000000604]
J 17116 c2 java.awt.EventDispatchThread.pumpOneEventForFilters(I)V java.desktop@9.0.4 (218 bytes) @ 0x0000021116b40fdc [0x0000021116b40520+0x0000000000000abc]
j  java.awt.EventDispatchThread.pumpEventsForFilter(ILjava/awt/Conditional;Ljava/awt/EventFilter;)V+35 java.desktop@9.0.4
j  java.awt.EventDispatchThread.pumpEventsForHierarchy(ILjava/awt/Conditional;Ljava/awt/Component;)V+11 java.desktop@9.0.4
j  java.awt.EventDispatchThread.pumpEvents(ILjava/awt/Conditional;)V+4 java.desktop@9.0.4
j  java.awt.EventDispatchThread.pumpEvents(Ljava/awt/Conditional;)V+3 java.desktop@9.0.4
j  java.awt.EventDispatchThread.run()V+9 java.desktop@9.0.4
v  ~StubRoutines::call_stub

siginfo: EXCEPTION_ACCESS_VIOLATION (0xc0000005), reading address 0x0000000000000000


Register to memory mapping:

RIP=0x00007ffef6711d72 is an unknown value
RAX=0x00000211461bcc30 is an unknown value
RBX=0x000002113ebcd3d0 is an unknown value
RCX=0x0000000000000006 is an unknown value
RDX=0x0000000000000000 is an unknown value
RSP=0x0000003914ff84d0 is pointing into the stack for thread: 0x0000021127962800
RBP=0x0000000000000000 is an unknown value
RSI=0x0000000000000000 is an unknown value
RDI=0x000002113a25b520 is an unknown value
R8 =0x00000211461bcc30 is an unknown value
R9 =0x0000000000000004 is an unknown value
R10=0x0000000000000001 is an unknown value
R11=0x000002113ebcd3d0 is an unknown value
R12=0x0000000000000010 is an unknown value
R13=0x0000000000000001 is an unknown value
R14=0x0000003914ff8600 is pointing into the stack for thread: 0x0000021127962800
R15=0x0000000000000001 is an unknown value


Registers:
RAX=0x00000211461bcc30, RBX=0x000002113ebcd3d0, RCX=0x0000000000000006, RDX=0x0000000000000000
RSP=0x0000003914ff84d0, RBP=0x0000000000000000, RSI=0x0000000000000000, RDI=0x000002113a25b520
R8 =0x00000211461bcc30, R9 =0x0000000000000004, R10=0x0000000000000001, R11=0x000002113ebcd3d0
R12=0x0000000000000010, R13=0x0000000000000001, R14=0x0000003914ff8600, R15=0x0000000000000001
RIP=0x00007ffef6711d72, EFLAGS=0x0000000000010206

Top of Stack: (sp=0x0000003914ff84d0)
0x0000003914ff84d0:   0000000000000100 000002113ebcd3d0
0x0000003914ff84e0:   0000000000000000 0000003914ff8598
0x0000003914ff84f0:   0000003900000001 0000003900000004
0x0000003914ff8500:   0000000000000000 0000000000000010
0x0000003914ff8510:   0000021100000001 fffffdeec1433ac8
0x0000003914ff8520:   0000000000000001 000002113ebcc528
0x0000003914ff8530:   0000000000000000 0000000000000000
0x0000003914ff8540:   0000000000000001 0000000000000010
0x0000003914ff8550:   0000000000000000 0000000000000000
0x0000003914ff8560:   0000000000000000 000002113ebcc4b0
0x0000003914ff8570:   000002113a25b520 00007ffef670d1b7
0x0000003914ff8580:   000002113ebcd3d0 0000003914ff8610
0x0000003914ff8590:   0000003900000001 0000000000000000
0x0000003914ff85a0:   0000000000000010 0000000000000016
0x0000003914ff85b0:   0000000000000000 0000000000000000
0x0000003914ff85c0:   0000000000000080 0000021140e61a00 

Instructions: (pc=0x00007ffef6711d72)
0x00007ffef6711d52:   8f 80 00 00 00 89 74 24 20 e8 40 cc eb ff 49 63
0x00007ffef6711d62:   c7 48 8d 0c 40 49 8b 06 48 03 c9 48 8b 54 c8 08
0x00007ffef6711d72:   4c 8b 02 4d 85 c0 74 41 49 8b 48 10 83 79 04 02
0x00007ffef6711d82:   7c 0a 41 f7 40 48 00 00 03 00 74 2d 48 2b d3 48 



---------------  P R O C E S S  ---------------

Java Threads: ( => current thread )
  0x000002113e673000 JavaThread "Image Fetcher 0" daemon [_thread_blocked, id=23272, stack(0x0000003918200000,0x0000003918700000)]
  0x0000021138e61800 JavaThread "SyntheticaAnimation 50" daemon [_thread_blocked, id=17228, stack(0x0000003917800000,0x0000003917d00000)]
  0x0000021138e59000 JavaThread "Update Runs Swing Worker Thread" [_thread_blocked, id=33632, stack(0x0000003919100000,0x0000003919600000)]
  0x0000021138e5a800 JavaThread "hw_ila_monitor" [_thread_blocked, id=9468, stack(0x0000003915a00000,0x0000003915f00000)]
  0x0000021178916800 JavaThread "Refresh Filesets Swing Worker Thread" [_thread_blocked, id=38668, stack(0x0000003914600000,0x0000003914b00000)]
  0x0000021178910800 JavaThread "SyntheticaAnimation 70" daemon [_thread_blocked, id=2868, stack(0x0000003917d00000,0x0000003918200000)]
  0x0000021178915000 JavaThread "SyntheticaAnimation 25" daemon [_thread_blocked, id=17784, stack(0x0000003917300000,0x0000003917800000)]
  0x0000021178913800 JavaThread "SyntheticaAnimation 50" daemon [_thread_blocked, id=22728, stack(0x0000003916e00000,0x0000003917300000)]
  0x0000021178913000 JavaThread "Monitor HEventQueue Thread" [_thread_blocked, id=22228, stack(0x0000003916900000,0x0000003916e00000)]
  0x0000021178912000 JavaThread "SyntheticaCleanerThread" daemon [_thread_blocked, id=28636, stack(0x0000003915f00000,0x0000003916400000)]
  0x0000021178911800 JavaThread "Batik CleanerThread" daemon [_thread_blocked, id=12440, stack(0x0000003915000000,0x0000003915500000)]
  0x0000021127d29800 JavaThread "Process Messages Thread" [_thread_blocked, id=16764, stack(0x0000003915500000,0x0000003915a00000)]
  0x0000021127fa7800 JavaThread "Thread-1" [_thread_in_native, id=18024, stack(0x000000390cb00000,0x000000390df00000)]
=>0x0000021127962800 JavaThread "AWT-EventQueue-0" [_thread_in_native, id=12432, stack(0x0000003914b00000,0x0000003915000000)]
  0x000002110293b000 JavaThread "TimerQueue" daemon [_thread_blocked, id=3100, stack(0x0000003914100000,0x0000003914600000)]
  0x0000021102651800 JavaThread "AWT-Windows" daemon [_thread_in_native, id=5832, stack(0x0000003913c00000,0x0000003914100000)]
  0x0000021101eaa800 JavaThread "AWT-Shutdown" [_thread_blocked, id=37660, stack(0x0000003913700000,0x0000003913c00000)]
  0x0000021101ea9800 JavaThread "Java2D Disposer" daemon [_thread_blocked, id=8744, stack(0x0000003913200000,0x0000003913700000)]
  0x000002117cd26800 JavaThread "Service Thread" daemon [_thread_blocked, id=34428, stack(0x0000003912c00000,0x0000003913100000)]
  0x0000021178933000 JavaThread "Common-Cleaner" daemon [_thread_blocked, id=16996, stack(0x0000003912700000,0x0000003912c00000)]
  0x0000021178910000 JavaThread "Sweeper thread" daemon [_thread_blocked, id=24516, stack(0x0000003912200000,0x0000003912700000)]
  0x000002117d17c000 JavaThread "C1 CompilerThread11" daemon [_thread_blocked, id=14764, stack(0x0000003912100000,0x0000003912200000)]
  0x000002117d17b800 JavaThread "C1 CompilerThread10" daemon [_thread_blocked, id=8984, stack(0x0000003912000000,0x0000003912100000)]
  0x000002117d17a000 JavaThread "C1 CompilerThread9" daemon [_thread_blocked, id=26888, stack(0x0000003911f00000,0x0000003912000000)]
  0x000002117d179800 JavaThread "C1 CompilerThread8" daemon [_thread_blocked, id=31056, stack(0x0000003911e00000,0x0000003911f00000)]
  0x0000021101cee000 JavaThread "C2 CompilerThread7" daemon [_thread_blocked, id=22004, stack(0x0000003911d00000,0x0000003911e00000)]
  0x0000021101cec800 JavaThread "C2 CompilerThread6" daemon [_thread_blocked, id=26480, stack(0x0000003911c00000,0x0000003911d00000)]
  0x0000021101ceb800 JavaThread "C2 CompilerThread5" daemon [_thread_blocked, id=29508, stack(0x0000003911b00000,0x0000003911c00000)]
  0x000002117a60e800 JavaThread "C2 CompilerThread4" daemon [_thread_blocked, id=35832, stack(0x0000003911a00000,0x0000003911b00000)]
  0x000002117c60b000 JavaThread "C2 CompilerThread3" daemon [_thread_blocked, id=14432, stack(0x0000003911900000,0x0000003911a00000)]
  0x000002117c60a800 JavaThread "C2 CompilerThread2" daemon [_thread_blocked, id=15612, stack(0x0000003911800000,0x0000003911900000)]
  0x000002117a511000 JavaThread "C2 CompilerThread1" daemon [_thread_blocked, id=30656, stack(0x0000003911700000,0x0000003911800000)]
  0x000002117a510800 JavaThread "C2 CompilerThread0" daemon [_thread_blocked, id=23692, stack(0x0000003911600000,0x0000003911700000)]
  0x000002117a93c000 JavaThread "Attach Listener" daemon [_thread_blocked, id=28372, stack(0x0000003911100000,0x0000003911600000)]
  0x000002117ab79800 JavaThread "Signal Dispatcher" daemon [_thread_blocked, id=18304, stack(0x0000003910c00000,0x0000003911100000)]
  0x000002117bd18800 JavaThread "Finalizer" daemon [_thread_blocked, id=35960, stack(0x0000003910700000,0x0000003910c00000)]
  0x000002117cec7800 JavaThread "Reference Handler" daemon [_thread_blocked, id=33128, stack(0x0000003910200000,0x0000003910700000)]
  0x00000211725ef000 JavaThread "main" [_thread_blocked, id=29700, stack(0x000000390ca00000,0x000000390cb00000)]

Other Threads:
  0x000002117c7b4800 VMThread "VM Thread" [stack: 0x0000003910100000,0x0000003910200000] [id=10252]
  0x000002117c769000 WatcherThread [stack: 0x0000003913100000,0x0000003913200000] [id=31580]
  0x0000021179d2b000 GCTaskThread "GC Thread#0" [stack: 0x000000390e200000,0x000000390e300000] [id=21284]
  0x0000021179d2a800 GCTaskThread "GC Thread#1" [stack: 0x000000390e300000,0x000000390e400000] [id=11492]
  0x000002117c75e800 GCTaskThread "GC Thread#2" [stack: 0x000000390e400000,0x000000390e500000] [id=20232]
  0x000002117c75d000 GCTaskThread "GC Thread#3" [stack: 0x000000390e500000,0x000000390e600000] [id=30220]
  0x000002117c761800 GCTaskThread "GC Thread#4" [stack: 0x000000390e600000,0x000000390e700000] [id=26640]
  0x000002117c75c800 GCTaskThread "GC Thread#5" [stack: 0x000000390e700000,0x000000390e800000] [id=3424]
  0x000002117c762000 GCTaskThread "GC Thread#6" [stack: 0x000000390e800000,0x000000390e900000] [id=5020]
  0x000002117c761000 GCTaskThread "GC Thread#7" [stack: 0x000000390e900000,0x000000390ea00000] [id=23708]
  0x000002117c75d800 GCTaskThread "GC Thread#8" [stack: 0x000000390ea00000,0x000000390eb00000] [id=7328]
  0x000002117c75b000 GCTaskThread "GC Thread#9" [stack: 0x000000390eb00000,0x000000390ec00000] [id=12624]
  0x000002117c760000 GCTaskThread "GC Thread#10" [stack: 0x000000390ec00000,0x000000390ed00000] [id=9492]
  0x000002117c762800 GCTaskThread "GC Thread#11" [stack: 0x000000390ed00000,0x000000390ee00000] [id=19252]
  0x000002117c75f000 GCTaskThread "GC Thread#12" [stack: 0x000000390ee00000,0x000000390ef00000] [id=22432]
  0x000002117bf9b800 ConcurrentGCThread "G1 Main Marker" [stack: 0x000000390fd00000,0x000000390fe00000] [id=19284]
  0x000002117c75f800 ConcurrentGCThread "G1 Marker#0" [stack: 0x000000390fe00000,0x000000390ff00000] [id=24920]
  0x000002117c75b800 ConcurrentGCThread "G1 Marker#1" [stack: 0x000000390ff00000,0x0000003910000000] [id=36068]
  0x000002117c769800 ConcurrentGCThread "G1 Marker#2" [stack: 0x0000003910000000,0x0000003910100000] [id=29588]
  0x000002117b82f800 ConcurrentGCThread "G1 Refine#0" [stack: 0x000000390fb00000,0x000000390fc00000] [id=20220]
  0x000002117b82e800 ConcurrentGCThread "G1 Refine#1" [stack: 0x000000390fa00000,0x000000390fb00000] [id=28820]
  0x000002117c451800 ConcurrentGCThread "G1 Refine#2" [stack: 0x000000390f900000,0x000000390fa00000] [id=14908]
  0x000002117d122000 ConcurrentGCThread "G1 Refine#3" [stack: 0x000000390f800000,0x000000390f900000] [id=22088]
  0x000002117d121800 ConcurrentGCThread "G1 Refine#4" [stack: 0x000000390f700000,0x000000390f800000] [id=11436]
  0x000002117d202000 ConcurrentGCThread "G1 Refine#5" [stack: 0x000000390f600000,0x000000390f700000] [id=37640]
  0x000002117d201800 ConcurrentGCThread "G1 Refine#6" [stack: 0x000000390f500000,0x000000390f600000] [id=1968]
  0x000002117c865800 ConcurrentGCThread "G1 Refine#7" [stack: 0x000000390f400000,0x000000390f500000] [id=23364]
  0x000002117bd15000 ConcurrentGCThread "G1 Refine#8" [stack: 0x000000390f300000,0x000000390f400000] [id=16824]
  0x000002117bd14800 ConcurrentGCThread "G1 Refine#9" [stack: 0x000000390f200000,0x000000390f300000] [id=376]
  0x000002117c32e800 ConcurrentGCThread "G1 Refine#10" [stack: 0x000000390f100000,0x000000390f200000] [id=20184]
  0x0000021176d40800 ConcurrentGCThread "G1 Refine#11" [stack: 0x000000390f000000,0x000000390f100000] [id=8]
  0x000002117ce24000 ConcurrentGCThread "G1 Refine#12" [stack: 0x000000390ef00000,0x000000390f000000] [id=6168]
  0x000002117d21f000 ConcurrentGCThread "G1 Young RemSet Sampling" [stack: 0x000000390fc00000,0x000000390fd00000] [id=12608]

Threads with active compile tasks:

VM state:not at safepoint (normal execution)

VM Mutex/Monitor currently owned by a thread: None

Heap address: 0x0000000700000000, size: 3072 MB, Compressed Oops mode: Zero based, Oop shift amount: 3
Narrow klass base: 0x0000000000000000, Narrow klass shift: 3
Compressed class space size: 1073741824 Address: 0x00000007c0000000

Heap:
 garbage-first heap   total 333824K, used 132440K [0x0000000700000000, 0x0000000700100a30, 0x00000007c0000000)
  region size 1024K, 25 young (25600K), 0 survivors (0K)
 Metaspace       used 84730K, capacity 90263K, committed 90496K, reserved 1126400K
  class space    used 12427K, capacity 13389K, committed 13440K, reserved 1048576K
Heap Regions: E=young(eden), S=young(survivor), O=old, HS=humongous(starts), HC=humongous(continues), CS=collection set, F=free, A=archive, TS=gc time stamp, AC=allocation context, TAMS=top-at-mark-start (previous, next)
|   0|0x0000000700000000, 0x00000007000fffe0, 0x0000000700100000| 99%| O|  |TS  0|AC  0|TAMS 0x0000000700000000, 0x0000000700000000|
|   1|0x0000000700100000, 0x00000007001d40c0, 0x0000000700200000| 82%| O|  |TS  0|AC  0|TAMS 0x0000000700100000, 0x0000000700100000|
|   2|0x0000000700200000, 0x0000000700300000, 0x0000000700300000|100%|HS|  |TS  0|AC  0|TAMS 0x0000000700200000, 0x0000000700200000|
|   3|0x0000000700300000, 0x0000000700400000, 0x0000000700400000|100%|HC|  |TS  0|AC  0|TAMS 0x0000000700300000, 0x0000000700300000|
|   4|0x0000000700400000, 0x0000000700500000, 0x0000000700500000|100%|HS|  |TS  0|AC  0|TAMS 0x0000000700400000, 0x0000000700400000|
|   5|0x0000000700500000, 0x00000007005feed8, 0x0000000700600000| 99%| O|  |TS  0|AC  0|TAMS 0x0000000700500000, 0x0000000700500000|
|   6|0x0000000700600000, 0x00000007006d26b0, 0x0000000700700000| 82%| O|  |TS  0|AC  0|TAMS 0x0000000700600000, 0x0000000700600000|
|   7|0x0000000700700000, 0x00000007007f15b8, 0x0000000700800000| 94%| O|  |TS  0|AC  0|TAMS 0x0000000700700000, 0x0000000700700000|
|   8|0x0000000700800000, 0x00000007008feb60, 0x0000000700900000| 99%| O|  |TS  0|AC  0|TAMS 0x0000000700800000, 0x0000000700800000|
|   9|0x0000000700900000, 0x0000000700a00000, 0x0000000700a00000|100%| O|  |TS  0|AC  0|TAMS 0x0000000700900000, 0x0000000700900000|
|  10|0x0000000700a00000, 0x0000000700ae1b40, 0x0000000700b00000| 88%| O|  |TS  0|AC  0|TAMS 0x0000000700a00000, 0x0000000700a00000|
|  11|0x0000000700b00000, 0x0000000700bfe840, 0x0000000700c00000| 99%| O|  |TS  0|AC  0|TAMS 0x0000000700b00000, 0x0000000700b00000|
|  12|0x0000000700c00000, 0x0000000700cffff0, 0x0000000700d00000| 99%| O|  |TS  0|AC  0|TAMS 0x0000000700c00000, 0x0000000700c00000|
|  13|0x0000000700d00000, 0x0000000700dffff0, 0x0000000700e00000| 99%| O|  |TS  0|AC  0|TAMS 0x0000000700d00000, 0x0000000700d00000|
|  14|0x0000000700e00000, 0x0000000700effff0, 0x0000000700f00000| 99%| O|  |TS  0|AC  0|TAMS 0x0000000700e00000, 0x0000000700e00000|
|  15|0x0000000700f00000, 0x0000000700fffff0, 0x0000000701000000| 99%| O|  |TS  0|AC  0|TAMS 0x0000000700f00000, 0x0000000700f00000|
|  16|0x0000000701000000, 0x0000000701100000, 0x0000000701100000|100%|HS|  |TS  0|AC  0|TAMS 0x0000000701000000, 0x0000000701000000|
|  17|0x0000000701100000, 0x00000007011fffd0, 0x0000000701200000| 99%| O|  |TS  0|AC  0|TAMS 0x0000000701100000, 0x0000000701100000|
|  18|0x0000000701200000, 0x00000007012ffff0, 0x0000000701300000| 99%| O|  |TS  0|AC  0|TAMS 0x0000000701200000, 0x0000000701200000|
|  19|0x0000000701300000, 0x00000007013ffff8, 0x0000000701400000| 99%| O|  |TS  0|AC  0|TAMS 0x0000000701300000, 0x0000000701300000|
|  20|0x0000000701400000, 0x0000000701500000, 0x0000000701500000|100%|HS|  |TS  0|AC  0|TAMS 0x0000000701400000, 0x0000000701400000|
|  21|0x0000000701500000, 0x0000000701600000, 0x0000000701600000|100%|HC|  |TS  0|AC  0|TAMS 0x0000000701500000, 0x0000000701500000|
|  22|0x0000000701600000, 0x00000007016ffb48, 0x0000000701700000| 99%| O|  |TS  0|AC  0|TAMS 0x0000000701600000, 0x0000000701600000|
|  23|0x0000000701700000, 0x0000000701800000, 0x0000000701800000|100%| O|  |TS  0|AC  0|TAMS 0x0000000701700000, 0x0000000701700000|
|  24|0x0000000701800000, 0x0000000701900000, 0x0000000701900000|100%| O|  |TS  0|AC  0|TAMS 0x0000000701800000, 0x0000000701800000|
|  25|0x0000000701900000, 0x00000007019ffc40, 0x0000000701a00000| 99%| O|  |TS  0|AC  0|TAMS 0x0000000701900000, 0x0000000701900000|
|  26|0x0000000701a00000, 0x0000000701b00000, 0x0000000701b00000|100%|HS|  |TS  0|AC  0|TAMS 0x0000000701a00000, 0x0000000701a00000|
|  27|0x0000000701b00000, 0x0000000701c00000, 0x0000000701c00000|100%| O|  |TS  0|AC  0|TAMS 0x0000000701b00000, 0x0000000701b00000|
|  28|0x0000000701c00000, 0x0000000701cffff8, 0x0000000701d00000| 99%| O|  |TS  0|AC  0|TAMS 0x0000000701c00000, 0x0000000701c00000|
|  29|0x0000000701d00000, 0x0000000701dfe800, 0x0000000701e00000| 99%| O|  |TS  0|AC  0|TAMS 0x0000000701d00000, 0x0000000701d00000|
|  30|0x0000000701e00000, 0x0000000701effff0, 0x0000000701f00000| 99%| O|  |TS  0|AC  0|TAMS 0x0000000701e00000, 0x0000000701e00000|
|  31|0x0000000701f00000, 0x0000000702000000, 0x0000000702000000|100%| O|  |TS  0|AC  0|TAMS 0x0000000701f00000, 0x0000000701f00000|
|  32|0x0000000702000000, 0x0000000702100000, 0x0000000702100000|100%| O|  |TS  0|AC  0|TAMS 0x0000000702000000, 0x0000000702000000|
|  33|0x0000000702100000, 0x00000007021ffff0, 0x0000000702200000| 99%| O|  |TS  0|AC  0|TAMS 0x0000000702100000, 0x0000000702100000|
|  34|0x0000000702200000, 0x00000007022fffd0, 0x0000000702300000| 99%| O|  |TS  0|AC  0|TAMS 0x0000000702200000, 0x0000000702200000|
|  35|0x0000000702300000, 0x00000007023ffff0, 0x0000000702400000| 99%| O|  |TS  0|AC  0|TAMS 0x0000000702300000, 0x0000000702300000|
|  36|0x0000000702400000, 0x00000007024ffff8, 0x0000000702500000| 99%| O|  |TS  0|AC  0|TAMS 0x0000000702400000, 0x0000000702400000|
|  37|0x0000000702500000, 0x0000000702600000, 0x0000000702600000|100%| O|  |TS  0|AC  0|TAMS 0x0000000702500000, 0x0000000702500000|
|  38|0x0000000702600000, 0x00000007026fffc8, 0x0000000702700000| 99%| O|  |TS  0|AC  0|TAMS 0x0000000702600000, 0x0000000702600000|
|  39|0x0000000702700000, 0x0000000702800000, 0x0000000702800000|100%| O|  |TS  0|AC  0|TAMS 0x0000000702700000, 0x0000000702700000|
|  40|0x0000000702800000, 0x00000007028ffff8, 0x0000000702900000| 99%| O|  |TS  0|AC  0|TAMS 0x0000000702800000, 0x0000000702800000|
|  41|0x0000000702900000, 0x0000000702a00000, 0x0000000702a00000|100%| O|  |TS  0|AC  0|TAMS 0x0000000702900000, 0x0000000702900000|
|  42|0x0000000702a00000, 0x0000000702afffe8, 0x0000000702b00000| 99%| O|  |TS  0|AC  0|TAMS 0x0000000702a00000, 0x0000000702a00000|
|  43|0x0000000702b00000, 0x0000000702bffff8, 0x0000000702c00000| 99%| O|  |TS  0|AC  0|TAMS 0x0000000702b00000, 0x0000000702b00000|
|  44|0x0000000702c00000, 0x0000000702cfffb0, 0x0000000702d00000| 99%| O|  |TS  0|AC  0|TAMS 0x0000000702c00000, 0x0000000702c00000|
|  45|0x0000000702d00000, 0x0000000702def460, 0x0000000702e00000| 93%| O|  |TS  0|AC  0|TAMS 0x0000000702d00000, 0x0000000702d00000|
|  46|0x0000000702e00000, 0x0000000702ef1c38, 0x0000000702f00000| 94%| O|  |TS  0|AC  0|TAMS 0x0000000702e00000, 0x0000000702e00000|
|  47|0x0000000702f00000, 0x0000000702ffffb8, 0x0000000703000000| 99%| O|  |TS  0|AC  0|TAMS 0x0000000702f00000, 0x0000000702f00000|
|  48|0x0000000703000000, 0x00000007030ffff8, 0x0000000703100000| 99%| O|  |TS  0|AC  0|TAMS 0x0000000703000000, 0x0000000703000000|
|  49|0x0000000703100000, 0x00000007031ffff8, 0x0000000703200000| 99%| O|  |TS  0|AC  0|TAMS 0x0000000703100000, 0x0000000703100000|
|  50|0x0000000703200000, 0x0000000703300000, 0x0000000703300000|100%|HS|  |TS  0|AC  0|TAMS 0x0000000703200000, 0x0000000703200000|
|  51|0x0000000703300000, 0x0000000703400000, 0x0000000703400000|100%|HC|  |TS  0|AC  0|TAMS 0x0000000703300000, 0x0000000703300000|
|  52|0x0000000703400000, 0x0000000703500000, 0x0000000703500000|100%|HC|  |TS  0|AC  0|TAMS 0x0000000703400000, 0x0000000703400000|
|  53|0x0000000703500000, 0x0000000703600000, 0x0000000703600000|100%|HS|  |TS  0|AC  0|TAMS 0x0000000703500000, 0x0000000703500000|
|  54|0x0000000703600000, 0x0000000703700000, 0x0000000703700000|100%|HS|  |TS  0|AC  0|TAMS 0x0000000703600000, 0x0000000703600000|
|  55|0x0000000703700000, 0x00000007037fe160, 0x0000000703800000| 99%| O|  |TS  0|AC  0|TAMS 0x0000000703700000, 0x0000000703700000|
|  56|0x0000000703800000, 0x00000007038fee48, 0x0000000703900000| 99%| O|  |TS  0|AC  0|TAMS 0x0000000703800000, 0x0000000703800000|
|  57|0x0000000703900000, 0x00000007039ffff0, 0x0000000703a00000| 99%| O|  |TS  0|AC  0|TAMS 0x0000000703900000, 0x0000000703900000|
|  58|0x0000000703a00000, 0x0000000703affff0, 0x0000000703b00000| 99%| O|  |TS  0|AC  0|TAMS 0x0000000703a00000, 0x0000000703a00000|
|  59|0x0000000703b00000, 0x0000000703c00000, 0x0000000703c00000|100%| O|  |TS  0|AC  0|TAMS 0x0000000703b00000, 0x0000000703b00000|
|  60|0x0000000703c00000, 0x0000000703cffff0, 0x0000000703d00000| 99%| O|  |TS  0|AC  0|TAMS 0x0000000703c00000, 0x0000000703c00000|
|  61|0x0000000703d00000, 0x0000000703dffff0, 0x0000000703e00000| 99%| O|  |TS  0|AC  0|TAMS 0x0000000703d00000, 0x0000000703d00000|
|  62|0x0000000703e00000, 0x0000000703efffd8, 0x0000000703f00000| 99%| O|  |TS  0|AC  0|TAMS 0x0000000703e00000, 0x0000000703e00000|
|  63|0x0000000703f00000, 0x0000000703ff81d0, 0x0000000704000000| 96%| O|  |TS  0|AC  0|TAMS 0x0000000703f00000, 0x0000000703f00000|
|  64|0x0000000704000000, 0x00000007040ffff8, 0x0000000704100000| 99%| O|  |TS  0|AC  0|TAMS 0x0000000704000000, 0x0000000704000000|
|  65|0x0000000704100000, 0x00000007041ffff8, 0x0000000704200000| 99%| O|  |TS  0|AC  0|TAMS 0x0000000704100000, 0x0000000704100000|
|  66|0x0000000704200000, 0x00000007042fe5a0, 0x0000000704300000| 99%| O|  |TS  0|AC  0|TAMS 0x0000000704200000, 0x0000000704200000|
|  67|0x0000000704300000, 0x00000007043ffff0, 0x0000000704400000| 99%| O|  |TS  0|AC  0|TAMS 0x0000000704300000, 0x0000000704300000|
|  68|0x0000000704400000, 0x00000007044ffff8, 0x0000000704500000| 99%| O|  |TS  0|AC  0|TAMS 0x0000000704400000, 0x0000000704400000|
|  69|0x0000000704500000, 0x00000007045ffff0, 0x0000000704600000| 99%| O|  |TS  0|AC  0|TAMS 0x0000000704500000, 0x0000000704500000|
|  70|0x0000000704600000, 0x00000007046fffb8, 0x0000000704700000| 99%| O|  |TS  0|AC  0|TAMS 0x0000000704600000, 0x0000000704600000|
|  71|0x0000000704700000, 0x00000007047fffe8, 0x0000000704800000| 99%| O|  |TS  0|AC  0|TAMS 0x0000000704700000, 0x0000000704700000|
|  72|0x0000000704800000, 0x00000007048fffe0, 0x0000000704900000| 99%| O|  |TS  0|AC  0|TAMS 0x0000000704800000, 0x0000000704800000|
|  73|0x0000000704900000, 0x00000007049ff6c8, 0x0000000704a00000| 99%| O|  |TS  0|AC  0|TAMS 0x0000000704900000, 0x0000000704900000|
|  74|0x0000000704a00000, 0x0000000704affff8, 0x0000000704b00000| 99%| O|  |TS  0|AC  0|TAMS 0x0000000704a00000, 0x0000000704a00000|
|  75|0x0000000704b00000, 0x0000000704c00000, 0x0000000704c00000|100%|HS|  |TS  0|AC  0|TAMS 0x0000000704b00000, 0x0000000704b00000|
|  76|0x0000000704c00000, 0x0000000704d00000, 0x0000000704d00000|100%|HC|  |TS  0|AC  0|TAMS 0x0000000704c00000, 0x0000000704c00000|
|  77|0x0000000704d00000, 0x0000000704e00000, 0x0000000704e00000|100%|HC|  |TS  0|AC  0|TAMS 0x0000000704d00000, 0x0000000704d00000|
|  78|0x0000000704e00000, 0x0000000704f00000, 0x0000000704f00000|100%|HC|  |TS  0|AC  0|TAMS 0x0000000704e00000, 0x0000000704e00000|
|  79|0x0000000704f00000, 0x0000000705000000, 0x0000000705000000|100%|HC|  |TS  0|AC  0|TAMS 0x0000000704f00000, 0x0000000704f00000|
|  80|0x0000000705000000, 0x0000000705100000, 0x0000000705100000|100%|HC|  |TS  0|AC  0|TAMS 0x0000000705000000, 0x0000000705000000|
|  81|0x0000000705100000, 0x0000000705200000, 0x0000000705200000|100%|HC|  |TS  0|AC  0|TAMS 0x0000000705100000, 0x0000000705100000|
|  82|0x0000000705200000, 0x0000000705300000, 0x0000000705300000|100%|HC|  |TS  0|AC  0|TAMS 0x0000000705200000, 0x0000000705200000|
|  83|0x0000000705300000, 0x0000000705400000, 0x0000000705400000|100%|HC|  |TS  0|AC  0|TAMS 0x0000000705300000, 0x0000000705300000|
|  84|0x0000000705400000, 0x0000000705500000, 0x0000000705500000|100%|HC|  |TS  0|AC  0|TAMS 0x0000000705400000, 0x0000000705400000|
|  85|0x0000000705500000, 0x0000000705600000, 0x0000000705600000|100%|HC|  |TS  0|AC  0|TAMS 0x0000000705500000, 0x0000000705500000|
|  86|0x0000000705600000, 0x0000000705700000, 0x0000000705700000|100%|HC|  |TS  0|AC  0|TAMS 0x0000000705600000, 0x0000000705600000|
|  87|0x0000000705700000, 0x0000000705800000, 0x0000000705800000|100%|HC|  |TS  0|AC  0|TAMS 0x0000000705700000, 0x0000000705700000|
|  88|0x0000000705800000, 0x0000000705900000, 0x0000000705900000|100%|HC|  |TS  0|AC  0|TAMS 0x0000000705800000, 0x0000000705800000|
|  89|0x0000000705900000, 0x0000000705a00000, 0x0000000705a00000|100%|HC|  |TS  0|AC  0|TAMS 0x0000000705900000, 0x0000000705900000|
|  90|0x0000000705a00000, 0x0000000705b00000, 0x0000000705b00000|100%|HC|  |TS  0|AC  0|TAMS 0x0000000705a00000, 0x0000000705a00000|
|  91|0x0000000705b00000, 0x0000000705bffff8, 0x0000000705c00000| 99%| O|  |TS  0|AC  0|TAMS 0x0000000705b00000, 0x0000000705b00000|
|  92|0x0000000705c00000, 0x0000000705cffff0, 0x0000000705d00000| 99%| O|  |TS  0|AC  0|TAMS 0x0000000705c00000, 0x0000000705c00000|
|  93|0x0000000705d00000, 0x0000000705e00000, 0x0000000705e00000|100%| O|  |TS  0|AC  0|TAMS 0x0000000705d00000, 0x0000000705d00000|
|  94|0x0000000705e00000, 0x0000000705effff8, 0x0000000705f00000| 99%| O|  |TS  0|AC  0|TAMS 0x0000000705e00000, 0x0000000705e00000|
|  95|0x0000000705f00000, 0x0000000705fff418, 0x0000000706000000| 99%| O|  |TS  0|AC  0|TAMS 0x0000000705f00000, 0x0000000705f00000|
|  96|0x0000000706000000, 0x00000007060ffff8, 0x0000000706100000| 99%| O|  |TS  0|AC  0|TAMS 0x0000000706000000, 0x0000000706000000|
|  97|0x0000000706100000, 0x00000007061ffff0, 0x0000000706200000| 99%| O|  |TS  0|AC  0|TAMS 0x0000000706100000, 0x0000000706100000|
|  98|0x0000000706200000, 0x00000007062ffff8, 0x0000000706300000| 99%| O|  |TS  0|AC  0|TAMS 0x0000000706200000, 0x0000000706200000|
|  99|0x0000000706300000, 0x00000007063fffe8, 0x0000000706400000| 99%| O|  |TS  0|AC  0|TAMS 0x0000000706300000, 0x0000000706300000|
| 100|0x0000000706400000, 0x00000007064ffb18, 0x0000000706500000| 99%| O|  |TS  0|AC  0|TAMS 0x0000000706400000, 0x0000000706400000|
| 101|0x0000000706500000, 0x0000000706600000, 0x0000000706600000|100%| O|  |TS  0|AC  0|TAMS 0x0000000706500000, 0x0000000706500000|
| 102|0x0000000706600000, 0x00000007066ffff8, 0x0000000706700000| 99%| O|  |TS  0|AC  0|TAMS 0x0000000706600000, 0x0000000706600000|
| 103|0x0000000706700000, 0x00000007067ffff8, 0x0000000706800000| 99%| O|  |TS  0|AC  0|TAMS 0x0000000706700000, 0x0000000706700000|
| 104|0x0000000706800000, 0x00000007068ffff8, 0x0000000706900000| 99%| O|  |TS  0|AC  0|TAMS 0x0000000706800000, 0x0000000706800000|
| 105|0x0000000706900000, 0x00000007069fffd0, 0x0000000706a00000| 99%| O|  |TS  0|AC  0|TAMS 0x0000000706900000, 0x0000000706900000|
| 106|0x0000000706a00000, 0x0000000706a0fed8, 0x0000000706b00000|  6%| O|  |TS  0|AC  0|TAMS 0x0000000706a00000, 0x0000000706a00000|
| 107|0x0000000706b00000, 0x0000000706b00000, 0x0000000706c00000|  0%| F|  |TS  0|AC  0|TAMS 0x0000000706b00000, 0x0000000706b00000|
| 108|0x0000000706c00000, 0x0000000706c00000, 0x0000000706d00000|  0%| F|  |TS  0|AC  0|TAMS 0x0000000706c00000, 0x0000000706c00000|
| 109|0x0000000706d00000, 0x0000000706d00000, 0x0000000706e00000|  0%| F|  |TS  0|AC  0|TAMS 0x0000000706d00000, 0x0000000706d00000|
| 110|0x0000000706e00000, 0x0000000706e00000, 0x0000000706f00000|  0%| F|  |TS  0|AC  0|TAMS 0x0000000706e00000, 0x0000000706e00000|
| 111|0x0000000706f00000, 0x0000000706f00000, 0x0000000707000000|  0%| F|  |TS  0|AC  0|TAMS 0x0000000706f00000, 0x0000000706f00000|
| 112|0x0000000707000000, 0x0000000707000000, 0x0000000707100000|  0%| F|  |TS  0|AC  0|TAMS 0x0000000707000000, 0x0000000707000000|
| 113|0x0000000707100000, 0x0000000707100000, 0x0000000707200000|  0%| F|  |TS  0|AC  0|TAMS 0x0000000707100000, 0x0000000707100000|
| 114|0x0000000707200000, 0x0000000707200000, 0x0000000707300000|  0%| F|  |TS  0|AC  0|TAMS 0x0000000707200000, 0x0000000707200000|
| 115|0x0000000707300000, 0x0000000707300000, 0x0000000707400000|  0%| F|  |TS  0|AC  0|TAMS 0x0000000707300000, 0x0000000707300000|
| 116|0x0000000707400000, 0x0000000707400000, 0x0000000707500000|  0%| F|  |TS  0|AC  0|TAMS 0x0000000707400000, 0x0000000707400000|
| 117|0x0000000707500000, 0x0000000707500000, 0x0000000707600000|  0%| F|  |TS  0|AC  0|TAMS 0x0000000707500000, 0x0000000707500000|
| 118|0x0000000707600000, 0x0000000707600000, 0x0000000707700000|  0%| F|  |TS  0|AC  0|TAMS 0x0000000707600000, 0x0000000707600000|
| 119|0x0000000707700000, 0x0000000707700000, 0x0000000707800000|  0%| F|  |TS  0|AC  0|TAMS 0x0000000707700000, 0x0000000707700000|
| 120|0x0000000707800000, 0x0000000707800000, 0x0000000707900000|  0%| F|  |TS  0|AC  0|TAMS 0x0000000707800000, 0x0000000707800000|
| 121|0x0000000707900000, 0x0000000707900000, 0x0000000707a00000|  0%| F|  |TS  0|AC  0|TAMS 0x0000000707900000, 0x0000000707900000|
| 122|0x0000000707a00000, 0x0000000707a00000, 0x0000000707b00000|  0%| F|  |TS  0|AC  0|TAMS 0x0000000707a00000, 0x0000000707a00000|
| 123|0x0000000707b00000, 0x0000000707b00000, 0x0000000707c00000|  0%| F|  |TS  0|AC  0|TAMS 0x0000000707b00000, 0x0000000707b00000|
| 124|0x0000000707c00000, 0x0000000707c00000, 0x0000000707d00000|  0%| F|  |TS  0|AC  0|TAMS 0x0000000707c00000, 0x0000000707c00000|
| 125|0x0000000707d00000, 0x0000000707d00000, 0x0000000707e00000|  0%| F|  |TS  0|AC  0|TAMS 0x0000000707d00000, 0x0000000707d00000|
| 126|0x0000000707e00000, 0x0000000707e00000, 0x0000000707f00000|  0%| F|  |TS  0|AC  0|TAMS 0x0000000707e00000, 0x0000000707e00000|
| 127|0x0000000707f00000, 0x0000000707f00000, 0x0000000708000000|  0%| F|  |TS  0|AC  0|TAMS 0x0000000707f00000, 0x0000000707f00000|
| 128|0x0000000708000000, 0x0000000708000000, 0x0000000708100000|  0%| F|  |TS  0|AC  0|TAMS 0x0000000708000000, 0x0000000708000000|
| 129|0x0000000708100000, 0x0000000708100000, 0x0000000708200000|  0%| F|  |TS  0|AC  0|TAMS 0x0000000708100000, 0x0000000708100000|
| 130|0x0000000708200000, 0x0000000708200000, 0x0000000708300000|  0%| F|  |TS  0|AC  0|TAMS 0x0000000708200000, 0x0000000708200000|
| 131|0x0000000708300000, 0x0000000708300000, 0x0000000708400000|  0%| F|  |TS  0|AC  0|TAMS 0x0000000708300000, 0x0000000708300000|
| 132|0x0000000708400000, 0x0000000708400000, 0x0000000708500000|  0%| F|  |TS  0|AC  0|TAMS 0x0000000708400000, 0x0000000708400000|
| 133|0x0000000708500000, 0x0000000708500000, 0x0000000708600000|  0%| F|  |TS  0|AC  0|TAMS 0x0000000708500000, 0x0000000708500000|
| 134|0x0000000708600000, 0x0000000708600000, 0x0000000708700000|  0%| F|  |TS  0|AC  0|TAMS 0x0000000708600000, 0x0000000708600000|
| 135|0x0000000708700000, 0x0000000708700000, 0x0000000708800000|  0%| F|  |TS  0|AC  0|TAMS 0x0000000708700000, 0x0000000708700000|
| 136|0x0000000708800000, 0x0000000708800000, 0x0000000708900000|  0%| F|  |TS  0|AC  0|TAMS 0x0000000708800000, 0x0000000708800000|
| 137|0x0000000708900000, 0x0000000708900000, 0x0000000708a00000|  0%| F|  |TS  0|AC  0|TAMS 0x0000000708900000, 0x0000000708900000|
| 138|0x0000000708a00000, 0x0000000708a00000, 0x0000000708b00000|  0%| F|  |TS  0|AC  0|TAMS 0x0000000708a00000, 0x0000000708a00000|
| 139|0x0000000708b00000, 0x0000000708b00000, 0x0000000708c00000|  0%| F|  |TS  0|AC  0|TAMS 0x0000000708b00000, 0x0000000708b00000|
| 140|0x0000000708c00000, 0x0000000708c00000, 0x0000000708d00000|  0%| F|  |TS  0|AC  0|TAMS 0x0000000708c00000, 0x0000000708c00000|
| 141|0x0000000708d00000, 0x0000000708d00000, 0x0000000708e00000|  0%| F|  |TS  0|AC  0|TAMS 0x0000000708d00000, 0x0000000708d00000|
| 142|0x0000000708e00000, 0x0000000708e00000, 0x0000000708f00000|  0%| F|  |TS  0|AC  0|TAMS 0x0000000708e00000, 0x0000000708e00000|
| 143|0x0000000708f00000, 0x0000000708f00000, 0x0000000709000000|  0%| F|  |TS  0|AC  0|TAMS 0x0000000708f00000, 0x0000000708f00000|
| 144|0x0000000709000000, 0x0000000709000000, 0x0000000709100000|  0%| F|  |TS  0|AC  0|TAMS 0x0000000709000000, 0x0000000709000000|
| 145|0x0000000709100000, 0x0000000709100000, 0x0000000709200000|  0%| F|  |TS  0|AC  0|TAMS 0x0000000709100000, 0x0000000709100000|
| 146|0x0000000709200000, 0x0000000709200000, 0x0000000709300000|  0%| F|  |TS  0|AC  0|TAMS 0x0000000709200000, 0x0000000709200000|
| 147|0x0000000709300000, 0x0000000709300000, 0x0000000709400000|  0%| F|  |TS  0|AC  0|TAMS 0x0000000709300000, 0x0000000709300000|
| 148|0x0000000709400000, 0x0000000709400000, 0x0000000709500000|  0%| F|  |TS  0|AC  0|TAMS 0x0000000709400000, 0x0000000709400000|
| 149|0x0000000709500000, 0x0000000709500000, 0x0000000709600000|  0%| F|  |TS  0|AC  0|TAMS 0x0000000709500000, 0x0000000709500000|
| 150|0x0000000709600000, 0x0000000709600000, 0x0000000709700000|  0%| F|  |TS  0|AC  0|TAMS 0x0000000709600000, 0x0000000709600000|
| 151|0x0000000709700000, 0x0000000709700000, 0x0000000709800000|  0%| F|  |TS  0|AC  0|TAMS 0x0000000709700000, 0x0000000709700000|
| 152|0x0000000709800000, 0x0000000709800000, 0x0000000709900000|  0%| F|  |TS  0|AC  0|TAMS 0x0000000709800000, 0x0000000709800000|
| 153|0x0000000709900000, 0x0000000709900000, 0x0000000709a00000|  0%| F|  |TS  0|AC  0|TAMS 0x0000000709900000, 0x0000000709900000|
| 154|0x0000000709a00000, 0x0000000709a00000, 0x0000000709b00000|  0%| F|  |TS  0|AC  0|TAMS 0x0000000709a00000, 0x0000000709a00000|
| 155|0x0000000709b00000, 0x0000000709b00000, 0x0000000709c00000|  0%| F|  |TS  0|AC  0|TAMS 0x0000000709b00000, 0x0000000709b00000|
| 156|0x0000000709c00000, 0x0000000709c00000, 0x0000000709d00000|  0%| F|  |TS  0|AC  0|TAMS 0x0000000709c00000, 0x0000000709c00000|
| 157|0x0000000709d00000, 0x0000000709d00000, 0x0000000709e00000|  0%| F|  |TS  0|AC  0|TAMS 0x0000000709d00000, 0x0000000709d00000|
| 158|0x0000000709e00000, 0x0000000709e00000, 0x0000000709f00000|  0%| F|  |TS  0|AC  0|TAMS 0x0000000709e00000, 0x0000000709e00000|
| 159|0x0000000709f00000, 0x0000000709f00000, 0x000000070a000000|  0%| F|  |TS  0|AC  0|TAMS 0x0000000709f00000, 0x0000000709f00000|
| 160|0x000000070a000000, 0x000000070a000000, 0x000000070a100000|  0%| F|  |TS  0|AC  0|TAMS 0x000000070a000000, 0x000000070a000000|
| 161|0x000000070a100000, 0x000000070a100000, 0x000000070a200000|  0%| F|  |TS  0|AC  0|TAMS 0x000000070a100000, 0x000000070a100000|
| 162|0x000000070a200000, 0x000000070a200000, 0x000000070a300000|  0%| F|  |TS  0|AC  0|TAMS 0x000000070a200000, 0x000000070a200000|
| 163|0x000000070a300000, 0x000000070a300000, 0x000000070a400000|  0%| F|  |TS  0|AC  0|TAMS 0x000000070a300000, 0x000000070a300000|
| 164|0x000000070a400000, 0x000000070a400000, 0x000000070a500000|  0%| F|  |TS  0|AC  0|TAMS 0x000000070a400000, 0x000000070a400000|
| 165|0x000000070a500000, 0x000000070a500000, 0x000000070a600000|  0%| F|  |TS  0|AC  0|TAMS 0x000000070a500000, 0x000000070a500000|
| 166|0x000000070a600000, 0x000000070a600000, 0x000000070a700000|  0%| F|  |TS  0|AC  0|TAMS 0x000000070a600000, 0x000000070a600000|
| 167|0x000000070a700000, 0x000000070a700000, 0x000000070a800000|  0%| F|  |TS  0|AC  0|TAMS 0x000000070a700000, 0x000000070a700000|
| 168|0x000000070a800000, 0x000000070a800000, 0x000000070a900000|  0%| F|  |TS  0|AC  0|TAMS 0x000000070a800000, 0x000000070a800000|
| 169|0x000000070a900000, 0x000000070a900000, 0x000000070aa00000|  0%| F|  |TS  0|AC  0|TAMS 0x000000070a900000, 0x000000070a900000|
| 170|0x000000070aa00000, 0x000000070aa00000, 0x000000070ab00000|  0%| F|  |TS  0|AC  0|TAMS 0x000000070aa00000, 0x000000070aa00000|
| 171|0x000000070ab00000, 0x000000070ab00000, 0x000000070ac00000|  0%| F|  |TS  0|AC  0|TAMS 0x000000070ab00000, 0x000000070ab00000|
| 172|0x000000070ac00000, 0x000000070ac00000, 0x000000070ad00000|  0%| F|  |TS  0|AC  0|TAMS 0x000000070ac00000, 0x000000070ac00000|
| 173|0x000000070ad00000, 0x000000070ad00000, 0x000000070ae00000|  0%| F|  |TS  0|AC  0|TAMS 0x000000070ad00000, 0x000000070ad00000|
| 174|0x000000070ae00000, 0x000000070ae00000, 0x000000070af00000|  0%| F|  |TS  0|AC  0|TAMS 0x000000070ae00000, 0x000000070ae00000|
| 175|0x000000070af00000, 0x000000070af00000, 0x000000070b000000|  0%| F|  |TS  0|AC  0|TAMS 0x000000070af00000, 0x000000070af00000|
| 176|0x000000070b000000, 0x000000070b000000, 0x000000070b100000|  0%| F|  |TS  0|AC  0|TAMS 0x000000070b000000, 0x000000070b000000|
| 177|0x000000070b100000, 0x000000070b100000, 0x000000070b200000|  0%| F|  |TS  0|AC  0|TAMS 0x000000070b100000, 0x000000070b100000|
| 178|0x000000070b200000, 0x000000070b200000, 0x000000070b300000|  0%| F|  |TS  0|AC  0|TAMS 0x000000070b200000, 0x000000070b200000|
| 179|0x000000070b300000, 0x000000070b300000, 0x000000070b400000|  0%| F|  |TS  0|AC  0|TAMS 0x000000070b300000, 0x000000070b300000|
| 180|0x000000070b400000, 0x000000070b400000, 0x000000070b500000|  0%| F|  |TS  0|AC  0|TAMS 0x000000070b400000, 0x000000070b400000|
| 181|0x000000070b500000, 0x000000070b500000, 0x000000070b600000|  0%| F|  |TS  0|AC  0|TAMS 0x000000070b500000, 0x000000070b500000|
| 182|0x000000070b600000, 0x000000070b600000, 0x000000070b700000|  0%| F|  |TS  0|AC  0|TAMS 0x000000070b600000, 0x000000070b600000|
| 183|0x000000070b700000, 0x000000070b700000, 0x000000070b800000|  0%| F|  |TS  0|AC  0|TAMS 0x000000070b700000, 0x000000070b700000|
| 184|0x000000070b800000, 0x000000070b800000, 0x000000070b900000|  0%| F|  |TS  0|AC  0|TAMS 0x000000070b800000, 0x000000070b800000|
| 185|0x000000070b900000, 0x000000070b900000, 0x000000070ba00000|  0%| F|  |TS  0|AC  0|TAMS 0x000000070b900000, 0x000000070b900000|
| 186|0x000000070ba00000, 0x000000070ba00000, 0x000000070bb00000|  0%| F|  |TS  0|AC  0|TAMS 0x000000070ba00000, 0x000000070ba00000|
| 187|0x000000070bb00000, 0x000000070bb00000, 0x000000070bc00000|  0%| F|  |TS  0|AC  0|TAMS 0x000000070bb00000, 0x000000070bb00000|
| 188|0x000000070bc00000, 0x000000070bc00000, 0x000000070bd00000|  0%| F|  |TS  0|AC  0|TAMS 0x000000070bc00000, 0x000000070bc00000|
| 189|0x000000070bd00000, 0x000000070bd00000, 0x000000070be00000|  0%| F|  |TS  0|AC  0|TAMS 0x000000070bd00000, 0x000000070bd00000|
| 190|0x000000070be00000, 0x000000070be00000, 0x000000070bf00000|  0%| F|  |TS  0|AC  0|TAMS 0x000000070be00000, 0x000000070be00000|
| 191|0x000000070bf00000, 0x000000070bf00000, 0x000000070c000000|  0%| F|  |TS  0|AC  0|TAMS 0x000000070bf00000, 0x000000070bf00000|
| 192|0x000000070c000000, 0x000000070c000000, 0x000000070c100000|  0%| F|  |TS  0|AC  0|TAMS 0x000000070c000000, 0x000000070c000000|
| 193|0x000000070c100000, 0x000000070c100000, 0x000000070c200000|  0%| F|  |TS  0|AC  0|TAMS 0x000000070c100000, 0x000000070c100000|
| 194|0x000000070c200000, 0x000000070c200000, 0x000000070c300000|  0%| F|  |TS  0|AC  0|TAMS 0x000000070c200000, 0x000000070c200000|
| 195|0x000000070c300000, 0x000000070c300000, 0x000000070c400000|  0%| F|  |TS  0|AC  0|TAMS 0x000000070c300000, 0x000000070c300000|
| 196|0x000000070c400000, 0x000000070c400000, 0x000000070c500000|  0%| F|  |TS  0|AC  0|TAMS 0x000000070c400000, 0x000000070c400000|
| 197|0x000000070c500000, 0x000000070c500000, 0x000000070c600000|  0%| F|  |TS  0|AC  0|TAMS 0x000000070c500000, 0x000000070c500000|
| 198|0x000000070c600000, 0x000000070c600000, 0x000000070c700000|  0%| F|  |TS  0|AC  0|TAMS 0x000000070c600000, 0x000000070c600000|
| 199|0x000000070c700000, 0x000000070c700000, 0x000000070c800000|  0%| F|  |TS  0|AC  0|TAMS 0x000000070c700000, 0x000000070c700000|
| 200|0x000000070c800000, 0x000000070c800000, 0x000000070c900000|  0%| F|  |TS  0|AC  0|TAMS 0x000000070c800000, 0x000000070c800000|
| 201|0x000000070c900000, 0x000000070c900000, 0x000000070ca00000|  0%| F|  |TS  0|AC  0|TAMS 0x000000070c900000, 0x000000070c900000|
| 202|0x000000070ca00000, 0x000000070ca00000, 0x000000070cb00000|  0%| F|  |TS  0|AC  0|TAMS 0x000000070ca00000, 0x000000070ca00000|
| 203|0x000000070cb00000, 0x000000070cb00000, 0x000000070cc00000|  0%| F|  |TS  0|AC  0|TAMS 0x000000070cb00000, 0x000000070cb00000|
| 204|0x000000070cc00000, 0x000000070cc00000, 0x000000070cd00000|  0%| F|  |TS  0|AC  0|TAMS 0x000000070cc00000, 0x000000070cc00000|
| 205|0x000000070cd00000, 0x000000070cd00000, 0x000000070ce00000|  0%| F|  |TS  0|AC  0|TAMS 0x000000070cd00000, 0x000000070cd00000|
| 206|0x000000070ce00000, 0x000000070ce00000, 0x000000070cf00000|  0%| F|  |TS  0|AC  0|TAMS 0x000000070ce00000, 0x000000070ce00000|
| 207|0x000000070cf00000, 0x000000070cf00000, 0x000000070d000000|  0%| F|  |TS  0|AC  0|TAMS 0x000000070cf00000, 0x000000070cf00000|
| 208|0x000000070d000000, 0x000000070d000000, 0x000000070d100000|  0%| F|  |TS  0|AC  0|TAMS 0x000000070d000000, 0x000000070d000000|
| 209|0x000000070d100000, 0x000000070d100000, 0x000000070d200000|  0%| F|  |TS  0|AC  0|TAMS 0x000000070d100000, 0x000000070d100000|
| 210|0x000000070d200000, 0x000000070d200000, 0x000000070d300000|  0%| F|  |TS  0|AC  0|TAMS 0x000000070d200000, 0x000000070d200000|
| 211|0x000000070d300000, 0x000000070d300000, 0x000000070d400000|  0%| F|  |TS  0|AC  0|TAMS 0x000000070d300000, 0x000000070d300000|
| 212|0x000000070d400000, 0x000000070d400000, 0x000000070d500000|  0%| F|  |TS  0|AC  0|TAMS 0x000000070d400000, 0x000000070d400000|
| 213|0x000000070d500000, 0x000000070d500000, 0x000000070d600000|  0%| F|  |TS  0|AC  0|TAMS 0x000000070d500000, 0x000000070d500000|
| 214|0x000000070d600000, 0x000000070d600000, 0x000000070d700000|  0%| F|  |TS  0|AC  0|TAMS 0x000000070d600000, 0x000000070d600000|
| 215|0x000000070d700000, 0x000000070d700000, 0x000000070d800000|  0%| F|  |TS  0|AC  0|TAMS 0x000000070d700000, 0x000000070d700000|
| 216|0x000000070d800000, 0x000000070d800000, 0x000000070d900000|  0%| F|  |TS  0|AC  0|TAMS 0x000000070d800000, 0x000000070d800000|
| 217|0x000000070d900000, 0x000000070d900000, 0x000000070da00000|  0%| F|  |TS  0|AC  0|TAMS 0x000000070d900000, 0x000000070d900000|
| 218|0x000000070da00000, 0x000000070da00000, 0x000000070db00000|  0%| F|  |TS  0|AC  0|TAMS 0x000000070da00000, 0x000000070da00000|
| 219|0x000000070db00000, 0x000000070db00000, 0x000000070dc00000|  0%| F|  |TS  0|AC  0|TAMS 0x000000070db00000, 0x000000070db00000|
| 220|0x000000070dc00000, 0x000000070dc00000, 0x000000070dd00000|  0%| F|  |TS  0|AC  0|TAMS 0x000000070dc00000, 0x000000070dc00000|
| 221|0x000000070dd00000, 0x000000070dd00000, 0x000000070de00000|  0%| F|  |TS  0|AC  0|TAMS 0x000000070dd00000, 0x000000070dd00000|
| 222|0x000000070de00000, 0x000000070de00000, 0x000000070df00000|  0%| F|  |TS  0|AC  0|TAMS 0x000000070de00000, 0x000000070de00000|
| 223|0x000000070df00000, 0x000000070df00000, 0x000000070e000000|  0%| F|  |TS  0|AC  0|TAMS 0x000000070df00000, 0x000000070df00000|
| 224|0x000000070e000000, 0x000000070e000000, 0x000000070e100000|  0%| F|  |TS  0|AC  0|TAMS 0x000000070e000000, 0x000000070e000000|
| 225|0x000000070e100000, 0x000000070e100000, 0x000000070e200000|  0%| F|  |TS  0|AC  0|TAMS 0x000000070e100000, 0x000000070e100000|
| 226|0x000000070e200000, 0x000000070e200000, 0x000000070e300000|  0%| F|  |TS  0|AC  0|TAMS 0x000000070e200000, 0x000000070e200000|
| 227|0x000000070e300000, 0x000000070e300000, 0x000000070e400000|  0%| F|  |TS  0|AC  0|TAMS 0x000000070e300000, 0x000000070e300000|
| 228|0x000000070e400000, 0x000000070e400000, 0x000000070e500000|  0%| F|  |TS  0|AC  0|TAMS 0x000000070e400000, 0x000000070e400000|
| 229|0x000000070e500000, 0x000000070e500000, 0x000000070e600000|  0%| F|  |TS  0|AC  0|TAMS 0x000000070e500000, 0x000000070e500000|
| 230|0x000000070e600000, 0x000000070e600000, 0x000000070e700000|  0%| F|  |TS  0|AC  0|TAMS 0x000000070e600000, 0x000000070e600000|
| 231|0x000000070e700000, 0x000000070e700000, 0x000000070e800000|  0%| F|  |TS  0|AC  0|TAMS 0x000000070e700000, 0x000000070e700000|
| 232|0x000000070e800000, 0x000000070e800000, 0x000000070e900000|  0%| F|  |TS  0|AC  0|TAMS 0x000000070e800000, 0x000000070e800000|
| 233|0x000000070e900000, 0x000000070e900000, 0x000000070ea00000|  0%| F|  |TS  0|AC  0|TAMS 0x000000070e900000, 0x000000070e900000|
| 234|0x000000070ea00000, 0x000000070ea00000, 0x000000070eb00000|  0%| F|  |TS  0|AC  0|TAMS 0x000000070ea00000, 0x000000070ea00000|
| 235|0x000000070eb00000, 0x000000070eb00000, 0x000000070ec00000|  0%| F|  |TS  0|AC  0|TAMS 0x000000070eb00000, 0x000000070eb00000|
| 236|0x000000070ec00000, 0x000000070ec00000, 0x000000070ed00000|  0%| F|  |TS  0|AC  0|TAMS 0x000000070ec00000, 0x000000070ec00000|
| 237|0x000000070ed00000, 0x000000070ed00000, 0x000000070ee00000|  0%| F|  |TS  0|AC  0|TAMS 0x000000070ed00000, 0x000000070ed00000|
| 238|0x000000070ee00000, 0x000000070ee00000, 0x000000070ef00000|  0%| F|  |TS  0|AC  0|TAMS 0x000000070ee00000, 0x000000070ee00000|
| 239|0x000000070ef00000, 0x000000070ef00000, 0x000000070f000000|  0%| F|  |TS  0|AC  0|TAMS 0x000000070ef00000, 0x000000070ef00000|
| 240|0x000000070f000000, 0x000000070f000000, 0x000000070f100000|  0%| F|  |TS  0|AC  0|TAMS 0x000000070f000000, 0x000000070f000000|
| 241|0x000000070f100000, 0x000000070f100000, 0x000000070f200000|  0%| F|  |TS  0|AC  0|TAMS 0x000000070f100000, 0x000000070f100000|
| 242|0x000000070f200000, 0x000000070f200000, 0x000000070f300000|  0%| F|  |TS  0|AC  0|TAMS 0x000000070f200000, 0x000000070f200000|
| 243|0x000000070f300000, 0x000000070f300000, 0x000000070f400000|  0%| F|  |TS  0|AC  0|TAMS 0x000000070f300000, 0x000000070f300000|
| 244|0x000000070f400000, 0x000000070f400000, 0x000000070f500000|  0%| F|  |TS  0|AC  0|TAMS 0x000000070f400000, 0x000000070f400000|
| 245|0x000000070f500000, 0x000000070f500000, 0x000000070f600000|  0%| F|  |TS  0|AC  0|TAMS 0x000000070f500000, 0x000000070f500000|
| 246|0x000000070f600000, 0x000000070f600000, 0x000000070f700000|  0%| F|  |TS  0|AC  0|TAMS 0x000000070f600000, 0x000000070f600000|
| 247|0x000000070f700000, 0x000000070f700000, 0x000000070f800000|  0%| F|  |TS  0|AC  0|TAMS 0x000000070f700000, 0x000000070f700000|
| 248|0x000000070f800000, 0x000000070f800000, 0x000000070f900000|  0%| F|  |TS  0|AC  0|TAMS 0x000000070f800000, 0x000000070f800000|
| 249|0x000000070f900000, 0x000000070f900000, 0x000000070fa00000|  0%| F|  |TS  0|AC  0|TAMS 0x000000070f900000, 0x000000070f900000|
| 250|0x000000070fa00000, 0x000000070fa00000, 0x000000070fb00000|  0%| F|  |TS  0|AC  0|TAMS 0x000000070fa00000, 0x000000070fa00000|
| 251|0x000000070fb00000, 0x000000070fb00000, 0x000000070fc00000|  0%| F|  |TS  0|AC  0|TAMS 0x000000070fb00000, 0x000000070fb00000|
| 252|0x000000070fc00000, 0x000000070fc00000, 0x000000070fd00000|  0%| F|  |TS  0|AC  0|TAMS 0x000000070fc00000, 0x000000070fc00000|
| 253|0x000000070fd00000, 0x000000070fd00000, 0x000000070fe00000|  0%| F|  |TS  0|AC  0|TAMS 0x000000070fd00000, 0x000000070fd00000|
| 254|0x000000070fe00000, 0x000000070fe00000, 0x000000070ff00000|  0%| F|  |TS  0|AC  0|TAMS 0x000000070fe00000, 0x000000070fe00000|
| 255|0x000000070ff00000, 0x000000070ff00000, 0x0000000710000000|  0%| F|  |TS  0|AC  0|TAMS 0x000000070ff00000, 0x000000070ff00000|
| 256|0x0000000710000000, 0x0000000710000000, 0x0000000710100000|  0%| F|  |TS  0|AC  0|TAMS 0x0000000710000000, 0x0000000710000000|
| 257|0x0000000710100000, 0x0000000710100000, 0x0000000710200000|  0%| F|  |TS  0|AC  0|TAMS 0x0000000710100000, 0x0000000710100000|
| 258|0x0000000710200000, 0x0000000710200000, 0x0000000710300000|  0%| F|  |TS  0|AC  0|TAMS 0x0000000710200000, 0x0000000710200000|
| 259|0x0000000710300000, 0x0000000710300000, 0x0000000710400000|  0%| F|  |TS  0|AC  0|TAMS 0x0000000710300000, 0x0000000710300000|
| 260|0x0000000710400000, 0x0000000710400000, 0x0000000710500000|  0%| F|  |TS  0|AC  0|TAMS 0x0000000710400000, 0x0000000710400000|
| 261|0x0000000710500000, 0x0000000710500000, 0x0000000710600000|  0%| F|  |TS  0|AC  0|TAMS 0x0000000710500000, 0x0000000710500000|
| 262|0x0000000710600000, 0x0000000710600000, 0x0000000710700000|  0%| F|  |TS  0|AC  0|TAMS 0x0000000710600000, 0x0000000710600000|
| 263|0x0000000710700000, 0x0000000710700000, 0x0000000710800000|  0%| F|  |TS  0|AC  0|TAMS 0x0000000710700000, 0x0000000710700000|
| 264|0x0000000710800000, 0x0000000710800000, 0x0000000710900000|  0%| F|  |TS  0|AC  0|TAMS 0x0000000710800000, 0x0000000710800000|
| 265|0x0000000710900000, 0x0000000710900000, 0x0000000710a00000|  0%| F|  |TS  0|AC  0|TAMS 0x0000000710900000, 0x0000000710900000|
| 266|0x0000000710a00000, 0x0000000710a00000, 0x0000000710b00000|  0%| F|  |TS  0|AC  0|TAMS 0x0000000710a00000, 0x0000000710a00000|
| 267|0x0000000710b00000, 0x0000000710b00000, 0x0000000710c00000|  0%| F|  |TS  0|AC  0|TAMS 0x0000000710b00000, 0x0000000710b00000|
| 268|0x0000000710c00000, 0x0000000710c00000, 0x0000000710d00000|  0%| F|  |TS  0|AC  0|TAMS 0x0000000710c00000, 0x0000000710c00000|
| 269|0x0000000710d00000, 0x0000000710d00000, 0x0000000710e00000|  0%| F|  |TS  0|AC  0|TAMS 0x0000000710d00000, 0x0000000710d00000|
| 270|0x0000000710e00000, 0x0000000710e00000, 0x0000000710f00000|  0%| F|  |TS  0|AC  0|TAMS 0x0000000710e00000, 0x0000000710e00000|
| 271|0x0000000710f00000, 0x0000000710f00000, 0x0000000711000000|  0%| F|  |TS  0|AC  0|TAMS 0x0000000710f00000, 0x0000000710f00000|
| 272|0x0000000711000000, 0x0000000711000000, 0x0000000711100000|  0%| F|  |TS  0|AC  0|TAMS 0x0000000711000000, 0x0000000711000000|
| 273|0x0000000711100000, 0x0000000711100000, 0x0000000711200000|  0%| F|  |TS  0|AC  0|TAMS 0x0000000711100000, 0x0000000711100000|
| 274|0x0000000711200000, 0x0000000711200000, 0x0000000711300000|  0%| F|  |TS  0|AC  0|TAMS 0x0000000711200000, 0x0000000711200000|
| 275|0x0000000711300000, 0x0000000711300000, 0x0000000711400000|  0%| F|  |TS  0|AC  0|TAMS 0x0000000711300000, 0x0000000711300000|
| 276|0x0000000711400000, 0x0000000711400000, 0x0000000711500000|  0%| F|  |TS  0|AC  0|TAMS 0x0000000711400000, 0x0000000711400000|
| 277|0x0000000711500000, 0x0000000711500000, 0x0000000711600000|  0%| F|  |TS  0|AC  0|TAMS 0x0000000711500000, 0x0000000711500000|
| 278|0x0000000711600000, 0x0000000711600000, 0x0000000711700000|  0%| F|  |TS  0|AC  0|TAMS 0x0000000711600000, 0x0000000711600000|
| 279|0x0000000711700000, 0x0000000711700000, 0x0000000711800000|  0%| F|  |TS  0|AC  0|TAMS 0x0000000711700000, 0x0000000711700000|
| 280|0x0000000711800000, 0x0000000711800000, 0x0000000711900000|  0%| F|  |TS  0|AC  0|TAMS 0x0000000711800000, 0x0000000711800000|
| 281|0x0000000711900000, 0x0000000711900000, 0x0000000711a00000|  0%| F|  |TS  0|AC  0|TAMS 0x0000000711900000, 0x0000000711900000|
| 282|0x0000000711a00000, 0x0000000711a00000, 0x0000000711b00000|  0%| F|  |TS  0|AC  0|TAMS 0x0000000711a00000, 0x0000000711a00000|
| 283|0x0000000711b00000, 0x0000000711b00000, 0x0000000711c00000|  0%| F|  |TS  0|AC  0|TAMS 0x0000000711b00000, 0x0000000711b00000|
| 284|0x0000000711c00000, 0x0000000711c00000, 0x0000000711d00000|  0%| F|  |TS  0|AC  0|TAMS 0x0000000711c00000, 0x0000000711c00000|
| 285|0x0000000711d00000, 0x0000000711d00000, 0x0000000711e00000|  0%| F|  |TS  0|AC  0|TAMS 0x0000000711d00000, 0x0000000711d00000|
| 286|0x0000000711e00000, 0x0000000711e00000, 0x0000000711f00000|  0%| F|  |TS  0|AC  0|TAMS 0x0000000711e00000, 0x0000000711e00000|
| 287|0x0000000711f00000, 0x0000000711f00000, 0x0000000712000000|  0%| F|  |TS  0|AC  0|TAMS 0x0000000711f00000, 0x0000000711f00000|
| 288|0x0000000712000000, 0x0000000712000000, 0x0000000712100000|  0%| F|  |TS  0|AC  0|TAMS 0x0000000712000000, 0x0000000712000000|
| 289|0x0000000712100000, 0x0000000712100000, 0x0000000712200000|  0%| F|  |TS  0|AC  0|TAMS 0x0000000712100000, 0x0000000712100000|
| 290|0x0000000712200000, 0x0000000712200000, 0x0000000712300000|  0%| F|  |TS  0|AC  0|TAMS 0x0000000712200000, 0x0000000712200000|
| 291|0x0000000712300000, 0x0000000712300000, 0x0000000712400000|  0%| F|  |TS  0|AC  0|TAMS 0x0000000712300000, 0x0000000712300000|
| 292|0x0000000712400000, 0x0000000712400000, 0x0000000712500000|  0%| F|  |TS  0|AC  0|TAMS 0x0000000712400000, 0x0000000712400000|
| 293|0x0000000712500000, 0x0000000712500000, 0x0000000712600000|  0%| F|  |TS  0|AC  0|TAMS 0x0000000712500000, 0x0000000712500000|
| 294|0x0000000712600000, 0x0000000712600000, 0x0000000712700000|  0%| F|  |TS  0|AC  0|TAMS 0x0000000712600000, 0x0000000712600000|
| 295|0x0000000712700000, 0x0000000712700000, 0x0000000712800000|  0%| F|  |TS  0|AC  0|TAMS 0x0000000712700000, 0x0000000712700000|
| 296|0x0000000712800000, 0x0000000712800000, 0x0000000712900000|  0%| F|  |TS  0|AC  0|TAMS 0x0000000712800000, 0x0000000712800000|
| 297|0x0000000712900000, 0x0000000712900000, 0x0000000712a00000|  0%| F|  |TS  0|AC  0|TAMS 0x0000000712900000, 0x0000000712900000|
| 298|0x0000000712a00000, 0x0000000712a00000, 0x0000000712b00000|  0%| F|  |TS  0|AC  0|TAMS 0x0000000712a00000, 0x0000000712a00000|
| 299|0x0000000712b00000, 0x0000000712b00000, 0x0000000712c00000|  0%| F|  |TS  0|AC  0|TAMS 0x0000000712b00000, 0x0000000712b00000|
| 300|0x0000000712c00000, 0x0000000712c00000, 0x0000000712d00000|  0%| F|  |TS  0|AC  0|TAMS 0x0000000712c00000, 0x0000000712c00000|
| 301|0x0000000712d00000, 0x0000000712d84f30, 0x0000000712e00000| 51%| E|  |TS  0|AC  0|TAMS 0x0000000712d00000, 0x0000000712d00000|
| 302|0x0000000712e00000, 0x0000000712f00000, 0x0000000712f00000|100%| E|CS|TS  0|AC  0|TAMS 0x0000000712e00000, 0x0000000712e00000|
| 303|0x0000000712f00000, 0x0000000713000000, 0x0000000713000000|100%| E|CS|TS  0|AC  0|TAMS 0x0000000712f00000, 0x0000000712f00000|
| 304|0x0000000713000000, 0x0000000713100000, 0x0000000713100000|100%| E|CS|TS  0|AC  0|TAMS 0x0000000713000000, 0x0000000713000000|
| 305|0x0000000713100000, 0x0000000713200000, 0x0000000713200000|100%| E|CS|TS  0|AC  0|TAMS 0x0000000713100000, 0x0000000713100000|
| 306|0x0000000713200000, 0x0000000713300000, 0x0000000713300000|100%| E|CS|TS  0|AC  0|TAMS 0x0000000713200000, 0x0000000713200000|
| 307|0x0000000713300000, 0x0000000713400000, 0x0000000713400000|100%| E|CS|TS  0|AC  0|TAMS 0x0000000713300000, 0x0000000713300000|
| 308|0x0000000713400000, 0x0000000713500000, 0x0000000713500000|100%| E|CS|TS  0|AC  0|TAMS 0x0000000713400000, 0x0000000713400000|
| 309|0x0000000713500000, 0x0000000713600000, 0x0000000713600000|100%| E|CS|TS  0|AC  0|TAMS 0x0000000713500000, 0x0000000713500000|
| 310|0x0000000713600000, 0x0000000713700000, 0x0000000713700000|100%| E|CS|TS  0|AC  0|TAMS 0x0000000713600000, 0x0000000713600000|
| 311|0x0000000713700000, 0x0000000713800000, 0x0000000713800000|100%| E|CS|TS  0|AC  0|TAMS 0x0000000713700000, 0x0000000713700000|
| 312|0x0000000713800000, 0x0000000713900000, 0x0000000713900000|100%| E|CS|TS  0|AC  0|TAMS 0x0000000713800000, 0x0000000713800000|
| 313|0x0000000713900000, 0x0000000713a00000, 0x0000000713a00000|100%| E|CS|TS  0|AC  0|TAMS 0x0000000713900000, 0x0000000713900000|
| 314|0x0000000713a00000, 0x0000000713b00000, 0x0000000713b00000|100%| E|CS|TS  0|AC  0|TAMS 0x0000000713a00000, 0x0000000713a00000|
| 315|0x0000000713b00000, 0x0000000713c00000, 0x0000000713c00000|100%| E|CS|TS  0|AC  0|TAMS 0x0000000713b00000, 0x0000000713b00000|
| 316|0x0000000713c00000, 0x0000000713d00000, 0x0000000713d00000|100%| E|CS|TS  0|AC  0|TAMS 0x0000000713c00000, 0x0000000713c00000|
| 317|0x0000000713d00000, 0x0000000713e00000, 0x0000000713e00000|100%| E|CS|TS  0|AC  0|TAMS 0x0000000713d00000, 0x0000000713d00000|
| 318|0x0000000713e00000, 0x0000000713f00000, 0x0000000713f00000|100%| E|CS|TS  0|AC  0|TAMS 0x0000000713e00000, 0x0000000713e00000|
| 319|0x0000000713f00000, 0x0000000714000000, 0x0000000714000000|100%| E|CS|TS  0|AC  0|TAMS 0x0000000713f00000, 0x0000000713f00000|
| 320|0x0000000714000000, 0x0000000714100000, 0x0000000714100000|100%| E|CS|TS  0|AC  0|TAMS 0x0000000714000000, 0x0000000714000000|
| 321|0x0000000714100000, 0x0000000714200000, 0x0000000714200000|100%| E|CS|TS  0|AC  0|TAMS 0x0000000714100000, 0x0000000714100000|
| 322|0x0000000714200000, 0x0000000714300000, 0x0000000714300000|100%| E|CS|TS  0|AC  0|TAMS 0x0000000714200000, 0x0000000714200000|
| 323|0x0000000714300000, 0x0000000714400000, 0x0000000714400000|100%| E|CS|TS  0|AC  0|TAMS 0x0000000714300000, 0x0000000714300000|
| 324|0x0000000714400000, 0x0000000714500000, 0x0000000714500000|100%| E|CS|TS  0|AC  0|TAMS 0x0000000714400000, 0x0000000714400000|
| 325|0x0000000714500000, 0x0000000714600000, 0x0000000714600000|100%| E|CS|TS  0|AC  0|TAMS 0x0000000714500000, 0x0000000714500000|

Card table byte_map: [0x00000211047a0000,0x0000021104da0000] byte_map_base: 0x0000021100fa0000

Marking Bits (Prev, Next): (CMBitMap*) 0x000002117d1229d0, (CMBitMap*) 0x000002117d122a08
 Prev Bits: [0x000002111d220000, 0x0000021120220000)
 Next Bits: [0x0000021120220000, 0x0000021123220000)

Polling page: 0x0000021102bc0000

CodeHeap 'non-profiled nmethods': size=119168Kb used=15821Kb max_used=16509Kb free=103346Kb
 bounds [0x0000021115dc0000, 0x0000021116de0000, 0x000002111d220000]
CodeHeap 'profiled nmethods': size=119168Kb used=39875Kb max_used=41586Kb free=79292Kb
 bounds [0x000002110e960000, 0x0000021111230000, 0x0000021115dc0000]
CodeHeap 'non-nmethods': size=7424Kb used=3454Kb max_used=3515Kb free=3969Kb
 bounds [0x000002110e220000, 0x000002110e5b0000, 0x000002110e960000]
 total_blobs=27559 nmethods=15459 adapters=1089
 compilation: enabled

Compilation events (10 events):
Event: 149.816 Thread 0x0000021101ceb800 19260       4       ui.data.l.ab::isScalar (8 bytes)
Event: 149.817 Thread 0x0000021101ceb800 nmethod 19260 0x0000021116374990 code [0x0000021116374b20, 0x0000021116374ba8]
Event: 149.844 Thread 0x000002117d17c000 19262       3       ui.data.l.ai::dvl (15 bytes)
Event: 149.844 Thread 0x000002117d17c000 nmethod 19262 0x000002110fa98290 code [0x000002110fa98480, 0x000002110fa98830]
Event: 149.874 Thread 0x000002117d17b800 19264       3       ui.views.Q.hq::e (44 bytes)
Event: 149.874 Thread 0x000002117d179800 19265       3       ui.data.l.aI::dwJ (90 bytes)
Event: 149.874 Thread 0x000002117d17a000 19266       3       ui.data.l.aI::dwH (16 bytes)
Event: 149.875 Thread 0x000002117d17a000 nmethod 19266 0x000002110fa9cd90 code [0x000002110fa9cf80, 0x000002110fa9d3d0]
Event: 149.875 Thread 0x000002117d17b800 nmethod 19264 0x000002110fc2d790 code [0x000002110fc2daa0, 0x000002110fc2eab0]
Event: 149.876 Thread 0x000002117d179800 nmethod 19265 0x000002110fe92990 code [0x000002110fe92ec0, 0x000002110fe95840]

GC Heap History (10 events):
Event: 137.673 GC heap before
{Heap before GC invocations=79 (full 3):
 garbage-first heap   total 333824K, used 164688K [0x0000000700000000, 0x0000000700100a30, 0x00000007c0000000)
  region size 1024K, 60 young (61440K), 6 survivors (6144K)
 Metaspace       used 83589K, capacity 89031K, committed 89344K, reserved 1126400K
  class space    used 12246K, capacity 13193K, committed 13312K, reserved 1048576K
}
Event: 137.676 GC heap after
{Heap after GC invocations=80 (full 3):
 garbage-first heap   total 333824K, used 109417K [0x0000000700000000, 0x0000000700100a30, 0x00000007c0000000)
  region size 1024K, 4 young (4096K), 4 survivors (4096K)
 Metaspace       used 83589K, capacity 89031K, committed 89344K, reserved 1126400K
  class space    used 12246K, capacity 13193K, committed 13312K, reserved 1048576K
}
Event: 140.169 GC heap before
{Heap before GC invocations=80 (full 3):
 garbage-first heap   total 333824K, used 166761K [0x0000000700000000, 0x0000000700100a30, 0x00000007c0000000)
  region size 1024K, 60 young (61440K), 4 survivors (4096K)
 Metaspace       used 84001K, capacity 89617K, committed 89984K, reserved 1126400K
  class space    used 12329K, capacity 13324K, committed 13440K, reserved 1048576K
}
Event: 140.172 GC heap after
{Heap after GC invocations=81 (full 3):
 garbage-first heap   total 333824K, used 109551K [0x0000000700000000, 0x0000000700100a30, 0x00000007c0000000)
  region size 1024K, 5 young (5120K), 5 survivors (5120K)
 Metaspace       used 84001K, capacity 89617K, committed 89984K, reserved 1126400K
  class space    used 12329K, capacity 13324K, committed 13440K, reserved 1048576K
}
Event: 146.064 GC heap before
{Heap before GC invocations=81 (full 3):
 garbage-first heap   total 333824K, used 165871K [0x0000000700000000, 0x0000000700100a30, 0x00000007c0000000)
  region size 1024K, 60 young (61440K), 5 survivors (5120K)
 Metaspace       used 84388K, capacity 89943K, committed 90240K, reserved 1126400K
  class space    used 12424K, capacity 13389K, committed 13440K, reserved 1048576K
}
Event: 146.067 GC heap after
{Heap after GC invocations=82 (full 3):
 garbage-first heap   total 333824K, used 110632K [0x0000000700000000, 0x0000000700100a30, 0x00000007c0000000)
  region size 1024K, 6 young (6144K), 6 survivors (6144K)
 Metaspace       used 84388K, capacity 89943K, committed 90240K, reserved 1126400K
  class space    used 12424K, capacity 13389K, committed 13440K, reserved 1048576K
}
Event: 146.308 GC heap before
{Heap before GC invocations=82 (full 3):
 garbage-first heap   total 333824K, used 165928K [0x0000000700000000, 0x0000000700100a30, 0x00000007c0000000)
  region size 1024K, 60 young (61440K), 6 survivors (6144K)
 Metaspace       used 84413K, capacity 90007K, committed 90240K, reserved 1126400K
  class space    used 12424K, capacity 13389K, committed 13440K, reserved 1048576K
}
Event: 146.312 GC heap after
{Heap after GC invocations=83 (full 3):
 garbage-first heap   total 333824K, used 110393K [0x0000000700000000, 0x0000000700100a30, 0x00000007c0000000)
  region size 1024K, 3 young (3072K), 3 survivors (3072K)
 Metaspace       used 84413K, capacity 90007K, committed 90240K, reserved 1126400K
  class space    used 12424K, capacity 13389K, committed 13440K, reserved 1048576K
}
Event: 148.445 GC heap before
{Heap before GC invocations=83 (full 3):
 garbage-first heap   total 333824K, used 140089K [0x0000000700000000, 0x0000000700100a30, 0x00000007c0000000)
  region size 1024K, 33 young (33792K), 3 survivors (3072K)
 Metaspace       used 84470K, capacity 90071K, committed 90240K, reserved 1126400K
  class space    used 12425K, capacity 13389K, committed 13440K, reserved 1048576K
}
Event: 148.648 GC heap after
{Heap after GC invocations=84 (full 4):
 garbage-first heap   total 333824K, used 107864K [0x0000000700000000, 0x0000000700100a30, 0x00000007c0000000)
  region size 1024K, 0 young (0K), 0 survivors (0K)
 Metaspace       used 84470K, capacity 90071K, committed 90240K, reserved 1126400K
  class space    used 12425K, capacity 13389K, committed 13440K, reserved 1048576K
}

Deoptimization events (10 events):
Event: 146.028 Thread 0x0000021127962800 Uncommon trap: reason=class_check action=maybe_recompile pc=0x00000211165db618 method=java.awt.KeyboardFocusManager.clearMostRecentFocusOwner(Ljava/awt/Component;)V @ 67 c2
Event: 146.068 Thread 0x0000021127962800 Uncommon trap: reason=null_check action=make_not_entrant pc=0x00000211165f4e94 method=javax.swing.text.StyleContext$SmallAttributeSet.equals(Ljava/lang/Object;)Z @ 1 c2
Event: 146.092 Thread 0x0000021127962800 Uncommon trap: reason=unstable_if action=reinterpret pc=0x00000211162d5380 method=java.util.concurrent.locks.ReentrantLock$Sync.nonfairTryAcquire(I)Z @ 19 c2
Event: 146.241 Thread 0x0000021127962800 Uncommon trap: reason=null_check action=make_not_entrant pc=0x0000021116323f20 method=java.awt.Component.getNativeContainer()Ljava/awt/Container; @ 13 c2
Event: 146.241 Thread 0x0000021127962800 Uncommon trap: reason=bimorphic_or_optimized_type_check action=maybe_recompile pc=0x0000021116c3bccc method=java.awt.DefaultKeyboardFocusManager.dispatchEvent(Ljava/awt/AWTEvent;)Z @ 470 c2
Event: 148.826 Thread 0x0000021127962800 Uncommon trap: reason=class_check action=maybe_recompile pc=0x0000021116209c9c method=com.jidesoft.grid.AbstractExpandable.getNumberOfVisibleExpandable()I @ 8 c2
Event: 148.826 Thread 0x0000021127962800 Uncommon trap: reason=class_check action=maybe_recompile pc=0x0000021116209c9c method=com.jidesoft.grid.AbstractExpandable.getNumberOfVisibleExpandable()I @ 8 c2
Event: 148.826 Thread 0x0000021127962800 Uncommon trap: reason=class_check action=maybe_recompile pc=0x0000021116209c9c method=com.jidesoft.grid.AbstractExpandable.getNumberOfVisibleExpandable()I @ 8 c2
Event: 148.826 Thread 0x0000021127962800 Uncommon trap: reason=class_check action=maybe_recompile pc=0x0000021116209c9c method=com.jidesoft.grid.AbstractExpandable.getNumberOfVisibleExpandable()I @ 8 c2
Event: 149.624 Thread 0x0000021127962800 Uncommon trap: reason=unstable_if action=reinterpret pc=0x0000021116bf6780 method=java.awt.EventQueue.getPriority(Ljava/awt/AWTEvent;)I @ 22 c2

Classes redefined (0 events):
No events

Internal exceptions (10 events):
Event: 140.145 Thread 0x0000021127962800 Exception <a 'java/lang/NoSuchMethodError'{0x0000000710b1f248}: java.lang.invoke.DirectMethodHandle$Holder.invokeSpecial(Ljava/lang/Object;Ljava/lang/Object;IIILjava/lang/Object;Ljava/lang/Object;IIILjava/lang/Object;)Ljava/lang/Object;> (0x0000000710b1f2
Event: 140.145 Thread 0x0000021127962800 Exception <a 'java/lang/NoSuchMethodError'{0x0000000710b22f50}: java.lang.invoke.DelegatingMethodHandle$Holder.reinvoke_L(Ljava/lang/Object;IIILjava/lang/Object;Ljava/lang/Object;IIILjava/lang/Object;)Ljava/lang/Object;> (0x0000000710b22f50) thrown at [t:
Event: 140.145 Thread 0x0000021127962800 Exception <a 'java/lang/NoSuchMethodError'{0x0000000710b41418}: method resolution failed> (0x0000000710b41418) thrown at [t:/workspace/hotspot/src/share/vm/prims/methodHandles.cpp, line 1256]
Event: 142.213 Thread 0x0000021127962800 Exception <a 'java/io/FileNotFoundException'{0x0000000712e7e800}> (0x0000000712e7e800) thrown at [t:/workspace/hotspot/src/share/vm/prims/jni.cpp, line 604]
Event: 143.130 Thread 0x0000021127962800 Exception <a 'java/io/FileNotFoundException'{0x0000000712df4040}> (0x0000000712df4040) thrown at [t:/workspace/hotspot/src/share/vm/prims/jni.cpp, line 604]
Event: 146.068 Thread 0x0000021127962800 Implicit null exception at 0x00000211165f4a32 to 0x00000211165f4e89
Event: 146.241 Thread 0x0000021127962800 Implicit null exception at 0x0000021116323e90 to 0x0000021116323f11
Event: 147.217 Thread 0x0000021127962800 Exception <a 'java/io/FileNotFoundException'{0x000000071296efd0}> (0x000000071296efd0) thrown at [t:/workspace/hotspot/src/share/vm/prims/jni.cpp, line 604]
Event: 148.131 Thread 0x0000021127962800 Exception <a 'java/io/FileNotFoundException'{0x0000000712839788}> (0x0000000712839788) thrown at [t:/workspace/hotspot/src/share/vm/prims/jni.cpp, line 604]
Event: 149.917 Thread 0x0000021127962800 Exception <a 'de/concept/nlview/NlviewException'{0x0000000712d2e8f8}> (0x0000000712d2e8f8) thrown at [t:/workspace/hotspot/src/share/vm/prims/jni.cpp, line 604]

Events (10 events):
Event: 148.917 Thread 0x0000021150b2a000 Thread added: 0x0000021150b2a000
Event: 148.920 Thread 0x0000021150b2a000 Thread exited: 0x0000021150b2a000
Event: 149.306 Executing VM operation: RevokeBias
Event: 149.306 Thread 0x000002113e671800 Thread exited: 0x000002113e671800
Event: 149.306 Executing VM operation: RevokeBias done
Event: 149.617 loading class sun/awt/SunToolkit$1
Event: 149.617 loading class sun/awt/SunToolkit$1 done
Event: 149.624 Thread 0x0000021127962800 Uncommon trap: trap_request=0xffffff5d fr.pc=0x0000021116bf6780 relative=0x0000000000001580
Event: 149.624 Thread 0x0000021127962800 DEOPT PACKING pc=0x0000021116bf6780 sp=0x0000003914ff93a0
Event: 149.624 Thread 0x0000021127962800 DEOPT UNPACKING pc=0x000002110e26da29 sp=0x0000003914ff91a8 mode 2


Dynamic libraries:
0x00007ff7d3c90000 - 0x00007ff7d3cc0000 	C:\Xilinx\Vivado\2020.1\bin\unwrapped\win64.o\vivado.exe
0x00007ff809230000 - 0x00007ff809447000 	C:\WINDOWS\SYSTEM32\ntdll.dll
0x00007ff808070000 - 0x00007ff808134000 	C:\WINDOWS\System32\KERNEL32.DLL
0x00007ff806760000 - 0x00007ff806b07000 	C:\WINDOWS\System32\KERNELBASE.dll
0x00007ff806e40000 - 0x00007ff806f51000 	C:\WINDOWS\System32\ucrtbase.dll
0x00007fffe3960000 - 0x00007fffe39ed000 	C:\WINDOWS\SYSTEM32\MSVCP140.dll
0x00007fffe3940000 - 0x00007fffe395d000 	C:\WINDOWS\SYSTEM32\VCRUNTIME140.dll
0x00007fffc7ab0000 - 0x00007fffc7ac4000 	C:\Xilinx\Vivado\2020.1\lib\win64.o\libboost_signals.dll
0x00007fff21a50000 - 0x00007fff22b16000 	C:\Xilinx\Vivado\2020.1\lib\win64.o\librdi_common.dll
0x00007fffd5130000 - 0x00007fffd514a000 	C:\Xilinx\Vivado\2020.1\lib\win64.o\librdi_commonmain.dll
0x00007ff806f60000 - 0x00007ff80710e000 	C:\WINDOWS\System32\USER32.dll
0x00007fffe3930000 - 0x00007fffe393c000 	C:\WINDOWS\SYSTEM32\VCRUNTIME140_1.dll
0x00007ff806b10000 - 0x00007ff806b36000 	C:\WINDOWS\System32\win32u.dll
0x00007ff807bd0000 - 0x00007ff807bf9000 	C:\WINDOWS\System32\GDI32.dll
0x00007ff806cf0000 - 0x00007ff806e09000 	C:\WINDOWS\System32\gdi32full.dll
0x00007fffa6f00000 - 0x00007fffa726e000 	C:\Xilinx\Vivado\2020.1\lib\win64.o\libCOIN-all.dll
0x00007fffc4660000 - 0x00007fffc4674000 	C:\Xilinx\Vivado\2020.1\lib\win64.o\libboost_date_time.dll
0x00007ff806550000 - 0x00007ff8065ea000 	C:\WINDOWS\System32\msvcp_win.dll
0x00007fffc6520000 - 0x00007fffc6546000 	C:\Xilinx\Vivado\2020.1\lib\win64.o\libboost_filesystem.dll
0x00007ff8083e0000 - 0x00007ff808492000 	C:\WINDOWS\System32\ADVAPI32.dll
0x00007ff807b00000 - 0x00007ff807ba7000 	C:\WINDOWS\System32\msvcrt.dll
0x00007ff807ce0000 - 0x00007ff807d88000 	C:\WINDOWS\System32\sechost.dll
0x00007ffffe170000 - 0x00007ffffe17a000 	C:\Xilinx\Vivado\2020.1\lib\win64.o\librdi_commonversion.dll
0x00007ff806e10000 - 0x00007ff806e38000 	C:\WINDOWS\System32\bcrypt.dll
0x0000000059810000 - 0x000000005993b000 	C:\Xilinx\Vivado\2020.1\lib\win64.o\tcl85t.dll
0x00007ff8086e0000 - 0x00007ff8087f5000 	C:\WINDOWS\System32\RPCRT4.dll
0x00007fffaba30000 - 0x00007fffabbd1000 	C:\Xilinx\Vivado\2020.1\lib\win64.o\librdi_commonxillic.dll
0x00007ff809060000 - 0x00007ff8090d1000 	C:\WINDOWS\System32\WS2_32.dll
0x00007ff808800000 - 0x00007ff80905c000 	C:\WINDOWS\System32\SHELL32.dll
0x00007fffb9fd0000 - 0x00007fffba04f000 	C:\Xilinx\Vivado\2020.1\lib\win64.o\libboost_program_options.dll
0x00007fffea800000 - 0x00007fffea80b000 	C:\Xilinx\Vivado\2020.1\lib\win64.o\libboost_system.dll
0x00007fffb7c80000 - 0x00007fffb7d94000 	C:\Xilinx\Vivado\2020.1\lib\win64.o\libboost_regex.dll
0x00007fffc4400000 - 0x00007fffc4421000 	C:\Xilinx\Vivado\2020.1\lib\win64.o\libboost_thread.dll
0x00007fffea500000 - 0x00007fffea50f000 	C:\Xilinx\Vivado\2020.1\lib\win64.o\libboost_xilinx.dll
0x00007fffb6ed0000 - 0x00007fffb6f52000 	C:\Xilinx\Vivado\2020.1\lib\win64.o\libhdlpsolve.dll
0x00007fff24a60000 - 0x00007fff25715a00 	C:\Xilinx\Vivado\2020.1\lib\win64.o\libisl_iostreams.dll
0x00007fffb6c30000 - 0x00007fffb6cd5000 	C:\Xilinx\Vivado\2020.1\lib\win64.o\libhdxml.dll
0x00007fffc43d0000 - 0x00007fffc43fe000 	C:\Xilinx\Vivado\2020.1\lib\win64.o\libisl_sysinfo.dll
0x00007fffbbca0000 - 0x00007fffbbd05000 	C:\Xilinx\Vivado\2020.1\lib\win64.o\liblmx6.0.dll
0x00007fffc42c0000 - 0x00007fffc42da000 	C:\Xilinx\Vivado\2020.1\lib\win64.o\pthreadVC2.dll
0x00007fffc42a0000 - 0x00007fffc42bc000 	C:\Xilinx\Vivado\2020.1\lib\win64.o\librdiconfig.dll
0x00007fffc3f40000 - 0x00007fffc3f61000 	C:\Xilinx\Vivado\2020.1\lib\win64.o\librdizlib.dll
0x0000000012000000 - 0x0000000012270000 	C:\Xilinx\Vivado\2020.1\lib\win64.o\xerces-c_3_1.dll
0x00007fffe60d0000 - 0x00007fffe60e9000 	C:\WINDOWS\SYSTEM32\NETAPI32.dll
0x00007fffed7e0000 - 0x00007fffedcd4000 	C:\WINDOWS\SYSTEM32\WININET.dll
0x00007fffffac0000 - 0x00007fffffbf6000 	C:\WINDOWS\SYSTEM32\WINHTTP.dll
0x00007fffe7890000 - 0x00007fffe7a80000 	C:\WINDOWS\SYSTEM32\urlmon.dll
0x00007fffa6b50000 - 0x00007fffa6e2b000 	C:\Xilinx\Vivado\2020.1\lib\win64.o\libXil_lmgr11.dll
0x00007ff8090f0000 - 0x00007ff8091e7000 	C:\WINDOWS\System32\COMDLG32.dll
0x00007ff807590000 - 0x00007ff807918000 	C:\WINDOWS\System32\combase.dll
0x00007ff8084f0000 - 0x00007ff8085e5000 	C:\WINDOWS\System32\shcore.dll
0x00007ff8085f0000 - 0x00007ff80864e000 	C:\WINDOWS\System32\SHLWAPI.dll
0x00007ffffef40000 - 0x00007ffffef49000 	C:\WINDOWS\SYSTEM32\WSOCK32.dll
0x00007fff20bb0000 - 0x00007fff21a41000 	C:\Xilinx\Vivado\2020.1\lib\win64.o\gurobi65.dll
0x00007ff807c00000 - 0x00007ff807cd7000 	C:\WINDOWS\System32\OLEAUT32.dll
0x00007fffc0e10000 - 0x00007fffc0e41000 	C:\WINDOWS\SYSTEM32\VCOMP140.DLL
0x00007ff807d90000 - 0x00007ff807f35000 	C:\WINDOWS\System32\ole32.dll
0x00007ff806bc0000 - 0x00007ff806c2b000 	C:\WINDOWS\System32\WINTRUST.dll
0x00007ff8065f0000 - 0x00007ff806757000 	C:\WINDOWS\System32\CRYPT32.dll
0x00007fffe8350000 - 0x00007fffe835d000 	C:\Xilinx\Vivado\2020.1\lib\win64.o\libboost_chrono.dll
0x00007fffc3fe0000 - 0x00007fffc3ffb000 	C:\Xilinx\Vivado\2020.1\lib\win64.o\libboost_iostreams.dll
0x00007fffc37f0000 - 0x00007fffc3815000 	C:\Xilinx\Vivado\2020.1\lib\win64.o\libisl_iosutils.dll
0x00007fffee1d0000 - 0x00007fffee48c000 	C:\WINDOWS\SYSTEM32\iertutil.dll
0x00007fffe7860000 - 0x00007fffe7888000 	C:\WINDOWS\SYSTEM32\srvcli.dll
0x00007ff804f90000 - 0x00007ff804f9c000 	C:\WINDOWS\SYSTEM32\netutils.dll
0x00007ffff0260000 - 0x00007ffff0313000 	C:\WINDOWS\WinSxS\amd64_microsoft.windows.common-controls_6595b64144ccf1df_5.82.22621.3527_none_b43b7f4b638cc64f\COMCTL32.dll
0x00007fffff370000 - 0x00007fffff38f000 	C:\WINDOWS\SYSTEM32\dhcpcsvc.DLL
0x00007ff805a80000 - 0x00007ff805ae9000 	C:\WINDOWS\SYSTEM32\MSWSOCK.DLL
0x00007ff807f40000 - 0x00007ff807f71000 	C:\WINDOWS\System32\IMM32.DLL
0x00007ff805e90000 - 0x00007ff805ea2000 	C:\WINDOWS\SYSTEM32\MSASN1.dll
0x00007ff805620000 - 0x00007ff805638000 	C:\WINDOWS\SYSTEM32\kernel.appcore.dll
0x00007fff206b0000 - 0x00007fff20bac000 	C:\Xilinx\Vivado\2020.1\lib\win64.o\librdi_commontasks.dll
0x00007ffffc050000 - 0x00007ffffc05a000 	C:\WINDOWS\SYSTEM32\VERSION.dll
0x00007fff97490000 - 0x00007fff97774000 	C:\Xilinx\Vivado\2020.1\lib\win64.o\librdi_sio.dll
0x0000000058870000 - 0x0000000059295000 	C:\Xilinx\Vivado\2020.1\tps\win64\jre9.0.4\bin\server\jvm.dll
0x00007ff808140000 - 0x00007ff808148000 	C:\WINDOWS\System32\PSAPI.DLL
0x00007ff804fe0000 - 0x00007ff80500d000 	C:\WINDOWS\SYSTEM32\IPHLPAPI.DLL
0x00007fffab940000 - 0x00007fffaba2f000 	C:\WINDOWS\SYSTEM32\MSVCR120.dll
0x00007ffffaf70000 - 0x00007ffffafa4000 	C:\WINDOWS\SYSTEM32\WINMM.dll
0x00007ff804440000 - 0x00007ff804d36000 	C:\WINDOWS\SYSTEM32\windows.storage.dll
0x00007ff804300000 - 0x00007ff80443e000 	C:\WINDOWS\SYSTEM32\wintypes.dll
0x00007fff19ba0000 - 0x00007fff1c235000 	C:\Xilinx\Vivado\2020.1\lib\win64.o\librdi_tcltasks.dll
0x00007fffa3850000 - 0x00007fffa3a03000 	C:\Xilinx\Vivado\2020.1\lib\win64.o\librdi_board.dll
0x00007fff201e0000 - 0x00007fff206a6000 	C:\Xilinx\Vivado\2020.1\lib\win64.o\librdi_bitstream.dll
0x00007fffb9f50000 - 0x00007fffb9fcb000 	C:\Xilinx\Vivado\2020.1\lib\win64.o\librdi_boarddep.dll
0x00007fffaa760000 - 0x00007fffaa856000 	C:\Xilinx\Vivado\2020.1\lib\win64.o\librdi_chipscope.dll
0x00007fffa7e80000 - 0x00007fffa8041000 	C:\Xilinx\Vivado\2020.1\lib\win64.o\librdi_chipscopeimpl.dll
0x00007fff17f70000 - 0x00007fff19b9a000 	C:\Xilinx\Vivado\2020.1\lib\win64.o\librdi_constraints.dll
0x00007fffa4760000 - 0x00007fffa48bb000 	C:\Xilinx\Vivado\2020.1\lib\win64.o\librdi_containers.dll
0x00007ffeb5aa0000 - 0x00007ffecd970000 	C:\Xilinx\Vivado\2020.1\lib\win64.o\librdi_device.dll
0x00007fff41e40000 - 0x00007fff4218b000 	C:\Xilinx\Vivado\2020.1\lib\win64.o\librdi_dlyest.dll
0x00007fff1fbc0000 - 0x00007fff201de000 	C:\Xilinx\Vivado\2020.1\lib\win64.o\librdi_drc.dll
0x00007fff13c40000 - 0x00007fff17f6e000 	C:\Xilinx\Vivado\2020.1\lib\win64.o\librdi_designutils.dll
0x00007fffab870000 - 0x00007fffab934000 	C:\Xilinx\Vivado\2020.1\lib\win64.o\librdi_dsp.dll
0x00007fff1ee50000 - 0x00007fff1f4d6000 	C:\Xilinx\Vivado\2020.1\lib\win64.o\librdi_filemgmt.dll
0x00007fffb6e50000 - 0x00007fffb6ec7000 	C:\Xilinx\Vivado\2020.1\lib\win64.o\librdi_hdf.dll
0x00007fff95b90000 - 0x00007fff95de5000 	C:\Xilinx\Vivado\2020.1\lib\win64.o\librdi_hip_devdesign.dll
0x00007fff26300000 - 0x00007fff2661c000 	C:\Xilinx\Vivado\2020.1\lib\win64.o\librdi_guitools.dll
0x00007fff96ef0000 - 0x00007fff97038000 	C:\Xilinx\Vivado\2020.1\lib\win64.o\librdi_hip_perf_analysis.dll
0x00007fff11490000 - 0x00007fff11ace000 	C:\Xilinx\Vivado\2020.1\lib\win64.o\librdi_memdata.dll
0x00007fff0fb40000 - 0x00007fff1148a000 	C:\Xilinx\Vivado\2020.1\lib\win64.o\librdi_implflow.dll
0x00007fffaa6e0000 - 0x00007fffaa754000 	C:\Xilinx\Vivado\2020.1\lib\win64.o\librdi_memoryarray.dll
0x00007fff0ccc0000 - 0x00007fff0fb37000 	C:\Xilinx\Vivado\2020.1\lib\win64.o\librdi_mig.dll
0x00007fff11ad0000 - 0x00007fff13c3d000 	C:\Xilinx\Vivado\2020.1\lib\win64.o\librdi_coregen.dll
0x00007fff0c5b0000 - 0x00007fff0ccb3000 	C:\Xilinx\Vivado\2020.1\lib\win64.o\librdi_netlist.dll
0x00007fffc0780000 - 0x00007fffc07ce000 	C:\Xilinx\Vivado\2020.1\lib\win64.o\librdi_pfi.dll
0x00007fff1f4e0000 - 0x00007fff1fbb9000 	C:\Xilinx\Vivado\2020.1\lib\win64.o\librdi_coregenipxact.dll
0x00007fff0bd70000 - 0x00007fff0c5a4000 	C:\Xilinx\Vivado\2020.1\lib\win64.o\librdi_power.dll
0x00007fff238f0000 - 0x00007fff23c41000 	C:\Xilinx\Vivado\2020.1\lib\win64.o\librdi_platform.dll
0x00007fff0b000000 - 0x00007fff0b5f5000 	C:\Xilinx\Vivado\2020.1\lib\win64.o\librdi_project.dll
0x00007fff0b600000 - 0x00007fff0bd6f000 	C:\Xilinx\Vivado\2020.1\lib\win64.o\librdi_rsb.dll
0x00007fff0a8c0000 - 0x00007fff0affc000 	C:\Xilinx\Vivado\2020.1\lib\win64.o\librdi_psta.dll
0x00007fff1e9b0000 - 0x00007fff1ee4a000 	C:\Xilinx\Vivado\2020.1\lib\win64.o\librdi_runs.dll
0x00007fff07d40000 - 0x00007fff0a8b1000 	C:\Xilinx\Vivado\2020.1\lib\win64.o\librdi_place.dll
0x00007fff978f0000 - 0x00007fff979f8000 	C:\Xilinx\Vivado\2020.1\lib\win64.o\librdi_runsbase.dll
0x00007fff241a0000 - 0x00007fff24415000 	C:\Xilinx\Vivado\2020.1\lib\win64.o\librdi_simdata.dll
0x00007fff5a7a0000 - 0x00007fff5a89f000 	C:\Xilinx\Vivado\2020.1\lib\win64.o\librdi_xhub.dll
0x00007fffa37a0000 - 0x00007fffa3848000 	C:\Xilinx\Vivado\2020.1\lib\win64.o\librdi_xhubtasks.dll
0x00007fffbee70000 - 0x00007fffbeebc000 	C:\Xilinx\Vivado\2020.1\lib\win64.o\libboost_serialization.dll
0x00007fff06e30000 - 0x00007fff07d3a000 	C:\Xilinx\Vivado\2020.1\lib\win64.o\librdi_timing.dll
0x00007fff062e0000 - 0x00007fff06e27000 	C:\Xilinx\Vivado\2020.1\lib\win64.o\libverific.dll
0x00007fff54c00000 - 0x00007fff54dd3000 	C:\Xilinx\Vivado\2020.1\lib\win64.o\librdi_advchipscopeimpl.dll
0x00007fff55530000 - 0x00007fff55618000 	C:\Xilinx\Vivado\2020.1\lib\win64.o\librdi_ipconfig_readwrite.dll
0x00007fffbac10000 - 0x00007fffbac7c000 	C:\Xilinx\Vivado\2020.1\lib\win64.o\librdi_noc_frameworks.dll
0x00007fff97b20000 - 0x00007fff97bbe000 	C:\Xilinx\Vivado\2020.1\lib\win64.o\libise.dll
0x00007fff060e0000 - 0x00007fff062d3000 	C:\Xilinx\Vivado\2020.1\lib\win64.o\librdi_hip_config.dll
0x00007fffbea30000 - 0x00007fffbea7b000 	C:\Xilinx\Vivado\2020.1\lib\win64.o\librdi_wavedata_SimpleApi.dll
0x00007fff05b90000 - 0x00007fff060de000 	C:\Xilinx\Vivado\2020.1\lib\win64.o\librdi_xdm.dll

VM Arguments:
jvm_args: -Dsun.java2d.pmoffscreen=false -Dsun.java2d.xrender=false -Dsun.java2d.d3d=false -Dsun.awt.nopixfmt=true -Dsun.java2d.dpiaware=true -Dsun.java2d.uiScale.enabled=false -Xverify:none -Dswing.aatext=true -XX:-UsePerfData -Djdk.map.althashing.threshold=512 -XX:StringTableSize=4072 --add-opens=java.base/java.nio=ALL-UNNAMED --add-opens=java.desktop/sun.swing=ALL-UNNAMED --add-opens=java.desktop/javax.swing=ALL-UNNAMED --add-opens=java.desktop/javax.swing.tree=ALL-UNNAMED --add-opens=java.desktop/javax.swing.plaf.basic=ALL-UNNAMED --add-opens=java.desktop/javax.swing.plaf.synth=ALL-UNNAMED --add-opens=java.desktop/com.sun.awt=ALL-UNNAMED -XX:NewSize=60m -XX:MaxNewSize=60m -Xms128m -Xmx3072m -Xss5m 
java_command: <unknown>
java_class_path (initial): C:/Xilinx/Vivado/2020.1\lib\classes\alloy.jar;C:/Xilinx/Vivado/2020.1\lib\classes\ArchiveSummary.jar;C:/Xilinx/Vivado/2020.1\lib\classes\autoesl-models.jar;C:/Xilinx/Vivado/2020.1\lib\classes\autopilot.scelaborator.jar;C:/Xilinx/Vivado/2020.1\lib\classes\autopilot.sourceprocessor.jar;C:/Xilinx/Vivado/2020.1\lib\classes\autopilot.tbprocessor.jar;C:/Xilinx/Vivado/2020.1\lib\classes\batik-anim.jar;C:/Xilinx/Vivado/2020.1\lib\classes\batik-awt-util.jar;C:/Xilinx/Vivado/2020.1\lib\classes\batik-bridge.jar;C:/Xilinx/Vivado/2020.1\lib\classes\batik-codec.jar;C:/Xilinx/Vivado/2020.1\lib\classes\batik-css.jar;C:/Xilinx/Vivado/2020.1\lib\classes\batik-dom.jar;C:/Xilinx/Vivado/2020.1\lib\classes\batik-ext.jar;C:/Xilinx/Vivado/2020.1\lib\classes\batik-gui-util.jar;C:/Xilinx/Vivado/2020.1\lib\classes\batik-gvt.jar;C:/Xilinx/Vivado/2020.1\lib\classes\batik-parser.jar;C:/Xilinx/Vivado/2020.1\lib\classes\batik-script.jar;C:/Xilinx/Vivado/2020.1\lib\classes\batik-svg-dom.jar;C:/Xilinx/Vivado/2020.1\lib\classes\batik-swing.jar;C:/Xilinx/Vivado/2020.1\lib\classes\batik-transcoder.jar;C:/Xilinx/Vivado/2020.1\lib\classes\batik-util.jar;C:/Xilinx/Vivado/2020.1\lib\classes\batik-xml.jar;C:/Xilinx/Vivado/2020.1\lib\classes\com.google.gson_2.8.2.v20180104-1110.jar;C:/Xilinx/Vivado/2020.1\lib\classes\com.google.guava_27.1.0.v20190517-1946.jar;C:/Xilinx/Vivado/2020.1\lib\classes\com.ibm.icu_4.4.2.v20110208.jar;C:/Xilinx/Vivado/2020.1\lib\classes\com.sigasi.hdt.connection_4.8.0.202004151336.jar;C:/Xilinx/Vivado/2020.1\lib\classes\com.sigasi.hdt.epl_4.8.0.202004151336.jar;C:/Xilinx/Vivado/2020.1\lib\classes\com.sigasi.hdt.project_4.8.0.202004151336.jar;C:/Xilinx/Vivado/2020.1\lib\classes\com.sigasi.hdt.readonlyfilesystem_4.8.0.202004151336.jar;C:/Xilinx/Vivado/2020.1\lib\classes\com.sigasi.lcm_4.8.0.202004151336.jar;C:/Xilinx/Vivado/2020.1\lib\classes\com.sigasi.sdk.client_4.8.0.202004151336.jar;C:/Xilinx/Vivado/2020.1\lib\classes\com.xilinx.hls.services.jar;C:/Xili
Launcher Type: generic

Logging:
Log output configuration:
#0: stdout all=warning uptime,level,tags
#1: stderr all=off uptime,level,tags

Environment Variables:
PATH=C:/Xilinx/Vivado/2020.1\gnuwin\bin;C:/Xilinx/Vivado/2020.1\gnu\microblaze\nt\bin;C:/Xilinx/Vivado/2020.1/bin;C:/Xilinx/Vivado/2020.1/lib/win64.o;C:/Xilinx/Vivado/2020.1/tps/win64/jre9.0.4/bin/server;C:/Xilinx/Vivado/2020.1/tps/win64/jre9.0.4/bin;C:/Xilinx/Vitis/2020.1/bin;C:/Xilinx/Vivado/2020.1/ids_lite/ISE/bin/nt64;C:/Xilinx/Vivado/2020.1/ids_lite/ISE/lib/nt64;C:\gurobi952\win64\bin;C:\ProgramData\Oracle\Java\javapath;C:\Windows\system32;C:\Windows;C:\Windows\System32\Wbem;C:\Windows\System32\WindowsPowerShell\v1.0\;C:\Windows\System32\OpenSSH\;C:\Program Files (x86)\NVIDIA Corporation\PhysX\Common;C:\Program Files\NVIDIA Corporation\NVIDIA NvDLISR;C:\Program Files\Wolfram Research\WolframScript\;C:\Program Files\Pandoc\;C:\Program Files\Git\cmd;C:\Program Files\dotnet\;C:\Program Files\MATLAB\R2023b\runtime\win64;C:\Program Files\MATLAB\R2023b\bin;C:\Users\Pato\AppData\Local\Programs\Python\Python39\Scripts\;C:\Users\Pato\AppData\Local\Programs\Python\Python39\;C:\Users\Pato\AppData\Local\Programs\Python\Python310\Scripts\;C:\Users\Pato\AppData\Local\Programs\Python\Python310\;C:\Users\Pato\AppData\Local\Microsoft\WindowsApps;C:\Users\Pato\AppData\Local\Programs\Microsoft VS Code\bin;;C:/Xilinx/Vivado/2020.1\tps\mingw\6.2.0\win64.o\nt\bin;C:/Xilinx/Vivado/2020.1\tps\mingw\6.2.0\win64.o\nt\libexec\gcc\x86_64-w64-mingw32\6.2.0;C:/Xilinx/Vivado/2020.1\tps\win64\python-2.7.16;C:/Xilinx/Vivado/2020.1\tps\win64\python-2.7.16\bin;C:/Xilinx/Vivado/2020.1\tps\win64\python-2.7.16\lib;C:/Xilinx/Vivado/2020.1\tps\win64\python-2.7.16\Lib\lib-tk;C:/Xilinx/Vivado/2020.1\tps\win64\python-2.7.16\lib\site-packages
USERNAME=Pato
OS=Windows_NT
PROCESSOR_IDENTIFIER=AMD64 Family 25 Model 80 Stepping 0, AuthenticAMD



---------------  S Y S T E M  ---------------

OS: Windows 10 , 64 bit Build 22621 (10.0.22621.3527)

CPU:total 16 (initial active 16) (16 cores per cpu, 1 threads per core) family 25 model 80 stepping 0, cmov, cx8, fxsr, mmx, sse, sse2, sse3, ssse3, sse4.1, sse4.2, popcnt, avx, avx2, aes, clmul, erms, mmxext, 3dnowpref, lzcnt, sse4a, tsc, tscinvbit, tscinv, bmi1

Memory: 4k page, physical 16625724k(2045936k free), swap 36887744k(4441644k free)

vm_info: Java HotSpot(TM) 64-Bit Server VM (9.0.4+11) for windows-amd64 JRE (9.0.4+11), built on Dec 20 2017 02:18:54 by "mach5one" with MS VC++ 12.0 (VS2013)

END.
