
*** Running vivado
    with args -log Proyecto_1_sep_generador_f_0_0.vds -m64 -product Vivado -mode batch -messageDb vivado.pb -notrace -source Proyecto_1_sep_generador_f_0_0.tcl



****** Vivado v2020.1 (64-bit)
  **** SW Build 2902540 on Wed May 27 19:54:49 MDT 2020
  **** IP Build 2902112 on Wed May 27 22:43:36 MDT 2020
    ** Copyright 1986-2020 Xilinx, Inc. All Rights Reserved.

source Proyecto_1_sep_generador_f_0_0.tcl -notrace
INFO: [IP_Flow 19-234] Refreshing IP repositories
INFO: [IP_Flow 19-1700] Loaded user IP repository 'c:/Users/vicen/OneDrive/Escritorio/Septimo Semestre/SEP/Proyecto1/IP_Cores'.
INFO: [IP_Flow 19-2313] Loaded Vivado IP repository 'C:/Xilinx2020/Vivado/2020.1/data/ip'.
WARNING: [IP_Flow 19-4995] The host OS only allows 260 characters in a normal path. The IP cache path is more than 80 characters. If you experience issues with IP caching, please consider changing the IP cache to a location with a shorter path. Alternately consider using the OS subst command to map part of the path to a drive letter. 
Current IP cache path is c:/Users/vicen/OneDrive/Escritorio/Septimo Semestre/SEP/Proyecto1/proyecto_1/proyecto_1.cache/ip 
Command: synth_design -top Proyecto_1_sep_generador_f_0_0 -part xc7z010clg400-1 -mode out_of_context
Starting synth_design
Attempting to get a license for feature 'Synthesis' and/or device 'xc7z010'
INFO: [Common 17-349] Got license for feature 'Synthesis' and/or device 'xc7z010'
INFO: [Device 21-403] Loading part xc7z010clg400-1
INFO: [Synth 8-7079] Multithreading enabled for synth_design using a maximum of 2 processes.
INFO: [Synth 8-7078] Launching helper process for spawning children vivado processes
INFO: [Synth 8-7075] Helper process launched with PID 27776
---------------------------------------------------------------------------------
Starting RTL Elaboration : Time (s): cpu = 00:00:05 ; elapsed = 00:00:15 . Memory (MB): peak = 1062.977 ; gain = 0.000
---------------------------------------------------------------------------------
INFO: [Synth 8-638] synthesizing module 'Proyecto_1_sep_generador_f_0_0' [c:/Users/vicen/OneDrive/Escritorio/Septimo Semestre/SEP/Proyecto1/proyecto_1/proyecto_1.srcs/sources_1/bd/Proyecto_1_sep/ip/Proyecto_1_sep_generador_f_0_0/synth/Proyecto_1_sep_generador_f_0_0.vhd:67]
INFO: [Synth 8-3491] module 'generador_f' declared at 'c:/Users/vicen/OneDrive/Escritorio/Septimo Semestre/SEP/Proyecto1/proyecto_1/proyecto_1.srcs/sources_1/bd/Proyecto_1_sep/ipshared/2214/generador_f.srcs/sources_1/new/generador_f.vhd:6' bound to instance 'U0' of component 'generador_f' [c:/Users/vicen/OneDrive/Escritorio/Septimo Semestre/SEP/Proyecto1/proyecto_1/proyecto_1.srcs/sources_1/bd/Proyecto_1_sep/ip/Proyecto_1_sep_generador_f_0_0/synth/Proyecto_1_sep_generador_f_0_0.vhd:89]
INFO: [Synth 8-638] synthesizing module 'generador_f' [c:/Users/vicen/OneDrive/Escritorio/Septimo Semestre/SEP/Proyecto1/proyecto_1/proyecto_1.srcs/sources_1/bd/Proyecto_1_sep/ipshared/2214/generador_f.srcs/sources_1/new/generador_f.vhd:17]
INFO: [Synth 8-3491] module 'c_Dientes_de_sierra' declared at 'c:/Users/vicen/OneDrive/Escritorio/Septimo Semestre/SEP/Proyecto1/proyecto_1/proyecto_1.srcs/sources_1/bd/Proyecto_1_sep/ipshared/2214/generador_f.srcs/sources_1/new/c_Dientes_de_sierra.vhd:7' bound to instance 'dientes_inst' of component 'c_Dientes_de_sierra' [c:/Users/vicen/OneDrive/Escritorio/Septimo Semestre/SEP/Proyecto1/proyecto_1/proyecto_1.srcs/sources_1/bd/Proyecto_1_sep/ipshared/2214/generador_f.srcs/sources_1/new/generador_f.vhd:57]
INFO: [Synth 8-638] synthesizing module 'c_Dientes_de_sierra' [c:/Users/vicen/OneDrive/Escritorio/Septimo Semestre/SEP/Proyecto1/proyecto_1/proyecto_1.srcs/sources_1/bd/Proyecto_1_sep/ipshared/2214/generador_f.srcs/sources_1/new/c_Dientes_de_sierra.vhd:14]
INFO: [Synth 8-256] done synthesizing module 'c_Dientes_de_sierra' (1#1) [c:/Users/vicen/OneDrive/Escritorio/Septimo Semestre/SEP/Proyecto1/proyecto_1/proyecto_1.srcs/sources_1/bd/Proyecto_1_sep/ipshared/2214/generador_f.srcs/sources_1/new/c_Dientes_de_sierra.vhd:14]
INFO: [Synth 8-3491] module 'c_Sinusoide' declared at 'c:/Users/vicen/OneDrive/Escritorio/Septimo Semestre/SEP/Proyecto1/proyecto_1/proyecto_1.srcs/sources_1/bd/Proyecto_1_sep/ipshared/2214/generador_f.srcs/sources_1/new/c_Sinusoide.vhd:6' bound to instance 'seno_inst' of component 'c_Sinusoide' [c:/Users/vicen/OneDrive/Escritorio/Septimo Semestre/SEP/Proyecto1/proyecto_1/proyecto_1.srcs/sources_1/bd/Proyecto_1_sep/ipshared/2214/generador_f.srcs/sources_1/new/generador_f.vhd:63]
INFO: [Synth 8-638] synthesizing module 'c_Sinusoide' [c:/Users/vicen/OneDrive/Escritorio/Septimo Semestre/SEP/Proyecto1/proyecto_1/proyecto_1.srcs/sources_1/bd/Proyecto_1_sep/ipshared/2214/generador_f.srcs/sources_1/new/c_Sinusoide.vhd:14]
INFO: [Synth 8-256] done synthesizing module 'c_Sinusoide' (2#1) [c:/Users/vicen/OneDrive/Escritorio/Septimo Semestre/SEP/Proyecto1/proyecto_1/proyecto_1.srcs/sources_1/bd/Proyecto_1_sep/ipshared/2214/generador_f.srcs/sources_1/new/c_Sinusoide.vhd:14]
INFO: [Synth 8-3491] module 'c_Comp_cuadrada' declared at 'c:/Users/vicen/OneDrive/Escritorio/Septimo Semestre/SEP/Proyecto1/proyecto_1/proyecto_1.srcs/sources_1/bd/Proyecto_1_sep/ipshared/2214/generador_f.srcs/sources_1/new/c_Comp_cuadrada.vhd:5' bound to instance 'cuadrada_inst' of component 'c_Comp_cuadrada' [c:/Users/vicen/OneDrive/Escritorio/Septimo Semestre/SEP/Proyecto1/proyecto_1/proyecto_1.srcs/sources_1/bd/Proyecto_1_sep/ipshared/2214/generador_f.srcs/sources_1/new/generador_f.vhd:70]
INFO: [Synth 8-638] synthesizing module 'c_Comp_cuadrada' [c:/Users/vicen/OneDrive/Escritorio/Septimo Semestre/SEP/Proyecto1/proyecto_1/proyecto_1.srcs/sources_1/bd/Proyecto_1_sep/ipshared/2214/generador_f.srcs/sources_1/new/c_Comp_cuadrada.vhd:14]
INFO: [Synth 8-256] done synthesizing module 'c_Comp_cuadrada' (3#1) [c:/Users/vicen/OneDrive/Escritorio/Septimo Semestre/SEP/Proyecto1/proyecto_1/proyecto_1.srcs/sources_1/bd/Proyecto_1_sep/ipshared/2214/generador_f.srcs/sources_1/new/c_Comp_cuadrada.vhd:14]
INFO: [Synth 8-3491] module 'c_Triangular' declared at 'c:/Users/vicen/OneDrive/Escritorio/Septimo Semestre/SEP/Proyecto1/proyecto_1/proyecto_1.srcs/sources_1/bd/Proyecto_1_sep/ipshared/2214/generador_f.srcs/sources_1/new/c_Triangular.vhd:7' bound to instance 'triang_inst' of component 'c_Triangular' [c:/Users/vicen/OneDrive/Escritorio/Septimo Semestre/SEP/Proyecto1/proyecto_1/proyecto_1.srcs/sources_1/bd/Proyecto_1_sep/ipshared/2214/generador_f.srcs/sources_1/new/generador_f.vhd:78]
INFO: [Synth 8-638] synthesizing module 'c_Triangular' [c:/Users/vicen/OneDrive/Escritorio/Septimo Semestre/SEP/Proyecto1/proyecto_1/proyecto_1.srcs/sources_1/bd/Proyecto_1_sep/ipshared/2214/generador_f.srcs/sources_1/new/c_Triangular.vhd:15]
INFO: [Synth 8-256] done synthesizing module 'c_Triangular' (4#1) [c:/Users/vicen/OneDrive/Escritorio/Septimo Semestre/SEP/Proyecto1/proyecto_1/proyecto_1.srcs/sources_1/bd/Proyecto_1_sep/ipshared/2214/generador_f.srcs/sources_1/new/c_Triangular.vhd:15]
INFO: [Synth 8-256] done synthesizing module 'generador_f' (5#1) [c:/Users/vicen/OneDrive/Escritorio/Septimo Semestre/SEP/Proyecto1/proyecto_1/proyecto_1.srcs/sources_1/bd/Proyecto_1_sep/ipshared/2214/generador_f.srcs/sources_1/new/generador_f.vhd:17]
INFO: [Synth 8-256] done synthesizing module 'Proyecto_1_sep_generador_f_0_0' (6#1) [c:/Users/vicen/OneDrive/Escritorio/Septimo Semestre/SEP/Proyecto1/proyecto_1/proyecto_1.srcs/sources_1/bd/Proyecto_1_sep/ip/Proyecto_1_sep_generador_f_0_0/synth/Proyecto_1_sep_generador_f_0_0.vhd:67]
---------------------------------------------------------------------------------
Finished RTL Elaboration : Time (s): cpu = 00:00:06 ; elapsed = 00:00:21 . Memory (MB): peak = 1062.977 ; gain = 0.000
---------------------------------------------------------------------------------
---------------------------------------------------------------------------------
Start Handling Custom Attributes
---------------------------------------------------------------------------------
---------------------------------------------------------------------------------
Finished Handling Custom Attributes : Time (s): cpu = 00:00:07 ; elapsed = 00:00:22 . Memory (MB): peak = 1062.977 ; gain = 0.000
---------------------------------------------------------------------------------
---------------------------------------------------------------------------------
Finished RTL Optimization Phase 1 : Time (s): cpu = 00:00:07 ; elapsed = 00:00:22 . Memory (MB): peak = 1062.977 ; gain = 0.000
---------------------------------------------------------------------------------
Netlist sorting complete. Time (s): cpu = 00:00:00 ; elapsed = 00:00:00.002 . Memory (MB): peak = 1062.977 ; gain = 0.000
INFO: [Project 1-570] Preparing netlist for logic optimization

Processing XDC Constraints
Initializing timing engine
Completed Processing XDC Constraints

Netlist sorting complete. Time (s): cpu = 00:00:00 ; elapsed = 00:00:00.001 . Memory (MB): peak = 1122.426 ; gain = 0.000
INFO: [Project 1-111] Unisim Transformation Summary:
No Unisim elements were transformed.

Constraint Validation Runtime : Time (s): cpu = 00:00:00 ; elapsed = 00:00:00.040 . Memory (MB): peak = 1122.469 ; gain = 0.043
---------------------------------------------------------------------------------
Finished Constraint Validation : Time (s): cpu = 00:00:14 ; elapsed = 00:00:31 . Memory (MB): peak = 1122.469 ; gain = 59.492
---------------------------------------------------------------------------------
---------------------------------------------------------------------------------
Start Loading Part and Timing Information
---------------------------------------------------------------------------------
Loading part: xc7z010clg400-1
---------------------------------------------------------------------------------
Finished Loading Part and Timing Information : Time (s): cpu = 00:00:14 ; elapsed = 00:00:31 . Memory (MB): peak = 1122.469 ; gain = 59.492
---------------------------------------------------------------------------------
---------------------------------------------------------------------------------
Start Applying 'set_property' XDC Constraints
---------------------------------------------------------------------------------
---------------------------------------------------------------------------------
Finished applying 'set_property' XDC Constraints : Time (s): cpu = 00:00:14 ; elapsed = 00:00:31 . Memory (MB): peak = 1122.469 ; gain = 59.492
---------------------------------------------------------------------------------
---------------------------------------------------------------------------------
Finished RTL Optimization Phase 2 : Time (s): cpu = 00:00:14 ; elapsed = 00:00:31 . Memory (MB): peak = 1122.469 ; gain = 59.492
---------------------------------------------------------------------------------
---------------------------------------------------------------------------------
Start RTL Component Statistics 
---------------------------------------------------------------------------------
Detailed RTL Component Info : 
+---Adders : 
	   2 Input    8 Bit       Adders := 1     
+---Registers : 
	                8 Bit    Registers := 3     
	                1 Bit    Registers := 1     
+---ROMs : 
	                    ROMs := 1     
+---Muxes : 
	   2 Input    8 Bit        Muxes := 1     
---------------------------------------------------------------------------------
Finished RTL Component Statistics 
---------------------------------------------------------------------------------
---------------------------------------------------------------------------------
Start Part Resource Summary
---------------------------------------------------------------------------------
Part Resources:
DSPs: 80 (col length:40)
BRAMs: 120 (col length: RAMB18 40 RAMB36 20)
---------------------------------------------------------------------------------
Finished Part Resource Summary
---------------------------------------------------------------------------------
---------------------------------------------------------------------------------
Start Cross Boundary and Area Optimization
---------------------------------------------------------------------------------
WARNING: [Synth 8-6040] Register U0/dientes_inst/counter_reg_rep driving address of a ROM cannot be packed in BRAM/URAM because of presence of initial value.
---------------------------------------------------------------------------------
Finished Cross Boundary and Area Optimization : Time (s): cpu = 00:00:16 ; elapsed = 00:00:34 . Memory (MB): peak = 1122.469 ; gain = 59.492
---------------------------------------------------------------------------------
---------------------------------------------------------------------------------
Start ROM, RAM, DSP and Shift Register Reporting
---------------------------------------------------------------------------------

ROM: Preliminary Mapping	Report
+-------------------------------+-----------------------+---------------+----------------+
|Module Name                    | RTL Object            | Depth x Width | Implemented As | 
+-------------------------------+-----------------------+---------------+----------------+
|Proyecto_1_sep_generador_f_0_0 | U0/seno_inst/seno_reg | 256x8         | Block RAM      | 
+-------------------------------+-----------------------+---------------+----------------+

---------------------------------------------------------------------------------
Finished ROM, RAM, DSP and Shift Register Reporting
---------------------------------------------------------------------------------
---------------------------------------------------------------------------------
Start Applying XDC Timing Constraints
---------------------------------------------------------------------------------
---------------------------------------------------------------------------------
Finished Applying XDC Timing Constraints : Time (s): cpu = 00:00:25 ; elapsed = 00:00:44 . Memory (MB): peak = 1122.496 ; gain = 59.520
---------------------------------------------------------------------------------
---------------------------------------------------------------------------------
Start Timing Optimization
---------------------------------------------------------------------------------
---------------------------------------------------------------------------------
Finished Timing Optimization : Time (s): cpu = 00:00:25 ; elapsed = 00:00:44 . Memory (MB): peak = 1122.496 ; gain = 59.520
---------------------------------------------------------------------------------
---------------------------------------------------------------------------------
Start Technology Mapping
---------------------------------------------------------------------------------
INFO: [Synth 8-7052] The timing for the instance U0/seno_inst/seno_reg (implemented as a Block RAM) might be sub-optimal as no optional output register could be merged into the ram block. Providing additional output register may help in improving timing.
---------------------------------------------------------------------------------
Finished Technology Mapping : Time (s): cpu = 00:00:25 ; elapsed = 00:00:44 . Memory (MB): peak = 1142.086 ; gain = 79.109
---------------------------------------------------------------------------------
---------------------------------------------------------------------------------
Start IO Insertion
---------------------------------------------------------------------------------
---------------------------------------------------------------------------------
Start Flattening Before IO Insertion
---------------------------------------------------------------------------------
---------------------------------------------------------------------------------
Finished Flattening Before IO Insertion
---------------------------------------------------------------------------------
---------------------------------------------------------------------------------
Start Final Netlist Cleanup
---------------------------------------------------------------------------------
---------------------------------------------------------------------------------
Finished Final Netlist Cleanup
---------------------------------------------------------------------------------
---------------------------------------------------------------------------------
Finished IO Insertion : Time (s): cpu = 00:00:30 ; elapsed = 00:00:51 . Memory (MB): peak = 1147.863 ; gain = 84.887
---------------------------------------------------------------------------------
---------------------------------------------------------------------------------
Start Renaming Generated Instances
---------------------------------------------------------------------------------
---------------------------------------------------------------------------------
Finished Renaming Generated Instances : Time (s): cpu = 00:00:30 ; elapsed = 00:00:51 . Memory (MB): peak = 1147.863 ; gain = 84.887
---------------------------------------------------------------------------------
---------------------------------------------------------------------------------
Start Rebuilding User Hierarchy
---------------------------------------------------------------------------------
---------------------------------------------------------------------------------
Finished Rebuilding User Hierarchy : Time (s): cpu = 00:00:30 ; elapsed = 00:00:51 . Memory (MB): peak = 1147.863 ; gain = 84.887
---------------------------------------------------------------------------------
---------------------------------------------------------------------------------
Start Renaming Generated Ports
---------------------------------------------------------------------------------
---------------------------------------------------------------------------------
Finished Renaming Generated Ports : Time (s): cpu = 00:00:30 ; elapsed = 00:00:51 . Memory (MB): peak = 1147.863 ; gain = 84.887
---------------------------------------------------------------------------------
---------------------------------------------------------------------------------
Start Handling Custom Attributes
---------------------------------------------------------------------------------
---------------------------------------------------------------------------------
Finished Handling Custom Attributes : Time (s): cpu = 00:00:30 ; elapsed = 00:00:51 . Memory (MB): peak = 1147.902 ; gain = 84.926
---------------------------------------------------------------------------------
---------------------------------------------------------------------------------
Start Renaming Generated Nets
---------------------------------------------------------------------------------
---------------------------------------------------------------------------------
Finished Renaming Generated Nets : Time (s): cpu = 00:00:30 ; elapsed = 00:00:51 . Memory (MB): peak = 1147.902 ; gain = 84.926
---------------------------------------------------------------------------------
---------------------------------------------------------------------------------
Start Writing Synthesis Report
---------------------------------------------------------------------------------

Report BlackBoxes: 
+-+--------------+----------+
| |BlackBox name |Instances |
+-+--------------+----------+
+-+--------------+----------+

Report Cell Usage: 
+------+---------+------+
|      |Cell     |Count |
+------+---------+------+
|1     |CARRY4   |     1|
|2     |LUT1     |     1|
|3     |LUT2     |     9|
|4     |LUT3     |     2|
|5     |LUT4     |     9|
|6     |LUT5     |     1|
|7     |LUT6     |     2|
|8     |RAMB18E1 |     1|
|9     |FDRE     |    24|
+------+---------+------+
---------------------------------------------------------------------------------
Finished Writing Synthesis Report : Time (s): cpu = 00:00:30 ; elapsed = 00:00:51 . Memory (MB): peak = 1147.902 ; gain = 84.926
---------------------------------------------------------------------------------
Synthesis finished with 0 errors, 0 critical warnings and 1 warnings.
Synthesis Optimization Runtime : Time (s): cpu = 00:00:21 ; elapsed = 00:00:48 . Memory (MB): peak = 1147.902 ; gain = 25.434
Synthesis Optimization Complete : Time (s): cpu = 00:00:30 ; elapsed = 00:00:51 . Memory (MB): peak = 1147.902 ; gain = 84.926
INFO: [Project 1-571] Translating synthesized netlist
Netlist sorting complete. Time (s): cpu = 00:00:00 ; elapsed = 00:00:00.001 . Memory (MB): peak = 1159.969 ; gain = 0.000
INFO: [Netlist 29-17] Analyzing 2 Unisim elements for replacement
INFO: [Netlist 29-28] Unisim Transformation completed in 0 CPU seconds
INFO: [Project 1-570] Preparing netlist for logic optimization
INFO: [Opt 31-138] Pushed 0 inverter(s) to 0 load pin(s).
Netlist sorting complete. Time (s): cpu = 00:00:00 ; elapsed = 00:00:00 . Memory (MB): peak = 1159.969 ; gain = 0.000
INFO: [Project 1-111] Unisim Transformation Summary:
No Unisim elements were transformed.

INFO: [Common 17-83] Releasing license: Synthesis
35 Infos, 2 Warnings, 0 Critical Warnings and 0 Errors encountered.
synth_design completed successfully
synth_design: Time (s): cpu = 00:00:36 ; elapsed = 00:01:04 . Memory (MB): peak = 1159.969 ; gain = 96.992
INFO: [Common 17-1381] The checkpoint 'C:/Users/vicen/OneDrive/Escritorio/Septimo Semestre/SEP/Proyecto1/proyecto_1/proyecto_1.runs/Proyecto_1_sep_generador_f_0_0_synth_1/Proyecto_1_sep_generador_f_0_0.dcp' has been generated.
WARNING: [Common 17-576] 'use_project_ipc' is deprecated. This option is deprecated and no longer used.
INFO: [Coretcl 2-1648] Added synthesis output to IP cache for IP Proyecto_1_sep_generador_f_0_0, cache-ID = 8391262b373fe46f
INFO: [Coretcl 2-1174] Renamed 5 cell refs.
INFO: [Common 17-1381] The checkpoint 'C:/Users/vicen/OneDrive/Escritorio/Septimo Semestre/SEP/Proyecto1/proyecto_1/proyecto_1.runs/Proyecto_1_sep_generador_f_0_0_synth_1/Proyecto_1_sep_generador_f_0_0.dcp' has been generated.
INFO: [runtcl-4] Executing : report_utilization -file Proyecto_1_sep_generador_f_0_0_utilization_synth.rpt -pb Proyecto_1_sep_generador_f_0_0_utilization_synth.pb
INFO: [Common 17-206] Exiting Vivado at Wed May  8 11:18:18 2024...
