Copyright 1986-2020 Xilinx, Inc. All Rights Reserved.
------------------------------------------------------------------------------------
| Tool Version : Vivado v.2020.1 (win64) Build 2902540 Wed May 27 19:54:49 MDT 2020
| Date         : Wed May  8 12:22:37 2024
| Host         : PC_Vicho_N running 64-bit major release  (build 9200)
| Command      : upgrade_ip
| Device       : xc7z010clg400-1
------------------------------------------------------------------------------------

Upgrade Log for IP 'Proyecto_1_sep_Math_0_0'

1. Summary
----------

SUCCESS in the upgrade of Proyecto_1_sep_Math_0_0 from xilinx.com:user:Math:1.4 (Rev. 6) to xilinx.com:user:Math:1.5 (Rev. 7)






Copyright 1986-2020 Xilinx, Inc. All Rights Reserved.
------------------------------------------------------------------------------------
| Tool Version : Vivado v.2020.1 (win64) Build 2902540 Wed May 27 19:54:49 MDT 2020
| Date         : Wed May  8 11:15:12 2024
| Host         : PC_Vicho_N running 64-bit major release  (build 9200)
| Command      : upgrade_ip
| Device       : xc7z010clg400-1
------------------------------------------------------------------------------------

Upgrade Log for IP 'Proyecto_1_sep_vio_1_0'

1. Summary
----------

SUCCESS in the conversion of Proyecto_1_sep_vio_1_0 (xilinx.com:ip:vio:3.0 (Rev. 19)) to Vivado generation flows.






Copyright 1986-2020 Xilinx, Inc. All Rights Reserved.
------------------------------------------------------------------------------------
| Tool Version : Vivado v.2020.1 (win64) Build 2902540 Wed May 27 19:54:49 MDT 2020
| Date         : Wed May  8 11:15:12 2024
| Host         : PC_Vicho_N running 64-bit major release  (build 9200)
| Command      : upgrade_ip
| Device       : xc7z010clg400-1
------------------------------------------------------------------------------------

Upgrade Log for IP 'Proyecto_1_sep_vio_0_0'

1. Summary
----------

SUCCESS in the conversion of Proyecto_1_sep_vio_0_0 (xilinx.com:ip:vio:3.0 (Rev. 19)) to Vivado generation flows.






Copyright 1986-2020 Xilinx, Inc. All Rights Reserved.
------------------------------------------------------------------------------------
| Tool Version : Vivado v.2020.1 (win64) Build 2902540 Wed May 27 19:54:49 MDT 2020
| Date         : Wed May  8 11:15:12 2024
| Host         : PC_Vicho_N running 64-bit major release  (build 9200)
| Command      : upgrade_ip
| Device       : xc7z010clg400-1
------------------------------------------------------------------------------------

Upgrade Log for IP 'Proyecto_1_sep_ila_0_0'

1. Summary
----------

SUCCESS in the conversion of Proyecto_1_sep_ila_0_0 (xilinx.com:ip:ila:6.2 (Rev. 11)) to Vivado generation flows.






Copyright 1986-2020 Xilinx, Inc. All Rights Reserved.
------------------------------------------------------------------------------------
| Tool Version : Vivado v.2020.1 (win64) Build 2902540 Wed May 27 19:54:49 MDT 2020
| Date         : Wed May  8 11:15:12 2024
| Host         : PC_Vicho_N running 64-bit major release  (build 9200)
| Command      : upgrade_ip
| Device       : xc7z010clg400-1
------------------------------------------------------------------------------------

Upgrade Log for IP 'Proyecto_1_sep_generador_f_0_0'

1. Summary
----------

SUCCESS in the conversion of Proyecto_1_sep_generador_f_0_0 (xilinx.com:user:generador_f:1.0 (Rev. 2)) to Vivado generation flows.






Copyright 1986-2020 Xilinx, Inc. All Rights Reserved.
------------------------------------------------------------------------------------
| Tool Version : Vivado v.2020.1 (win64) Build 2902540 Wed May 27 19:54:49 MDT 2020
| Date         : Wed May  8 11:15:12 2024
| Host         : PC_Vicho_N running 64-bit major release  (build 9200)
| Command      : upgrade_ip
| Device       : xc7z010clg400-1
------------------------------------------------------------------------------------

Upgrade Log for IP 'Proyecto_1_sep_Sel_funcion_0_0'

1. Summary
----------

SUCCESS in the conversion of Proyecto_1_sep_Sel_funcion_0_0 (xilinx.com:user:Sel_funcion:1.4 (Rev. 7)) to Vivado generation flows.






Copyright 1986-2020 Xilinx, Inc. All Rights Reserved.
------------------------------------------------------------------------------------
| Tool Version : Vivado v.2020.1 (win64) Build 2902540 Wed May 27 19:54:49 MDT 2020
| Date         : Wed May  8 11:15:12 2024
| Host         : PC_Vicho_N running 64-bit major release  (build 9200)
| Command      : upgrade_ip
| Device       : xc7z010clg400-1
------------------------------------------------------------------------------------

Upgrade Log for IP 'Proyecto_1_sep_Sel_frec_0_0'

1. Summary
----------

SUCCESS in the conversion of Proyecto_1_sep_Sel_frec_0_0 (xilinx.com:user:Sel_frec:1.0 (Rev. 2)) to Vivado generation flows.






Copyright 1986-2020 Xilinx, Inc. All Rights Reserved.
------------------------------------------------------------------------------------
| Tool Version : Vivado v.2020.1 (win64) Build 2902540 Wed May 27 19:54:49 MDT 2020
| Date         : Wed May  8 11:15:12 2024
| Host         : PC_Vicho_N running 64-bit major release  (build 9200)
| Command      : upgrade_ip
| Device       : xc7z010clg400-1
------------------------------------------------------------------------------------

Upgrade Log for IP 'Proyecto_1_sep_Math_0_0'

1. Summary
----------

SUCCESS in the conversion of Proyecto_1_sep_Math_0_0 (xilinx.com:user:Math:1.4 (Rev. 6)) to Vivado generation flows.

