#-----------------------------------------------------------
# Vivado v2020.1 (64-bit)
# SW Build 2902540 on Wed May 27 19:54:49 MDT 2020
# IP Build 2902112 on Wed May 27 22:43:36 MDT 2020
# Start of session at: Sat May 11 23:51:11 2024
# Process ID: 26792
# Current directory: C:/Users/Pato/Desktop/Universida/2024-1/SEP/IEE2463_P1/Proyecto_sin_axi/proyecto_1
# Command line: vivado.exe -gui_launcher_event rodinguilauncherevent25176 C:\Users\Pato\Desktop\Universida\2024-1\SEP\IEE2463_P1\Proyecto_sin_axi\proyecto_1\proyecto_1.xpr
# Log file: C:/Users/Pato/Desktop/Universida/2024-1/SEP/IEE2463_P1/Proyecto_sin_axi/proyecto_1/vivado.log
# Journal file: C:/Users/Pato/Desktop/Universida/2024-1/SEP/IEE2463_P1/Proyecto_sin_axi/proyecto_1\vivado.jou
#-----------------------------------------------------------start_gui
oopen_project C:/Users/Pato/Desktop/Universida/2024-1/SEP/IEE2463_P1/Proyecto_sin_axi/proyecto_1/proyecto_1.xpr
INFO: [ProjectBase 1-489] The host OS only allows 260 characters in a normal path. The project is stored in a path with more than 80 characters. If you experience issues with IP, Block Designs, or files not being found, please consider moving the project to a location with a shorter path. Alternately consider using the OS subst command to map part of the path to a drive letter.
Current project path is 'C:/Users/Pato/Desktop/Universida/2024-1/SEP/IEE2463_P1/Proyecto_sin_axi/proyecto_1'IINFO: [Project 1-313] Project file moved from 'C:/Users/vicen/OneDrive/Escritorio/Septimo Semestre/SEP/Proyecto1/proyecto_1' since last save.CRITICAL WARNING: [Project 1-311] Could not find the file 'C:/Users/Pato/Desktop/Universida/2024-1/SEP/IEE2463_P1/Ayudantias/Ayudantia 1/Zybo-Z7-Master.xdc', nor could it be found using path 'C:/Users/vicen/OneDrive/Escritorio/Septimo Semestre/SEP/Ayudantias/Ayudantia 1/Zybo-Z7-Master.xdc'.
Scanning sources...
Finished scanning sources
INFO: [IP_Flow 19-234] Refreshing IP repositories
INFO: [IP_Flow 19-1700] Loaded user IP repository 'c:/Users/Pato/Desktop/Universida/2024-1/SEP/IEE2463_P1/Proyecto_sin_axi/IP_Cores'.
INFO: [IP_Flow 19-2313] Loaded Vivado IP repository 'C:/Xilinx/Vivado/2020.1/data/ip'.
oopen_project: Time (s): cpu = 00:00:07 ; elapsed = 00:00:15 . Memory (MB): peak = 1062.008 ; gain = 0.000uupdate_compile_order -fileset sources_1
